[00:52:20] [Server thread/INFO]: [0;33;22m[¹«¸æ] [0;33;22mÏëÒª»ñÈ¡¸ü¶à°ïÖú£¿²éÔÄ¿ÕÓòÈºÎÄ¼şÄÚµÄ°ïÖúÎÄµµ°É£¡ [m
[01:52:20] [Server thread/INFO]: [0;33;22m[¹«¸æ] [0;33;22mÏëÒª»ñÈ¡¸ü¶à°ïÖú£¿²éÔÄ¿ÕÓòÈºÎÄ¼şÄÚµÄ°ïÖúÎÄµµ°É£¡ [m
[02:52:20] [Server thread/INFO]: [0;33;22m[¹«¸æ] [0;33;22mÏëÒª»ñÈ¡¸ü¶à°ïÖú£¿²éÔÄ¿ÕÓòÈºÎÄ¼şÄÚµÄ°ïÖúÎÄµµ°É£¡ [m
[03:52:20] [Server thread/INFO]: [0;33;22m[¹«¸æ] [0;33;22mÏëÒª»ñÈ¡¸ü¶à°ïÖú£¿²éÔÄ¿ÕÓòÈºÎÄ¼şÄÚµÄ°ïÖúÎÄµµ°É£¡ [m
[04:52:20] [Server thread/INFO]: [0;33;22m[¹«¸æ] [0;33;22mÏëÒª»ñÈ¡¸ü¶à°ïÖú£¿²éÔÄ¿ÕÓòÈºÎÄ¼şÄÚµÄ°ïÖúÎÄµµ°É£¡ [m
[05:52:20] [Server thread/INFO]: [0;33;22m[¹«¸æ] [0;33;22mÏëÒª»ñÈ¡¸ü¶à°ïÖú£¿²éÔÄ¿ÕÓòÈºÎÄ¼şÄÚµÄ°ïÖúÎÄµµ°É£¡ [m
[06:52:20] [Server thread/INFO]: [0;33;22m[¹«¸æ] [0;33;22mÏëÒª»ñÈ¡¸ü¶à°ïÖú£¿²éÔÄ¿ÕÓòÈºÎÄ¼şÄÚµÄ°ïÖúÎÄµµ°É£¡ [m
[07:52:20] [Server thread/INFO]: [0;33;22m[¹«¸æ] [0;33;22mÏëÒª»ñÈ¡¸ü¶à°ïÖú£¿²éÔÄ¿ÕÓòÈºÎÄ¼şÄÚµÄ°ïÖúÎÄµµ°É£¡ [m
[08:52:20] [Server thread/INFO]: [0;33;22m[¹«¸æ] [0;33;22mÏëÒª»ñÈ¡¸ü¶à°ïÖú£¿²éÔÄ¿ÕÓòÈºÎÄ¼şÄÚµÄ°ïÖúÎÄµµ°É£¡ [m
[09:52:20] [Server thread/INFO]: [0;33;22m[¹«¸æ] [0;33;22mÏëÒª»ñÈ¡¸ü¶à°ïÖú£¿²éÔÄ¿ÕÓòÈºÎÄ¼şÄÚµÄ°ïÖúÎÄµµ°É£¡ [m
[10:52:20] [Server thread/INFO]: [0;33;22m[¹«¸æ] [0;33;22mÏëÒª»ñÈ¡¸ü¶à°ïÖú£¿²éÔÄ¿ÕÓòÈºÎÄ¼şÄÚµÄ°ïÖúÎÄµµ°É£¡ [m
[11:52:20] [Server thread/INFO]: [0;33;22m[¹«¸æ] [0;33;22mÏëÒª»ñÈ¡¸ü¶à°ïÖú£¿²éÔÄ¿ÕÓòÈºÎÄ¼şÄÚµÄ°ïÖúÎÄµµ°É£¡ [m
[12:52:20] [Server thread/INFO]: [0;33;22m[¹«¸æ] [0;33;22mÏëÒª»ñÈ¡¸ü¶à°ïÖú£¿²éÔÄ¿ÕÓòÈºÎÄ¼şÄÚµÄ°ïÖúÎÄµµ°É£¡ [m
[13:52:19] [Server thread/INFO]: [0;33;22m[¹«¸æ] [0;33;22mÏëÒª»ñÈ¡¸ü¶à°ïÖú£¿²éÔÄ¿ÕÓòÈºÎÄ¼şÄÚµÄ°ïÖúÎÄµµ°É£¡ [m
[14:52:19] [Server thread/INFO]: [0;33;22m[¹«¸æ] [0;33;22mÏëÒª»ñÈ¡¸ü¶à°ïÖú£¿²éÔÄ¿ÕÓòÈºÎÄ¼şÄÚµÄ°ïÖúÎÄµµ°É£¡ [m
[15:52:19] [Server thread/INFO]: [0;33;22m[¹«¸æ] [0;33;22mÏëÒª»ñÈ¡¸ü¶à°ïÖú£¿²éÔÄ¿ÕÓòÈºÎÄ¼şÄÚµÄ°ïÖúÎÄµµ°É£¡ [m
[16:52:19] [Server thread/INFO]: [0;33;22m[¹«¸æ] [0;33;22mÏëÒª»ñÈ¡¸ü¶à°ïÖú£¿²éÔÄ¿ÕÓòÈºÎÄ¼şÄÚµÄ°ïÖúÎÄµµ°É£¡ [m
[17:13:34] [User Authenticator #5/INFO]: UUID of player Li_zi_wei is 03f744dd-f5b7-42cf-8626-935e6dfb3462
[17:13:34] [Server thread/INFO]: Li_zi_wei[/127.0.0.1:49813] logged in with entity id 119598 at ([world_nether]-63.22396711896545, 115.0, -55.535198857523454)
[17:14:47] [Server thread/INFO]: Li_zi_wei issued server command: /co i
[17:15:05] [Server thread/INFO]: Li_zi_wei issued server command: /co i
[17:15:08] [Server thread/INFO]: Li_zi_wei lost connection: Disconnected
[17:15:08] [Server thread/INFO]: Li_zi_wei left the game
[17:22:14] [pool-5-thread-1/INFO]: [0;30;1m[[0;31;1m[21mGM[0;37;1m[21m+[0;30;1m] [0;30;1m[[0;32;1mINFO[0;30;1m] [0;33;1m Data files refreshed.[m
[17:27:35] [User Authenticator #6/INFO]: UUID of player Li_zi_wei is 03f744dd-f5b7-42cf-8626-935e6dfb3462
[17:27:35] [Server thread/INFO]: Li_zi_wei[/127.0.0.1:49885] logged in with entity id 119669 at ([world_nether]169.45934066548, 115.0, 14.320560533281258)
[17:52:19] [Server thread/INFO]: [0;33;22m[¹«¸æ] [0;33;22mÏëÒª»ñÈ¡¸ü¶à°ïÖú£¿²éÔÄ¿ÕÓòÈºÎÄ¼şÄÚµÄ°ïÖúÎÄµµ°É£¡ [m
[18:04:43] [Server thread/INFO]: Li_zi_wei issued server command: /co i
[18:04:49] [Server thread/INFO]: Li_zi_wei issued server command: /co i
[18:10:43] [Server thread/INFO]: Li_zi_wei lost connection: Disconnected
[18:10:43] [Server thread/INFO]: Li_zi_wei left the game
[18:52:19] [Server thread/INFO]: [0;33;22m[¹«¸æ] [0;33;22mÏëÒª»ñÈ¡¸ü¶à°ïÖú£¿²éÔÄ¿ÕÓòÈºÎÄ¼şÄÚµÄ°ïÖúÎÄµµ°É£¡ [m
[19:50:02] [User Authenticator #7/INFO]: UUID of player Crushxl is 73cb5d0a-9578-42d7-8096-e35458abd65f
[19:50:02] [Server thread/INFO]: Crushxl[/127.0.0.1:50647] logged in with entity id 124218 at ([world]2668.573012817109, 75.0, -495.771702282198)
[19:52:14] [pool-5-thread-1/INFO]: [0;30;1m[[0;31;1m[21mGM[0;37;1m[21m+[0;30;1m] [0;30;1m[[0;32;1mINFO[0;30;1m] [0;33;1m Data files refreshed.[m
[19:52:19] [Server thread/INFO]: [0;33;22m[¹«¸æ] [0;33;22mÏëÒª»ñÈ¡¸ü¶à°ïÖú£¿²éÔÄ¿ÕÓòÈºÎÄ¼şÄÚµÄ°ïÖúÎÄµµ°É£¡ [m
[19:55:14] [Server thread/INFO]: Crushxl issued server command: /time set 100
[19:55:14] [Server thread/INFO]: [Crushxl: Set the time to 100]
[19:58:55] [Server thread/INFO]: Crushxl issued server command: /time set 2000
[19:58:55] [Server thread/INFO]: [Crushxl: Set the time to 2000]
[20:02:43] [User Authenticator #8/INFO]: UUID of player adhesive_tape is 4c96318f-887a-42ea-a266-2e19af41d6cd
[20:02:43] [Server thread/INFO]: adhesive_tape[/127.0.0.1:50723] logged in with entity id 125322 at ([world]-219.55210061328629, 228.0, -448.30000001192093)
[20:03:02] [Server thread/INFO]: [0;32;1m<HAPPY>[0;37;1m adhesive_tape >> °¢ÒÌºÃ[m
[20:03:24] [Server thread/INFO]: [0;32;1m<HAPPY>[0;37;1m adhesive_tape >> °¢ÒÌÔÙ¼û[m
[20:10:33] [Server thread/INFO]: Crushxl issued server command: /time set 100
[20:10:33] [Server thread/INFO]: [Crushxl: Set the time to 100]
[20:10:46] [Server thread/INFO]: [0;33;22m<·şÖ÷>[0;37;1m Crushxl >> x[m
[20:12:22] [Server thread/WARN]: Crushxl moved too quickly! 1.1166663229519145,0.0,19.41683255956457
[20:20:23] [Server thread/INFO]: [0;32;1m<HAPPY>[0;37;1m adhesive_tape >> °¡[m
[20:20:28] [Server thread/INFO]: [0;32;1m<HAPPY>[0;37;1m adhesive_tape >> Ô²ĞÎ½¨Öş£¿[m
[20:20:36] [Server thread/INFO]: [0;32;1m<HAPPY>[0;37;1m adhesive_tape >> ½¨ÒéÀ´ÖíÈËËş¿´¿´[m
[20:26:39] [Server thread/INFO]: com.mojang.authlib.GameProfile@4d6eb4c2[id=<null>,name=the_yellowleaf,properties={},legacy=false] (/127.0.0.1:50851) lost connection: Disconnected
[20:26:41] [User Authenticator #9/INFO]: UUID of player the_yellowleaf is db81d5ec-a1c2-4cd3-a585-d1a2a3ff71bd
[20:26:41] [Server thread/INFO]: the_yellowleaf[/127.0.0.1:50854] logged in with entity id 135367 at ([world]-521.6121273527707, 71.0, -513.7252826113277)
[20:26:59] [Server thread/INFO]: [0;32;1m<´ø¸ë×Ó>[0;37;1m the_yellowleaf >> ¿´Ò»ÑÛ[m
[20:27:12] [Server thread/INFO]: [0;32;1m<´ø¸ë×Ó>[0;37;1m the_yellowleaf >> ÕâÊÇÕæĞ¡ãöÂğ[m
[20:32:14] [pool-5-thread-1/INFO]: [0;30;1m[[0;31;1m[21mGM[0;37;1m[21m+[0;30;1m] [0;30;1m[[0;32;1mINFO[0;30;1m] [0;33;1m Data files refreshed.[m
[20:42:37] [Server thread/INFO]: the_yellowleaf lost connection: Disconnected
[20:42:37] [Server thread/INFO]: the_yellowleaf left the game
[20:52:19] [Server thread/INFO]: [0;33;22m[¹«¸æ] [0;33;22mÏëÒª»ñÈ¡¸ü¶à°ïÖú£¿²éÔÄ¿ÕÓòÈºÎÄ¼şÄÚµÄ°ïÖúÎÄµµ°É£¡ [m
[21:52:19] [Server thread/INFO]: [0;33;22m[¹«¸æ] [0;33;22mÏëÒª»ñÈ¡¸ü¶à°ïÖú£¿²éÔÄ¿ÕÓòÈºÎÄ¼şÄÚµÄ°ïÖúÎÄµµ°É£¡ [m
[22:16:25] [Server thread/INFO]: Crushxl lost connection: Timed out
[22:16:25] [Server thread/INFO]: Crushxl left the game
[22:44:02] [Server thread/INFO]: adhesive_tape lost connection: Disconnected
[22:44:02] [Server thread/INFO]: adhesive_tape left the game
[22:52:19] [Server thread/INFO]: [0;33;22m[¹«¸æ] [0;33;22mÏëÒª»ñÈ¡¸ü¶à°ïÖú£¿²éÔÄ¿ÕÓòÈºÎÄ¼şÄÚµÄ°ïÖúÎÄµµ°É£¡ [m
[23:06:38] [Server thread/INFO]: com.mojang.authlib.GameProfile@351ec39e[id=<null>,name=thegreatblob,properties={},legacy=false] (/127.0.0.1:51681) lost connection: Disconnected
[23:06:42] [Server thread/INFO]: com.mojang.authlib.GameProfile@451e86cc[id=<null>,name=thegreatblob,properties={},legacy=false] (/127.0.0.1:51682) lost connection: Disconnected
[23:06:47] [Server thread/INFO]: com.mojang.authlib.GameProfile@1ab758a7[id=<null>,name=thegreatblob,properties={},legacy=false] (/127.0.0.1:51684) lost connection: Disconnected
[23:06:52] [Server thread/INFO]: com.mojang.authlib.GameProfile@2bfb6a8f[id=<null>,name=thegreatblob,properties={},legacy=false] (/127.0.0.1:51685) lost connection: Disconnected
[23:06:55] [Server thread/INFO]: com.mojang.authlib.GameProfile@683a4e5d[id=<null>,name=thegreatblob,properties={},legacy=false] (/127.0.0.1:51686) lost connection: Disconnected
[23:07:05] [Server thread/INFO]: com.mojang.authlib.GameProfile@59a38d70[id=<null>,name=thegreatblob,properties={},legacy=false] (/127.0.0.1:51687) lost connection: Disconnected
[23:13:36] [User Authenticator #10/INFO]: UUID of player adhesive_tape is 4c96318f-887a-42ea-a266-2e19af41d6cd
[23:13:36] [Server thread/INFO]: adhesive_tape[/127.0.0.1:51733] logged in with entity id 187698 at ([world]-220.24933481303523, 228.0, -448.69999998807907)
[23:46:46] [Server thread/INFO]: [0;32;1m<HAPPY>[0;37;1m adhesive_tape >> adhesive_tape[m
[23:52:19] [Server thread/INFO]: [0;33;22m[¹«¸æ] [0;33;22mÏëÒª»ñÈ¡¸ü¶à°ïÖú£¿²éÔÄ¿ÕÓòÈºÎÄ¼şÄÚµÄ°ïÖúÎÄµµ°É£¡ [m
