[00:55:45] [Server thread/INFO]: [0;33;22m[¹«¸æ] [0;33;22mÏëÒª»ñÈ¡¸ü¶à°ïÖú£¿²éÔÄ¿ÕÓòÈºÎÄ¼şÄÚµÄ°ïÖúÎÄµµ°É£¡ [m
[01:55:45] [Server thread/INFO]: [0;33;22m[¹«¸æ] [0;33;22mÏëÒª»ñÈ¡¸ü¶à°ïÖú£¿²éÔÄ¿ÕÓòÈºÎÄ¼şÄÚµÄ°ïÖúÎÄµµ°É£¡ [m
[02:55:45] [Server thread/INFO]: [0;33;22m[¹«¸æ] [0;33;22mÏëÒª»ñÈ¡¸ü¶à°ïÖú£¿²éÔÄ¿ÕÓòÈºÎÄ¼şÄÚµÄ°ïÖúÎÄµµ°É£¡ [m
[03:55:45] [Server thread/INFO]: [0;33;22m[¹«¸æ] [0;33;22mÏëÒª»ñÈ¡¸ü¶à°ïÖú£¿²éÔÄ¿ÕÓòÈºÎÄ¼şÄÚµÄ°ïÖúÎÄµµ°É£¡ [m
[04:55:45] [Server thread/INFO]: [0;33;22m[¹«¸æ] [0;33;22mÏëÒª»ñÈ¡¸ü¶à°ïÖú£¿²éÔÄ¿ÕÓòÈºÎÄ¼şÄÚµÄ°ïÖúÎÄµµ°É£¡ [m
[05:55:45] [Server thread/INFO]: [0;33;22m[¹«¸æ] [0;33;22mÏëÒª»ñÈ¡¸ü¶à°ïÖú£¿²éÔÄ¿ÕÓòÈºÎÄ¼şÄÚµÄ°ïÖúÎÄµµ°É£¡ [m
[06:55:45] [Server thread/INFO]: [0;33;22m[¹«¸æ] [0;33;22mÏëÒª»ñÈ¡¸ü¶à°ïÖú£¿²éÔÄ¿ÕÓòÈºÎÄ¼şÄÚµÄ°ïÖúÎÄµµ°É£¡ [m
[07:55:45] [Server thread/INFO]: [0;33;22m[¹«¸æ] [0;33;22mÏëÒª»ñÈ¡¸ü¶à°ïÖú£¿²éÔÄ¿ÕÓòÈºÎÄ¼şÄÚµÄ°ïÖúÎÄµµ°É£¡ [m
[08:55:45] [Server thread/INFO]: [0;33;22m[¹«¸æ] [0;33;22mÏëÒª»ñÈ¡¸ü¶à°ïÖú£¿²éÔÄ¿ÕÓòÈºÎÄ¼şÄÚµÄ°ïÖúÎÄµµ°É£¡ [m
[09:55:45] [Server thread/INFO]: [0;33;22m[¹«¸æ] [0;33;22mÏëÒª»ñÈ¡¸ü¶à°ïÖú£¿²éÔÄ¿ÕÓòÈºÎÄ¼şÄÚµÄ°ïÖúÎÄµµ°É£¡ [m
[10:55:45] [Server thread/INFO]: [0;33;22m[¹«¸æ] [0;33;22mÏëÒª»ñÈ¡¸ü¶à°ïÖú£¿²éÔÄ¿ÕÓòÈºÎÄ¼şÄÚµÄ°ïÖúÎÄµµ°É£¡ [m
[11:55:45] [Server thread/INFO]: [0;33;22m[¹«¸æ] [0;33;22mÏëÒª»ñÈ¡¸ü¶à°ïÖú£¿²éÔÄ¿ÕÓòÈºÎÄ¼şÄÚµÄ°ïÖúÎÄµµ°É£¡ [m
[12:55:45] [Server thread/INFO]: [0;33;22m[¹«¸æ] [0;33;22mÏëÒª»ñÈ¡¸ü¶à°ïÖú£¿²éÔÄ¿ÕÓòÈºÎÄ¼şÄÚµÄ°ïÖúÎÄµµ°É£¡ [m
[13:55:45] [Server thread/INFO]: [0;33;22m[¹«¸æ] [0;33;22mÏëÒª»ñÈ¡¸ü¶à°ïÖú£¿²éÔÄ¿ÕÓòÈºÎÄ¼şÄÚµÄ°ïÖúÎÄµµ°É£¡ [m
[14:55:45] [Server thread/INFO]: [0;33;22m[¹«¸æ] [0;33;22mÏëÒª»ñÈ¡¸ü¶à°ïÖú£¿²éÔÄ¿ÕÓòÈºÎÄ¼şÄÚµÄ°ïÖúÎÄµµ°É£¡ [m
[15:55:45] [Server thread/INFO]: [0;33;22m[¹«¸æ] [0;33;22mÏëÒª»ñÈ¡¸ü¶à°ïÖú£¿²éÔÄ¿ÕÓòÈºÎÄ¼şÄÚµÄ°ïÖúÎÄµµ°É£¡ [m
[16:55:45] [Server thread/INFO]: [0;33;22m[¹«¸æ] [0;33;22mÏëÒª»ñÈ¡¸ü¶à°ïÖú£¿²éÔÄ¿ÕÓòÈºÎÄ¼şÄÚµÄ°ïÖúÎÄµµ°É£¡ [m
[17:10:01] [User Authenticator #6/INFO]: UUID of player YellowDon is 330b76bc-623b-498d-83b5-0e13cebb33b7
[17:10:01] [Server thread/INFO]: YellowDon[/127.0.0.1:51344] logged in with entity id 12241 at ([world]1588.0832270420308, 73.0, 868.7299555872576)
[17:15:40] [pool-5-thread-1/INFO]: [0;30;1m[[0;31;1m[21mGM[0;37;1m[21m+[0;30;1m] [0;30;1m[[0;32;1mINFO[0;30;1m] [0;33;1m Data files refreshed.[m
[17:36:26] [Server thread/INFO]: YellowDon lost connection: Disconnected
[17:36:26] [Server thread/INFO]: YellowDon left the game
[17:55:45] [Server thread/INFO]: [0;33;22m[¹«¸æ] [0;33;22mÏëÒª»ñÈ¡¸ü¶à°ïÖú£¿²éÔÄ¿ÕÓòÈºÎÄ¼şÄÚµÄ°ïÖúÎÄµµ°É£¡ [m
[18:55:45] [Server thread/INFO]: [0;33;22m[¹«¸æ] [0;33;22mÏëÒª»ñÈ¡¸ü¶à°ïÖú£¿²éÔÄ¿ÕÓòÈºÎÄ¼şÄÚµÄ°ïÖúÎÄµµ°É£¡ [m
[19:42:08] [User Authenticator #7/INFO]: UUID of player Bili_CMZ is d306ea0e-dc75-46d4-a023-1381982930d6
[19:42:08] [Server thread/INFO]: Bili_CMZ[/127.0.0.1:52106] logged in with entity id 17968 at ([world_the_end]-0.1752765917947795, 63.033660980349914, -0.6985505920432264)
[19:45:40] [pool-5-thread-1/INFO]: [0;30;1m[[0;31;1m[21mGM[0;37;1m[21m+[0;30;1m] [0;30;1m[[0;32;1mINFO[0;30;1m] [0;33;1m Data files refreshed.[m
[19:46:33] [Server thread/INFO]: [0;36;1m[PiglinFix][0;32;1mDrops fixed[m
[19:52:38] [Server thread/INFO]: Bili_CMZ lost connection: Disconnected
[19:52:38] [Server thread/INFO]: Bili_CMZ left the game
[19:52:43] [User Authenticator #8/INFO]: UUID of player Bili_CMZ is d306ea0e-dc75-46d4-a023-1381982930d6
[19:52:43] [Server thread/INFO]: Bili_CMZ[/127.0.0.1:52158] logged in with entity id 18975 at ([world]312.69999998807907, 74.0, -489.45983563151185)
[19:53:00] [Server thread/INFO]: Bili_CMZ has made the advancement [Ol' Betsy]
[19:53:09] [Server thread/INFO]: Bili_CMZ has made the advancement [Who's the Pillager Now?]
[19:55:45] [Server thread/INFO]: [0;33;22m[¹«¸æ] [0;33;22mÏëÒª»ñÈ¡¸ü¶à°ïÖú£¿²éÔÄ¿ÕÓòÈºÎÄ¼şÄÚµÄ°ïÖúÎÄµµ°É£¡ [m
[19:56:10] [Server thread/INFO]: Bili_CMZ has made the advancement [Voluntary Exile]
[19:58:59] [Server thread/INFO]: Bili_CMZ lost connection: Disconnected
[19:58:59] [Server thread/INFO]: Bili_CMZ left the game
[19:59:10] [User Authenticator #9/INFO]: UUID of player Bili_CMZ is d306ea0e-dc75-46d4-a023-1381982930d6
[19:59:10] [Server thread/INFO]: Bili_CMZ[/127.0.0.1:52202] logged in with entity id 20052 at ([world]1340.300000011921, 115.5, -1356.699999988079)
[20:00:24] [Server thread/INFO]: Bili_CMZ lost connection: Disconnected
[20:00:24] [Server thread/INFO]: Bili_CMZ left the game
[20:00:40] [Server thread/INFO]: com.mojang.authlib.GameProfile@6120a342[id=<null>,name=Bili_CMZ,properties={},legacy=false] (/127.0.0.1:52220) lost connection: Disconnected
[20:00:47] [User Authenticator #10/INFO]: UUID of player Bili_CMZ is d306ea0e-dc75-46d4-a023-1381982930d6
[20:00:47] [Server thread/INFO]: Bili_CMZ[/127.0.0.1:52232] logged in with entity id 20301 at ([world]1366.699999988079, 139.0, -1365.625770201763)
[20:01:05] [Server thread/INFO]: Bili_CMZ lost connection: Disconnected
[20:01:05] [Server thread/INFO]: Bili_CMZ left the game
[20:01:12] [User Authenticator #11/INFO]: UUID of player Bili_CMZ is d306ea0e-dc75-46d4-a023-1381982930d6
[20:01:13] [Server thread/INFO]: Bili_CMZ[/127.0.0.1:52236] logged in with entity id 20469 at ([world]1366.699999988079, 139.0, -1365.625770201763)
[20:01:29] [Server thread/INFO]: Bili_CMZ lost connection: Disconnected
[20:01:29] [Server thread/INFO]: Bili_CMZ left the game
[20:55:45] [Server thread/INFO]: [0;33;22m[¹«¸æ] [0;33;22mÏëÒª»ñÈ¡¸ü¶à°ïÖú£¿²éÔÄ¿ÕÓòÈºÎÄ¼şÄÚµÄ°ïÖúÎÄµµ°É£¡ [m
[21:55:45] [Server thread/INFO]: [0;33;22m[¹«¸æ] [0;33;22mÏëÒª»ñÈ¡¸ü¶à°ïÖú£¿²éÔÄ¿ÕÓòÈºÎÄ¼şÄÚµÄ°ïÖúÎÄµµ°É£¡ [m
[22:05:43] [User Authenticator #12/INFO]: UUID of player Laohuaji is 6b964e9d-569f-44a7-9ad5-a0b50af836cb
[22:05:43] [Server thread/INFO]: Laohuaji[/127.0.0.1:52860] logged in with entity id 20638 at ([world_nether]-34.69999998807907, 64.0, 925.5691878697119)
[22:12:38] [Server thread/INFO]: Laohuaji lost connection: Disconnected
[22:12:38] [Server thread/INFO]: Laohuaji left the game
[22:55:45] [Server thread/INFO]: [0;33;22m[¹«¸æ] [0;33;22mÏëÒª»ñÈ¡¸ü¶à°ïÖú£¿²éÔÄ¿ÕÓòÈºÎÄ¼şÄÚµÄ°ïÖúÎÄµµ°É£¡ [m
[23:55:43] [Server thread/INFO]: [0;33;22m[¹«¸æ] [0;33;22mÏëÒª»ñÈ¡¸ü¶à°ïÖú£¿²éÔÄ¿ÕÓòÈºÎÄ¼şÄÚµÄ°ïÖúÎÄµµ°É£¡ [m
