[00:55:37] [Server thread/INFO]: [0;33;22m[¹«¸æ] [0;33;22mÏëÒª»ñÈ¡¸ü¶à°ïÖú£¿²éÔÄ¿ÕÓòÈºÎÄ¼şÄÚµÄ°ïÖúÎÄµµ°É£¡ [m
[01:55:37] [Server thread/INFO]: [0;33;22m[¹«¸æ] [0;33;22mÏëÒª»ñÈ¡¸ü¶à°ïÖú£¿²éÔÄ¿ÕÓòÈºÎÄ¼şÄÚµÄ°ïÖúÎÄµµ°É£¡ [m
[02:55:37] [Server thread/INFO]: [0;33;22m[¹«¸æ] [0;33;22mÏëÒª»ñÈ¡¸ü¶à°ïÖú£¿²éÔÄ¿ÕÓòÈºÎÄ¼şÄÚµÄ°ïÖúÎÄµµ°É£¡ [m
[03:55:37] [Server thread/INFO]: [0;33;22m[¹«¸æ] [0;33;22mÏëÒª»ñÈ¡¸ü¶à°ïÖú£¿²éÔÄ¿ÕÓòÈºÎÄ¼şÄÚµÄ°ïÖúÎÄµµ°É£¡ [m
[04:55:37] [Server thread/INFO]: [0;33;22m[¹«¸æ] [0;33;22mÏëÒª»ñÈ¡¸ü¶à°ïÖú£¿²éÔÄ¿ÕÓòÈºÎÄ¼şÄÚµÄ°ïÖúÎÄµµ°É£¡ [m
[05:55:37] [Server thread/INFO]: [0;33;22m[¹«¸æ] [0;33;22mÏëÒª»ñÈ¡¸ü¶à°ïÖú£¿²éÔÄ¿ÕÓòÈºÎÄ¼şÄÚµÄ°ïÖúÎÄµµ°É£¡ [m
[06:55:37] [Server thread/INFO]: [0;33;22m[¹«¸æ] [0;33;22mÏëÒª»ñÈ¡¸ü¶à°ïÖú£¿²éÔÄ¿ÕÓòÈºÎÄ¼şÄÚµÄ°ïÖúÎÄµµ°É£¡ [m
[07:55:37] [Server thread/INFO]: [0;33;22m[¹«¸æ] [0;33;22mÏëÒª»ñÈ¡¸ü¶à°ïÖú£¿²éÔÄ¿ÕÓòÈºÎÄ¼şÄÚµÄ°ïÖúÎÄµµ°É£¡ [m
[08:55:37] [Server thread/INFO]: [0;33;22m[¹«¸æ] [0;33;22mÏëÒª»ñÈ¡¸ü¶à°ïÖú£¿²éÔÄ¿ÕÓòÈºÎÄ¼şÄÚµÄ°ïÖúÎÄµµ°É£¡ [m
[09:19:54] [User Authenticator #39/INFO]: UUID of player YuanXiaoNa is a3ec61de-4554-4839-b3cd-33f66821f2dd
[09:19:54] [Server thread/INFO]: YuanXiaoNa[/127.0.0.1:53632] logged in with entity id 382602 at ([world_nether]160.08462159566156, 115.0, -93.44793876273658)
[09:22:51] [Server thread/WARN]: YuanXiaoNa moved wrongly!
[09:26:56] [Server thread/INFO]: YuanXiaoNa >> .point me[m
[09:27:11] [Server thread/INFO]: YuanXiaoNa issued server command: /points YuanXiaoNa
[09:27:25] [Server thread/INFO]: YuanXiaoNa issued server command: /points me
[09:28:57] [Server thread/WARN]: YuanXiaoNa moved too quickly! -0.039092413564958406,11.400000177979436,-0.06227876747357186
[09:39:38] [Server thread/WARN]: YuanXiaoNa moved too quickly! -1649.9247882962172,16.145106700651638,-234.19999998807907
[09:42:43] [Server thread/INFO]: YuanXiaoNa has made the advancement [A Terrible Fortress]
[09:55:37] [Server thread/INFO]: [0;33;22m[¹«¸æ] [0;33;22mÏëÒª»ñÈ¡¸ü¶à°ïÖú£¿²éÔÄ¿ÕÓòÈºÎÄ¼şÄÚµÄ°ïÖúÎÄµµ°É£¡ [m
[10:07:59] [Server thread/INFO]: YuanXiaoNa lost connection: Disconnected
[10:07:59] [Server thread/INFO]: YuanXiaoNa left the game
[10:13:51] [User Authenticator #40/INFO]: UUID of player YuanXiaoNa is a3ec61de-4554-4839-b3cd-33f66821f2dd
[10:13:51] [Server thread/INFO]: YuanXiaoNa[/127.0.0.1:53905] logged in with entity id 387626 at ([world_nether]46.880652607457, 88.0, 1588.54136291166)
[10:14:52] [Server thread/INFO]: YuanXiaoNa lost connection: Disconnected
[10:14:52] [Server thread/INFO]: YuanXiaoNa left the game
[10:15:47] [User Authenticator #41/INFO]: UUID of player YuanXiaoNa is a3ec61de-4554-4839-b3cd-33f66821f2dd
[10:15:47] [Server thread/INFO]: YuanXiaoNa[/127.0.0.1:53922] logged in with entity id 387684 at ([world_nether]48.87347148945612, 88.0, 1588.4135665601734)
[10:29:50] [Server thread/INFO]: YuanXiaoNa has made the advancement [Hidden in the Depths]
[10:53:02] [Server thread/INFO]: YuanXiaoNa lost connection: Disconnected
[10:53:02] [Server thread/INFO]: YuanXiaoNa left the game
[10:55:37] [Server thread/INFO]: [0;33;22m[¹«¸æ] [0;33;22mÏëÒª»ñÈ¡¸ü¶à°ïÖú£¿²éÔÄ¿ÕÓòÈºÎÄ¼şÄÚµÄ°ïÖúÎÄµµ°É£¡ [m
[11:32:54] [User Authenticator #42/INFO]: UUID of player YuanXiaoNa is a3ec61de-4554-4839-b3cd-33f66821f2dd
[11:32:54] [Server thread/INFO]: YuanXiaoNa[/127.0.0.1:54308] logged in with entity id 390608 at ([world_nether]-77.64277454203221, 114.0, 1881.699999988079)
[11:43:18] [Server thread/INFO]: YuanXiaoNa issued server command: /tp YuanXiaoNa 180 46 907
[11:43:18] [Server thread/INFO]: YuanXiaoNa issued server command: /tppos 180 46 907
[11:55:37] [Server thread/INFO]: [0;33;22m[¹«¸æ] [0;33;22mÏëÒª»ñÈ¡¸ü¶à°ïÖú£¿²éÔÄ¿ÕÓòÈºÎÄ¼şÄÚµÄ°ïÖúÎÄµµ°É£¡ [m
[11:58:19] [Server thread/INFO]: YuanXiaoNa lost connection: Disconnected
[11:58:19] [Server thread/INFO]: YuanXiaoNa left the game
[12:00:02] [User Authenticator #43/INFO]: UUID of player YuanXiaoNa is a3ec61de-4554-4839-b3cd-33f66821f2dd
[12:00:02] [Server thread/INFO]: YuanXiaoNa[/127.0.0.1:54447] logged in with entity id 395092 at ([world]2705.3132500727806, 54.70896381724893, -427.679901773512)
[12:03:23] [Server thread/INFO]: YuanXiaoNa has made the advancement [Acquire Hardware]
[12:18:18] [Server thread/WARN]: YuanXiaoNa was kicked for floating too long!
[12:18:18] [Server thread/INFO]: YuanXiaoNa lost connection: Flying is not enabled on this server
[12:18:18] [Server thread/INFO]: YuanXiaoNa left the game
[12:18:22] [User Authenticator #44/INFO]: UUID of player YuanXiaoNa is a3ec61de-4554-4839-b3cd-33f66821f2dd
[12:18:23] [Server thread/INFO]: YuanXiaoNa[/127.0.0.1:54541] logged in with entity id 396319 at ([world]2694.3552840737248, 63.74568398176511, -349.73674860124623)
[12:28:26] [Server thread/INFO]: [0;36;1m[PiglinFix][0;32;1mDrops fixed[m
[12:30:09] [User Authenticator #45/INFO]: UUID of player adhesive_tape is 4c96318f-887a-42ea-a266-2e19af41d6cd
[12:30:09] [Server thread/INFO]: adhesive_tape[/127.0.0.1:54602] logged in with entity id 399243 at ([world]-475.8576874536475, 67.0, -486.32445413670075)
[12:41:51] [User Authenticator #46/INFO]: UUID of player adhesive_tape is 4c96318f-887a-42ea-a266-2e19af41d6cd
[12:41:51] [Server thread/INFO]: adhesive_tape lost connection: You logged in from another location
[12:41:51] [Server thread/INFO]: adhesive_tape left the game
[12:41:51] [Server thread/INFO]: adhesive_tape[/127.0.0.1:54654] logged in with entity id 401409 at ([world]-512.5, 70.0, -467.5)
[12:41:59] [Server thread/INFO]: YuanXiaoNa >> adhesive_tape[m
[12:42:03] [Server thread/INFO]: [0;32;1m<HAPPY>[0;37;1m adhesive_tape >> a[m
[12:42:56] [Server thread/INFO]: [0;32;1m<HAPPY>[0;37;1m adhesive_tape >> ¸ÉÉ¶[m
[12:43:28] [Server thread/INFO]: YuanXiaoNa >> ½ĞÀ´Íæ[m
[12:44:28] [Server thread/INFO]: [0;32;1m<HAPPY>[0;37;1m adhesive_tape >> ???[m
[12:44:30] [Server thread/INFO]: [0;32;1m<HAPPY>[0;37;1m adhesive_tape >> ÍæÉ¶[m
[12:44:38] [Server thread/INFO]: YuanXiaoNa >> ½ĞÄã[m
[12:44:41] [Server thread/INFO]: [0;32;1m<HAPPY>[0;37;1m adhesive_tape >> ...[m
[12:45:00] [Server thread/INFO]: [0;32;1m<HAPPY>[0;37;1m adhesive_tape >> ¹Ò»ú[m
[12:47:59] [Server thread/WARN]: YuanXiaoNa was kicked for floating too long!
[12:47:59] [Server thread/INFO]: YuanXiaoNa lost connection: Flying is not enabled on this server
[12:47:59] [Server thread/INFO]: YuanXiaoNa left the game
[12:49:27] [User Authenticator #47/INFO]: UUID of player YuanXiaoNa is a3ec61de-4554-4839-b3cd-33f66821f2dd
[12:49:27] [Server thread/INFO]: YuanXiaoNa[/127.0.0.1:54698] logged in with entity id 401879 at ([world]18.370322909922944, 181.55383808212875, 346.68267156025854)
[12:51:47] [Server thread/INFO]: YuanXiaoNa lost connection: Disconnected
[12:51:47] [Server thread/INFO]: YuanXiaoNa left the game
[12:51:53] [User Authenticator #48/INFO]: UUID of player YuanXiaoNa is a3ec61de-4554-4839-b3cd-33f66821f2dd
[12:51:53] [Server thread/INFO]: YuanXiaoNa[/127.0.0.1:54712] logged in with entity id 402137 at ([world]12.300000011920929, 180.0, 352.02066961957973)
[12:52:26] [Server thread/INFO]: YuanXiaoNa lost connection: Disconnected
[12:52:26] [Server thread/INFO]: YuanXiaoNa left the game
[12:52:30] [User Authenticator #49/INFO]: UUID of player YuanXiaoNa is a3ec61de-4554-4839-b3cd-33f66821f2dd
[12:52:30] [Server thread/INFO]: YuanXiaoNa[/127.0.0.1:54718] logged in with entity id 402234 at ([world]12.30000001192093, 180.0, 353.77408461138725)
[12:55:34] [Server thread/INFO]: YuanXiaoNa lost connection: Disconnected
[12:55:34] [Server thread/INFO]: YuanXiaoNa left the game
[12:55:37] [Server thread/INFO]: [0;33;22m[¹«¸æ] [0;33;22mÏëÒª»ñÈ¡¸ü¶à°ïÖú£¿²éÔÄ¿ÕÓòÈºÎÄ¼şÄÚµÄ°ïÖúÎÄµµ°É£¡ [m
[12:55:38] [User Authenticator #50/INFO]: UUID of player YuanXiaoNa is a3ec61de-4554-4839-b3cd-33f66821f2dd
[12:55:38] [Server thread/INFO]: YuanXiaoNa[/127.0.0.1:54743] logged in with entity id 402758 at ([world]17.54829550765676, 180.0, 350.3714274280893)
[12:56:51] [Server thread/INFO]: YuanXiaoNa lost connection: Disconnected
[12:56:51] [Server thread/INFO]: YuanXiaoNa left the game
[12:56:58] [User Authenticator #51/INFO]: UUID of player YuanXiaoNa is a3ec61de-4554-4839-b3cd-33f66821f2dd
[12:56:58] [Server thread/INFO]: YuanXiaoNa[/127.0.0.1:54755] logged in with entity id 402895 at ([world]14.752970318962507, 180.0, 353.84543228694594)
[12:58:38] [Server thread/INFO]: YuanXiaoNa lost connection: Disconnected
[12:58:38] [Server thread/INFO]: YuanXiaoNa left the game
[12:58:42] [User Authenticator #52/INFO]: UUID of player YuanXiaoNa is a3ec61de-4554-4839-b3cd-33f66821f2dd
[12:58:42] [Server thread/INFO]: YuanXiaoNa[/127.0.0.1:54764] logged in with entity id 403189 at ([world]17.664701052543958, 180.0, 350.2445597934518)
[12:59:48] [Server thread/INFO]: YuanXiaoNa has reached the goal [Postmortal]
[12:59:52] [Server thread/INFO]: YuanXiaoNa lost connection: Disconnected
[12:59:52] [Server thread/INFO]: YuanXiaoNa left the game
[12:59:54] [User Authenticator #53/INFO]: UUID of player YuanXiaoNa is a3ec61de-4554-4839-b3cd-33f66821f2dd
[12:59:54] [Server thread/INFO]: YuanXiaoNa[/127.0.0.1:54772] logged in with entity id 403341 at ([world]17.80788753463333, 180.0, 350.9827415129974)
[13:00:36] [Server thread/INFO]: YuanXiaoNa lost connection: Disconnected
[13:00:36] [Server thread/INFO]: YuanXiaoNa left the game
[13:00:38] [User Authenticator #54/INFO]: UUID of player YuanXiaoNa is a3ec61de-4554-4839-b3cd-33f66821f2dd
[13:00:39] [Server thread/INFO]: YuanXiaoNa[/127.0.0.1:54781] logged in with entity id 403411 at ([world]17.601743457137225, 180.0, 350.3704104733693)
[13:02:55] [Server thread/INFO]: YuanXiaoNa lost connection: Disconnected
[13:02:55] [Server thread/INFO]: YuanXiaoNa left the game
[13:03:00] [User Authenticator #55/INFO]: UUID of player YuanXiaoNa is a3ec61de-4554-4839-b3cd-33f66821f2dd
[13:03:00] [Server thread/INFO]: YuanXiaoNa[/127.0.0.1:54799] logged in with entity id 403649 at ([world]17.369883739724326, 182.5, 349.1696778851112)
[13:12:52] [Server thread/INFO]: YuanXiaoNa has made the advancement [Sticky Situation]
[13:16:51] [Server thread/INFO]: adhesive_tape lost connection: Disconnected
[13:16:51] [Server thread/INFO]: adhesive_tape left the game
[13:19:00] [Server thread/INFO]: YuanXiaoNa lost connection: Disconnected
[13:19:00] [Server thread/INFO]: YuanXiaoNa left the game
[13:19:05] [User Authenticator #56/INFO]: UUID of player YuanXiaoNa is a3ec61de-4554-4839-b3cd-33f66821f2dd
[13:19:05] [Server thread/INFO]: YuanXiaoNa[/127.0.0.1:54884] logged in with entity id 415969 at ([world_nether]208.65412287341516, 115.5625, 23.1582291262119)
[13:42:48] [Server thread/INFO]: YuanXiaoNa lost connection: Timed out
[13:42:48] [Server thread/INFO]: YuanXiaoNa left the game
[13:52:22] [User Authenticator #57/INFO]: UUID of player YuanXiaoNa is a3ec61de-4554-4839-b3cd-33f66821f2dd
[13:52:22] [Server thread/INFO]: YuanXiaoNa[/127.0.0.1:55060] logged in with entity id 427491 at ([world_the_end]-8.69999998807907, 0.5, 308.82565838143137)
[13:55:37] [Server thread/INFO]: [0;33;22m[¹«¸æ] [0;33;22mÏëÒª»ñÈ¡¸ü¶à°ïÖú£¿²éÔÄ¿ÕÓòÈºÎÄ¼şÄÚµÄ°ïÖúÎÄµµ°É£¡ [m
[14:01:15] [User Authenticator #58/INFO]: UUID of player Shallow_dream_ is 6dd389e7-c052-4a51-abc7-d6543cf7932c
[14:01:15] [Server thread/INFO]: Shallow_dream_[/127.0.0.1:55117] logged in with entity id 432462 at ([world_the_end]-11.633411233843127, 2.082519374030662, 102.7953584638888)
[14:02:46] [Server thread/INFO]: Shallow_dream_ lost connection: Disconnected
[14:02:46] [Server thread/INFO]: Shallow_dream_ left the game
[14:05:32] [pool-5-thread-1/INFO]: [0;30;1m[[0;31;1m[21mGM[0;37;1m[21m+[0;30;1m] [0;30;1m[[0;32;1mINFO[0;30;1m] [0;33;1m Data files refreshed.[m
[14:36:48] [Server thread/INFO]: YuanXiaoNa lost connection: Timed out
[14:36:48] [Server thread/INFO]: YuanXiaoNa left the game
[14:55:37] [Server thread/INFO]: [0;33;22m[¹«¸æ] [0;33;22mÏëÒª»ñÈ¡¸ü¶à°ïÖú£¿²éÔÄ¿ÕÓòÈºÎÄ¼şÄÚµÄ°ïÖúÎÄµµ°É£¡ [m
[15:55:37] [Server thread/INFO]: [0;33;22m[¹«¸æ] [0;33;22mÏëÒª»ñÈ¡¸ü¶à°ïÖú£¿²éÔÄ¿ÕÓòÈºÎÄ¼şÄÚµÄ°ïÖúÎÄµµ°É£¡ [m
[16:55:37] [Server thread/INFO]: [0;33;22m[¹«¸æ] [0;33;22mÏëÒª»ñÈ¡¸ü¶à°ïÖú£¿²éÔÄ¿ÕÓòÈºÎÄ¼şÄÚµÄ°ïÖúÎÄµµ°É£¡ [m
[17:18:31] [User Authenticator #59/INFO]: UUID of player YuanXiaoNa is a3ec61de-4554-4839-b3cd-33f66821f2dd
[17:18:31] [Server thread/INFO]: YuanXiaoNa[/127.0.0.1:56122] logged in with entity id 451136 at ([world_the_end]-8.699999988079071, 0.5, 309.98122393981197)
[17:25:26] [Server thread/INFO]: YuanXiaoNa lost connection: Disconnected
[17:25:26] [Server thread/INFO]: YuanXiaoNa left the game
[17:25:29] [User Authenticator #60/INFO]: UUID of player YuanXiaoNa is a3ec61de-4554-4839-b3cd-33f66821f2dd
[17:25:29] [Server thread/INFO]: YuanXiaoNa[/127.0.0.1:56158] logged in with entity id 452166 at ([world]2657.3109261236714, 70.04961503210258, -376.421442880639)
[17:41:22] [Server thread/INFO]: YuanXiaoNa has made the advancement [Stone Age]
[17:46:44] [Server thread/INFO]: YuanXiaoNa has made the advancement [Diamonds!]
[17:49:32] [Server thread/INFO]: YuanXiaoNa lost connection: Disconnected
[17:49:32] [Server thread/INFO]: YuanXiaoNa left the game
[17:55:37] [Server thread/INFO]: [0;33;22m[¹«¸æ] [0;33;22mÏëÒª»ñÈ¡¸ü¶à°ïÖú£¿²éÔÄ¿ÕÓòÈºÎÄ¼şÄÚµÄ°ïÖúÎÄµµ°É£¡ [m
[18:55:35] [Server thread/INFO]: [0;33;22m[¹«¸æ] [0;33;22mÏëÒª»ñÈ¡¸ü¶à°ïÖú£¿²éÔÄ¿ÕÓòÈºÎÄ¼şÄÚµÄ°ïÖúÎÄµµ°É£¡ [m
[19:55:35] [Server thread/INFO]: [0;33;22m[¹«¸æ] [0;33;22mÏëÒª»ñÈ¡¸ü¶à°ïÖú£¿²éÔÄ¿ÕÓòÈºÎÄ¼şÄÚµÄ°ïÖúÎÄµµ°É£¡ [m
[20:55:35] [Server thread/INFO]: [0;33;22m[¹«¸æ] [0;33;22mÏëÒª»ñÈ¡¸ü¶à°ïÖú£¿²éÔÄ¿ÕÓòÈºÎÄ¼şÄÚµÄ°ïÖúÎÄµµ°É£¡ [m
[21:50:57] [User Authenticator #61/INFO]: UUID of player the_yellowleaf is db81d5ec-a1c2-4cd3-a585-d1a2a3ff71bd
[21:50:58] [Server thread/INFO]: the_yellowleaf[/127.0.0.1:57505] logged in with entity id 456755 at ([world]-454.942244983386, 71.0, -486.2404330895861)
[21:55:36] [Server thread/INFO]: [0;33;22m[¹«¸æ] [0;33;22mÏëÒª»ñÈ¡¸ü¶à°ïÖú£¿²éÔÄ¿ÕÓòÈºÎÄ¼şÄÚµÄ°ïÖúÎÄµµ°É£¡ [m
[22:07:04] [Server thread/INFO]: the_yellowleaf lost connection: Disconnected
[22:07:04] [Server thread/INFO]: the_yellowleaf left the game
[22:52:03] [User Authenticator #62/INFO]: UUID of player adhesive_tape is 4c96318f-887a-42ea-a266-2e19af41d6cd
[22:52:03] [Server thread/INFO]: adhesive_tape[/127.0.0.1:57812] logged in with entity id 457630 at ([world]-518.3560866675167, 69.0, -453.1053794625163)
[22:52:53] [Server thread/INFO]: adhesive_tape lost connection: Timed out
[22:52:53] [Server thread/INFO]: adhesive_tape left the game
[22:55:35] [Server thread/INFO]: [0;33;22m[¹«¸æ] [0;33;22mÏëÒª»ñÈ¡¸ü¶à°ïÖú£¿²éÔÄ¿ÕÓòÈºÎÄ¼şÄÚµÄ°ïÖúÎÄµµ°É£¡ [m
[22:56:14] [User Authenticator #63/INFO]: UUID of player adhesive_tape is 4c96318f-887a-42ea-a266-2e19af41d6cd
[22:56:15] [Server thread/INFO]: adhesive_tape[/127.0.0.1:57847] logged in with entity id 458314 at ([world]-512.5, 70.0, -467.5)
[22:57:04] [Server thread/INFO]: adhesive_tape lost connection: Disconnected
[22:57:04] [Server thread/INFO]: adhesive_tape left the game
[23:55:35] [Server thread/INFO]: [0;33;22m[¹«¸æ] [0;33;22mÏëÒª»ñÈ¡¸ü¶à°ïÖú£¿²éÔÄ¿ÕÓòÈºÎÄ¼şÄÚµÄ°ïÖúÎÄµµ°É£¡ [m
