[19:30:01] [main/INFO]: Environment: authHost='https://authserver.mojang.com', accountsHost='https://api.mojang.com', sessionHost='https://sessionserver.mojang.com', name='PROD'
[19:30:01] [main/INFO]: Reloading ResourceManager: Default, bukkit
[19:30:02] [Worker-Main-4/INFO]: Loaded 7 recipes
[19:30:03] [Server thread/INFO]: Starting minecraft server version 1.16.2
[19:30:03] [Server thread/INFO]: Loading properties
[19:30:04] [Server thread/INFO]: This server is running CraftBukkit version git-Spigot-379750e-43c7ff9 (MC: 1.16.2) (Implementing API version 1.16.2-R0.1-SNAPSHOT)
[19:30:04] [Server thread/INFO]: Debug logging is disabled
[19:30:04] [Server thread/INFO]: Using 4 threads for Netty based IO
[19:30:04] [Server thread/INFO]: Server Ping Player Sample Count: 0
[19:30:04] [Server thread/INFO]: Default game type: SURVIVAL
[19:30:04] [Server thread/INFO]: Generating keypair
[19:30:04] [Server thread/INFO]: Starting Minecraft server on 127.0.0.1:25565
[19:30:04] [Server thread/INFO]: Using default channel type
[19:30:05] [Server thread/WARN]: Initializing Legacy Material Support. Unless you have legacy plugins and/or data this is a bug!
[19:30:07] [Server thread/WARN]: Legacy plugin ChatC v0.5 does not specify an api-version.
[19:30:07] [Server thread/WARN]: Legacy plugin GroupManager v3.3 does not specify an api-version.
[19:30:07] [Server thread/WARN]: Legacy plugin PxAutoMessage v0.1.3 does not specify an api-version.
[19:30:07] [Server thread/WARN]: Legacy plugin AdvancedBan v2.2.0 does not specify an api-version.
[19:30:07] [Server thread/WARN]: Legacy plugin PiglinFix vAlpha 1.1 does not specify an api-version.
[19:30:07] [Server thread/WARN]: Legacy plugin PlayerPoints v2.1.5-SNAPSHOT does not specify an api-version.
[19:30:07] [Server thread/WARN]: Legacy plugin CrowdLocator v1.0 does not specify an api-version.
[19:30:07] [Server thread/WARN]: Legacy plugin Lores v1.4.1 does not specify an api-version.
[19:30:07] [Server thread/INFO]: [CoreProtect] Loading CoreProtect v2.18.2
[19:30:07] [Server thread/INFO]: [EntityTrackerFixer] Loading EntityTrackerFixer v1.3.1
[19:30:07] [Server thread/INFO]: [OpenInv] Loading OpenInv v4.0.8
[19:30:07] [Server thread/INFO]: [ChatC] Loading ChatC v0.5
[19:30:07] [Server thread/INFO]: [GroupManager] Loading GroupManager v3.3
[19:30:07] [Server thread/INFO]: [PxAutoMessage] Loading PxAutoMessage v0.1.3
[19:30:07] [Server thread/INFO]: [AdvancedBan] Loading AdvancedBan v2.2.0
[19:30:07] [Server thread/INFO]: [PiglinFix] Loading PiglinFix vAlpha 1.1
[19:30:07] [Server thread/INFO]: [TAB] Loading TAB v2.8.4
[19:30:07] [Server thread/INFO]: [PlayerPoints] Loading PlayerPoints v2.1.5-SNAPSHOT
[19:30:07] [Server thread/INFO]: [CrowdLocator] Loading CrowdLocator v1.0
[19:30:07] [Server thread/INFO]: [Lores] Loading Lores v1.4.1
[19:30:07] [Server thread/INFO]: [AnGmode] Loading AnGmode v1.0-SNAPSHOT
[19:30:07] [Server thread/INFO]: Preparing level "world"
[19:30:07] [Server thread/INFO]: -------- World Settings For [world] --------
[19:30:07] [Server thread/INFO]: Entity Tracking Range: Pl 48 / An 48 / Mo 48 / Mi 32 / Other 64
[19:30:07] [Server thread/INFO]: Allow Zombie Pigmen to spawn from portal blocks: true
[19:30:07] [Server thread/INFO]: Item Merge Radius: 8.0
[19:30:07] [Server thread/INFO]: Item Despawn Rate: 3000
[19:30:07] [Server thread/INFO]: View Distance: 12
[19:30:07] [Server thread/INFO]: Entity Activation Range: An 12 / Mo 20 / Ra 48 / Mi 3 / Tiv false
[19:30:07] [Server thread/INFO]: Mob Spawn Range: 4
[19:30:07] [Server thread/INFO]: Experience Merge Radius: 8.0
[19:30:07] [Server thread/INFO]: Hopper Transfer: 10 Hopper Check: 10 Hopper Amount: 1
[19:30:07] [Server thread/INFO]: Cactus Growth Modifier: 100%
[19:30:07] [Server thread/INFO]: Cane Growth Modifier: 100%
[19:30:07] [Server thread/INFO]: Melon Growth Modifier: 100%
[19:30:07] [Server thread/INFO]: Mushroom Growth Modifier: 100%
[19:30:07] [Server thread/INFO]: Pumpkin Growth Modifier: 100%
[19:30:07] [Server thread/INFO]: Sapling Growth Modifier: 100%
[19:30:07] [Server thread/INFO]: Beetroot Growth Modifier: 100%
[19:30:07] [Server thread/INFO]: Carrot Growth Modifier: 100%
[19:30:07] [Server thread/INFO]: Potato Growth Modifier: 100%
[19:30:07] [Server thread/INFO]: Wheat Growth Modifier: 100%
[19:30:07] [Server thread/INFO]: NetherWart Growth Modifier: 100%
[19:30:07] [Server thread/INFO]: Vine Growth Modifier: 100%
[19:30:07] [Server thread/INFO]: Cocoa Growth Modifier: 100%
[19:30:07] [Server thread/INFO]: Bamboo Growth Modifier: 100%
[19:30:07] [Server thread/INFO]: SweetBerry Growth Modifier: 100%
[19:30:07] [Server thread/INFO]: Kelp Growth Modifier: 100%
[19:30:07] [Server thread/INFO]: Max TNT Explosions: 100
[19:30:07] [Server thread/INFO]: Tile Max Tick Time: 20ms Entity max Tick Time: 25ms
[19:30:07] [Server thread/INFO]: Arrow Despawn Rate: 200 Trident Respawn Rate:1200
[19:30:07] [Server thread/INFO]: Nerfing mobs spawned from spawners: false
[19:30:07] [Server thread/INFO]: Zombie Aggressive Towards Villager: true
[19:30:07] [Server thread/INFO]: Custom Map Seeds:  Village: 10387312 Desert: 14357617 Igloo: 14357618 Jungle: 14357619 Swamp: 14357620 Monument: 10387313 Ocean: 14357621 Shipwreck: 165745295 End City: 10387313 Slime: 987234911 Bastion: 30084232 Fortress: 30084232 Mansion: 10387319 Fossil: 14357921 Portal: 34222645
[19:30:07] [Server thread/INFO]: -------- World Settings For [world_nether] --------
[19:30:07] [Server thread/INFO]: Entity Tracking Range: Pl 48 / An 48 / Mo 48 / Mi 32 / Other 64
[19:30:07] [Server thread/INFO]: Allow Zombie Pigmen to spawn from portal blocks: true
[19:30:07] [Server thread/INFO]: Item Merge Radius: 8.0
[19:30:07] [Server thread/INFO]: Item Despawn Rate: 3000
[19:30:08] [Server thread/INFO]: View Distance: 12
[19:30:08] [Server thread/INFO]: Entity Activation Range: An 12 / Mo 20 / Ra 48 / Mi 3 / Tiv false
[19:30:08] [Server thread/INFO]: Mob Spawn Range: 4
[19:30:08] [Server thread/INFO]: Experience Merge Radius: 8.0
[19:30:08] [Server thread/INFO]: Hopper Transfer: 10 Hopper Check: 10 Hopper Amount: 1
[19:30:08] [Server thread/INFO]: Cactus Growth Modifier: 100%
[19:30:08] [Server thread/INFO]: Cane Growth Modifier: 100%
[19:30:08] [Server thread/INFO]: Melon Growth Modifier: 100%
[19:30:08] [Server thread/INFO]: Mushroom Growth Modifier: 100%
[19:30:08] [Server thread/INFO]: Pumpkin Growth Modifier: 100%
[19:30:08] [Server thread/INFO]: Sapling Growth Modifier: 100%
[19:30:08] [Server thread/INFO]: Beetroot Growth Modifier: 100%
[19:30:08] [Server thread/INFO]: Carrot Growth Modifier: 100%
[19:30:08] [Server thread/INFO]: Potato Growth Modifier: 100%
[19:30:08] [Server thread/INFO]: Wheat Growth Modifier: 100%
[19:30:08] [Server thread/INFO]: NetherWart Growth Modifier: 100%
[19:30:08] [Server thread/INFO]: Vine Growth Modifier: 100%
[19:30:08] [Server thread/INFO]: Cocoa Growth Modifier: 100%
[19:30:08] [Server thread/INFO]: Bamboo Growth Modifier: 100%
[19:30:08] [Server thread/INFO]: SweetBerry Growth Modifier: 100%
[19:30:08] [Server thread/INFO]: Kelp Growth Modifier: 100%
[19:30:08] [Server thread/INFO]: Max TNT Explosions: 100
[19:30:08] [Server thread/INFO]: Tile Max Tick Time: 20ms Entity max Tick Time: 25ms
[19:30:08] [Server thread/INFO]: Arrow Despawn Rate: 200 Trident Respawn Rate:1200
[19:30:08] [Server thread/INFO]: Nerfing mobs spawned from spawners: false
[19:30:08] [Server thread/INFO]: Zombie Aggressive Towards Villager: true
[19:30:08] [Server thread/INFO]: Custom Map Seeds:  Village: 10387312 Desert: 14357617 Igloo: 14357618 Jungle: 14357619 Swamp: 14357620 Monument: 10387313 Ocean: 14357621 Shipwreck: 165745295 End City: 10387313 Slime: 987234911 Bastion: 30084232 Fortress: 30084232 Mansion: 10387319 Fossil: 14357921 Portal: 34222645
[19:30:08] [Server thread/INFO]: -------- World Settings For [world_the_end] --------
[19:30:08] [Server thread/INFO]: Entity Tracking Range: Pl 48 / An 48 / Mo 48 / Mi 32 / Other 64
[19:30:08] [Server thread/INFO]: Allow Zombie Pigmen to spawn from portal blocks: true
[19:30:08] [Server thread/INFO]: Item Merge Radius: 8.0
[19:30:08] [Server thread/INFO]: Item Despawn Rate: 3000
[19:30:08] [Server thread/INFO]: View Distance: 12
[19:30:08] [Server thread/INFO]: Entity Activation Range: An 12 / Mo 20 / Ra 48 / Mi 3 / Tiv false
[19:30:08] [Server thread/INFO]: Mob Spawn Range: 4
[19:30:08] [Server thread/INFO]: Experience Merge Radius: 8.0
[19:30:08] [Server thread/INFO]: Hopper Transfer: 10 Hopper Check: 10 Hopper Amount: 1
[19:30:08] [Server thread/INFO]: Cactus Growth Modifier: 100%
[19:30:08] [Server thread/INFO]: Cane Growth Modifier: 100%
[19:30:08] [Server thread/INFO]: Melon Growth Modifier: 100%
[19:30:08] [Server thread/INFO]: Mushroom Growth Modifier: 100%
[19:30:08] [Server thread/INFO]: Pumpkin Growth Modifier: 100%
[19:30:08] [Server thread/INFO]: Sapling Growth Modifier: 100%
[19:30:08] [Server thread/INFO]: Beetroot Growth Modifier: 100%
[19:30:08] [Server thread/INFO]: Carrot Growth Modifier: 100%
[19:30:08] [Server thread/INFO]: Potato Growth Modifier: 100%
[19:30:08] [Server thread/INFO]: Wheat Growth Modifier: 100%
[19:30:08] [Server thread/INFO]: NetherWart Growth Modifier: 100%
[19:30:08] [Server thread/INFO]: Vine Growth Modifier: 100%
[19:30:08] [Server thread/INFO]: Cocoa Growth Modifier: 100%
[19:30:08] [Server thread/INFO]: Bamboo Growth Modifier: 100%
[19:30:08] [Server thread/INFO]: SweetBerry Growth Modifier: 100%
[19:30:08] [Server thread/INFO]: Kelp Growth Modifier: 100%
[19:30:08] [Server thread/INFO]: Max TNT Explosions: 100
[19:30:08] [Server thread/INFO]: Tile Max Tick Time: 20ms Entity max Tick Time: 25ms
[19:30:08] [Server thread/INFO]: Arrow Despawn Rate: 200 Trident Respawn Rate:1200
[19:30:08] [Server thread/INFO]: Nerfing mobs spawned from spawners: false
[19:30:08] [Server thread/INFO]: Zombie Aggressive Towards Villager: true
[19:30:08] [Server thread/INFO]: Custom Map Seeds:  Village: 10387312 Desert: 14357617 Igloo: 14357618 Jungle: 14357619 Swamp: 14357620 Monument: 10387313 Ocean: 14357621 Shipwreck: 165745295 End City: 10387313 Slime: 987234911 Bastion: 30084232 Fortress: 30084232 Mansion: 10387319 Fossil: 14357921 Portal: 34222645
[19:30:08] [Server thread/INFO]: Preparing start region for dimension minecraft:overworld
[19:30:09] [Server thread/INFO]: Preparing spawn area: 0%
[19:30:09] [Server thread/INFO]: Preparing spawn area: 0%
[19:30:09] [Server thread/INFO]: Preparing spawn area: 0%
[19:30:09] [Server thread/INFO]: Preparing spawn area: 0%
[19:30:10] [Server thread/INFO]: Preparing spawn area: 0%
[19:30:10] [Server thread/INFO]: Time elapsed: 2305 ms
[19:30:10] [Server thread/INFO]: Preparing start region for dimension minecraft:the_nether
