[00:51:46] [Server thread/INFO]: [0;33;22m[¹«¸æ] [0;33;22mÏëÒª»ñÈ¡¸ü¶à°ïÖú£¿²éÔÄ¿ÕÓòÈºÎÄ¼şÄÚµÄ°ïÖúÎÄµµ°É£¡ [m
[01:51:46] [Server thread/INFO]: [0;33;22m[¹«¸æ] [0;33;22mÏëÒª»ñÈ¡¸ü¶à°ïÖú£¿²éÔÄ¿ÕÓòÈºÎÄ¼şÄÚµÄ°ïÖúÎÄµµ°É£¡ [m
[02:51:46] [Server thread/INFO]: [0;33;22m[¹«¸æ] [0;33;22mÏëÒª»ñÈ¡¸ü¶à°ïÖú£¿²éÔÄ¿ÕÓòÈºÎÄ¼şÄÚµÄ°ïÖúÎÄµµ°É£¡ [m
[03:33:55] [Server thread/INFO]: [0;36;1m[PiglinFix][0;32;1mDrops fixed[m
[03:51:46] [Server thread/INFO]: [0;33;22m[¹«¸æ] [0;33;22mÏëÒª»ñÈ¡¸ü¶à°ïÖú£¿²éÔÄ¿ÕÓòÈºÎÄ¼şÄÚµÄ°ïÖúÎÄµµ°É£¡ [m
[04:51:46] [Server thread/INFO]: [0;33;22m[¹«¸æ] [0;33;22mÏëÒª»ñÈ¡¸ü¶à°ïÖú£¿²éÔÄ¿ÕÓòÈºÎÄ¼şÄÚµÄ°ïÖúÎÄµµ°É£¡ [m
[05:51:44] [Server thread/INFO]: [0;33;22m[¹«¸æ] [0;33;22mÏëÒª»ñÈ¡¸ü¶à°ïÖú£¿²éÔÄ¿ÕÓòÈºÎÄ¼şÄÚµÄ°ïÖúÎÄµµ°É£¡ [m
[06:51:44] [Server thread/INFO]: [0;33;22m[¹«¸æ] [0;33;22mÏëÒª»ñÈ¡¸ü¶à°ïÖú£¿²éÔÄ¿ÕÓòÈºÎÄ¼şÄÚµÄ°ïÖúÎÄµµ°É£¡ [m
[07:51:44] [Server thread/INFO]: [0;33;22m[¹«¸æ] [0;33;22mÏëÒª»ñÈ¡¸ü¶à°ïÖú£¿²éÔÄ¿ÕÓòÈºÎÄ¼şÄÚµÄ°ïÖúÎÄµµ°É£¡ [m
[08:51:44] [Server thread/INFO]: [0;33;22m[¹«¸æ] [0;33;22mÏëÒª»ñÈ¡¸ü¶à°ïÖú£¿²éÔÄ¿ÕÓòÈºÎÄ¼şÄÚµÄ°ïÖúÎÄµµ°É£¡ [m
[09:51:44] [Server thread/INFO]: [0;33;22m[¹«¸æ] [0;33;22mÏëÒª»ñÈ¡¸ü¶à°ïÖú£¿²éÔÄ¿ÕÓòÈºÎÄ¼şÄÚµÄ°ïÖúÎÄµµ°É£¡ [m
[10:51:44] [Server thread/INFO]: [0;33;22m[¹«¸æ] [0;33;22mÏëÒª»ñÈ¡¸ü¶à°ïÖú£¿²éÔÄ¿ÕÓòÈºÎÄ¼şÄÚµÄ°ïÖúÎÄµµ°É£¡ [m
[11:51:44] [Server thread/INFO]: [0;33;22m[¹«¸æ] [0;33;22mÏëÒª»ñÈ¡¸ü¶à°ïÖú£¿²éÔÄ¿ÕÓòÈºÎÄ¼şÄÚµÄ°ïÖúÎÄµµ°É£¡ [m
[12:51:44] [Server thread/INFO]: [0;33;22m[¹«¸æ] [0;33;22mÏëÒª»ñÈ¡¸ü¶à°ïÖú£¿²éÔÄ¿ÕÓòÈºÎÄ¼şÄÚµÄ°ïÖúÎÄµµ°É£¡ [m
[13:51:44] [Server thread/INFO]: [0;33;22m[¹«¸æ] [0;33;22mÏëÒª»ñÈ¡¸ü¶à°ïÖú£¿²éÔÄ¿ÕÓòÈºÎÄ¼şÄÚµÄ°ïÖúÎÄµµ°É£¡ [m
[14:51:44] [Server thread/INFO]: [0;33;22m[¹«¸æ] [0;33;22mÏëÒª»ñÈ¡¸ü¶à°ïÖú£¿²éÔÄ¿ÕÓòÈºÎÄ¼şÄÚµÄ°ïÖúÎÄµµ°É£¡ [m
[15:51:44] [Server thread/INFO]: [0;33;22m[¹«¸æ] [0;33;22mÏëÒª»ñÈ¡¸ü¶à°ïÖú£¿²éÔÄ¿ÕÓòÈºÎÄ¼şÄÚµÄ°ïÖúÎÄµµ°É£¡ [m
[16:51:44] [Server thread/INFO]: [0;33;22m[¹«¸æ] [0;33;22mÏëÒª»ñÈ¡¸ü¶à°ïÖú£¿²éÔÄ¿ÕÓòÈºÎÄ¼şÄÚµÄ°ïÖúÎÄµµ°É£¡ [m
[17:51:44] [Server thread/INFO]: [0;33;22m[¹«¸æ] [0;33;22mÏëÒª»ñÈ¡¸ü¶à°ïÖú£¿²éÔÄ¿ÕÓòÈºÎÄ¼şÄÚµÄ°ïÖúÎÄµµ°É£¡ [m
[18:51:44] [Server thread/INFO]: [0;33;22m[¹«¸æ] [0;33;22mÏëÒª»ñÈ¡¸ü¶à°ïÖú£¿²éÔÄ¿ÕÓòÈºÎÄ¼şÄÚµÄ°ïÖúÎÄµµ°É£¡ [m
[19:41:42] [User Authenticator #74/INFO]: UUID of player Ttu_nnm is b1ba0763-c0c0-4a8e-b036-db7c78dc6b43
[19:41:42] [Server thread/INFO]: Ttu_nnm[/127.0.0.1:64203] logged in with entity id 378666 at ([world]1939.857346008027, 64.0, 5914.752328355291)
[19:51:42] [pool-5-thread-1/INFO]: [0;30;1m[[0;31;1m[21mGM[0;37;1m[21m+[0;30;1m] [0;30;1m[[0;32;1mINFO[0;30;1m] [0;33;1m Data files refreshed.[m
[19:51:44] [Server thread/INFO]: [0;33;22m[¹«¸æ] [0;33;22mÏëÒª»ñÈ¡¸ü¶à°ïÖú£¿²éÔÄ¿ÕÓòÈºÎÄ¼şÄÚµÄ°ïÖúÎÄµµ°É£¡ [m
[20:09:13] [Server thread/INFO]: Ttu_nnm issued server command: /co i
[20:09:21] [Server thread/INFO]: Ttu_nnm issued server command: /co i
[20:51:44] [Server thread/INFO]: [0;33;22m[¹«¸æ] [0;33;22mÏëÒª»ñÈ¡¸ü¶à°ïÖú£¿²éÔÄ¿ÕÓòÈºÎÄ¼şÄÚµÄ°ïÖúÎÄµµ°É£¡ [m
[21:21:30] [Server thread/WARN]: Player Ttu_nnm just tried to change non-editable sign
[21:23:06] [Server thread/INFO]: Ttu_nnm lost connection: Disconnected
[21:23:06] [Server thread/INFO]: Ttu_nnm left the game
[21:51:44] [Server thread/INFO]: [0;33;22m[¹«¸æ] [0;33;22mÏëÒª»ñÈ¡¸ü¶à°ïÖú£¿²éÔÄ¿ÕÓòÈºÎÄ¼şÄÚµÄ°ïÖúÎÄµµ°É£¡ [m
[22:23:34] [User Authenticator #75/INFO]: Disconnecting com.mojang.authlib.GameProfile@4117dce7[id=<null>,name=Ink_Snow,properties={},legacy=false] (/127.0.0.1:65011): Authentication servers are down. Please try again later, sorry!
[22:23:34] [User Authenticator #75/ERROR]: Couldn't verify username because servers are unavailable
[22:23:34] [Server thread/INFO]: com.mojang.authlib.GameProfile@4117dce7[id=<null>,name=Ink_Snow,properties={},legacy=false] (/127.0.0.1:65011) lost connection: Authentication servers are down. Please try again later, sorry!
[22:23:46] [User Authenticator #76/INFO]: UUID of player Ink_Snow is 2a111da9-f9cb-42dc-8ffc-4f295ba4896b
[22:23:46] [Server thread/INFO]: Ink_Snow[/127.0.0.1:65017] logged in with entity id 401846 at ([world]2631.8667281549037, 33.0, -406.4527589880359)
[22:33:31] [Server thread/INFO]: Ink_Snow issued server command: /co i
[22:33:37] [Server thread/INFO]: Ink_Snow issued server command: /co i
[22:36:12] [Server thread/WARN]: Player Ink_Snow just tried to change non-editable sign
[22:37:45] [Server thread/INFO]: Ink_Snow lost connection: Disconnected
[22:37:45] [Server thread/INFO]: Ink_Snow left the game
[22:39:17] [Server thread/INFO]: com.mojang.authlib.GameProfile@1c9c2f93[id=<null>,name=Ink_Snow,properties={},legacy=false] (/127.0.0.1:65097) lost connection: Disconnected
[22:39:25] [User Authenticator #77/INFO]: Disconnecting com.mojang.authlib.GameProfile@1c9c2f93[id=<null>,name=Ink_Snow,properties={},legacy=false] (/127.0.0.1:65097): Authentication servers are down. Please try again later, sorry!
[22:39:25] [User Authenticator #77/ERROR]: Couldn't verify username because servers are unavailable
[22:41:18] [User Authenticator #78/INFO]: UUID of player ironman_sm is 57836f52-7f2e-47c5-99d9-aeb32bb865c8
[22:41:18] [Server thread/INFO]: Disconnecting com.mojang.authlib.GameProfile@127c59e7[id=57836f52-7f2e-47c5-99d9-aeb32bb865c8,name=ironman_sm,properties={textures=[com.mojang.authlib.properties.Property@7f54d92b]},legacy=false] (/127.0.0.1:65108): Äã»¹²»ÔÚ°×Ãûµ¥àŞ ¼ÓÈëÉóºËÈº1145301933 ½øĞĞÉóºË
[22:41:19] [Server thread/INFO]: com.mojang.authlib.GameProfile@127c59e7[id=57836f52-7f2e-47c5-99d9-aeb32bb865c8,name=ironman_sm,properties={textures=[com.mojang.authlib.properties.Property@7f54d92b]},legacy=false] (/127.0.0.1:65108) lost connection: Äã»¹²»ÔÚ°×Ãûµ¥àŞ ¼ÓÈëÉóºËÈº1145301933 ½øĞĞÉóºË
[22:42:14] [User Authenticator #79/INFO]: UUID of player ironman_sm is 57836f52-7f2e-47c5-99d9-aeb32bb865c8
[22:42:14] [Server thread/INFO]: Disconnecting com.mojang.authlib.GameProfile@58fa328c[id=57836f52-7f2e-47c5-99d9-aeb32bb865c8,name=ironman_sm,properties={textures=[com.mojang.authlib.properties.Property@6e4d1e0e]},legacy=false] (/127.0.0.1:65117): Äã»¹²»ÔÚ°×Ãûµ¥àŞ ¼ÓÈëÉóºËÈº1145301933 ½øĞĞÉóºË
[22:42:14] [Server thread/INFO]: com.mojang.authlib.GameProfile@58fa328c[id=57836f52-7f2e-47c5-99d9-aeb32bb865c8,name=ironman_sm,properties={textures=[com.mojang.authlib.properties.Property@6e4d1e0e]},legacy=false] (/127.0.0.1:65117) lost connection: Äã»¹²»ÔÚ°×Ãûµ¥àŞ ¼ÓÈëÉóºËÈº1145301933 ½øĞĞÉóºË
[22:43:50] [User Authenticator #80/INFO]: UUID of player ironman_sm is 57836f52-7f2e-47c5-99d9-aeb32bb865c8
[22:43:50] [Server thread/INFO]: Disconnecting com.mojang.authlib.GameProfile@278bd9de[id=57836f52-7f2e-47c5-99d9-aeb32bb865c8,name=ironman_sm,properties={textures=[com.mojang.authlib.properties.Property@43c346c4]},legacy=false] (/127.0.0.1:65135): Äã»¹²»ÔÚ°×Ãûµ¥àŞ ¼ÓÈëÉóºËÈº1145301933 ½øĞĞÉóºË
[22:43:50] [Server thread/INFO]: com.mojang.authlib.GameProfile@278bd9de[id=57836f52-7f2e-47c5-99d9-aeb32bb865c8,name=ironman_sm,properties={textures=[com.mojang.authlib.properties.Property@43c346c4]},legacy=false] (/127.0.0.1:65135) lost connection: Äã»¹²»ÔÚ°×Ãûµ¥àŞ ¼ÓÈëÉóºËÈº1145301933 ½øĞĞÉóºË
[22:44:41] [Server thread/INFO]: Added ironman_sm to the whitelist
[22:44:41] [Server thread/WARN]: Can't keep up! Is the server overloaded? Running 9922ms or 198 ticks behind
[22:45:10] [Server thread/INFO]: com.mojang.authlib.GameProfile@3c1b9177[id=<null>,name=ironman_sm,properties={},legacy=false] (/127.0.0.1:65145) lost connection: Disconnected
[22:45:16] [User Authenticator #81/INFO]: Disconnecting com.mojang.authlib.GameProfile@3c1b9177[id=<null>,name=ironman_sm,properties={},legacy=false] (/127.0.0.1:65145): Authentication servers are down. Please try again later, sorry!
[22:45:16] [User Authenticator #81/ERROR]: Couldn't verify username because servers are unavailable
[22:45:17] [User Authenticator #82/INFO]: UUID of player ironman_sm is 57836f52-7f2e-47c5-99d9-aeb32bb865c8
[22:45:17] [Server thread/INFO]: ironman_sm[/127.0.0.1:65149] logged in with entity id 403400 at ([world]-105.5, 64.0, 167.5)
[22:48:40] [Server thread/INFO]: ironman_sm has reached the goal [Sky's the Limit]
[22:48:40] [Server thread/INFO]: ironman_sm has made the advancement [Hidden in the Depths]
[22:49:48] [Server thread/INFO]: ironman_sm has made the advancement [Cover Me With Diamonds]
[22:49:48] [Server thread/INFO]: ironman_sm has made the advancement [Diamonds!]
[22:51:42] [pool-5-thread-1/INFO]: [0;30;1m[[0;31;1m[21mGM[0;37;1m[21m+[0;30;1m] [0;30;1m[[0;32;1mINFO[0;30;1m] [0;33;1m Data files refreshed.[m
[22:51:54] [Server thread/INFO]: [0;33;22m[¹«¸æ] [0;33;22mÏëÒª»ñÈ¡¸ü¶à°ïÖú£¿²éÔÄ¿ÕÓòÈºÎÄ¼şÄÚµÄ°ïÖúÎÄµµ°É£¡ [m
[22:52:08] [Server thread/INFO]: ironman_sm has made the advancement [We Need to Go Deeper]
[22:59:31] [User Authenticator #83/INFO]: UUID of player Ink_Snow is 2a111da9-f9cb-42dc-8ffc-4f295ba4896b
[22:59:31] [Server thread/INFO]: Ink_Snow[/127.0.0.1:65395] logged in with entity id 404082 at ([world]-147.9674891120283, 64.0, 164.72922814287202)
[22:59:41] [Server thread/INFO]: ironman_sm >> 291?[m
[23:00:37] [Server thread/INFO]: ironman_sm has made the advancement [Monster Hunter]
[23:00:57] [Server thread/INFO]: Ink_Snow >> ¹Ò»ú[m
[23:01:04] [Server thread/INFO]: Ink_Snow >> Ï´Êş[m
[23:01:09] [Server thread/INFO]: ironman_sm fell from a high place
[23:01:18] [Server thread/INFO]: ironman_sm >> wocao[m
[23:04:14] [Server thread/INFO]: ironman_sm hit the ground too hard
[23:11:04] [Server thread/INFO]: ironman_sm lost connection: Disconnected
[23:11:04] [Server thread/INFO]: ironman_sm left the game
[23:24:57] [Server thread/INFO]: Ink_Snow lost connection: Disconnected
[23:24:57] [Server thread/INFO]: Ink_Snow left the game
[23:51:54] [Server thread/INFO]: [0;33;22m[¹«¸æ] [0;33;22mÏëÒª»ñÈ¡¸ü¶à°ïÖú£¿²éÔÄ¿ÕÓòÈºÎÄ¼şÄÚµÄ°ïÖúÎÄµµ°É£¡ [m
