[17:34:28] [Server thread/INFO]: Starting minecraft server version 1.15.2
[17:34:28] [Server thread/INFO]: Loading properties
[17:34:28] [Server thread/INFO]: This server is running Paper version git-Paper-118 (MC: 1.15.2) (Implementing API version 1.15.2-R0.1-SNAPSHOT)
[17:34:28] [Server thread/INFO]: Debug logging is disabled
[17:34:28] [Server thread/INFO]: Server Ping Player Sample Count: 0
[17:34:28] [Server thread/INFO]: Using 4 threads for Netty based IO
[17:34:28] [Server thread/INFO]: Default game type: SURVIVAL
[17:34:28] [Server thread/INFO]: Generating keypair
[17:34:28] [Server thread/INFO]: Starting Minecraft server on 127.0.0.1:25565
[17:34:28] [Server thread/INFO]: Using default channel type
[17:34:29] [Server thread/WARN]: Initializing Legacy Material Support. Unless you have legacy plugins and/or data this is a bug!
[17:34:31] [Server thread/WARN]: Legacy plugin PxAutoMessage v0.1.3 does not specify an api-version.
[17:34:31] [Server thread/WARN]: Legacy plugin AdvancedBan v2.2.0 does not specify an api-version.
[17:34:31] [Server thread/WARN]: Legacy plugin GroupManager v3.3 does not specify an api-version.
[17:34:31] [Server thread/INFO]: [CoreProtect] Loading CoreProtect v2.18.2
[17:34:31] [Server thread/INFO]: [PxAutoMessage] Loading PxAutoMessage v0.1.3
[17:34:31] [Server thread/INFO]: [AdvancedBan] Loading AdvancedBan v2.2.0
[17:34:31] [Server thread/INFO]: [EntityTrackerFixer] Loading EntityTrackerFixer v1.2.2
[17:34:31] [Server thread/INFO]: [OpenInv] Loading OpenInv v4.0.8
[17:34:31] [Server thread/INFO]: [SAML] Loading SAML v2.0.0
[17:34:31] [Server thread/INFO]: [GroupManager] Loading GroupManager v3.3
[17:34:31] [Server thread/INFO]: [TAB] Loading TAB v2.7.2
[17:34:31] [Server thread/INFO]: Server permissions file permissions.yml is empty, ignoring it
[17:34:31] [Server thread/INFO]: Preparing level "world"
[17:34:31] [Server thread/INFO]: Reloading ResourceManager: Default, bukkit
[17:34:38] [Server thread/INFO]: Loaded 6 recipes
[17:34:38] [Server thread/INFO]: -------- World Settings For [world] --------
[17:34:38] [Server thread/INFO]: View Distance: 8
[17:34:38] [Server thread/INFO]: Nerfing mobs spawned from spawners: false
[17:34:38] [Server thread/INFO]: Item Merge Radius: 8.0
[17:34:38] [Server thread/INFO]: Item Despawn Rate: 4000
[17:34:38] [Server thread/INFO]: Allow Zombie Pigmen to spawn from portal blocks: true
[17:34:38] [Server thread/INFO]: Arrow Despawn Rate: 200 Trident Respawn Rate:1200
[17:34:38] [Server thread/INFO]: Zombie Aggressive Towards Villager: true
[17:34:38] [Server thread/INFO]: Custom Map Seeds:  Village: 10387312 Desert: 14357617 Igloo: 14357618 Jungle: 14357619 Swamp: 14357620 Monument: 10387313 Ocean: 14357621 Shipwreck: 165745295 Slime: 987234911
[17:34:38] [Server thread/INFO]: Mob Spawn Range: 4
[17:34:38] [Server thread/INFO]: Cactus Growth Modifier: 100%
[17:34:38] [Server thread/INFO]: Cane Growth Modifier: 100%
[17:34:38] [Server thread/INFO]: Melon Growth Modifier: 100%
[17:34:38] [Server thread/INFO]: Mushroom Growth Modifier: 100%
[17:34:38] [Server thread/INFO]: Pumpkin Growth Modifier: 100%
[17:34:38] [Server thread/INFO]: Sapling Growth Modifier: 100%
[17:34:38] [Server thread/INFO]: Beetroot Growth Modifier: 100%
[17:34:38] [Server thread/INFO]: Carrot Growth Modifier: 100%
[17:34:38] [Server thread/INFO]: Potato Growth Modifier: 100%
[17:34:38] [Server thread/INFO]: Wheat Growth Modifier: 100%
[17:34:38] [Server thread/INFO]: NetherWart Growth Modifier: 100%
[17:34:38] [Server thread/INFO]: Vine Growth Modifier: 100%
[17:34:38] [Server thread/INFO]: Cocoa Growth Modifier: 100%
[17:34:38] [Server thread/INFO]: Bamboo Growth Modifier: 100%
[17:34:38] [Server thread/INFO]: SweetBerry Growth Modifier: 100%
[17:34:38] [Server thread/INFO]: Kelp Growth Modifier: 100%
[17:34:38] [Server thread/INFO]: Experience Merge Radius: 8.0
[17:34:38] [Server thread/INFO]: Entity Tracking Range: Pl 48 / An 48 / Mo 48 / Mi 32 / Other 64
[17:34:38] [Server thread/INFO]: Tile Max Tick Time: 1000ms Entity max Tick Time: 1000ms
[17:34:38] [Server thread/INFO]: Hopper Transfer: 10 Hopper Check: 10 Hopper Amount: 1
[17:34:38] [Server thread/INFO]: Max TNT Explosions: 100
[17:34:38] [Server thread/INFO]: Entity Activation Range: An 12 / Mo 20 / Ra 48 / Mi 3 / Tiv false
[17:34:38] [Server thread/INFO]: -------- World Settings For [world_nether] --------
[17:34:38] [Server thread/INFO]: View Distance: 8
[17:34:38] [Server thread/INFO]: Nerfing mobs spawned from spawners: false
[17:34:38] [Server thread/INFO]: Item Merge Radius: 8.0
[17:34:38] [Server thread/INFO]: Item Despawn Rate: 4000
[17:34:38] [Server thread/INFO]: Allow Zombie Pigmen to spawn from portal blocks: true
[17:34:38] [Server thread/INFO]: Arrow Despawn Rate: 200 Trident Respawn Rate:1200
[17:34:38] [Server thread/INFO]: Zombie Aggressive Towards Villager: true
[17:34:38] [Server thread/INFO]: Custom Map Seeds:  Village: 10387312 Desert: 14357617 Igloo: 14357618 Jungle: 14357619 Swamp: 14357620 Monument: 10387313 Ocean: 14357621 Shipwreck: 165745295 Slime: 987234911
[17:34:38] [Server thread/INFO]: Mob Spawn Range: 4
[17:34:38] [Server thread/INFO]: Cactus Growth Modifier: 100%
[17:34:38] [Server thread/INFO]: Cane Growth Modifier: 100%
[17:34:38] [Server thread/INFO]: Melon Growth Modifier: 100%
[17:34:38] [Server thread/INFO]: Mushroom Growth Modifier: 100%
[17:34:38] [Server thread/INFO]: Pumpkin Growth Modifier: 100%
[17:34:38] [Server thread/INFO]: Sapling Growth Modifier: 100%
[17:34:38] [Server thread/INFO]: Beetroot Growth Modifier: 100%
[17:34:38] [Server thread/INFO]: Carrot Growth Modifier: 100%
[17:34:38] [Server thread/INFO]: Potato Growth Modifier: 100%
[17:34:38] [Server thread/INFO]: Wheat Growth Modifier: 100%
[17:34:38] [Server thread/INFO]: NetherWart Growth Modifier: 100%
[17:34:38] [Server thread/INFO]: Vine Growth Modifier: 100%
[17:34:38] [Server thread/INFO]: Cocoa Growth Modifier: 100%
[17:34:38] [Server thread/INFO]: Bamboo Growth Modifier: 100%
[17:34:38] [Server thread/INFO]: SweetBerry Growth Modifier: 100%
[17:34:38] [Server thread/INFO]: Kelp Growth Modifier: 100%
[17:34:38] [Server thread/INFO]: Experience Merge Radius: 8.0
[17:34:38] [Server thread/INFO]: Entity Tracking Range: Pl 48 / An 48 / Mo 48 / Mi 32 / Other 64
[17:34:38] [Server thread/INFO]: Tile Max Tick Time: 1000ms Entity max Tick Time: 1000ms
[17:34:38] [Server thread/INFO]: Hopper Transfer: 10 Hopper Check: 10 Hopper Amount: 1
[17:34:38] [Server thread/INFO]: Max TNT Explosions: 100
[17:34:38] [Server thread/INFO]: Entity Activation Range: An 12 / Mo 20 / Ra 48 / Mi 3 / Tiv false
[17:34:38] [Server thread/INFO]: -------- World Settings For [world_the_end] --------
[17:34:38] [Server thread/INFO]: View Distance: 8
[17:34:38] [Server thread/INFO]: Nerfing mobs spawned from spawners: false
[17:34:38] [Server thread/INFO]: Item Merge Radius: 8.0
[17:34:38] [Server thread/INFO]: Item Despawn Rate: 4000
[17:34:38] [Server thread/INFO]: Allow Zombie Pigmen to spawn from portal blocks: true
[17:34:38] [Server thread/INFO]: Arrow Despawn Rate: 200 Trident Respawn Rate:1200
[17:34:38] [Server thread/INFO]: Zombie Aggressive Towards Villager: true
[17:34:38] [Server thread/INFO]: Custom Map Seeds:  Village: 10387312 Desert: 14357617 Igloo: 14357618 Jungle: 14357619 Swamp: 14357620 Monument: 10387313 Ocean: 14357621 Shipwreck: 165745295 Slime: 987234911
[17:34:38] [Server thread/INFO]: Mob Spawn Range: 4
[17:34:38] [Server thread/INFO]: Cactus Growth Modifier: 100%
[17:34:38] [Server thread/INFO]: Cane Growth Modifier: 100%
[17:34:38] [Server thread/INFO]: Melon Growth Modifier: 100%
[17:34:38] [Server thread/INFO]: Mushroom Growth Modifier: 100%
[17:34:38] [Server thread/INFO]: Pumpkin Growth Modifier: 100%
[17:34:38] [Server thread/INFO]: Sapling Growth Modifier: 100%
[17:34:38] [Server thread/INFO]: Beetroot Growth Modifier: 100%
[17:34:38] [Server thread/INFO]: Carrot Growth Modifier: 100%
[17:34:38] [Server thread/INFO]: Potato Growth Modifier: 100%
[17:34:38] [Server thread/INFO]: Wheat Growth Modifier: 100%
[17:34:38] [Server thread/INFO]: NetherWart Growth Modifier: 100%
[17:34:38] [Server thread/INFO]: Vine Growth Modifier: 100%
[17:34:38] [Server thread/INFO]: Cocoa Growth Modifier: 100%
[17:34:38] [Server thread/INFO]: Bamboo Growth Modifier: 100%
[17:34:38] [Server thread/INFO]: SweetBerry Growth Modifier: 100%
[17:34:38] [Server thread/INFO]: Kelp Growth Modifier: 100%
[17:34:38] [Server thread/INFO]: Experience Merge Radius: 8.0
[17:34:38] [Server thread/INFO]: Entity Tracking Range: Pl 48 / An 48 / Mo 48 / Mi 32 / Other 64
[17:34:38] [Server thread/INFO]: Tile Max Tick Time: 1000ms Entity max Tick Time: 1000ms
[17:34:38] [Server thread/INFO]: Hopper Transfer: 10 Hopper Check: 10 Hopper Amount: 1
[17:34:38] [Server thread/INFO]: Max TNT Explosions: 100
[17:34:38] [Server thread/INFO]: Entity Activation Range: An 12 / Mo 20 / Ra 48 / Mi 3 / Tiv false
[17:34:38] [Server thread/INFO]: Preparing start region for dimension 'world'/minecraft:overworld
[17:34:38] [Server thread/INFO]: Preparing spawn area: 0%
[17:34:39] [Server thread/INFO]: Preparing spawn area: 0%
[17:34:39] [Server thread/INFO]: Preparing spawn area: 45%
[17:34:40] [Server thread/INFO]: Preparing spawn area: 100%
[17:34:40] [Server thread/INFO]: Loaded 441 spawn chunks for world world
[17:34:40] [Server thread/INFO]: Time elapsed: 1931 ms
[17:34:40] [Server thread/INFO]: Preparing start region for dimension 'world_nether'/minecraft:the_nether
[17:34:40] [Server thread/INFO]: Preparing spawn area: 0%
[17:34:40] [Server thread/INFO]: Preparing spawn area: 100%
[17:34:41] [Server thread/INFO]: Loaded 441 spawn chunks for world world_nether
[17:34:41] [Server thread/INFO]: Time elapsed: 749 ms
[17:34:41] [Server thread/INFO]: Preparing start region for dimension 'world_the_end'/minecraft:the_end
[17:34:41] [Server thread/INFO]: Preparing spawn area: 0%
[17:34:41] [Paper Async Chunk Task Thread #2/ERROR]: Chunk file at [0, 12] is in the wrong location; relocating. (Expected [0, 12], got [1, 12])
[17:34:41] [Paper Async Chunk Task Thread #1/ERROR]: Chunk file at [1, 12] is in the wrong location; relocating. (Expected [1, 12], got [2, 12])
[17:34:41] [Paper Async Chunk Task Thread #0/ERROR]: Chunk file at [2, 12] is in the wrong location; relocating. (Expected [2, 12], got [3, 12])
[17:34:41] [Paper Async Chunk Task Thread #1/ERROR]: Chunk file at [3, 12] is in the wrong location; relocating. (Expected [3, 12], got [4, 12])
[17:34:41] [Paper Async Chunk Task Thread #2/ERROR]: Chunk file at [4, 12] is in the wrong location; relocating. (Expected [4, 12], got [5, 12])
[17:34:41] [Paper Async Chunk Task Thread #2/ERROR]: Chunk file at [5, 12] is in the wrong location; relocating. (Expected [5, 12], got [6, 12])
[17:34:41] [Paper Async Chunk Task Thread #1/ERROR]: Chunk file at [6, 12] is in the wrong location; relocating. (Expected [6, 12], got [7, 12])
[17:34:41] [Paper Async Chunk Task Thread #0/ERROR]: Chunk file at [7, 12] is in the wrong location; relocating. (Expected [7, 12], got [0, 13])
[17:34:41] [Server thread/INFO]: Preparing spawn area: 100%
[17:34:41] [Paper Async Chunk Task Thread #1/ERROR]: Chunk file at [0, 13] is in the wrong location; relocating. (Expected [0, 13], got [1, 13])
[17:34:41] [Paper Async Chunk Task Thread #1/ERROR]: Chunk file at [1, 13] is in the wrong location; relocating. (Expected [1, 13], got [2, 13])
[17:34:41] [Paper Async Chunk Task Thread #0/ERROR]: Chunk file at [2, 13] is in the wrong location; relocating. (Expected [2, 13], got [3, 13])
[17:34:41] [Paper Async Chunk Task Thread #0/ERROR]: Chunk file at [3, 13] is in the wrong location; relocating. (Expected [3, 13], got [4, 13])
[17:34:41] [Paper Async Chunk Task Thread #0/ERROR]: Chunk file at [4, 13] is in the wrong location; relocating. (Expected [4, 13], got [5, 13])
[17:34:42] [Server thread/INFO]: Loaded 441 spawn chunks for world world_the_end
[17:34:42] [Server thread/INFO]: Time elapsed: 856 ms
[17:34:42] [Server thread/INFO]: [CoreProtect] Enabling CoreProtect v2.18.2
[17:34:42] [Server thread/INFO]: [CoreProtect] CoreProtect has been successfully enabled!
[17:34:42] [Server thread/INFO]: [CoreProtect] Using SQLite for data storage.
[17:34:42] [Server thread/INFO]: --------------------
[17:34:42] [Server thread/INFO]: [CoreProtect] Enjoy CoreProtect? Check out CoreEdit!
[17:34:42] [Server thread/INFO]: [CoreProtect] Download: www.coreedit.net/download/
[17:34:42] [Server thread/INFO]: --------------------
[17:34:42] [Server thread/INFO]: [PxAutoMessage] Enabling PxAutoMessage v0.1.3*
[17:34:42] [Server thread/INFO]: [PxAutoMessage] 正在启动皮克斯自动公告系统...
[17:34:42] [Server thread/INFO]: [PxAutoMessage] 初始化信息模块...
[17:34:42] [Server thread/INFO]: [PxAutoMessage] 注册命令监听系统...
[17:34:42] [Server thread/INFO]: [PxAutoMessage] 加载完毕！
[17:34:42] [Server thread/INFO]:  
[17:34:42] [Server thread/INFO]: > 作者：An_ye (QQ:1444691679)
[17:34:42] [Server thread/INFO]: > 本插件自带汉化，请勿相信所谓的汉化版！
[17:34:42] [Server thread/INFO]: > （作者的话：I'm Chinese.）
[17:34:42] [Server thread/INFO]:  
[17:34:42] [Server thread/INFO]: [AdvancedBan] Enabling AdvancedBan v2.2.0*
[17:34:42] [Server thread/INFO]: [me.leoko.advancedban.shaded.com.zaxxer.hikari.HikariDataSource] HikariPool-1 - Starting...
[17:34:42] [Server thread/INFO]: [hsqldb.db.HSQLDB73392FA9CE.ENGINE] checkpointClose start
[17:34:42] [Server thread/INFO]: [hsqldb.db.HSQLDB73392FA9CE.ENGINE] checkpointClose synched
[17:34:42] [Server thread/INFO]: [hsqldb.db.HSQLDB73392FA9CE.ENGINE] checkpointClose script done
[17:34:42] [Server thread/INFO]: [hsqldb.db.HSQLDB73392FA9CE.ENGINE] checkpointClose end
[17:34:42] [Server thread/INFO]: [me.leoko.advancedban.shaded.com.zaxxer.hikari.pool.PoolBase] HikariPool-1 - Driver does not support get/set network timeout for connections. (feature not supported)
[17:34:42] [Server thread/INFO]: [me.leoko.advancedban.shaded.com.zaxxer.hikari.HikariDataSource] HikariPool-1 - Start completed.
[17:35:03] [Server thread/INFO]: 
 
[]=====[Enabling AdvancedBan]=====[]
| Information:
|   Name: AdvancedBan
|   Developer: Leoko
|   Version: 2.2.0
|   Storage: HSQLDB (local)
| Support:
|   Github: https://github.com/DevLeoko/AdvancedBan/issues
|   Discord: https://discord.gg/ycDG6rS
| Twitter: @LeokoGar
| Update:
|   Failed to check for updates :(
[]================================[]
 
[17:35:03] [Server thread/INFO]: [EntityTrackerFixer] Enabling EntityTrackerFixer v1.2.2
[17:35:03] [Server thread/INFO]: [OpenInv] Enabling OpenInv v4.0.8
[17:35:04] [Server thread/INFO]: [SAML] Enabling SAML v2.0.0
[17:35:04] [Server thread/INFO]: [SAML] Loading config.yml...
[17:35:04] [Server thread/INFO]: [SAML] Successfully loaded config.yml.
[17:35:04] [Server thread/INFO]: [SAML] Loading custom_groups.yml...
[17:35:04] [Server thread/INFO]: [SAML] Successfully loaded custom_groups.yml.
[17:35:04] [Server thread/INFO]: [SAML] Loading nerfer_goals.yml...
[17:35:04] [Server thread/INFO]: [SAML] Successfully loaded nerfer_goals.yml.
[17:35:04] [Server thread/INFO]: [SAML] Loading messages.yml...
[17:35:04] [Server thread/INFO]: [SAML] Successfully loaded messages.yml.
[17:35:04] [Server thread/INFO]: [SAML] There is an old chunk cache file. Perhaps the server didn't shut down correctly?
[17:35:04] [Server thread/INFO]: [SAML] Successfully enabled.
[17:35:04] [Server thread/INFO]: [GroupManager] Enabling GroupManager v3.3*
[17:35:04] [Server thread/INFO]: [GM+] Checking Your version...
[17:35:04] [Server thread/INFO]: ===============================
[17:35:04] [Server thread/INFO]: 
[17:35:04] [Server thread/INFO]:  GroupManager+ is now enable!
[17:35:04] [Server thread/INFO]:  
[17:35:04] [Server thread/INFO]:  Thank you for using GroupManager+ :)
[17:35:04] [Server thread/INFO]:  GroupManager+ is create by HappyAreaBean!
[17:35:04] [Server thread/INFO]:  Current version: v3.3
[17:35:04] [Server thread/INFO]:  
[17:35:04] [Server thread/INFO]: ===============================
[17:35:04] [Server thread/INFO]: [GM+] [INFO] World Found: world
[17:35:04] [Server thread/INFO]: [GM+] [INFO] Superperms support enabled.
[17:35:04] [Server thread/INFO]: [GM+] [INFO] Scheduled Data Saving is set for every 10 minutes!
[17:35:04] [Server thread/INFO]: [GM+] [INFO] Backups will be retained for 24 hours!
[17:35:04] [Server thread/INFO]: [GM+] [INFO] GroupManager+ v3.3 is now enabled!
[17:35:04] [Server thread/INFO]: [TAB] Enabling TAB v2.7.2
[17:35:04] [Server thread/INFO]: [TAB] Server version: 1.15.2 (v1_15_R1)
[17:35:04] [Server thread/INFO]: [TAB] File plugins\TAB\errors.txt exists and is not empty. Please take a look at the errors and try to correct them. You can also join our discord for assistance. After you resolve them, delete the file.
[17:35:04] [Server thread/INFO]: [TAB] Animation "Welcome" does not have any texts! Ignoring.
