[00:01:02] [Server thread/INFO]: the_yellowleaf lost connection: Disconnected
[00:01:02] [Server thread/INFO]: the_yellowleaf left the game
[00:01:02] [Server thread/INFO]: adhesive_tape lost connection: Disconnected
[00:01:02] [Server thread/INFO]: adhesive_tape left the game
[00:01:08] [User Authenticator #35/INFO]: UUID of player adhesive_tape is 4c96318f-887a-42ea-a266-2e19af41d6cd
[00:01:08] [Server thread/INFO]: adhesive_tape[/127.0.0.1:55554] logged in with entity id 35897 at ([world]-454.9068087791916, 107.53979348032111, -491.9923760617992)
[00:01:11] [User Authenticator #36/INFO]: UUID of player the_yellowleaf is db81d5ec-a1c2-4cd3-a585-d1a2a3ff71bd
[00:01:11] [Server thread/INFO]: the_yellowleaf[/127.0.0.1:55561] logged in with entity id 36185 at ([world]-455.1117043658199, 78.0, -476.6651549675401)
[00:05:47] [Server thread/INFO]: [0;32;1m<´ø¸ë×Ó>[0;37;1m the_yellowleaf >> ÎÒÏÈÏÂÁË£¬Ì«À§ÁË= =[m
[00:05:54] [Server thread/INFO]: [0;32;1m<HAPPY>[0;37;1m adhesive_tape >> en[m
[00:05:56] [Server thread/INFO]: the_yellowleaf lost connection: Disconnected
[00:05:56] [Server thread/INFO]: the_yellowleaf left the game
[00:07:35] [Server thread/WARN]: adhesive_tape moved wrongly!
[00:31:52] [Server thread/WARN]: adhesive_tape moved wrongly!
[00:43:11] [Server thread/INFO]: adhesive_tape lost connection: Disconnected
[00:43:11] [Server thread/INFO]: adhesive_tape left the game
[00:51:54] [Server thread/INFO]: [0;33;22m[¹«¸æ] [0;33;22mÏëÒª»ñÈ¡¸ü¶à°ïÖú£¿²éÔÄ¿ÕÓòÈºÎÄ¼şÄÚµÄ°ïÖúÎÄµµ°É£¡ [m
[01:51:54] [Server thread/INFO]: [0;33;22m[¹«¸æ] [0;33;22mÏëÒª»ñÈ¡¸ü¶à°ïÖú£¿²éÔÄ¿ÕÓòÈºÎÄ¼şÄÚµÄ°ïÖúÎÄµµ°É£¡ [m
[02:51:54] [Server thread/INFO]: [0;33;22m[¹«¸æ] [0;33;22mÏëÒª»ñÈ¡¸ü¶à°ïÖú£¿²éÔÄ¿ÕÓòÈºÎÄ¼şÄÚµÄ°ïÖúÎÄµµ°É£¡ [m
[03:51:54] [Server thread/INFO]: [0;33;22m[¹«¸æ] [0;33;22mÏëÒª»ñÈ¡¸ü¶à°ïÖú£¿²éÔÄ¿ÕÓòÈºÎÄ¼şÄÚµÄ°ïÖúÎÄµµ°É£¡ [m
[04:36:24] [Server thread/INFO]: [0;36;1m[PiglinFix][0;32;1mDrops fixed[m
[04:51:54] [Server thread/INFO]: [0;33;22m[¹«¸æ] [0;33;22mÏëÒª»ñÈ¡¸ü¶à°ïÖú£¿²éÔÄ¿ÕÓòÈºÎÄ¼şÄÚµÄ°ïÖúÎÄµµ°É£¡ [m
[05:51:54] [Server thread/INFO]: [0;33;22m[¹«¸æ] [0;33;22mÏëÒª»ñÈ¡¸ü¶à°ïÖú£¿²éÔÄ¿ÕÓòÈºÎÄ¼şÄÚµÄ°ïÖúÎÄµµ°É£¡ [m
[06:51:54] [Server thread/INFO]: [0;33;22m[¹«¸æ] [0;33;22mÏëÒª»ñÈ¡¸ü¶à°ïÖú£¿²éÔÄ¿ÕÓòÈºÎÄ¼şÄÚµÄ°ïÖúÎÄµµ°É£¡ [m
[07:51:54] [Server thread/INFO]: [0;33;22m[¹«¸æ] [0;33;22mÏëÒª»ñÈ¡¸ü¶à°ïÖú£¿²éÔÄ¿ÕÓòÈºÎÄ¼şÄÚµÄ°ïÖúÎÄµµ°É£¡ [m
[08:51:54] [Server thread/INFO]: [0;33;22m[¹«¸æ] [0;33;22mÏëÒª»ñÈ¡¸ü¶à°ïÖú£¿²éÔÄ¿ÕÓòÈºÎÄ¼şÄÚµÄ°ïÖúÎÄµµ°É£¡ [m
[09:51:54] [Server thread/INFO]: [0;33;22m[¹«¸æ] [0;33;22mÏëÒª»ñÈ¡¸ü¶à°ïÖú£¿²éÔÄ¿ÕÓòÈºÎÄ¼şÄÚµÄ°ïÖúÎÄµµ°É£¡ [m
[10:48:43] [User Authenticator #37/INFO]: UUID of player adhesive_tape is 4c96318f-887a-42ea-a266-2e19af41d6cd
[10:48:43] [Server thread/INFO]: adhesive_tape[/127.0.0.1:58931] logged in with entity id 37335 at ([world]-444.5797889760985, 101.0, -480.96589621855054)
[10:51:55] [Server thread/INFO]: [0;33;22m[¹«¸æ] [0;33;22mÏëÒª»ñÈ¡¸ü¶à°ïÖú£¿²éÔÄ¿ÕÓòÈºÎÄ¼şÄÚµÄ°ïÖúÎÄµµ°É£¡ [m
[11:37:54] [Server thread/INFO]: adhesive_tape lost connection: Disconnected
[11:37:54] [Server thread/INFO]: adhesive_tape left the game
[11:51:54] [Server thread/INFO]: [0;33;22m[¹«¸æ] [0;33;22mÏëÒª»ñÈ¡¸ü¶à°ïÖú£¿²éÔÄ¿ÕÓòÈºÎÄ¼şÄÚµÄ°ïÖúÎÄµµ°É£¡ [m
[12:51:54] [Server thread/INFO]: [0;33;22m[¹«¸æ] [0;33;22mÏëÒª»ñÈ¡¸ü¶à°ïÖú£¿²éÔÄ¿ÕÓòÈºÎÄ¼şÄÚµÄ°ïÖúÎÄµµ°É£¡ [m
[13:05:19] [Thread-3/INFO]: Stopping server
[13:05:19] [Thread-3/INFO]: [AnGmode] Disabling AnGmode v1.0-SNAPSHOT
[13:05:19] [Thread-3/INFO]: [AnGmode] ¡ìaÏÂ´ÎÔÙ¼û~~
