[22:51:10] [Server thread/INFO]: Loading properties
[22:51:10] [Server thread/INFO]: This server is running Paper version git-Paper-118 (MC: 1.15.2) (Implementing API version 1.15.2-R0.1-SNAPSHOT)
[22:51:10] [Server thread/INFO]: Debug logging is disabled
[22:51:10] [Server thread/INFO]: Server Ping Player Sample Count: 0
[22:51:10] [Server thread/INFO]: Using 4 threads for Netty based IO
[22:51:10] [Server thread/INFO]: Default game type: SURVIVAL
[22:51:10] [Server thread/INFO]: Generating keypair
[22:51:10] [Server thread/INFO]: Starting Minecraft server on *:25565
[22:51:10] [Server thread/INFO]: Using default channel type
[22:51:11] [Server thread/WARN]: Initializing Legacy Material Support. Unless you have legacy plugins and/or data this is a bug!
[22:51:13] [Server thread/WARN]: Legacy plugin PxAutoMessage v0.1.3 does not specify an api-version.
[22:51:13] [Server thread/WARN]: Legacy plugin WhiteList v3.0 does not specify an api-version.
[22:51:13] [Server thread/WARN]: Legacy plugin ChatC v0.5 does not specify an api-version.
[22:51:13] [Server thread/INFO]: [CoreProtect] Loading CoreProtect v2.18.2
[22:51:13] [Server thread/INFO]: [PxAutoMessage] Loading PxAutoMessage v0.1.3
[22:51:13] [Server thread/INFO]: [TAB] Loading TAB v2.7.2
[22:51:13] [Server thread/INFO]: [EntityTrackerFixer] Loading EntityTrackerFixer v1.2.2
[22:51:13] [Server thread/INFO]: [WhiteList] Loading WhiteList v3.0
[22:51:13] [Server thread/INFO]: [OpenInv] Loading OpenInv v4.0.8
[22:51:13] [Server thread/INFO]: [SAML] Loading SAML v2.0.0
[22:51:13] [Server thread/INFO]: [ChatC] Loading ChatC v0.5
[22:51:13] [Server thread/INFO]: [MySkin] Loading MySkin v3.0
[22:51:13] [Server thread/INFO]: [VillagerOptimiser] Loading VillagerOptimiser v1.1.2
[22:51:13] [Server thread/INFO]: Server permissions file permissions.yml is empty, ignoring it
[22:51:13] [Server thread/WARN]: **** SERVER IS RUNNING IN OFFLINE/INSECURE MODE!
[22:51:13] [Server thread/WARN]: The server will make no attempt to authenticate usernames. Beware.
[22:51:13] [Server thread/WARN]: While this makes the game possible to play without internet access, it also opens up the ability for hackers to connect with any username they choose.
[22:51:13] [Server thread/WARN]: To change this, set "online-mode" to "true" in the server.properties file.
[22:51:13] [Server thread/INFO]: Preparing level "world"
[22:51:13] [Server thread/INFO]: Reloading ResourceManager: Default, bukkit
[22:51:19] [Server thread/INFO]: Loaded 6 recipes
[22:51:19] [Server thread/INFO]: -------- World Settings For [world] --------
[22:51:19] [Server thread/INFO]: View Distance: 8
[22:51:19] [Server thread/INFO]: Arrow Despawn Rate: 200 Trident Respawn Rate:1200
[22:51:19] [Server thread/INFO]: Item Despawn Rate: 4000
[22:51:19] [Server thread/INFO]: Item Merge Radius: 8.0
[22:51:19] [Server thread/INFO]: Allow Zombie Pigmen to spawn from portal blocks: true
[22:51:19] [Server thread/INFO]: Zombie Aggressive Towards Villager: true
[22:51:19] [Server thread/INFO]: Nerfing mobs spawned from spawners: false
[22:51:19] [Server thread/INFO]: Custom Map Seeds:  Village: 10387312 Desert: 14357617 Igloo: 14357618 Jungle: 14357619 Swamp: 14357620 Monument: 10387313 Ocean: 14357621 Shipwreck: 165745295 Slime: 987234911
[22:51:19] [Server thread/INFO]: Mob Spawn Range: 4
[22:51:19] [Server thread/INFO]: Experience Merge Radius: 8.0
[22:51:19] [Server thread/INFO]: Cactus Growth Modifier: 100%
[22:51:19] [Server thread/INFO]: Cane Growth Modifier: 100%
[22:51:19] [Server thread/INFO]: Melon Growth Modifier: 100%
[22:51:19] [Server thread/INFO]: Mushroom Growth Modifier: 100%
[22:51:19] [Server thread/INFO]: Pumpkin Growth Modifier: 100%
[22:51:19] [Server thread/INFO]: Sapling Growth Modifier: 100%
[22:51:19] [Server thread/INFO]: Beetroot Growth Modifier: 100%
[22:51:19] [Server thread/INFO]: Carrot Growth Modifier: 100%
[22:51:19] [Server thread/INFO]: Potato Growth Modifier: 100%
[22:51:19] [Server thread/INFO]: Wheat Growth Modifier: 100%
[22:51:19] [Server thread/INFO]: NetherWart Growth Modifier: 100%
[22:51:19] [Server thread/INFO]: Vine Growth Modifier: 100%
[22:51:19] [Server thread/INFO]: Cocoa Growth Modifier: 100%
[22:51:19] [Server thread/INFO]: Bamboo Growth Modifier: 100%
[22:51:19] [Server thread/INFO]: SweetBerry Growth Modifier: 100%
[22:51:19] [Server thread/INFO]: Kelp Growth Modifier: 100%
[22:51:19] [Server thread/INFO]: Tile Max Tick Time: 1000ms Entity max Tick Time: 1000ms
[22:51:19] [Server thread/INFO]: Entity Tracking Range: Pl 48 / An 48 / Mo 48 / Mi 32 / Other 64
[22:51:19] [Server thread/INFO]: Max TNT Explosions: 100
[22:51:19] [Server thread/INFO]: Entity Activation Range: An 12 / Mo 20 / Ra 48 / Mi 3 / Tiv false
[22:51:19] [Server thread/INFO]: Hopper Transfer: 10 Hopper Check: 10 Hopper Amount: 1
[22:51:19] [Server thread/INFO]: -------- World Settings For [world_nether] --------
[22:51:19] [Server thread/INFO]: View Distance: 8
[22:51:19] [Server thread/INFO]: Arrow Despawn Rate: 200 Trident Respawn Rate:1200
[22:51:19] [Server thread/INFO]: Item Despawn Rate: 4000
[22:51:19] [Server thread/INFO]: Item Merge Radius: 8.0
[22:51:19] [Server thread/INFO]: Allow Zombie Pigmen to spawn from portal blocks: true
[22:51:19] [Server thread/INFO]: Zombie Aggressive Towards Villager: true
[22:51:19] [Server thread/INFO]: Nerfing mobs spawned from spawners: false
[22:51:19] [Server thread/INFO]: Custom Map Seeds:  Village: 10387312 Desert: 14357617 Igloo: 14357618 Jungle: 14357619 Swamp: 14357620 Monument: 10387313 Ocean: 14357621 Shipwreck: 165745295 Slime: 987234911
[22:51:19] [Server thread/INFO]: Mob Spawn Range: 4
[22:51:19] [Server thread/INFO]: Experience Merge Radius: 8.0
[22:51:19] [Server thread/INFO]: Cactus Growth Modifier: 100%
[22:51:19] [Server thread/INFO]: Cane Growth Modifier: 100%
[22:51:19] [Server thread/INFO]: Melon Growth Modifier: 100%
[22:51:19] [Server thread/INFO]: Mushroom Growth Modifier: 100%
[22:51:19] [Server thread/INFO]: Pumpkin Growth Modifier: 100%
[22:51:19] [Server thread/INFO]: Sapling Growth Modifier: 100%
[22:51:19] [Server thread/INFO]: Beetroot Growth Modifier: 100%
[22:51:19] [Server thread/INFO]: Carrot Growth Modifier: 100%
[22:51:19] [Server thread/INFO]: Potato Growth Modifier: 100%
[22:51:19] [Server thread/INFO]: Wheat Growth Modifier: 100%
[22:51:19] [Server thread/INFO]: NetherWart Growth Modifier: 100%
[22:51:19] [Server thread/INFO]: Vine Growth Modifier: 100%
[22:51:19] [Server thread/INFO]: Cocoa Growth Modifier: 100%
[22:51:19] [Server thread/INFO]: Bamboo Growth Modifier: 100%
[22:51:19] [Server thread/INFO]: SweetBerry Growth Modifier: 100%
[22:51:19] [Server thread/INFO]: Kelp Growth Modifier: 100%
[22:51:19] [Server thread/INFO]: Tile Max Tick Time: 1000ms Entity max Tick Time: 1000ms
[22:51:19] [Server thread/INFO]: Entity Tracking Range: Pl 48 / An 48 / Mo 48 / Mi 32 / Other 64
[22:51:19] [Server thread/INFO]: Max TNT Explosions: 100
[22:51:19] [Server thread/INFO]: Entity Activation Range: An 12 / Mo 20 / Ra 48 / Mi 3 / Tiv false
[22:51:19] [Server thread/INFO]: Hopper Transfer: 10 Hopper Check: 10 Hopper Amount: 1
[22:51:19] [Server thread/INFO]: -------- World Settings For [world_the_end] --------
[22:51:19] [Server thread/INFO]: View Distance: 8
[22:51:19] [Server thread/INFO]: Arrow Despawn Rate: 200 Trident Respawn Rate:1200
[22:51:19] [Server thread/INFO]: Item Despawn Rate: 4000
[22:51:19] [Server thread/INFO]: Item Merge Radius: 8.0
[22:51:19] [Server thread/INFO]: Allow Zombie Pigmen to spawn from portal blocks: true
[22:51:19] [Server thread/INFO]: Zombie Aggressive Towards Villager: true
[22:51:19] [Server thread/INFO]: Nerfing mobs spawned from spawners: false
[22:51:19] [Server thread/INFO]: Custom Map Seeds:  Village: 10387312 Desert: 14357617 Igloo: 14357618 Jungle: 14357619 Swamp: 14357620 Monument: 10387313 Ocean: 14357621 Shipwreck: 165745295 Slime: 987234911
[22:51:19] [Server thread/INFO]: Mob Spawn Range: 4
[22:51:19] [Server thread/INFO]: Experience Merge Radius: 8.0
[22:51:19] [Server thread/INFO]: Cactus Growth Modifier: 100%
[22:51:19] [Server thread/INFO]: Cane Growth Modifier: 100%
[22:51:19] [Server thread/INFO]: Melon Growth Modifier: 100%
[22:51:19] [Server thread/INFO]: Mushroom Growth Modifier: 100%
[22:51:19] [Server thread/INFO]: Pumpkin Growth Modifier: 100%
[22:51:19] [Server thread/INFO]: Sapling Growth Modifier: 100%
[22:51:19] [Server thread/INFO]: Beetroot Growth Modifier: 100%
[22:51:19] [Server thread/INFO]: Carrot Growth Modifier: 100%
[22:51:19] [Server thread/INFO]: Potato Growth Modifier: 100%
[22:51:19] [Server thread/INFO]: Wheat Growth Modifier: 100%
[22:51:19] [Server thread/INFO]: NetherWart Growth Modifier: 100%
[22:51:19] [Server thread/INFO]: Vine Growth Modifier: 100%
[22:51:19] [Server thread/INFO]: Cocoa Growth Modifier: 100%
[22:51:19] [Server thread/INFO]: Bamboo Growth Modifier: 100%
[22:51:19] [Server thread/INFO]: SweetBerry Growth Modifier: 100%
[22:51:19] [Server thread/INFO]: Kelp Growth Modifier: 100%
[22:51:19] [Server thread/INFO]: Tile Max Tick Time: 1000ms Entity max Tick Time: 1000ms
[22:51:19] [Server thread/INFO]: Entity Tracking Range: Pl 48 / An 48 / Mo 48 / Mi 32 / Other 64
[22:51:19] [Server thread/INFO]: Max TNT Explosions: 100
[22:51:19] [Server thread/INFO]: Entity Activation Range: An 12 / Mo 20 / Ra 48 / Mi 3 / Tiv false
[22:51:19] [Server thread/INFO]: Hopper Transfer: 10 Hopper Check: 10 Hopper Amount: 1
[22:51:19] [Server thread/INFO]: Preparing start region for dimension 'world'/minecraft:overworld
[22:51:20] [Server thread/INFO]: Preparing spawn area: 0%
[22:51:20] [Server thread/INFO]: Preparing spawn area: 12%
[22:51:20] [Server thread/INFO]: Preparing spawn area: 85%
[22:51:21] [Server thread/INFO]: Loaded 441 spawn chunks for world world
[22:51:21] [Server thread/INFO]: Time elapsed: 1416 ms
[22:51:21] [Server thread/INFO]: Preparing start region for dimension 'world_nether'/minecraft:the_nether
[22:51:21] [Server thread/INFO]: Preparing spawn area: 0%
[22:51:21] [Server thread/INFO]: Preparing spawn area: 100%
[22:51:22] [Server thread/INFO]: Loaded 441 spawn chunks for world world_nether
[22:51:22] [Server thread/INFO]: Time elapsed: 621 ms
[22:51:22] [Server thread/INFO]: Preparing start region for dimension 'world_the_end'/minecraft:the_end
[22:51:22] [Server thread/INFO]: Preparing spawn area: 0%
[22:51:22] [Server thread/INFO]: Loaded 441 spawn chunks for world world_the_end
[22:51:22] [Server thread/INFO]: Time elapsed: 350 ms
[22:51:22] [Server thread/INFO]: [CoreProtect] Enabling CoreProtect v2.18.2
[22:51:22] [Server thread/INFO]: [CoreProtect] CoreProtect has been successfully enabled!
[22:51:22] [Server thread/INFO]: [CoreProtect] Using SQLite for data storage.
[22:51:22] [Server thread/INFO]: --------------------
[22:51:22] [Server thread/INFO]: [CoreProtect] Enjoy CoreProtect? Check out CoreEdit!
[22:51:22] [Server thread/INFO]: [CoreProtect] Download: www.coreedit.net/download/
[22:51:22] [Server thread/INFO]: --------------------
[22:51:22] [Server thread/INFO]: [PxAutoMessage] Enabling PxAutoMessage v0.1.3*
[22:51:22] [Server thread/INFO]: [PxAutoMessage] 正在启动皮克斯自动公告系统...
[22:51:22] [Server thread/INFO]: [PxAutoMessage] 初始化信息模块...
[22:51:22] [Server thread/INFO]: [PxAutoMessage] 注册命令监听系统...
[22:51:22] [Server thread/INFO]: [PxAutoMessage] 加载完毕！
[22:51:22] [Server thread/INFO]:  
[22:51:22] [Server thread/INFO]: > 作者：An_ye (QQ:1444691679)
[22:51:22] [Server thread/INFO]: > 本插件自带汉化，请勿相信所谓的汉化版！
[22:51:22] [Server thread/INFO]: > （作者的话：I'm Chinese.）
[22:51:22] [Server thread/INFO]:  
[22:51:22] [Server thread/INFO]: [TAB] Enabling TAB v2.7.2
[22:51:22] [Server thread/INFO]: [TAB] Server version: 1.15.2 (v1_15_R1)
[22:51:22] [Server thread/INFO]: [TAB] Animation "MyAnimation1" has refresh interval of 0 milliseconds! Did you forget to configure it? Using 1000.
[22:51:22] [Server thread/INFO]: [TAB] Animation "ServerName" has refresh interval of 0 milliseconds! Did you forget to configure it? Using 1000.
[22:51:22] [Server thread/INFO]: [TAB] Animation "web" has refresh interval of 0 milliseconds! Did you forget to configure it? Using 1000.
[22:51:22] [Server thread/INFO]: [TAB] Animation "online" has refresh interval of 0 milliseconds! Did you forget to configure it? Using 1000.
[22:51:22] [Server thread/INFO]: [TAB] Animation "vote" has refresh interval of 0 milliseconds! Did you forget to configure it? Using 1000.
[22:51:22] [Server thread/INFO]: [TAB] Animation "Welcome" has refresh interval of 0 milliseconds! Did you forget to configure it? Using 1000.
[22:51:22] [Server thread/INFO]: [TAB] Animation "Welcome" does not have any texts! Ignoring.
[22:51:22] [Server thread/INFO]: [TAB] Animation "time" has refresh interval of 0 milliseconds! Did you forget to configure it? Using 1000.
[22:51:22] [Server thread/INFO]: [TAB] Animation "versions" has refresh interval of 0 milliseconds! Did you forget to configure it? Using 1000.
[22:51:43] [Server thread/INFO]: [TAB] Version 2.8.2 is out! Your version: 2.7.2
[22:51:43] [Server thread/INFO]: [TAB] Get the update at https://www.spigotmc.org/resources/57806/
[22:51:43] [Server thread/INFO]: [TAB] There were 9 startup warnings.
[22:51:43] [Server thread/INFO]: [TAB] Enabled in 21003ms
[22:51:43] [Server thread/INFO]: [EntityTrackerFixer] Enabling EntityTrackerFixer v1.2.2
[22:51:43] [Server thread/INFO]: [WhiteList] Enabling WhiteList v3.0*
[22:51:43] [Server thread/INFO]: [OpenInv] Enabling OpenInv v4.0.8
[22:51:43] [Server thread/INFO]: [SAML] Enabling SAML v2.0.0
[22:51:43] [Server thread/INFO]: [SAML] Loading config.yml...
[22:51:43] [Server thread/INFO]: [SAML] Successfully loaded config.yml.
[22:51:43] [Server thread/INFO]: [SAML] Loading custom_groups.yml...
[22:51:43] [Server thread/INFO]: [SAML] Successfully loaded custom_groups.yml.
[22:51:43] [Server thread/INFO]: [SAML] Loading nerfer_goals.yml...
[22:51:43] [Server thread/INFO]: [SAML] Successfully loaded nerfer_goals.yml.
[22:51:43] [Server thread/INFO]: [SAML] Loading messages.yml...
[22:51:43] [Server thread/INFO]: [SAML] Successfully loaded messages.yml.
[22:51:43] [Server thread/INFO]: [SAML] Successfully enabled.
[22:51:43] [Server thread/INFO]: [ChatC] Enabling ChatC v0.5*
[22:51:43] [Server thread/INFO]: [ChatC] 聊天管理插件已启用！
[22:51:43] [Server thread/INFO]: [ChatC] 聊天管理插件当前版本：V0.5 （2017年8月24日）
[22:51:43] [Server thread/INFO]: [ChatC] 感谢您的使用！
[22:51:43] [Server thread/INFO]: [MySkin] Enabling MySkin v3.0
[22:51:43] [Server thread/INFO]: [MySkin] Running on server version v1_15_R1
[22:51:43] [Server thread/INFO]: [VillagerOptimiser] Enabling VillagerOptimiser v1.1.2
[22:51:43] [Server thread/INFO]: [VillagerOptimiser] Loading config.yml...
[22:51:43] [Server thread/INFO]: [VillagerOptimiser] Successfully loaded config.yml.
[22:51:43] [Server thread/INFO]: [VillagerOptimiser] Successfully enabled.
[22:51:43] [Server thread/INFO]: Done (30.187s)! For help, type "help"
[22:51:43] [Server thread/INFO]: Timings Reset
[22:51:43] [Server thread/INFO]: [公告] 卫星地图 | 玩家举报 | 赞助支持 | 动态 >> http://airspace.ink/ 
[22:51:45] [Thread-17/INFO]: --------------------
[22:51:45] [Thread-17/INFO]: [CoreProtect] Version 19.0 is now available.
[22:51:45] [Thread-17/INFO]: [CoreProtect] Download: www.coreprotect.net/download/
[22:51:45] [Thread-17/INFO]: [CoreProtect] Sponsor: www.hosthorde.com
[22:51:45] [Thread-17/INFO]: --------------------
[22:58:57] [User Authenticator #1/INFO]: UUID of player bilibili_XL is 802d4ada-16df-3fca-9454-8c1be0498075
[22:58:58] [Server thread/INFO]: bilibili_XL[/127.0.0.1:51990] logged in with entity id 987 at ([world]-213.33652335779547, 64.5, 178.2446961326489)
[22:59:06] [Server thread/INFO]: bilibili_XL was slain by Zombie
[23:00:06] [Server thread/INFO]: Made bilibili_XL a server operator
[23:00:17] [Server thread/INFO]: bilibili_XL issued server command: /gamemode creative
[23:00:17] [Server thread/INFO]: [bilibili_XL: Set own game mode to Creative Mode]
[23:00:39] [Server thread/INFO]: bilibili_XL issued server command: /weather clear
[23:00:39] [Server thread/INFO]: [bilibili_XL: Set the weather to clear]
[23:00:50] [Server thread/INFO]: bilibili_XL issued server command: /gamemode survival
[23:00:50] [Server thread/INFO]: [bilibili_XL: Set own game mode to Survival Mode]
[23:00:56] [Server thread/INFO]: Made bilibili_XL no longer a server operator
[23:01:10] [Server thread/INFO]: bilibili_XL lost connection: Disconnected
[23:01:10] [Server thread/INFO]: bilibili_XL left the game
[23:03:23] [Server thread/INFO]: Stopping the server
[23:03:23] [Server thread/INFO]: Stopping server
[23:03:23] [Server thread/INFO]: [VillagerOptimiser] Disabling VillagerOptimiser v1.1.2
[23:03:23] [Server thread/INFO]: [MySkin] Disabling MySkin v3.0
[23:03:23] [Server thread/INFO]: [ChatC] Disabling ChatC v0.5
[23:03:23] [Server thread/INFO]: [ChatC] 聊天管理插件已关闭！
[23:03:23] [Server thread/INFO]: [ChatC] 感谢您的使用！
[23:03:23] [Server thread/INFO]: [SAML] Disabling SAML v2.0.0
[23:03:23] [Server thread/INFO]: [SAML] The frozen chunk cache file has been deleted. All chunks should have been accounted for.
[23:03:23] [Server thread/INFO]: [SAML] Successfully disabled.
[23:03:23] [Server thread/INFO]: [OpenInv] Disabling OpenInv v4.0.8
[23:03:23] [Server thread/INFO]: [WhiteList] Disabling WhiteList v3.0
[23:03:23] [Server thread/INFO]: [EntityTrackerFixer] Disabling EntityTrackerFixer v1.2.2
[23:03:23] [Server thread/INFO]: [TAB] Disabling TAB v2.7.2
[23:03:23] [Server thread/INFO]: [TAB] Disabled in 0ms
[23:03:23] [Server thread/INFO]: [PxAutoMessage] Disabling PxAutoMessage v0.1.3
[23:03:23] [Server thread/INFO]: [PxAutoMessage] 正在关闭皮克斯自动公告系统...
[23:03:23] [Server thread/INFO]: [CoreProtect] Disabling CoreProtect v2.18.2
[23:03:23] [Server thread/INFO]: [CoreProtect] Finishing up data logging. Please wait...
[23:03:24] [Server thread/INFO]: [CoreProtect] Success! Disabled CoreProtect v2.18.2
[23:03:24] [Server thread/INFO]: Saving players
[23:03:24] [Server thread/INFO]: Saving worlds
[23:03:24] [Server thread/INFO]: Saving chunks for level 'world'/minecraft:overworld
[23:03:24] [Server thread/INFO]: ThreadedAnvilChunkStorage (world): All chunks are saved
[23:03:24] [Server thread/INFO]: Saving chunks for level 'world_nether'/minecraft:the_nether
[23:03:24] [Server thread/INFO]: ThreadedAnvilChunkStorage (DIM-1): All chunks are saved
[23:03:24] [Server thread/INFO]: Saving chunks for level 'world_the_end'/minecraft:the_end
[23:03:24] [Server thread/INFO]: ThreadedAnvilChunkStorage (DIM1): All chunks are saved
[23:03:24] [Server thread/INFO]: ThreadedAnvilChunkStorage (world): All chunks are saved
[23:03:24] [Server thread/INFO]: ThreadedAnvilChunkStorage (DIM-1): All chunks are saved
[23:03:25] [Server thread/INFO]: ThreadedAnvilChunkStorage (DIM1): All chunks are saved
[23:03:25] [Server thread/INFO]: Saving usercache.json
