[00:01:48] [Server thread/WARN]: Mr_director moved too quickly! -1651.1876369584845,16.151988211765634,-235.32957055343215
[00:02:46] [User Authenticator #704/INFO]: UUID of player mo_shuang is e1886b94-f4e0-3556-b731-e4841d8fdbba
[00:02:46] [Server thread/INFO]: mo_shuang[/116.153.38.203:52432] logged in with entity id 7445140 at ([world]5113.21489931531, 71.0625, 300.6459792163265)
[00:05:04] [Server thread/WARN]: Miyo was kicked due to keepalive timeout!
[00:05:04] [Server thread/INFO]: Miyo lost connection: Timed out
[00:05:04] [Server thread/INFO]: Miyo left the game
[00:05:19] [User Authenticator #705/INFO]: UUID of player Miyo is 8cbdd9b1-1196-3576-969c-7ff2ea816683
[00:05:19] [Server thread/INFO]: Miyo[/117.150.100.192:2109] logged in with entity id 7448763 at ([world]1377.323163964552, 66.875, 120.00119043451757)
[00:05:45] [Server thread/INFO]: 4022sun lost connection: Disconnected
[00:05:45] [Server thread/INFO]: 4022sun left the game
[00:06:52] [Server thread/INFO]: mo_shuang lost connection: Disconnected
[00:06:52] [Server thread/INFO]: mo_shuang left the game
[00:08:28] [Server thread/INFO]: [公告] 卫星地图 | 玩家举报 | 赞助支持 | 动态 >> http://airspace.ink/ 
[00:28:28] [Server thread/INFO]: [公告] 卫星地图 | 玩家举报 | 赞助支持 | 动态 >> http://airspace.ink/ 
[00:30:07] [Server thread/INFO]: Mr_director lost connection: Disconnected
[00:30:07] [Server thread/INFO]: Mr_director left the game
[00:32:25] [Server thread/INFO]: whichwho lost connection: Disconnected
[00:32:25] [Server thread/INFO]: whichwho left the game
[00:44:26] [Server thread/INFO]: Miyo lost connection: Disconnected
[00:44:26] [Server thread/INFO]: Miyo left the game
[00:48:06] [User Authenticator #706/INFO]: UUID of player Twilight203 is 1202da80-513c-37cf-b348-c7ff4ec606e7
[00:48:06] [Server thread/INFO]: Twilight203[/120.231.49.194:47921] logged in with entity id 7480576 at ([world]5213.313133549199, 69.0, 229.39251505220906)
[00:48:28] [Server thread/INFO]: [公告] 卫星地图 | 玩家举报 | 赞助支持 | 动态 >> http://airspace.ink/ 
[00:48:41] [Server thread/INFO]: Twilight203 lost connection: Disconnected
[00:48:41] [Server thread/INFO]: Twilight203 left the game
[01:08:28] [Server thread/INFO]: [公告] 卫星地图 | 玩家举报 | 赞助支持 | 动态 >> http://airspace.ink/ 
[01:28:28] [Server thread/INFO]: [公告] 卫星地图 | 玩家举报 | 赞助支持 | 动态 >> http://airspace.ink/ 
[01:48:28] [Server thread/INFO]: [公告] 卫星地图 | 玩家举报 | 赞助支持 | 动态 >> http://airspace.ink/ 
[02:08:28] [Server thread/INFO]: [公告] 卫星地图 | 玩家举报 | 赞助支持 | 动态 >> http://airspace.ink/ 
[02:28:28] [Server thread/INFO]: [公告] 卫星地图 | 玩家举报 | 赞助支持 | 动态 >> http://airspace.ink/ 
[02:48:28] [Server thread/INFO]: [公告] 卫星地图 | 玩家举报 | 赞助支持 | 动态 >> http://airspace.ink/ 
[03:08:28] [Server thread/INFO]: [公告] 卫星地图 | 玩家举报 | 赞助支持 | 动态 >> http://airspace.ink/ 
[03:28:28] [Server thread/INFO]: [公告] 卫星地图 | 玩家举报 | 赞助支持 | 动态 >> http://airspace.ink/ 
[03:48:28] [Server thread/INFO]: [公告] 卫星地图 | 玩家举报 | 赞助支持 | 动态 >> http://airspace.ink/ 
