[18:45:48] [Server thread/INFO]: Starting minecraft server version 1.15.2
[18:45:48] [Server thread/INFO]: Loading properties
[18:45:48] [Server thread/INFO]: This server is running Paper version git-Paper-118 (MC: 1.15.2) (Implementing API version 1.15.2-R0.1-SNAPSHOT)
[18:45:48] [Server thread/INFO]: Debug logging is disabled
[18:45:48] [Server thread/INFO]: Server Ping Player Sample Count: 0
[18:45:48] [Server thread/INFO]: Using 4 threads for Netty based IO
[18:45:48] [Server thread/INFO]: Default game type: SURVIVAL
[18:45:48] [Server thread/INFO]: Generating keypair
[18:45:48] [Server thread/INFO]: Starting Minecraft server on 127.0.0.1:25565
[18:45:48] [Server thread/INFO]: Using default channel type
[18:45:49] [Server thread/WARN]: Initializing Legacy Material Support. Unless you have legacy plugins and/or data this is a bug!
[18:45:51] [Server thread/WARN]: Legacy plugin ChatC v0.5 does not specify an api-version.
[18:45:51] [Server thread/WARN]: Legacy plugin GroupManager v3.3 does not specify an api-version.
[18:45:51] [Server thread/WARN]: Legacy plugin PxAutoMessage v0.1.3 does not specify an api-version.
[18:45:51] [Server thread/WARN]: Legacy plugin AdvancedBan v2.2.0 does not specify an api-version.
[18:45:51] [Server thread/WARN]: Legacy plugin PlayerPoints v2.1.5-SNAPSHOT does not specify an api-version.
[18:45:51] [Server thread/WARN]: Legacy plugin CrowdLocator v1.0 does not specify an api-version.
[18:45:51] [Server thread/WARN]: Legacy plugin Lores v1.4.1 does not specify an api-version.
[18:45:51] [Server thread/INFO]: [CoreProtect] Loading CoreProtect v2.18.2
[18:45:51] [Server thread/INFO]: [EntityTrackerFixer] Loading EntityTrackerFixer v1.3.1
[18:45:51] [Server thread/INFO]: [OpenInv] Loading OpenInv v4.0.8
[18:45:51] [Server thread/INFO]: [SAML] Loading SAML v2.0.0
[18:45:51] [Server thread/INFO]: [ChatC] Loading ChatC v0.5
[18:45:51] [Server thread/INFO]: [GroupManager] Loading GroupManager v3.3
[18:45:51] [Server thread/INFO]: [PxAutoMessage] Loading PxAutoMessage v0.1.3
[18:45:51] [Server thread/INFO]: [AdvancedBan] Loading AdvancedBan v2.2.0
[18:45:51] [Server thread/INFO]: [TAB] Loading TAB v2.7.2
[18:45:51] [Server thread/INFO]: [PlayerPoints] Loading PlayerPoints v2.1.5-SNAPSHOT
[18:45:51] [Server thread/INFO]: [CrowdLocator] Loading CrowdLocator v1.0
[18:45:51] [Server thread/INFO]: [Lores] Loading Lores v1.4.1
[18:45:51] [Server thread/INFO]: [AnGmode] Loading AnGmode v1.0-SNAPSHOT
[18:45:51] [Server thread/INFO]: Server permissions file permissions.yml is empty, ignoring it
[18:45:51] [Server thread/INFO]: Preparing level "world"
[18:45:51] [Server thread/INFO]: Reloading ResourceManager: Default, bukkit
[18:45:57] [Server thread/INFO]: Loaded 6 recipes
[18:45:57] [Server thread/INFO]: -------- World Settings For [world] --------
[18:45:57] [Server thread/INFO]: View Distance: 12
[18:45:57] [Server thread/INFO]: Nerfing mobs spawned from spawners: false
[18:45:57] [Server thread/INFO]: Item Merge Radius: 8.0
[18:45:57] [Server thread/INFO]: Item Despawn Rate: 3000
[18:45:57] [Server thread/INFO]: Arrow Despawn Rate: 200 Trident Respawn Rate:1200
[18:45:57] [Server thread/INFO]: Allow Zombie Pigmen to spawn from portal blocks: true
[18:45:57] [Server thread/INFO]: Zombie Aggressive Towards Villager: true
[18:45:57] [Server thread/INFO]: Mob Spawn Range: 4
[18:45:57] [Server thread/INFO]: Entity Tracking Range: Pl 48 / An 48 / Mo 48 / Mi 32 / Other 64
[18:45:57] [Server thread/INFO]: Entity Activation Range: An 12 / Mo 20 / Ra 48 / Mi 3 / Tiv false
[18:45:57] [Server thread/INFO]: Hopper Transfer: 10 Hopper Check: 10 Hopper Amount: 1
[18:45:57] [Server thread/INFO]: Experience Merge Radius: 8.0
[18:45:57] [Server thread/INFO]: Cactus Growth Modifier: 100%
[18:45:57] [Server thread/INFO]: Cane Growth Modifier: 100%
[18:45:57] [Server thread/INFO]: Melon Growth Modifier: 100%
[18:45:57] [Server thread/INFO]: Mushroom Growth Modifier: 100%
[18:45:57] [Server thread/INFO]: Pumpkin Growth Modifier: 100%
[18:45:57] [Server thread/INFO]: Sapling Growth Modifier: 100%
[18:45:57] [Server thread/INFO]: Beetroot Growth Modifier: 100%
[18:45:57] [Server thread/INFO]: Carrot Growth Modifier: 100%
[18:45:57] [Server thread/INFO]: Potato Growth Modifier: 100%
[18:45:57] [Server thread/INFO]: Wheat Growth Modifier: 100%
[18:45:57] [Server thread/INFO]: NetherWart Growth Modifier: 100%
[18:45:57] [Server thread/INFO]: Vine Growth Modifier: 100%
[18:45:57] [Server thread/INFO]: Cocoa Growth Modifier: 100%
[18:45:57] [Server thread/INFO]: Bamboo Growth Modifier: 100%
[18:45:57] [Server thread/INFO]: SweetBerry Growth Modifier: 100%
[18:45:57] [Server thread/INFO]: Kelp Growth Modifier: 100%
[18:45:57] [Server thread/INFO]: Tile Max Tick Time: 20ms Entity max Tick Time: 25ms
[18:45:57] [Server thread/INFO]: Max TNT Explosions: 100
[18:45:57] [Server thread/INFO]: Custom Map Seeds:  Village: 10387312 Desert: 14357617 Igloo: 14357618 Jungle: 14357619 Swamp: 14357620 Monument: 10387313 Ocean: 14357621 Shipwreck: 165745295 Slime: 987234911
[18:45:57] [Server thread/INFO]: -------- World Settings For [world_nether] --------
[18:45:57] [Server thread/INFO]: View Distance: 12
[18:45:57] [Server thread/INFO]: Nerfing mobs spawned from spawners: false
[18:45:57] [Server thread/INFO]: Item Merge Radius: 8.0
[18:45:57] [Server thread/INFO]: Item Despawn Rate: 3000
[18:45:57] [Server thread/INFO]: Arrow Despawn Rate: 200 Trident Respawn Rate:1200
[18:45:57] [Server thread/INFO]: Allow Zombie Pigmen to spawn from portal blocks: true
[18:45:57] [Server thread/INFO]: Zombie Aggressive Towards Villager: true
[18:45:57] [Server thread/INFO]: Mob Spawn Range: 4
[18:45:57] [Server thread/INFO]: Entity Tracking Range: Pl 48 / An 48 / Mo 48 / Mi 32 / Other 64
[18:45:57] [Server thread/INFO]: Entity Activation Range: An 12 / Mo 20 / Ra 48 / Mi 3 / Tiv false
[18:45:57] [Server thread/INFO]: Hopper Transfer: 10 Hopper Check: 10 Hopper Amount: 1
[18:45:57] [Server thread/INFO]: Experience Merge Radius: 8.0
[18:45:57] [Server thread/INFO]: Cactus Growth Modifier: 100%
[18:45:57] [Server thread/INFO]: Cane Growth Modifier: 100%
[18:45:57] [Server thread/INFO]: Melon Growth Modifier: 100%
[18:45:57] [Server thread/INFO]: Mushroom Growth Modifier: 100%
[18:45:57] [Server thread/INFO]: Pumpkin Growth Modifier: 100%
[18:45:57] [Server thread/INFO]: Sapling Growth Modifier: 100%
[18:45:57] [Server thread/INFO]: Beetroot Growth Modifier: 100%
[18:45:57] [Server thread/INFO]: Carrot Growth Modifier: 100%
[18:45:57] [Server thread/INFO]: Potato Growth Modifier: 100%
[18:45:57] [Server thread/INFO]: Wheat Growth Modifier: 100%
[18:45:57] [Server thread/INFO]: NetherWart Growth Modifier: 100%
[18:45:57] [Server thread/INFO]: Vine Growth Modifier: 100%
[18:45:57] [Server thread/INFO]: Cocoa Growth Modifier: 100%
[18:45:57] [Server thread/INFO]: Bamboo Growth Modifier: 100%
[18:45:57] [Server thread/INFO]: SweetBerry Growth Modifier: 100%
[18:45:57] [Server thread/INFO]: Kelp Growth Modifier: 100%
[18:45:57] [Server thread/INFO]: Tile Max Tick Time: 20ms Entity max Tick Time: 25ms
[18:45:57] [Server thread/INFO]: Max TNT Explosions: 100
[18:45:57] [Server thread/INFO]: Custom Map Seeds:  Village: 10387312 Desert: 14357617 Igloo: 14357618 Jungle: 14357619 Swamp: 14357620 Monument: 10387313 Ocean: 14357621 Shipwreck: 165745295 Slime: 987234911
[18:45:57] [Server thread/INFO]: -------- World Settings For [world_the_end] --------
[18:45:57] [Server thread/INFO]: View Distance: 12
[18:45:57] [Server thread/INFO]: Nerfing mobs spawned from spawners: false
[18:45:57] [Server thread/INFO]: Item Merge Radius: 8.0
[18:45:57] [Server thread/INFO]: Item Despawn Rate: 3000
[18:45:57] [Server thread/INFO]: Arrow Despawn Rate: 200 Trident Respawn Rate:1200
[18:45:57] [Server thread/INFO]: Allow Zombie Pigmen to spawn from portal blocks: true
[18:45:57] [Server thread/INFO]: Zombie Aggressive Towards Villager: true
[18:45:57] [Server thread/INFO]: Mob Spawn Range: 4
[18:45:57] [Server thread/INFO]: Entity Tracking Range: Pl 48 / An 48 / Mo 48 / Mi 32 / Other 64
[18:45:57] [Server thread/INFO]: Entity Activation Range: An 12 / Mo 20 / Ra 48 / Mi 3 / Tiv false
[18:45:57] [Server thread/INFO]: Hopper Transfer: 10 Hopper Check: 10 Hopper Amount: 1
[18:45:57] [Server thread/INFO]: Experience Merge Radius: 8.0
[18:45:57] [Server thread/INFO]: Cactus Growth Modifier: 100%
[18:45:57] [Server thread/INFO]: Cane Growth Modifier: 100%
[18:45:57] [Server thread/INFO]: Melon Growth Modifier: 100%
[18:45:57] [Server thread/INFO]: Mushroom Growth Modifier: 100%
[18:45:57] [Server thread/INFO]: Pumpkin Growth Modifier: 100%
[18:45:57] [Server thread/INFO]: Sapling Growth Modifier: 100%
[18:45:57] [Server thread/INFO]: Beetroot Growth Modifier: 100%
[18:45:57] [Server thread/INFO]: Carrot Growth Modifier: 100%
[18:45:57] [Server thread/INFO]: Potato Growth Modifier: 100%
[18:45:57] [Server thread/INFO]: Wheat Growth Modifier: 100%
[18:45:57] [Server thread/INFO]: NetherWart Growth Modifier: 100%
[18:45:57] [Server thread/INFO]: Vine Growth Modifier: 100%
[18:45:57] [Server thread/INFO]: Cocoa Growth Modifier: 100%
[18:45:57] [Server thread/INFO]: Bamboo Growth Modifier: 100%
[18:45:57] [Server thread/INFO]: SweetBerry Growth Modifier: 100%
[18:45:57] [Server thread/INFO]: Kelp Growth Modifier: 100%
[18:45:57] [Server thread/INFO]: Tile Max Tick Time: 20ms Entity max Tick Time: 25ms
[18:45:57] [Server thread/INFO]: Max TNT Explosions: 100
[18:45:57] [Server thread/INFO]: Custom Map Seeds:  Village: 10387312 Desert: 14357617 Igloo: 14357618 Jungle: 14357619 Swamp: 14357620 Monument: 10387313 Ocean: 14357621 Shipwreck: 165745295 Slime: 987234911
[18:45:58] [Server thread/INFO]: Preparing start region for dimension 'world'/minecraft:overworld
[18:45:58] [Server thread/INFO]: Preparing spawn area: 0%
[18:45:58] [Server thread/INFO]: Preparing spawn area: 12%
[18:45:59] [Server thread/INFO]: Preparing spawn area: 99%
[18:45:59] [Server thread/INFO]: Loaded 441 spawn chunks for world world
[18:45:59] [Server thread/INFO]: Time elapsed: 1303 ms
[18:45:59] [Server thread/INFO]: Preparing start region for dimension 'world_nether'/minecraft:the_nether
[18:45:59] [Server thread/INFO]: Preparing spawn area: 0%
[18:45:59] [Server thread/INFO]: Preparing spawn area: 100%
[18:45:59] [Server thread/INFO]: Loaded 441 spawn chunks for world world_nether
[18:45:59] [Server thread/INFO]: Time elapsed: 540 ms
[18:45:59] [Server thread/INFO]: Preparing start region for dimension 'world_the_end'/minecraft:the_end
[18:45:59] [Server thread/INFO]: Preparing spawn area: 0%
[18:46:00] [Server thread/INFO]: Loaded 441 spawn chunks for world world_the_end
[18:46:00] [Server thread/INFO]: Time elapsed: 393 ms
[18:46:00] [Server thread/INFO]: [CoreProtect] Enabling CoreProtect v2.18.2
[18:46:00] [Server thread/INFO]: [CoreProtect] CoreProtect has been successfully enabled!
[18:46:00] [Server thread/INFO]: [CoreProtect] Using SQLite for data storage.
[18:46:00] [Server thread/INFO]: --------------------
[18:46:00] [Server thread/INFO]: [CoreProtect] Enjoy CoreProtect? Check out CoreEdit!
[18:46:00] [Server thread/INFO]: [CoreProtect] Download: www.coreedit.net/download/
[18:46:00] [Server thread/INFO]: --------------------
[18:46:00] [Server thread/INFO]: [EntityTrackerFixer] Enabling EntityTrackerFixer v1.3.1
[18:46:00] [Server thread/INFO]: [EntityTrackerFixer] Setting untrack ticks to: 200
[18:46:00] [Server thread/INFO]: [EntityTrackerFixer] Setting check frequency to: 40
[18:46:00] [Server thread/INFO]: [EntityTrackerFixer] Setting tracking range to: 30
[18:46:00] [Server thread/INFO]: [EntityTrackerFixer] Setting minimun TPS to: 19.0
[18:46:00] [Server thread/INFO]: [EntityTrackerFixer] Setting enable on all worlds to: false
[18:46:00] [Server thread/INFO]: [EntityTrackerFixer] Adding world: world
[18:46:00] [Server thread/INFO]: [EntityTrackerFixer] Adding world: world_nether
[18:46:00] [Server thread/INFO]: [EntityTrackerFixer] Adding world: world_the_end
[18:46:00] [Server thread/INFO]: [EntityTrackerFixer] Setting log to console to: false
[18:46:00] [Server thread/INFO]: [EntityTrackerFixer] Setting disable tick for untracked to: false
[18:46:00] [Server thread/INFO]: [EntityTrackerFixer] Vault not found! using default permission system...
[18:46:00] [Server thread/INFO]: [OpenInv] Enabling OpenInv v4.0.8
[18:46:00] [Server thread/INFO]: [SAML] Enabling SAML v2.0.0
[18:46:00] [Server thread/INFO]: [SAML] Loading config.yml...
[18:46:00] [Server thread/INFO]: [SAML] Successfully loaded config.yml.
[18:46:00] [Server thread/INFO]: [SAML] Loading custom_groups.yml...
[18:46:00] [Server thread/INFO]: [SAML] Successfully loaded custom_groups.yml.
[18:46:00] [Server thread/INFO]: [SAML] Loading nerfer_goals.yml...
[18:46:00] [Server thread/INFO]: [SAML] Successfully loaded nerfer_goals.yml.
[18:46:00] [Server thread/INFO]: [SAML] Loading messages.yml...
[18:46:00] [Server thread/INFO]: [SAML] Successfully loaded messages.yml.
[18:46:00] [Server thread/INFO]: [SAML] Successfully enabled.
[18:46:00] [Server thread/INFO]: [ChatC] Enabling ChatC v0.5*
[18:46:00] [Server thread/INFO]: [ChatC] 聊天管理插件已启用！
[18:46:00] [Server thread/INFO]: [ChatC] 聊天管理插件当前版本：V0.5 （2017年8月24日）
[18:46:00] [Server thread/INFO]: [ChatC] 感谢您的使用！
[18:46:00] [Server thread/INFO]: [GroupManager] Enabling GroupManager v3.3*
[18:46:00] [Server thread/INFO]: [GM+] Checking Your version...
[18:46:00] [Server thread/INFO]: ===============================
[18:46:00] [Server thread/INFO]: 
[18:46:00] [Server thread/INFO]:  GroupManager+ is now enable!
[18:46:00] [Server thread/INFO]:  
[18:46:00] [Server thread/INFO]:  Thank you for using GroupManager+ :)
[18:46:00] [Server thread/INFO]:  GroupManager+ is create by HappyAreaBean!
[18:46:00] [Server thread/INFO]:  Current version: v3.3
[18:46:00] [Server thread/INFO]:  
[18:46:00] [Server thread/INFO]: ===============================
[18:46:00] [Server thread/INFO]: [GM+] [INFO] World Found: world
[18:46:00] [Server thread/INFO]: [GM+] [INFO] Superperms support enabled.
[18:46:00] [Server thread/INFO]: [GM+] [INFO] Scheduled Data Saving is set for every 10 minutes!
[18:46:00] [Server thread/INFO]: [GM+] [INFO] Backups will be retained for 24 hours!
[18:46:00] [Server thread/INFO]: [GM+] [INFO] GroupManager+ v3.3 is now enabled!
[18:46:00] [Server thread/INFO]: [PxAutoMessage] Enabling PxAutoMessage v0.1.3*
[18:46:00] [Server thread/INFO]: [PxAutoMessage] 正在启动皮克斯自动公告系统...
[18:46:00] [Server thread/INFO]: [PxAutoMessage] 初始化信息模块...
[18:46:00] [Server thread/INFO]: [PxAutoMessage] 注册命令监听系统...
[18:46:00] [Server thread/INFO]: [PxAutoMessage] 加载完毕！
[18:46:00] [Server thread/INFO]:  
[18:46:00] [Server thread/INFO]: > 作者：An_ye (QQ:1444691679)
[18:46:00] [Server thread/INFO]: > 本插件自带汉化，请勿相信所谓的汉化版！
[18:46:00] [Server thread/INFO]: > （作者的话：I'm Chinese.）
[18:46:00] [Server thread/INFO]:  
[18:46:00] [Server thread/INFO]: [AdvancedBan] Enabling AdvancedBan v2.2.0*
[18:46:00] [Server thread/INFO]: [me.leoko.advancedban.shaded.com.zaxxer.hikari.HikariDataSource] HikariPool-1 - Starting...
[18:46:00] [Server thread/INFO]: [me.leoko.advancedban.shaded.com.zaxxer.hikari.pool.PoolBase] HikariPool-1 - Driver does not support get/set network timeout for connections. (feature not supported)
[18:46:00] [Server thread/INFO]: [me.leoko.advancedban.shaded.com.zaxxer.hikari.HikariDataSource] HikariPool-1 - Start completed.
[18:46:03] [Server thread/INFO]: 
 
[]=====[Enabling AdvancedBan]=====[]
| Information:
|   Name: AdvancedBan
|   Developer: Leoko
|   Version: 2.2.0
|   Storage: HSQLDB (local)
| Support:
|   Github: https://github.com/DevLeoko/AdvancedBan/issues
|   Discord: https://discord.gg/ycDG6rS
| Twitter: @LeokoGar
| Update:
|   There is a new version available! [2.2.1]
[]================================[]
 
[18:46:03] [Server thread/INFO]: [TAB] Enabling TAB v2.7.2
[18:46:03] [Server thread/INFO]: [TAB] Server version: 1.15.2 (v1_15_R1)
[18:46:03] [Server thread/INFO]: [TAB] File plugins\TAB\errors.txt exists and is not empty. Please take a look at the errors and try to correct them. You can also join our discord for assistance. After you resolve them, delete the file.
[18:46:03] [Server thread/INFO]: [TAB] Animation "Welcome" does not have any texts! Ignoring.
[18:46:04] [Server thread/INFO]: [TAB] There were 2 startup warnings.
[18:46:04] [Server thread/INFO]: [TAB] Enabled in 546ms
[18:46:04] [Server thread/INFO]: [PlayerPoints] Enabling PlayerPoints v2.1.5-SNAPSHOT*
[18:46:04] [Server thread/INFO]: [PlayerPoints] Updating to v2.1.5-SNAPSHOT
[18:46:04] [Server thread/INFO]: [PlayerPoints] Applying update for 1.52
[18:46:04] [Server thread/INFO]: [PlayerPoints] Applying update for 2.0.0
[18:46:06] [Server thread/ERROR]: [PlayerPoints] Exception on online UUID fetch
java.io.IOException: Server returned HTTP response code: 400 for URL: https://api.mojang.com/profiles/minecraft
	at sun.net.www.protocol.http.HttpURLConnection.getInputStream0(Unknown Source) ~[?:1.8.0_181]
	at sun.net.www.protocol.http.HttpURLConnection.getInputStream(Unknown Source) ~[?:1.8.0_181]
	at sun.net.www.protocol.https.HttpsURLConnectionImpl.getInputStream(Unknown Source) ~[?:1.8.0_181]
	at com.evilmidget38.UUIDFetcher.call(UUIDFetcher.java:44) ~[?:?]
	at org.black_ixx.playerpoints.PlayerPoints.translateNameToUUID(PlayerPoints.java:247) ~[?:?]
	at org.black_ixx.playerpoints.update.modules.TwoZeroZeroUpdate.update(TwoZeroZeroUpdate.java:35) ~[?:?]
	at org.black_ixx.playerpoints.update.UpdateManager.update(UpdateManager.java:71) ~[?:?]
	at org.black_ixx.playerpoints.update.UpdateManager.checkUpdate(UpdateManager.java:58) ~[?:?]
	at org.black_ixx.playerpoints.PlayerPoints.onEnable(PlayerPoints.java:69) ~[?:?]
	at org.bukkit.plugin.java.JavaPlugin.setEnabled(JavaPlugin.java:263) ~[PaperSpigot1.15.2.jar:git-Paper-118]
	at org.bukkit.plugin.java.JavaPluginLoader.enablePlugin(JavaPluginLoader.java:337) ~[PaperSpigot1.15.2.jar:git-Paper-118]
	at org.bukkit.plugin.SimplePluginManager.enablePlugin(SimplePluginManager.java:435) ~[PaperSpigot1.15.2.jar:git-Paper-118]
	at org.bukkit.craftbukkit.v1_15_R1.CraftServer.enablePlugin(CraftServer.java:470) ~[PaperSpigot1.15.2.jar:git-Paper-118]
	at org.bukkit.craftbukkit.v1_15_R1.CraftServer.enablePlugins(CraftServer.java:384) ~[PaperSpigot1.15.2.jar:git-Paper-118]
	at net.minecraft.server.v1_15_R1.MinecraftServer.a(MinecraftServer.java:482) ~[PaperSpigot1.15.2.jar:git-Paper-118]
	at net.minecraft.server.v1_15_R1.DedicatedServer.init(DedicatedServer.java:298) ~[PaperSpigot1.15.2.jar:git-Paper-118]
	at net.minecraft.server.v1_15_R1.MinecraftServer.run(MinecraftServer.java:885) ~[PaperSpigot1.15.2.jar:git-Paper-118]
	at java.lang.Thread.run(Unknown Source) [?:1.8.0_181]
[18:46:06] [Server thread/ERROR]: Error occurred while enabling PlayerPoints v2.1.5-SNAPSHOT (Is it up to date?)
java.lang.NullPointerException: null
	at org.black_ixx.playerpoints.update.modules.TwoZeroZeroUpdate.update(TwoZeroZeroUpdate.java:36) ~[?:?]
	at org.black_ixx.playerpoints.update.UpdateManager.update(UpdateManager.java:71) ~[?:?]
	at org.black_ixx.playerpoints.update.UpdateManager.checkUpdate(UpdateManager.java:58) ~[?:?]
	at org.black_ixx.playerpoints.PlayerPoints.onEnable(PlayerPoints.java:69) ~[?:?]
	at org.bukkit.plugin.java.JavaPlugin.setEnabled(JavaPlugin.java:263) ~[PaperSpigot1.15.2.jar:git-Paper-118]
	at org.bukkit.plugin.java.JavaPluginLoader.enablePlugin(JavaPluginLoader.java:337) ~[PaperSpigot1.15.2.jar:git-Paper-118]
	at org.bukkit.plugin.SimplePluginManager.enablePlugin(SimplePluginManager.java:435) ~[PaperSpigot1.15.2.jar:git-Paper-118]
	at org.bukkit.craftbukkit.v1_15_R1.CraftServer.enablePlugin(CraftServer.java:470) ~[PaperSpigot1.15.2.jar:git-Paper-118]
	at org.bukkit.craftbukkit.v1_15_R1.CraftServer.enablePlugins(CraftServer.java:384) ~[PaperSpigot1.15.2.jar:git-Paper-118]
	at net.minecraft.server.v1_15_R1.MinecraftServer.a(MinecraftServer.java:482) ~[PaperSpigot1.15.2.jar:git-Paper-118]
	at net.minecraft.server.v1_15_R1.DedicatedServer.init(DedicatedServer.java:298) ~[PaperSpigot1.15.2.jar:git-Paper-118]
	at net.minecraft.server.v1_15_R1.MinecraftServer.run(MinecraftServer.java:885) ~[PaperSpigot1.15.2.jar:git-Paper-118]
	at java.lang.Thread.run(Unknown Source) [?:1.8.0_181]
[18:46:06] [Server thread/INFO]: [PlayerPoints] Disabling PlayerPoints v2.1.5-SNAPSHOT
[18:46:06] [Server thread/INFO]: [CrowdLocator] Enabling CrowdLocator v1.0*
[18:46:06] [Server thread/INFO]: [Lores] Enabling Lores v1.4.1*
[18:46:06] [Server thread/INFO]: [Lores] Lores 1.4.1 (Build 45) is enabled!
[18:46:06] [Server thread/INFO]: [AnGmode] Enabling AnGmode v1.0-SNAPSHOT
[18:46:06] [Server thread/INFO]: [AnGmode] 你好！我是小安，感谢你能使用这个插件！
[18:46:06] [Server thread/INFO]: Done (15.677s)! For help, type "help"
[18:46:06] [Server thread/INFO]: Timings Reset
[18:46:06] [Server thread/INFO]: [GM+] [INFO] Bukkit Permissions Updated!
[18:46:06] [Server thread/INFO]: [公告] [活动] 灵魂画手已上线活动已经开放报名，详情请见群内公告。 
[18:46:07] [Server thread/INFO]: com.mojang.authlib.GameProfile@5190bc60[id=<null>,name=Block_linyi,properties={},legacy=false] (/127.0.0.1:62218) lost connection: Disconnected
[18:46:08] [Craft Scheduler Thread - 1/INFO]: [GM+] Your version (v3.3) is outdated download the lastest version:
[18:46:08] [Craft Scheduler Thread - 1/INFO]: [GM+] https://www.spigotmc.org/resources/40615/
[18:46:12] [User Authenticator #1/INFO]: UUID of player Block_linyi is 6dd389e7-c052-4a51-abc7-d6543cf7932c
[18:46:12] [Server thread/INFO]: [TAB] Group "Default" is not defined in sorting list! This will result in unwanted behavior.
[18:46:12] [Server thread/INFO]: Block_linyi[/127.0.0.1:62220] logged in with entity id 544 at ([world_nether]200.3125, 115.0, 366.49757948365027)
[18:46:15] [User Authenticator #1/INFO]: UUID of player sen_lv_ling_ is d6f9adbf-ee57-4d94-b70d-13a1ec4da9c2
[18:46:15] [Server thread/INFO]: sen_lv_ling_[/127.0.0.1:62224] logged in with entity id 606 at ([world_nether]181.2005580604437, 115.0, 768.7532418774956)
[18:46:17] [User Authenticator #1/INFO]: UUID of player Mr_director is ad82c331-f637-4e55-8488-2a38fc6adee9
[18:46:18] [Server thread/INFO]: Mr_director[/127.0.0.1:62226] logged in with entity id 690 at ([world_nether]179.26607520647462, 115.0, 766.0126100655294)
[18:46:35] [User Authenticator #1/INFO]: UUID of player Watg_Aze_Nad is 468dff11-e046-4e4d-b62d-8cd5013641d5
[18:46:35] [Server thread/INFO]: Watg_Aze_Nad[/127.0.0.1:62229] logged in with entity id 691 at ([world_nether]70.46444501641828, 94.0, 979.5393299070248)
[18:46:42] [Server thread/INFO]: Watg_Aze_Nad >> 1
[18:46:47] [Server thread/INFO]: Watg_Aze_Nad >> TPS回来了
[18:47:00] [User Authenticator #1/INFO]: UUID of player adhesive_tape is 4c96318f-887a-42ea-a266-2e19af41d6cd
[18:47:00] [Server thread/INFO]: adhesive_tape[/127.0.0.1:62234] logged in with entity id 817 at ([world_nether]80.48033884922604, 88.0, 1018.0066474191921)
[18:47:21] [Server thread/INFO]: Mr_director >> 233
[18:47:38] [User Authenticator #1/INFO]: UUID of player Crushxl is 73cb5d0a-9578-42d7-8096-e35458abd65f
[18:47:38] [Server thread/INFO]: Crushxl[/127.0.0.1:62242] logged in with entity id 938 at ([world]2811.398807685998, 63.0, -404.30000001192093)
[18:47:41] [Server thread/INFO]: Crushxl issued server command: /p
[18:47:41] [Server thread/ERROR]: null
org.bukkit.command.CommandException: Cannot execute command 'p' in plugin PlayerPoints v2.1.5-SNAPSHOT - plugin is disabled.
	at org.bukkit.command.PluginCommand.execute(PluginCommand.java:37) ~[PaperSpigot1.15.2.jar:git-Paper-118]
	at org.bukkit.command.SimpleCommandMap.dispatch(SimpleCommandMap.java:159) ~[PaperSpigot1.15.2.jar:git-Paper-118]
	at org.bukkit.craftbukkit.v1_15_R1.CraftServer.dispatchCommand(CraftServer.java:742) ~[PaperSpigot1.15.2.jar:git-Paper-118]
	at net.minecraft.server.v1_15_R1.PlayerConnection.handleCommand(PlayerConnection.java:1821) ~[PaperSpigot1.15.2.jar:git-Paper-118]
	at net.minecraft.server.v1_15_R1.PlayerConnection.a(PlayerConnection.java:1629) ~[PaperSpigot1.15.2.jar:git-Paper-118]
	at net.minecraft.server.v1_15_R1.PacketPlayInChat.a(PacketPlayInChat.java:47) ~[PaperSpigot1.15.2.jar:git-Paper-118]
	at net.minecraft.server.v1_15_R1.PacketPlayInChat.a(PacketPlayInChat.java:5) ~[PaperSpigot1.15.2.jar:git-Paper-118]
	at net.minecraft.server.v1_15_R1.PlayerConnectionUtils.lambda$ensureMainThread$0(PlayerConnectionUtils.java:23) ~[PaperSpigot1.15.2.jar:git-Paper-118]
	at net.minecraft.server.v1_15_R1.TickTask.run(SourceFile:18) ~[PaperSpigot1.15.2.jar:git-Paper-118]
	at net.minecraft.server.v1_15_R1.IAsyncTaskHandler.executeTask(IAsyncTaskHandler.java:136) ~[PaperSpigot1.15.2.jar:git-Paper-118]
	at net.minecraft.server.v1_15_R1.IAsyncTaskHandlerReentrant.executeTask(SourceFile:23) ~[PaperSpigot1.15.2.jar:git-Paper-118]
	at net.minecraft.server.v1_15_R1.IAsyncTaskHandler.executeNext(IAsyncTaskHandler.java:109) ~[PaperSpigot1.15.2.jar:git-Paper-118]
	at net.minecraft.server.v1_15_R1.MinecraftServer.ba(MinecraftServer.java:1038) ~[PaperSpigot1.15.2.jar:git-Paper-118]
	at net.minecraft.server.v1_15_R1.MinecraftServer.executeNext(MinecraftServer.java:1031) ~[PaperSpigot1.15.2.jar:git-Paper-118]
	at net.minecraft.server.v1_15_R1.IAsyncTaskHandler.awaitTasks(IAsyncTaskHandler.java:119) ~[PaperSpigot1.15.2.jar:git-Paper-118]
	at net.minecraft.server.v1_15_R1.MinecraftServer.sleepForTick(MinecraftServer.java:1015) ~[PaperSpigot1.15.2.jar:git-Paper-118]
	at net.minecraft.server.v1_15_R1.MinecraftServer.run(MinecraftServer.java:938) ~[PaperSpigot1.15.2.jar:git-Paper-118]
	at java.lang.Thread.run(Unknown Source) [?:1.8.0_181]
[18:47:47] [Thread-18/INFO]: --------------------
[18:47:47] [Thread-18/INFO]: [CoreProtect] Version 19.1 is now available.
[18:47:47] [Thread-18/INFO]: [CoreProtect] Download: www.coreprotect.net/download/
[18:47:47] [Thread-18/INFO]: [CoreProtect] Sponsor: www.hosthorde.com
[18:47:47] [Thread-18/INFO]: --------------------
[18:48:09] [User Authenticator #1/INFO]: UUID of player the_yellowleaf is db81d5ec-a1c2-4cd3-a585-d1a2a3ff71bd
[18:48:09] [Server thread/INFO]: the_yellowleaf[/127.0.0.1:62255] logged in with entity id 1664 at ([world_nether]-63.94284804114627, 115.0, -54.09665723856267)
[18:48:23] [Server thread/INFO]: Crushxl issued server command: /px mode
[18:48:23] [Server thread/ERROR]: null
org.bukkit.command.CommandException: Unhandled exception executing command 'px' in plugin AnGmode v1.0-SNAPSHOT
	at org.bukkit.command.PluginCommand.execute(PluginCommand.java:47) ~[PaperSpigot1.15.2.jar:git-Paper-118]
	at org.bukkit.command.SimpleCommandMap.dispatch(SimpleCommandMap.java:159) ~[PaperSpigot1.15.2.jar:git-Paper-118]
	at org.bukkit.craftbukkit.v1_15_R1.CraftServer.dispatchCommand(CraftServer.java:742) ~[PaperSpigot1.15.2.jar:git-Paper-118]
	at net.minecraft.server.v1_15_R1.PlayerConnection.handleCommand(PlayerConnection.java:1821) ~[PaperSpigot1.15.2.jar:git-Paper-118]
	at net.minecraft.server.v1_15_R1.PlayerConnection.a(PlayerConnection.java:1629) ~[PaperSpigot1.15.2.jar:git-Paper-118]
	at net.minecraft.server.v1_15_R1.PacketPlayInChat.a(PacketPlayInChat.java:47) ~[PaperSpigot1.15.2.jar:git-Paper-118]
	at net.minecraft.server.v1_15_R1.PacketPlayInChat.a(PacketPlayInChat.java:5) ~[PaperSpigot1.15.2.jar:git-Paper-118]
	at net.minecraft.server.v1_15_R1.PlayerConnectionUtils.lambda$ensureMainThread$0(PlayerConnectionUtils.java:23) ~[PaperSpigot1.15.2.jar:git-Paper-118]
	at net.minecraft.server.v1_15_R1.TickTask.run(SourceFile:18) ~[PaperSpigot1.15.2.jar:git-Paper-118]
	at net.minecraft.server.v1_15_R1.IAsyncTaskHandler.executeTask(IAsyncTaskHandler.java:136) ~[PaperSpigot1.15.2.jar:git-Paper-118]
	at net.minecraft.server.v1_15_R1.IAsyncTaskHandlerReentrant.executeTask(SourceFile:23) ~[PaperSpigot1.15.2.jar:git-Paper-118]
	at net.minecraft.server.v1_15_R1.IAsyncTaskHandler.executeNext(IAsyncTaskHandler.java:109) ~[PaperSpigot1.15.2.jar:git-Paper-118]
	at net.minecraft.server.v1_15_R1.MinecraftServer.ba(MinecraftServer.java:1038) ~[PaperSpigot1.15.2.jar:git-Paper-118]
	at net.minecraft.server.v1_15_R1.MinecraftServer.executeNext(MinecraftServer.java:1031) ~[PaperSpigot1.15.2.jar:git-Paper-118]
	at net.minecraft.server.v1_15_R1.IAsyncTaskHandler.awaitTasks(IAsyncTaskHandler.java:119) ~[PaperSpigot1.15.2.jar:git-Paper-118]
	at net.minecraft.server.v1_15_R1.MinecraftServer.sleepForTick(MinecraftServer.java:1015) ~[PaperSpigot1.15.2.jar:git-Paper-118]
	at net.minecraft.server.v1_15_R1.MinecraftServer.run(MinecraftServer.java:938) ~[PaperSpigot1.15.2.jar:git-Paper-118]
	at java.lang.Thread.run(Unknown Source) [?:1.8.0_181]
Caused by: java.lang.NoClassDefFoundError: org/black_ixx/playerpoints/PlayerPointsAPI
	at enron.angmode.command.AnGmodeCommand.onCommand(AnGmodeCommand.java:32) ~[?:?]
	at org.bukkit.command.PluginCommand.execute(PluginCommand.java:45) ~[PaperSpigot1.15.2.jar:git-Paper-118]
	... 17 more
Caused by: java.lang.ClassNotFoundException: org.black_ixx.playerpoints.PlayerPointsAPI
	at java.net.URLClassLoader.findClass(Unknown Source) ~[?:1.8.0_181]
	at org.bukkit.plugin.java.PluginClassLoader.findClass(PluginClassLoader.java:171) ~[PaperSpigot1.15.2.jar:git-Paper-118]
	at org.bukkit.plugin.java.PluginClassLoader.findClass(PluginClassLoader.java:100) ~[PaperSpigot1.15.2.jar:git-Paper-118]
	at java.lang.ClassLoader.loadClass(Unknown Source) ~[?:1.8.0_181]
	at java.lang.ClassLoader.loadClass(Unknown Source) ~[?:1.8.0_181]
	at enron.angmode.command.AnGmodeCommand.onCommand(AnGmodeCommand.java:32) ~[?:?]
	at org.bukkit.command.PluginCommand.execute(PluginCommand.java:45) ~[PaperSpigot1.15.2.jar:git-Paper-118]
	... 17 more
[18:50:07] [Server thread/INFO]: adhesive_tape >> 地狱岩
[18:50:09] [Server thread/INFO]: adhesive_tape >> 没有了
[18:50:16] [Server thread/INFO]: Watg_Aze_Nad >> 我去送
[18:50:40] [Server thread/INFO]: <服主> Crushxl >> 重载插件 小心即时延迟
[18:50:44] [Server thread/INFO]: CONSOLE: Are you sure you wish to reload your server? Doing so may cause bugs and memory leaks. It is recommended to restart instead of using /reload. To confirm, please type /reload confirm
[18:50:48] [Server thread/INFO]: Block_linyi >> boom
[18:50:55] [Server thread/INFO]: CONSOLE: Please note that this command is not supported and may cause issues when using some plugins.
[18:50:55] [Server thread/INFO]: CONSOLE: If you encounter any issues please use the /stop command to restart your server.
[18:50:56] [Server thread/INFO]: Debug logging is disabled
[18:50:56] [Server thread/INFO]: Server Ping Player Sample Count: 0
[18:50:56] [Server thread/INFO]: Using 4 threads for Netty based IO
[18:50:56] [Server thread/INFO]: -------- World Settings For [world] --------
[18:50:56] [Server thread/INFO]: View Distance: 12
[18:50:56] [Server thread/INFO]: Nerfing mobs spawned from spawners: false
[18:50:56] [Server thread/INFO]: Item Merge Radius: 8.0
[18:50:56] [Server thread/INFO]: Item Despawn Rate: 3000
[18:50:56] [Server thread/INFO]: Arrow Despawn Rate: 200 Trident Respawn Rate:1200
[18:50:56] [Server thread/INFO]: Allow Zombie Pigmen to spawn from portal blocks: true
[18:50:56] [Server thread/INFO]: Zombie Aggressive Towards Villager: true
[18:50:56] [Server thread/INFO]: Mob Spawn Range: 4
[18:50:56] [Server thread/INFO]: Entity Tracking Range: Pl 48 / An 48 / Mo 48 / Mi 32 / Other 64
[18:50:56] [Server thread/INFO]: Entity Activation Range: An 12 / Mo 20 / Ra 48 / Mi 3 / Tiv false
[18:50:56] [Server thread/INFO]: Hopper Transfer: 10 Hopper Check: 10 Hopper Amount: 1
[18:50:56] [Server thread/INFO]: Experience Merge Radius: 8.0
[18:50:56] [Server thread/INFO]: Cactus Growth Modifier: 100%
[18:50:56] [Server thread/INFO]: Cane Growth Modifier: 100%
[18:50:56] [Server thread/INFO]: Melon Growth Modifier: 100%
[18:50:56] [Server thread/INFO]: Mushroom Growth Modifier: 100%
[18:50:56] [Server thread/INFO]: Pumpkin Growth Modifier: 100%
[18:50:56] [Server thread/INFO]: Sapling Growth Modifier: 100%
[18:50:56] [Server thread/INFO]: Beetroot Growth Modifier: 100%
[18:50:56] [Server thread/INFO]: Carrot Growth Modifier: 100%
[18:50:56] [Server thread/INFO]: Potato Growth Modifier: 100%
[18:50:56] [Server thread/INFO]: Wheat Growth Modifier: 100%
[18:50:56] [Server thread/INFO]: NetherWart Growth Modifier: 100%
[18:50:56] [Server thread/INFO]: Vine Growth Modifier: 100%
[18:50:56] [Server thread/INFO]: Cocoa Growth Modifier: 100%
[18:50:56] [Server thread/INFO]: Bamboo Growth Modifier: 100%
[18:50:56] [Server thread/INFO]: SweetBerry Growth Modifier: 100%
[18:50:56] [Server thread/INFO]: Kelp Growth Modifier: 100%
[18:50:56] [Server thread/INFO]: Tile Max Tick Time: 20ms Entity max Tick Time: 25ms
[18:50:56] [Server thread/INFO]: Max TNT Explosions: 100
[18:50:56] [Server thread/INFO]: Custom Map Seeds:  Village: 10387312 Desert: 14357617 Igloo: 14357618 Jungle: 14357619 Swamp: 14357620 Monument: 10387313 Ocean: 14357621 Shipwreck: 165745295 Slime: 987234911
[18:50:56] [Server thread/INFO]: -------- World Settings For [world_nether] --------
[18:50:56] [Server thread/INFO]: View Distance: 12
[18:50:56] [Server thread/INFO]: Nerfing mobs spawned from spawners: false
[18:50:56] [Server thread/INFO]: Item Merge Radius: 8.0
[18:50:56] [Server thread/INFO]: Item Despawn Rate: 3000
[18:50:56] [Server thread/INFO]: Arrow Despawn Rate: 200 Trident Respawn Rate:1200
[18:50:56] [Server thread/INFO]: Allow Zombie Pigmen to spawn from portal blocks: true
[18:50:56] [Server thread/INFO]: Zombie Aggressive Towards Villager: true
[18:50:56] [Server thread/INFO]: Mob Spawn Range: 4
[18:50:56] [Server thread/INFO]: Entity Tracking Range: Pl 48 / An 48 / Mo 48 / Mi 32 / Other 64
[18:50:56] [Server thread/INFO]: Entity Activation Range: An 12 / Mo 20 / Ra 48 / Mi 3 / Tiv false
[18:50:56] [Server thread/INFO]: Hopper Transfer: 10 Hopper Check: 10 Hopper Amount: 1
[18:50:56] [Server thread/INFO]: Experience Merge Radius: 8.0
[18:50:56] [Server thread/INFO]: Cactus Growth Modifier: 100%
[18:50:56] [Server thread/INFO]: Cane Growth Modifier: 100%
[18:50:56] [Server thread/INFO]: Melon Growth Modifier: 100%
[18:50:56] [Server thread/INFO]: Mushroom Growth Modifier: 100%
[18:50:56] [Server thread/INFO]: Pumpkin Growth Modifier: 100%
[18:50:56] [Server thread/INFO]: Sapling Growth Modifier: 100%
[18:50:56] [Server thread/INFO]: Beetroot Growth Modifier: 100%
[18:50:56] [Server thread/INFO]: Carrot Growth Modifier: 100%
[18:50:56] [Server thread/INFO]: Potato Growth Modifier: 100%
[18:50:56] [Server thread/INFO]: Wheat Growth Modifier: 100%
[18:50:56] [Server thread/INFO]: NetherWart Growth Modifier: 100%
[18:50:56] [Server thread/INFO]: Vine Growth Modifier: 100%
[18:50:56] [Server thread/INFO]: Cocoa Growth Modifier: 100%
[18:50:56] [Server thread/INFO]: Bamboo Growth Modifier: 100%
[18:50:56] [Server thread/INFO]: SweetBerry Growth Modifier: 100%
[18:50:56] [Server thread/INFO]: Kelp Growth Modifier: 100%
[18:50:56] [Server thread/INFO]: Tile Max Tick Time: 20ms Entity max Tick Time: 25ms
[18:50:56] [Server thread/INFO]: Max TNT Explosions: 100
[18:50:56] [Server thread/INFO]: Custom Map Seeds:  Village: 10387312 Desert: 14357617 Igloo: 14357618 Jungle: 14357619 Swamp: 14357620 Monument: 10387313 Ocean: 14357621 Shipwreck: 165745295 Slime: 987234911
[18:50:56] [Server thread/INFO]: -------- World Settings For [world_the_end] --------
[18:50:56] [Server thread/INFO]: View Distance: 12
[18:50:56] [Server thread/INFO]: Nerfing mobs spawned from spawners: false
[18:50:56] [Server thread/INFO]: Item Merge Radius: 8.0
[18:50:56] [Server thread/INFO]: Item Despawn Rate: 3000
[18:50:56] [Server thread/INFO]: Arrow Despawn Rate: 200 Trident Respawn Rate:1200
[18:50:56] [Server thread/INFO]: Allow Zombie Pigmen to spawn from portal blocks: true
[18:50:56] [Server thread/INFO]: Zombie Aggressive Towards Villager: true
[18:50:56] [Server thread/INFO]: Mob Spawn Range: 4
[18:50:56] [Server thread/INFO]: Entity Tracking Range: Pl 48 / An 48 / Mo 48 / Mi 32 / Other 64
[18:50:56] [Server thread/INFO]: Entity Activation Range: An 12 / Mo 20 / Ra 48 / Mi 3 / Tiv false
[18:50:56] [Server thread/INFO]: Hopper Transfer: 10 Hopper Check: 10 Hopper Amount: 1
[18:50:56] [Server thread/INFO]: Experience Merge Radius: 8.0
[18:50:56] [Server thread/INFO]: Cactus Growth Modifier: 100%
[18:50:56] [Server thread/INFO]: Cane Growth Modifier: 100%
[18:50:56] [Server thread/INFO]: Melon Growth Modifier: 100%
[18:50:56] [Server thread/INFO]: Mushroom Growth Modifier: 100%
[18:50:56] [Server thread/INFO]: Pumpkin Growth Modifier: 100%
[18:50:56] [Server thread/INFO]: Sapling Growth Modifier: 100%
[18:50:56] [Server thread/INFO]: Beetroot Growth Modifier: 100%
[18:50:56] [Server thread/INFO]: Carrot Growth Modifier: 100%
[18:50:56] [Server thread/INFO]: Potato Growth Modifier: 100%
[18:50:56] [Server thread/INFO]: Wheat Growth Modifier: 100%
[18:50:56] [Server thread/INFO]: NetherWart Growth Modifier: 100%
[18:50:56] [Server thread/INFO]: Vine Growth Modifier: 100%
[18:50:56] [Server thread/INFO]: Cocoa Growth Modifier: 100%
[18:50:56] [Server thread/INFO]: Bamboo Growth Modifier: 100%
[18:50:56] [Server thread/INFO]: SweetBerry Growth Modifier: 100%
[18:50:56] [Server thread/INFO]: Kelp Growth Modifier: 100%
[18:50:56] [Server thread/INFO]: Tile Max Tick Time: 20ms Entity max Tick Time: 25ms
[18:50:56] [Server thread/INFO]: Max TNT Explosions: 100
[18:50:56] [Server thread/INFO]: Custom Map Seeds:  Village: 10387312 Desert: 14357617 Igloo: 14357618 Jungle: 14357619 Swamp: 14357620 Monument: 10387313 Ocean: 14357621 Shipwreck: 165745295 Slime: 987234911
[18:50:56] [Server thread/INFO]: [AnGmode] Disabling AnGmode v1.0-SNAPSHOT
[18:50:56] [Server thread/INFO]: [AnGmode] 下次再见~~
[18:50:56] [Server thread/INFO]: [Lores] Disabling Lores v1.4.1
[18:50:56] [Server thread/INFO]: [CrowdLocator] Disabling CrowdLocator v1.0
[18:50:56] [Server thread/INFO]: [TAB] Disabling TAB v2.7.2
[18:50:56] [Server thread/INFO]: [TAB] Disabled in 2ms
[18:50:56] [Server thread/INFO]: [AdvancedBan] Disabling AdvancedBan v2.2.0
[18:50:56] [Server thread/INFO]: [hsqldb.db.HSQLDB737084AC43.ENGINE] Database closed
[18:50:56] [Server thread/INFO]: [me.leoko.advancedban.shaded.com.zaxxer.hikari.HikariDataSource] HikariPool-1 - Shutdown initiated...
[18:50:56] [Server thread/INFO]: [me.leoko.advancedban.shaded.com.zaxxer.hikari.HikariDataSource] HikariPool-1 - Shutdown completed.
[18:50:56] [Server thread/INFO]: 
 
[]=====[Disabling AdvancedBan]=====[]
| Information:
|   Name: AdvancedBan
|   Developer: Leoko
|   Version: 2.2.0
|   Storage: HSQLDB (local)
| Support:
|   Github: https://github.com/DevLeoko/AdvancedBan/issues
|   Discord: https://discord.gg/ycDG6rS
| Twitter: @LeokoGar
[]================================[]
 
[18:50:56] [Server thread/INFO]: [PxAutoMessage] Disabling PxAutoMessage v0.1.3
[18:50:56] [Server thread/INFO]: [PxAutoMessage] 正在关闭皮克斯自动公告系统...
[18:50:56] [Server thread/INFO]: [GroupManager] Disabling GroupManager v3.3
[18:50:56] [Server thread/INFO]: [GM+] [INFO] Scheduled Data Saving is disabled!
[18:50:56] [Server thread/INFO]: GroupManager version 3.3 is disabled!
[18:50:56] [Server thread/INFO]: [ChatC] Disabling ChatC v0.5
[18:50:56] [Server thread/INFO]: [ChatC] 聊天管理插件已关闭！
[18:50:56] [Server thread/INFO]: [ChatC] 感谢您的使用！
[18:50:56] [Server thread/INFO]: [SAML] Disabling SAML v2.0.0
[18:50:56] [Server thread/INFO]: [SAML] The frozen chunk cache file has been deleted. All chunks should have been accounted for.
[18:50:56] [Server thread/INFO]: [SAML] Successfully disabled.
[18:50:56] [Server thread/INFO]: [OpenInv] Disabling OpenInv v4.0.8
[18:50:56] [Server thread/INFO]: [EntityTrackerFixer] Disabling EntityTrackerFixer v1.3.1
[18:50:56] [Server thread/INFO]: [CoreProtect] Disabling CoreProtect v2.18.2
[18:50:56] [Server thread/INFO]: [CoreProtect] Finishing up data logging. Please wait...
[18:50:56] [Server thread/INFO]: [CoreProtect] Success! Disabled CoreProtect v2.18.2
[18:50:56] [Server thread/INFO]: Reloading ResourceManager: Default, bukkit
[18:50:56] [Server thread/INFO]: Loaded 6 recipes
[18:50:57] [Server thread/INFO]: Reloading ResourceManager: Default, bukkit
[18:50:57] [Server thread/WARN]: Boat (vehicle of Block_linyi) moved too quickly! 0.0,0.0,34.94675534641772
[18:50:57] [Server thread/WARN]: Boat (vehicle of Block_linyi) moved too quickly! 0.0,0.0,36.563509674730426
[18:50:57] [Server thread/WARN]: Boat (vehicle of Block_linyi) moved too quickly! 0.0,0.0,38.18707430522102
[18:50:57] [Server thread/WARN]: Boat (vehicle of Block_linyi) moved too quickly! 0.0,0.0,39.81731303197569
[18:50:57] [Server thread/WARN]: Boat (vehicle of Block_linyi) moved too quickly! 0.0,0.0,41.454092373196204
[18:50:57] [Server thread/WARN]: Boat (vehicle of Block_linyi) moved too quickly! 0.0,0.0,43.09728151671845
[18:50:57] [Server thread/WARN]: Boat (vehicle of Block_linyi) moved too quickly! 0.0,0.0,44.74675226661827
[18:50:57] [Server thread/WARN]: Boat (vehicle of Block_linyi) moved too quickly! 0.0,0.0,46.402378990887996
[18:50:57] [Server thread/WARN]: Boat (vehicle of Block_linyi) moved too quickly! 0.0,0.0,48.064038570158004
[18:50:57] [Server thread/WARN]: Boat (vehicle of Block_linyi) moved too quickly! 0.0,0.0,49.731610347442825
[18:50:57] [Server thread/WARN]: Boat (vehicle of Block_linyi) moved too quickly! 0.0,0.0,51.4049760788954
[18:50:57] [Server thread/WARN]: Boat (vehicle of Block_linyi) moved too quickly! 0.0,0.0,53.08401988554249
[18:50:57] [Server thread/WARN]: Boat (vehicle of Block_linyi) moved too quickly! 0.0,0.0,54.76862820598865
[18:50:57] [Server thread/WARN]: Boat (vehicle of Block_linyi) moved too quickly! 0.0,0.0,56.45868975006408
[18:50:57] [Server thread/INFO]: Loaded 6 recipes
[18:50:57] [Server thread/WARN]: Boat (vehicle of Block_linyi) moved too quickly! 0.0,0.0,33.33695030590604
[18:50:57] [Server thread/WARN]: Boat (vehicle of Block_linyi) moved too quickly! 0.0,0.0,33.33695030590604
[18:50:57] [Server thread/WARN]: Boat (vehicle of Block_linyi) moved too quickly! 0.0,0.0,33.33695030590604
[18:50:57] [Server thread/WARN]: Boat (vehicle of Block_linyi) moved too quickly! 0.0,0.0,33.33695030590604
[18:50:57] [Server thread/WARN]: Boat (vehicle of Block_linyi) moved too quickly! 0.0,0.0,33.33695030590604
[18:50:57] [Server thread/WARN]: Boat (vehicle of Block_linyi) moved too quickly! 0.0,0.0,33.33695030590604
[18:50:57] [Server thread/WARN]: Boat (vehicle of Block_linyi) moved too quickly! 0.0,0.0,33.33695030590604
[18:50:57] [Server thread/WARN]: Boat (vehicle of Block_linyi) moved too quickly! 0.0,0.0,33.33695030590604
[18:50:57] [Server thread/WARN]: Boat (vehicle of Block_linyi) moved too quickly! 0.0,0.0,33.33695030590604
[18:50:57] [Server thread/WARN]: Boat (vehicle of Block_linyi) moved too quickly! 0.0,0.0,33.33695030590604
[18:50:57] [Server thread/WARN]: Boat (vehicle of Block_linyi) moved too quickly! 0.0,0.0,33.33695030590604
[18:50:57] [Server thread/WARN]: Boat (vehicle of Block_linyi) moved too quickly! 0.0,0.0,33.33695030590604
[18:50:57] [Server thread/WARN]: Boat (vehicle of Block_linyi) moved too quickly! 0.0,0.0,33.33695030590604
[18:50:57] [Server thread/WARN]: Boat (vehicle of Block_linyi) moved too quickly! 0.0,0.0,33.33695030590604
[18:50:57] [Server thread/WARN]: Boat (vehicle of Block_linyi) moved too quickly! 0.0,0.0,35.03235600924222
[18:50:57] [Server thread/WARN]: Boat (vehicle of Block_linyi) moved too quickly! 0.0,0.0,36.73299898875575
[18:50:58] [Server thread/WARN]: Legacy plugin ChatC v0.5 does not specify an api-version.
[18:50:58] [Server thread/WARN]: Legacy plugin GroupManager v3.3 does not specify an api-version.
[18:50:58] [Server thread/WARN]: Legacy plugin PxAutoMessage v0.1.3 does not specify an api-version.
[18:50:58] [Server thread/WARN]: Legacy plugin AdvancedBan v2.2.0 does not specify an api-version.
[18:50:58] [Server thread/WARN]: Legacy plugin PlayerPoints v2.1.5-SNAPSHOT does not specify an api-version.
[18:50:58] [Server thread/WARN]: Legacy plugin CrowdLocator v1.0 does not specify an api-version.
[18:50:58] [Server thread/WARN]: Legacy plugin Lores v1.4.1 does not specify an api-version.
[18:50:58] [Server thread/INFO]: [CoreProtect] Loading CoreProtect v2.18.2
[18:50:58] [Server thread/INFO]: [EntityTrackerFixer] Loading EntityTrackerFixer v1.3.1
[18:50:58] [Server thread/INFO]: [OpenInv] Loading OpenInv v4.0.8
[18:50:58] [Server thread/INFO]: [SAML] Loading SAML v2.0.0
[18:50:58] [Server thread/INFO]: [ChatC] Loading ChatC v0.5
[18:50:58] [Server thread/INFO]: [GroupManager] Loading GroupManager v3.3
[18:50:58] [Server thread/INFO]: [PxAutoMessage] Loading PxAutoMessage v0.1.3
[18:50:58] [Server thread/INFO]: [AdvancedBan] Loading AdvancedBan v2.2.0
[18:50:58] [Server thread/INFO]: [TAB] Loading TAB v2.7.2
[18:50:58] [Server thread/INFO]: [PlayerPoints] Loading PlayerPoints v2.1.5-SNAPSHOT
[18:50:58] [Server thread/INFO]: [CrowdLocator] Loading CrowdLocator v1.0
[18:50:58] [Server thread/INFO]: [Lores] Loading Lores v1.4.1
[18:50:58] [Server thread/INFO]: [AnGmode] Loading AnGmode v1.0-SNAPSHOT
[18:50:58] [Server thread/INFO]: Server permissions file permissions.yml is empty, ignoring it
[18:50:58] [Server thread/INFO]: [CoreProtect] Enabling CoreProtect v2.18.2
[18:50:58] [Server thread/INFO]: [CoreProtect] CoreProtect has been successfully enabled!
[18:50:58] [Server thread/INFO]: [CoreProtect] Using SQLite for data storage.
[18:50:58] [Server thread/INFO]: --------------------
[18:50:58] [Server thread/INFO]: [CoreProtect] Enjoy CoreProtect? Check out CoreEdit!
[18:50:58] [Server thread/INFO]: [CoreProtect] Download: www.coreedit.net/download/
[18:50:58] [Server thread/INFO]: --------------------
[18:50:58] [Server thread/INFO]: [EntityTrackerFixer] Enabling EntityTrackerFixer v1.3.1
[18:50:58] [Server thread/INFO]: [EntityTrackerFixer] Setting untrack ticks to: 200
[18:50:58] [Server thread/INFO]: [EntityTrackerFixer] Setting check frequency to: 40
[18:50:58] [Server thread/INFO]: [EntityTrackerFixer] Setting tracking range to: 30
[18:50:58] [Server thread/INFO]: [EntityTrackerFixer] Setting minimun TPS to: 19.0
[18:50:58] [Server thread/INFO]: [EntityTrackerFixer] Setting enable on all worlds to: false
[18:50:58] [Server thread/INFO]: [EntityTrackerFixer] Adding world: world
[18:50:58] [Server thread/INFO]: [EntityTrackerFixer] Adding world: world_nether
[18:50:58] [Server thread/INFO]: [EntityTrackerFixer] Adding world: world_the_end
[18:50:58] [Server thread/INFO]: [EntityTrackerFixer] Setting log to console to: false
[18:50:58] [Server thread/INFO]: [EntityTrackerFixer] Setting disable tick for untracked to: false
[18:50:58] [Server thread/INFO]: [EntityTrackerFixer] Vault not found! using default permission system...
[18:50:58] [Server thread/INFO]: [OpenInv] Enabling OpenInv v4.0.8
[18:50:58] [Server thread/INFO]: [SAML] Enabling SAML v2.0.0
[18:50:58] [Server thread/INFO]: [SAML] Loading config.yml...
[18:50:58] [Server thread/INFO]: [SAML] Successfully loaded config.yml.
[18:50:58] [Server thread/INFO]: [SAML] Loading custom_groups.yml...
[18:50:58] [Server thread/INFO]: [SAML] Successfully loaded custom_groups.yml.
[18:50:58] [Server thread/INFO]: [SAML] Loading nerfer_goals.yml...
[18:50:58] [Server thread/INFO]: [SAML] Successfully loaded nerfer_goals.yml.
[18:50:58] [Server thread/INFO]: [SAML] Loading messages.yml...
[18:50:58] [Server thread/INFO]: [SAML] Successfully loaded messages.yml.
[18:50:58] [Server thread/INFO]: [SAML] Successfully enabled.
[18:50:58] [Server thread/INFO]: [ChatC] Enabling ChatC v0.5*
[18:50:58] [Server thread/INFO]: [ChatC] 聊天管理插件已启用！
[18:50:58] [Server thread/INFO]: [ChatC] 聊天管理插件当前版本：V0.5 （2017年8月24日）
[18:50:58] [Server thread/INFO]: [ChatC] 感谢您的使用！
[18:50:58] [Server thread/INFO]: [GroupManager] Enabling GroupManager v3.3*
[18:50:58] [Server thread/INFO]: [GM+] Checking Your version...
[18:50:58] [Server thread/INFO]: ===============================
[18:50:58] [Server thread/INFO]: 
[18:50:58] [Server thread/INFO]:  GroupManager+ is now enable!
[18:50:58] [Server thread/INFO]:  
[18:50:58] [Server thread/INFO]:  Thank you for using GroupManager+ :)
[18:50:58] [Server thread/INFO]:  GroupManager+ is create by HappyAreaBean!
[18:50:58] [Server thread/INFO]:  Current version: v3.3
[18:50:58] [Server thread/INFO]:  
[18:50:58] [Server thread/INFO]: ===============================
[18:50:58] [Server thread/INFO]: [GM+] [INFO] World Found: world
[18:50:58] [Server thread/INFO]: [GM+] [INFO] Superperms support enabled.
[18:50:58] [Server thread/INFO]: [GM+] [INFO] Scheduled Data Saving is set for every 10 minutes!
[18:50:58] [Server thread/INFO]: [GM+] [INFO] Backups will be retained for 24 hours!
[18:50:58] [Server thread/INFO]: [GM+] [INFO] GroupManager+ v3.3 is now enabled!
[18:50:58] [Server thread/INFO]: [PxAutoMessage] Enabling PxAutoMessage v0.1.3*
[18:50:58] [Server thread/INFO]: [PxAutoMessage] 正在启动皮克斯自动公告系统...
[18:50:58] [Server thread/INFO]: [PxAutoMessage] 初始化信息模块...
[18:50:58] [Server thread/INFO]: [PxAutoMessage] 注册命令监听系统...
[18:50:58] [Server thread/INFO]: [PxAutoMessage] 加载完毕！
[18:50:58] [Server thread/INFO]:  
[18:50:58] [Server thread/INFO]: > 作者：An_ye (QQ:1444691679)
[18:50:58] [Server thread/INFO]: > 本插件自带汉化，请勿相信所谓的汉化版！
[18:50:58] [Server thread/INFO]: > （作者的话：I'm Chinese.）
[18:50:58] [Server thread/INFO]:  
[18:50:58] [Server thread/INFO]: [AdvancedBan] Enabling AdvancedBan v2.2.0*
[18:50:58] [Server thread/INFO]: [me.leoko.advancedban.shaded.com.zaxxer.hikari.HikariDataSource] HikariPool-2 - Starting...
[18:50:59] [Server thread/INFO]: [me.leoko.advancedban.shaded.com.zaxxer.hikari.pool.PoolBase] HikariPool-2 - Driver does not support get/set network timeout for connections. (feature not supported)
[18:50:59] [Server thread/INFO]: [me.leoko.advancedban.shaded.com.zaxxer.hikari.HikariDataSource] HikariPool-2 - Start completed.
[18:51:06] [Server thread/INFO]: 
 
[]=====[Enabling AdvancedBan]=====[]
| Information:
|   Name: AdvancedBan
|   Developer: Leoko
|   Version: 2.2.0
|   Storage: HSQLDB (local)
| Support:
|   Github: https://github.com/DevLeoko/AdvancedBan/issues
|   Discord: https://discord.gg/ycDG6rS
| Twitter: @LeokoGar
| Update:
|   There is a new version available! [2.2.1]
[]================================[]
 
[18:51:07] [Server thread/INFO]: [TAB] Enabling TAB v2.7.2
[18:51:07] [Server thread/INFO]: [TAB] Server version: 1.15.2 (v1_15_R1)
[18:51:07] [Server thread/INFO]: [TAB] File plugins\TAB\errors.txt exists and is not empty. Please take a look at the errors and try to correct them. You can also join our discord for assistance. After you resolve them, delete the file.
[18:51:07] [Server thread/INFO]: [TAB] Animation "Welcome" does not have any texts! Ignoring.
[18:51:08] [Server thread/INFO]: [TAB] Group "Default" is not defined in sorting list! This will result in unwanted behavior.
[18:51:08] [Server thread/INFO]: [TAB] There were 2 startup warnings.
[18:51:08] [Server thread/INFO]: [TAB] Enabled in 1605ms
[18:51:08] [Server thread/INFO]: [PlayerPoints] Enabling PlayerPoints v2.1.5-SNAPSHOT*
[18:51:08] [Server thread/INFO]: [PlayerPoints] Updating to v2.1.5-SNAPSHOT
[18:51:08] [Server thread/INFO]: [PlayerPoints] Applying update for 1.52
[18:51:08] [Server thread/INFO]: [PlayerPoints] Applying update for 2.0.0
[18:51:12] [User Authenticator #2/INFO]: UUID of player Watg_Aze_Nad is 468dff11-e046-4e4d-b62d-8cd5013641d5
[18:51:26] [User Authenticator #2/INFO]: UUID of player Mr_director is ad82c331-f637-4e55-8488-2a38fc6adee9
[18:51:30] [User Authenticator #2/INFO]: UUID of player Watg_Aze_Nad is 468dff11-e046-4e4d-b62d-8cd5013641d5
[18:51:33] [User Authenticator #3/INFO]: UUID of player Block_linyi is 6dd389e7-c052-4a51-abc7-d6543cf7932c
[18:51:47] [User Authenticator #2/INFO]: UUID of player adhesive_tape is 4c96318f-887a-42ea-a266-2e19af41d6cd
[18:51:47] [User Authenticator #4/INFO]: UUID of player the_yellowleaf is db81d5ec-a1c2-4cd3-a585-d1a2a3ff71bd
[18:51:48] [User Authenticator #3/INFO]: UUID of player sen_lv_ling_ is d6f9adbf-ee57-4d94-b70d-13a1ec4da9c2
[18:51:50] [User Authenticator #5/INFO]: UUID of player Watg_Aze_Nad is 468dff11-e046-4e4d-b62d-8cd5013641d5
