[00:33:36] [User Authenticator #655/INFO]: UUID of player adhesive_tape is 4c96318f-887a-42ea-a266-2e19af41d6cd
[00:33:36] [Server thread/INFO]: adhesive_tape[/127.0.0.1:54102] logged in with entity id 1312881 at ([world_the_end]34.30000001192093, 55.0, -5.444243147463235)
[00:36:39] [Server thread/INFO]: adhesive_tape issued server command: /co i
[00:36:45] [Server thread/INFO]: adhesive_tape issued server command: /co i
[00:57:59] [Server thread/INFO]: [0;33;22m[¹«¸æ] [0;33;22mÏëÒª»ñÈ¡¸ü¶à°ïÖú£¿²éÔÄ¿ÕÓòÈºÎÄ¼şÄÚµÄ°ïÖúÎÄµµ°É£¡ [m
[01:57:59] [Server thread/INFO]: [0;33;22m[¹«¸æ] [0;33;22mÏëÒª»ñÈ¡¸ü¶à°ïÖú£¿²éÔÄ¿ÕÓòÈºÎÄ¼şÄÚµÄ°ïÖúÎÄµµ°É£¡ [m
[02:57:59] [Server thread/INFO]: [0;33;22m[¹«¸æ] [0;33;22mÏëÒª»ñÈ¡¸ü¶à°ïÖú£¿²éÔÄ¿ÕÓòÈºÎÄ¼şÄÚµÄ°ïÖúÎÄµµ°É£¡ [m
[03:57:59] [Server thread/INFO]: [0;33;22m[¹«¸æ] [0;33;22mÏëÒª»ñÈ¡¸ü¶à°ïÖú£¿²éÔÄ¿ÕÓòÈºÎÄ¼şÄÚµÄ°ïÖúÎÄµµ°É£¡ [m
[04:57:59] [Server thread/INFO]: [0;33;22m[¹«¸æ] [0;33;22mÏëÒª»ñÈ¡¸ü¶à°ïÖú£¿²éÔÄ¿ÕÓòÈºÎÄ¼şÄÚµÄ°ïÖúÎÄµµ°É£¡ [m
[05:57:59] [Server thread/INFO]: [0;33;22m[¹«¸æ] [0;33;22mÏëÒª»ñÈ¡¸ü¶à°ïÖú£¿²éÔÄ¿ÕÓòÈºÎÄ¼şÄÚµÄ°ïÖúÎÄµµ°É£¡ [m
[06:57:58] [Server thread/INFO]: [0;33;22m[¹«¸æ] [0;33;22mÏëÒª»ñÈ¡¸ü¶à°ïÖú£¿²éÔÄ¿ÕÓòÈºÎÄ¼şÄÚµÄ°ïÖúÎÄµµ°É£¡ [m
[07:35:38] [User Authenticator #656/INFO]: UUID of player adhesive_tape is 4c96318f-887a-42ea-a266-2e19af41d6cd
[07:35:38] [Server thread/INFO]: adhesive_tape lost connection: You logged in from another location
[07:35:38] [Server thread/INFO]: adhesive_tape left the game
[07:35:38] [Server thread/INFO]: adhesive_tape[/127.0.0.1:55871] logged in with entity id 1467915 at ([world]-220.15355992002867, 228.0, -448.6299082300428)
[07:35:39] [Server thread/INFO]: adhesive_tape lost connection: Disconnected
[07:35:39] [Server thread/INFO]: adhesive_tape left the game
[07:35:44] [User Authenticator #657/INFO]: UUID of player adhesive_tape is 4c96318f-887a-42ea-a266-2e19af41d6cd
[07:35:44] [Server thread/INFO]: adhesive_tape[/127.0.0.1:55873] logged in with entity id 1467919 at ([world]-220.15355992002867, 228.0, -448.6299082300428)
[07:57:58] [Server thread/INFO]: [0;33;22m[¹«¸æ] [0;33;22mÏëÒª»ñÈ¡¸ü¶à°ïÖú£¿²éÔÄ¿ÕÓòÈºÎÄ¼şÄÚµÄ°ïÖúÎÄµµ°É£¡ [m
[08:57:58] [Server thread/INFO]: [0;33;22m[¹«¸æ] [0;33;22mÏëÒª»ñÈ¡¸ü¶à°ïÖú£¿²éÔÄ¿ÕÓòÈºÎÄ¼şÄÚµÄ°ïÖúÎÄµµ°É£¡ [m
[09:44:12] [Server thread/INFO]: adhesive_tape lost connection: Disconnected
[09:44:12] [Server thread/INFO]: adhesive_tape left the game
[09:57:58] [Server thread/INFO]: [0;33;22m[¹«¸æ] [0;33;22mÏëÒª»ñÈ¡¸ü¶à°ïÖú£¿²éÔÄ¿ÕÓòÈºÎÄ¼şÄÚµÄ°ïÖúÎÄµµ°É£¡ [m
[10:57:58] [Server thread/INFO]: [0;33;22m[¹«¸æ] [0;33;22mÏëÒª»ñÈ¡¸ü¶à°ïÖú£¿²éÔÄ¿ÕÓòÈºÎÄ¼şÄÚµÄ°ïÖúÎÄµµ°É£¡ [m
[11:57:58] [Server thread/INFO]: [0;33;22m[¹«¸æ] [0;33;22mÏëÒª»ñÈ¡¸ü¶à°ïÖú£¿²éÔÄ¿ÕÓòÈºÎÄ¼şÄÚµÄ°ïÖúÎÄµµ°É£¡ [m
[12:57:58] [Server thread/INFO]: [0;33;22m[¹«¸æ] [0;33;22mÏëÒª»ñÈ¡¸ü¶à°ïÖú£¿²éÔÄ¿ÕÓòÈºÎÄ¼şÄÚµÄ°ïÖúÎÄµµ°É£¡ [m
[13:57:58] [Server thread/INFO]: [0;33;22m[¹«¸æ] [0;33;22mÏëÒª»ñÈ¡¸ü¶à°ïÖú£¿²éÔÄ¿ÕÓòÈºÎÄ¼şÄÚµÄ°ïÖúÎÄµµ°É£¡ [m
[14:57:58] [Server thread/INFO]: [0;33;22m[¹«¸æ] [0;33;22mÏëÒª»ñÈ¡¸ü¶à°ïÖú£¿²éÔÄ¿ÕÓòÈºÎÄ¼şÄÚµÄ°ïÖúÎÄµµ°É£¡ [m
[15:57:58] [Server thread/INFO]: [0;33;22m[¹«¸æ] [0;33;22mÏëÒª»ñÈ¡¸ü¶à°ïÖú£¿²éÔÄ¿ÕÓòÈºÎÄ¼şÄÚµÄ°ïÖúÎÄµµ°É£¡ [m
[16:57:58] [Server thread/INFO]: [0;33;22m[¹«¸æ] [0;33;22mÏëÒª»ñÈ¡¸ü¶à°ïÖú£¿²éÔÄ¿ÕÓòÈºÎÄ¼şÄÚµÄ°ïÖúÎÄµµ°É£¡ [m
[17:14:37] [User Authenticator #658/INFO]: UUID of player adhesive_tape is 4c96318f-887a-42ea-a266-2e19af41d6cd
[17:14:37] [Server thread/INFO]: adhesive_tape[/127.0.0.1:58321] logged in with entity id 1515189 at ([world]-220.15355992002867, 228.0, -448.6299082300428)
[17:57:58] [Server thread/INFO]: [0;33;22m[¹«¸æ] [0;33;22mÏëÒª»ñÈ¡¸ü¶à°ïÖú£¿²éÔÄ¿ÕÓòÈºÎÄ¼şÄÚµÄ°ïÖúÎÄµµ°É£¡ [m
[18:48:58] [Server thread/WARN]: adhesive_tape moved too quickly! 0.0,135.4769315055109,0.0
[18:49:12] [Server thread/WARN]: adhesive_tape moved too quickly! 0.0,103.48579603114628,0.0
[18:55:04] [User Authenticator #659/INFO]: UUID of player Ttu_nnm is b1ba0763-c0c0-4a8e-b036-db7c78dc6b43
[18:55:04] [Server thread/INFO]: Ttu_nnm[/127.0.0.1:58716] logged in with entity id 1550693 at ([world]1928.5182315069524, 63.0, 5924.584278846561)
[18:57:58] [Server thread/INFO]: [0;33;22m[¹«¸æ] [0;33;22mÏëÒª»ñÈ¡¸ü¶à°ïÖú£¿²éÔÄ¿ÕÓòÈºÎÄ¼şÄÚµÄ°ïÖúÎÄµµ°É£¡ [m
[18:58:50] [Server thread/WARN]: Player Ttu_nnm just tried to change non-editable sign
[18:58:51] [Server thread/WARN]: Player Ttu_nnm just tried to change non-editable sign
[18:58:51] [Server thread/WARN]: Player Ttu_nnm just tried to change non-editable sign
[18:58:52] [Server thread/WARN]: Player Ttu_nnm just tried to change non-editable sign
[18:58:53] [Server thread/WARN]: Player Ttu_nnm just tried to change non-editable sign
[18:59:13] [Server thread/INFO]: Ttu_nnm lost connection: Disconnected
[18:59:13] [Server thread/INFO]: Ttu_nnm left the game
[19:18:43] [User Authenticator #660/INFO]: UUID of player Ttu_nnm is b1ba0763-c0c0-4a8e-b036-db7c78dc6b43
[19:18:43] [Server thread/INFO]: Ttu_nnm[/127.0.0.1:58847] logged in with entity id 1560259 at ([world]1866.133615077637, 120.1875, 6021.454636272452)
[19:31:57] [Server thread/INFO]: Ttu_nnm lost connection: Disconnected
[19:31:57] [Server thread/INFO]: Ttu_nnm left the game
[19:32:50] [User Authenticator #661/INFO]: UUID of player Ttu_nnm is b1ba0763-c0c0-4a8e-b036-db7c78dc6b43
[19:32:51] [Server thread/INFO]: Ttu_nnm[/127.0.0.1:58902] logged in with entity id 1569012 at ([world]1845.4419610090902, 124.5, 6004.691352327315)
[19:41:22] [Server thread/WARN]: Player Ttu_nnm just tried to change non-editable sign
[19:41:23] [Server thread/WARN]: Player Ttu_nnm just tried to change non-editable sign
[19:41:23] [Server thread/WARN]: Player Ttu_nnm just tried to change non-editable sign
[19:41:24] [Server thread/WARN]: Player Ttu_nnm just tried to change non-editable sign
[19:41:24] [Server thread/WARN]: Player Ttu_nnm just tried to change non-editable sign
[19:41:25] [Server thread/WARN]: Player Ttu_nnm just tried to change non-editable sign
[19:41:25] [Server thread/WARN]: Player Ttu_nnm just tried to change non-editable sign
[19:41:25] [Server thread/WARN]: Player Ttu_nnm just tried to change non-editable sign
[19:41:28] [Server thread/WARN]: Player Ttu_nnm just tried to change non-editable sign
[19:41:28] [Server thread/WARN]: Player Ttu_nnm just tried to change non-editable sign
[19:41:28] [Server thread/WARN]: Player Ttu_nnm just tried to change non-editable sign
[19:41:29] [Server thread/WARN]: Player Ttu_nnm just tried to change non-editable sign
[19:41:32] [Server thread/WARN]: Player Ttu_nnm just tried to change non-editable sign
[19:41:32] [Server thread/WARN]: Player Ttu_nnm just tried to change non-editable sign
[19:41:33] [Server thread/WARN]: Player Ttu_nnm just tried to change non-editable sign
[19:41:33] [Server thread/WARN]: Player Ttu_nnm just tried to change non-editable sign
[19:41:36] [Server thread/WARN]: Player Ttu_nnm just tried to change non-editable sign
[19:41:36] [Server thread/WARN]: Player Ttu_nnm just tried to change non-editable sign
[19:41:37] [Server thread/WARN]: Player Ttu_nnm just tried to change non-editable sign
[19:41:37] [Server thread/WARN]: Player Ttu_nnm just tried to change non-editable sign
[19:41:39] [Server thread/WARN]: Player Ttu_nnm just tried to change non-editable sign
[19:41:39] [Server thread/WARN]: Player Ttu_nnm just tried to change non-editable sign
[19:41:39] [Server thread/WARN]: Player Ttu_nnm just tried to change non-editable sign
[19:41:40] [Server thread/WARN]: Player Ttu_nnm just tried to change non-editable sign
[19:41:43] [Server thread/WARN]: Player Ttu_nnm just tried to change non-editable sign
[19:41:43] [Server thread/WARN]: Player Ttu_nnm just tried to change non-editable sign
[19:41:44] [Server thread/WARN]: Player Ttu_nnm just tried to change non-editable sign
[19:41:45] [Server thread/WARN]: Player Ttu_nnm just tried to change non-editable sign
[19:41:45] [Server thread/WARN]: Player Ttu_nnm just tried to change non-editable sign
[19:41:52] [Server thread/WARN]: Player Ttu_nnm just tried to change non-editable sign
[19:41:52] [Server thread/WARN]: Player Ttu_nnm just tried to change non-editable sign
[19:41:52] [Server thread/WARN]: Player Ttu_nnm just tried to change non-editable sign
[19:41:52] [Server thread/WARN]: Player Ttu_nnm just tried to change non-editable sign
[19:41:53] [Server thread/WARN]: Player Ttu_nnm just tried to change non-editable sign
[19:41:53] [Server thread/WARN]: Player Ttu_nnm just tried to change non-editable sign
[19:41:53] [Server thread/WARN]: Player Ttu_nnm just tried to change non-editable sign
[19:41:56] [Server thread/WARN]: Player Ttu_nnm just tried to change non-editable sign
[19:41:57] [Server thread/WARN]: Player Ttu_nnm just tried to change non-editable sign
[19:41:57] [Server thread/WARN]: Player Ttu_nnm just tried to change non-editable sign
[19:41:58] [Server thread/WARN]: Player Ttu_nnm just tried to change non-editable sign
[19:41:58] [Server thread/WARN]: Player Ttu_nnm just tried to change non-editable sign
[19:42:00] [Server thread/WARN]: Player Ttu_nnm just tried to change non-editable sign
[19:42:00] [Server thread/WARN]: Player Ttu_nnm just tried to change non-editable sign
[19:42:01] [Server thread/WARN]: Player Ttu_nnm just tried to change non-editable sign
[19:42:05] [Server thread/WARN]: Player Ttu_nnm just tried to change non-editable sign
[19:42:05] [Server thread/WARN]: Player Ttu_nnm just tried to change non-editable sign
[19:42:05] [Server thread/WARN]: Player Ttu_nnm just tried to change non-editable sign
[19:42:05] [Server thread/WARN]: Player Ttu_nnm just tried to change non-editable sign
[19:42:06] [Server thread/WARN]: Player Ttu_nnm just tried to change non-editable sign
[19:42:08] [Server thread/WARN]: Player Ttu_nnm just tried to change non-editable sign
[19:42:08] [Server thread/WARN]: Player Ttu_nnm just tried to change non-editable sign
[19:42:09] [Server thread/WARN]: Player Ttu_nnm just tried to change non-editable sign
[19:42:09] [Server thread/WARN]: Player Ttu_nnm just tried to change non-editable sign
[19:42:20] [Server thread/WARN]: Player Ttu_nnm just tried to change non-editable sign
[19:42:21] [Server thread/WARN]: Player Ttu_nnm just tried to change non-editable sign
[19:42:21] [Server thread/WARN]: Player Ttu_nnm just tried to change non-editable sign
[19:42:22] [Server thread/WARN]: Player Ttu_nnm just tried to change non-editable sign
[19:42:22] [Server thread/WARN]: Player Ttu_nnm just tried to change non-editable sign
[19:44:11] [Server thread/WARN]: Player Ttu_nnm just tried to change non-editable sign
[19:51:00] [Server thread/INFO]: Ttu_nnm lost connection: Disconnected
[19:51:00] [Server thread/INFO]: Ttu_nnm left the game
[19:57:58] [Server thread/INFO]: [0;33;22m[¹«¸æ] [0;33;22mÏëÒª»ñÈ¡¸ü¶à°ïÖú£¿²éÔÄ¿ÕÓòÈºÎÄ¼şÄÚµÄ°ïÖúÎÄµµ°É£¡ [m
[20:05:08] [User Authenticator #662/INFO]: UUID of player Ttu_nnm is b1ba0763-c0c0-4a8e-b036-db7c78dc6b43
[20:05:08] [Server thread/INFO]: Ttu_nnm[/127.0.0.1:59022] logged in with entity id 1585328 at ([world]1932.2652877451385, 63.0, 5925.1652302416105)
[20:08:43] [Server thread/INFO]: Ttu_nnm lost connection: Disconnected
[20:08:43] [Server thread/INFO]: Ttu_nnm left the game
[20:40:29] [User Authenticator #663/INFO]: UUID of player Ttu_nnm is b1ba0763-c0c0-4a8e-b036-db7c78dc6b43
[20:40:29] [Server thread/INFO]: Ttu_nnm[/127.0.0.1:59191] logged in with entity id 1600163 at ([world]1635.58698740702, 64.0, 5777.422394736456)
[20:55:43] [Server thread/INFO]: [0;32;1m<HAPPY>[0;37;1m adhesive_tape >> e[m
[20:57:58] [Server thread/INFO]: [0;33;22m[¹«¸æ] [0;33;22mÏëÒª»ñÈ¡¸ü¶à°ïÖú£¿²éÔÄ¿ÕÓòÈºÎÄ¼şÄÚµÄ°ïÖúÎÄµµ°É£¡ [m
[21:04:31] [Server thread/WARN]: adhesive_tape moved wrongly!
[21:31:05] [Server thread/INFO]: adhesive_tape lost connection: Disconnected
[21:31:05] [Server thread/INFO]: adhesive_tape left the game
[21:31:05] [Server thread/INFO]: Ttu_nnm lost connection: Disconnected
[21:31:05] [Server thread/INFO]: Ttu_nnm left the game
[21:57:58] [Server thread/INFO]: [0;33;22m[¹«¸æ] [0;33;22mÏëÒª»ñÈ¡¸ü¶à°ïÖú£¿²éÔÄ¿ÕÓòÈºÎÄ¼şÄÚµÄ°ïÖúÎÄµµ°É£¡ [m
[22:57:58] [Server thread/INFO]: [0;33;22m[¹«¸æ] [0;33;22mÏëÒª»ñÈ¡¸ü¶à°ïÖú£¿²éÔÄ¿ÕÓòÈºÎÄ¼şÄÚµÄ°ïÖúÎÄµµ°É£¡ [m
[23:57:58] [Server thread/INFO]: [0;33;22m[¹«¸æ] [0;33;22mÏëÒª»ñÈ¡¸ü¶à°ïÖú£¿²éÔÄ¿ÕÓòÈºÎÄ¼şÄÚµÄ°ïÖúÎÄµµ°É£¡ [m
