[00:01:02] [Server thread/INFO]: Mr_director lost connection: Disconnected
[00:01:02] [Server thread/INFO]: Mr_director left the game
[00:01:27] [Server thread/INFO]: com.mojang.authlib.GameProfile@67fdee3d[id=<null>,name=Mr_director,properties={},legacy=false] (/127.0.0.1:58797) lost connection: Disconnected
[00:01:42] [User Authenticator #19/INFO]: UUID of player Mr_director is ad82c331-f637-4e55-8488-2a38fc6adee9
[00:01:42] [Server thread/INFO]: Mr_director[/127.0.0.1:58800] logged in with entity id 398338 at ([world]1126.699999988079, 191.0, 2270.361332251373)
[00:18:36] [Server thread/INFO]: [0;33;22m[¹«¸æ] [0;33;22mÏëÒª»ñÈ¡¸ü¶à°ïÖú£¿²éÔÄ¿ÕÓòÈºÎÄ¼şÄÚµÄ°ïÖúÎÄµµ°É£¡ [m
[01:18:36] [Server thread/INFO]: [0;33;22m[¹«¸æ] [0;33;22mÏëÒª»ñÈ¡¸ü¶à°ïÖú£¿²éÔÄ¿ÕÓòÈºÎÄ¼şÄÚµÄ°ïÖúÎÄµµ°É£¡ [m
[01:56:52] [Server thread/INFO]: Mr_director lost connection: Disconnected
[01:56:52] [Server thread/INFO]: Mr_director left the game
[02:18:36] [Server thread/INFO]: [0;33;22m[¹«¸æ] [0;33;22mÏëÒª»ñÈ¡¸ü¶à°ïÖú£¿²éÔÄ¿ÕÓòÈºÎÄ¼şÄÚµÄ°ïÖúÎÄµµ°É£¡ [m
[03:18:36] [Server thread/INFO]: [0;33;22m[¹«¸æ] [0;33;22mÏëÒª»ñÈ¡¸ü¶à°ïÖú£¿²éÔÄ¿ÕÓòÈºÎÄ¼şÄÚµÄ°ïÖúÎÄµµ°É£¡ [m
[04:18:36] [Server thread/INFO]: [0;33;22m[¹«¸æ] [0;33;22mÏëÒª»ñÈ¡¸ü¶à°ïÖú£¿²éÔÄ¿ÕÓòÈºÎÄ¼şÄÚµÄ°ïÖúÎÄµµ°É£¡ [m
[05:18:36] [Server thread/INFO]: [0;33;22m[¹«¸æ] [0;33;22mÏëÒª»ñÈ¡¸ü¶à°ïÖú£¿²éÔÄ¿ÕÓòÈºÎÄ¼şÄÚµÄ°ïÖúÎÄµµ°É£¡ [m
[06:18:36] [Server thread/INFO]: [0;33;22m[¹«¸æ] [0;33;22mÏëÒª»ñÈ¡¸ü¶à°ïÖú£¿²éÔÄ¿ÕÓòÈºÎÄ¼şÄÚµÄ°ïÖúÎÄµµ°É£¡ [m
[07:18:36] [Server thread/INFO]: [0;33;22m[¹«¸æ] [0;33;22mÏëÒª»ñÈ¡¸ü¶à°ïÖú£¿²éÔÄ¿ÕÓòÈºÎÄ¼şÄÚµÄ°ïÖúÎÄµµ°É£¡ [m
[08:03:31] [Server thread/INFO]: [0;36;1m[PiglinFix][0;32;1mDrops fixed[m
[08:18:36] [Server thread/INFO]: [0;33;22m[¹«¸æ] [0;33;22mÏëÒª»ñÈ¡¸ü¶à°ïÖú£¿²éÔÄ¿ÕÓòÈºÎÄ¼şÄÚµÄ°ïÖúÎÄµµ°É£¡ [m
[09:18:36] [Server thread/INFO]: [0;33;22m[¹«¸æ] [0;33;22mÏëÒª»ñÈ¡¸ü¶à°ïÖú£¿²éÔÄ¿ÕÓòÈºÎÄ¼şÄÚµÄ°ïÖúÎÄµµ°É£¡ [m
[10:18:36] [Server thread/INFO]: [0;33;22m[¹«¸æ] [0;33;22mÏëÒª»ñÈ¡¸ü¶à°ïÖú£¿²éÔÄ¿ÕÓòÈºÎÄ¼şÄÚµÄ°ïÖúÎÄµµ°É£¡ [m
[10:31:06] [User Authenticator #20/INFO]: UUID of player the_yellowleaf is db81d5ec-a1c2-4cd3-a585-d1a2a3ff71bd
[10:31:06] [Server thread/INFO]: the_yellowleaf[/127.0.0.1:61038] logged in with entity id 617539 at ([world]-622.6911326555017, 68.0, -471.763254281156)
[10:38:13] [pool-5-thread-1/INFO]: [0;30;1m[[0;31;1m[21mGM[0;37;1m[21m+[0;30;1m] [0;30;1m[[0;32;1mINFO[0;30;1m] [0;33;1m Data files refreshed.[m
[10:45:49] [Server thread/INFO]: the_yellowleaf was slain by Zombified Piglin
[10:47:00] [Server thread/INFO]: the_yellowleaf lost connection: Disconnected
[10:47:00] [Server thread/INFO]: the_yellowleaf left the game
[10:47:03] [User Authenticator #21/INFO]: UUID of player the_yellowleaf is db81d5ec-a1c2-4cd3-a585-d1a2a3ff71bd
[10:47:03] [Server thread/INFO]: the_yellowleaf[/127.0.0.1:61099] logged in with entity id 802131 at ([world]-600.5, 67.5625, -495.5)
[11:07:54] [Server thread/INFO]: the_yellowleaf lost connection: Disconnected
[11:07:54] [Server thread/INFO]: the_yellowleaf left the game
[11:18:34] [Server thread/INFO]: [0;33;22m[¹«¸æ] [0;33;22mÏëÒª»ñÈ¡¸ü¶à°ïÖú£¿²éÔÄ¿ÕÓòÈºÎÄ¼şÄÚµÄ°ïÖúÎÄµµ°É£¡ [m
[11:56:49] [Server thread/INFO]: com.mojang.authlib.GameProfile@4356c694[id=<null>,name=adhesive_tape,properties={},legacy=false] (/127.0.0.1:61352) lost connection: Disconnected
[11:57:10] [Server thread/INFO]: com.mojang.authlib.GameProfile@5a8a9cf4[id=<null>,name=adhesive_tape,properties={},legacy=false] (/127.0.0.1:61355) lost connection: Disconnected
[11:57:51] [User Authenticator #22/INFO]: UUID of player adhesive_tape is 4c96318f-887a-42ea-a266-2e19af41d6cd
[11:57:51] [Server thread/INFO]: adhesive_tape[/127.0.0.1:61365] logged in with entity id 826223 at ([world]-528.9695991585354, 67.0, -486.78273963721637)
[11:58:12] [pool-5-thread-1/INFO]: [0;30;1m[[0;31;1m[21mGM[0;37;1m[21m+[0;30;1m] [0;30;1m[[0;32;1mINFO[0;30;1m] [0;33;1m Data files refreshed.[m
[11:59:51] [Server thread/INFO]: adhesive_tape issued server command: /co i
[12:02:42] [Server thread/INFO]: adhesive_tape issued server command: /co i
[12:03:16] [Server thread/INFO]: adhesive_tape lost connection: Disconnected
[12:03:16] [Server thread/INFO]: adhesive_tape left the game
[12:18:34] [Server thread/INFO]: [0;33;22m[¹«¸æ] [0;33;22mÏëÒª»ñÈ¡¸ü¶à°ïÖú£¿²éÔÄ¿ÕÓòÈºÎÄ¼şÄÚµÄ°ïÖúÎÄµµ°É£¡ [m
[12:56:47] [User Authenticator #23/INFO]: UUID of player the_yellowleaf is db81d5ec-a1c2-4cd3-a585-d1a2a3ff71bd
[12:56:47] [Server thread/INFO]: the_yellowleaf[/127.0.0.1:61581] logged in with entity id 832169 at ([world]2882.4280535724206, 64.0, -329.30000001192093)
[12:57:13] [Server thread/INFO]: com.mojang.authlib.GameProfile@7368a8c9[id=<null>,name=the_yellowleaf,properties={},legacy=false] (/127.0.0.1:61564) lost connection: Disconnected
[13:02:26] [Server thread/INFO]: the_yellowleaf lost connection: Disconnected
[13:02:26] [Server thread/INFO]: the_yellowleaf left the game
[13:10:30] [User Authenticator #24/INFO]: UUID of player the_yellowleaf is db81d5ec-a1c2-4cd3-a585-d1a2a3ff71bd
[13:10:30] [Server thread/INFO]: the_yellowleaf[/127.0.0.1:61633] logged in with entity id 833134 at ([world]2678.608225778391, 63.5, -267.9500511576774)
[13:18:35] [Server thread/INFO]: [0;33;22m[¹«¸æ] [0;33;22mÏëÒª»ñÈ¡¸ü¶à°ïÖú£¿²éÔÄ¿ÕÓòÈºÎÄ¼şÄÚµÄ°ïÖúÎÄµµ°É£¡ [m
[13:18:44] [Server thread/WARN]: the_yellowleaf moved too quickly! 1.3717882658568783,-2.516794094404375,11.977668569080208
[13:21:05] [User Authenticator #25/INFO]: UUID of player 4022sun is ee411d13-6d25-49da-baca-07d867fa73fe
[13:21:05] [Server thread/INFO]: 4022sun[/127.0.0.1:61674] logged in with entity id 834761 at ([world]2702.742553743472, 63.0, -292.0706683799028)
[13:27:18] [Server thread/INFO]: the_yellowleaf lost connection: Disconnected
[13:27:18] [Server thread/INFO]: the_yellowleaf left the game
[13:36:44] [Server thread/INFO]: 4022sun lost connection: Disconnected
[13:36:44] [Server thread/INFO]: 4022sun left the game
[14:13:51] [User Authenticator #26/INFO]: UUID of player the_yellowleaf is db81d5ec-a1c2-4cd3-a585-d1a2a3ff71bd
[14:13:52] [Server thread/INFO]: the_yellowleaf[/127.0.0.1:61857] logged in with entity id 836564 at ([world]-514.541524132865, 68.0, -562.0055986554581)
[14:18:35] [Server thread/INFO]: [0;33;22m[¹«¸æ] [0;33;22mÏëÒª»ñÈ¡¸ü¶à°ïÖú£¿²éÔÄ¿ÕÓòÈºÎÄ¼şÄÚµÄ°ïÖúÎÄµµ°É£¡ [m
[14:43:44] [Server thread/INFO]: the_yellowleaf lost connection: Disconnected
[14:43:44] [Server thread/INFO]: the_yellowleaf left the game
[15:18:34] [Server thread/INFO]: [0;33;22m[¹«¸æ] [0;33;22mÏëÒª»ñÈ¡¸ü¶à°ïÖú£¿²éÔÄ¿ÕÓòÈºÎÄ¼şÄÚµÄ°ïÖúÎÄµµ°É£¡ [m
[16:18:34] [Server thread/INFO]: [0;33;22m[¹«¸æ] [0;33;22mÏëÒª»ñÈ¡¸ü¶à°ïÖú£¿²éÔÄ¿ÕÓòÈºÎÄ¼şÄÚµÄ°ïÖúÎÄµµ°É£¡ [m
[17:18:34] [Server thread/INFO]: [0;33;22m[¹«¸æ] [0;33;22mÏëÒª»ñÈ¡¸ü¶à°ïÖú£¿²éÔÄ¿ÕÓòÈºÎÄ¼şÄÚµÄ°ïÖúÎÄµµ°É£¡ [m
[18:18:34] [Server thread/INFO]: [0;33;22m[¹«¸æ] [0;33;22mÏëÒª»ñÈ¡¸ü¶à°ïÖú£¿²éÔÄ¿ÕÓòÈºÎÄ¼şÄÚµÄ°ïÖúÎÄµµ°É£¡ [m
[19:18:34] [Server thread/INFO]: [0;33;22m[¹«¸æ] [0;33;22mÏëÒª»ñÈ¡¸ü¶à°ïÖú£¿²éÔÄ¿ÕÓòÈºÎÄ¼şÄÚµÄ°ïÖúÎÄµµ°É£¡ [m
[20:18:34] [Server thread/INFO]: [0;33;22m[¹«¸æ] [0;33;22mÏëÒª»ñÈ¡¸ü¶à°ïÖú£¿²éÔÄ¿ÕÓòÈºÎÄ¼şÄÚµÄ°ïÖúÎÄµµ°É£¡ [m
[21:18:34] [Server thread/INFO]: [0;33;22m[¹«¸æ] [0;33;22mÏëÒª»ñÈ¡¸ü¶à°ïÖú£¿²éÔÄ¿ÕÓòÈºÎÄ¼şÄÚµÄ°ïÖúÎÄµµ°É£¡ [m
[22:18:34] [Server thread/INFO]: [0;33;22m[¹«¸æ] [0;33;22mÏëÒª»ñÈ¡¸ü¶à°ïÖú£¿²éÔÄ¿ÕÓòÈºÎÄ¼şÄÚµÄ°ïÖúÎÄµµ°É£¡ [m
[23:18:34] [Server thread/INFO]: [0;33;22m[¹«¸æ] [0;33;22mÏëÒª»ñÈ¡¸ü¶à°ïÖú£¿²éÔÄ¿ÕÓòÈºÎÄ¼şÄÚµÄ°ïÖúÎÄµµ°É£¡ [m
