[00:00:56] [Server thread/INFO]: adhesive_tape >> 装机最后一步
[00:01:01] [Server thread/INFO]: adhesive_tape lost connection: Disconnected
[00:01:01] [Server thread/INFO]: adhesive_tape left the game
[00:01:01] [Server thread/INFO]: sen_lv_ling_ lost connection: Disconnected
[00:01:01] [Server thread/INFO]: sen_lv_ling_ left the game
[00:01:07] [Server thread/INFO]: com.mojang.authlib.GameProfile@28fbdc0d[id=<null>,name=adhesive_tape,properties={},legacy=false] (/127.0.0.1:56551) lost connection: Disconnected
[00:01:16] [Server thread/INFO]: com.mojang.authlib.GameProfile@5f6137b4[id=<null>,name=adhesive_tape,properties={},legacy=false] (/127.0.0.1:56556) lost connection: Disconnected
[00:01:19] [User Authenticator #226/INFO]: UUID of player sen_lv_ling_ is d6f9adbf-ee57-4d94-b70d-13a1ec4da9c2
[00:01:19] [Server thread/INFO]: sen_lv_ling_[/127.0.0.1:56558] logged in with entity id 1686413 at ([world]2692.3747117632724, 133.5, -392.31210769813606)
[00:01:20] [Server thread/INFO]: com.mojang.authlib.GameProfile@310cf26c[id=<null>,name=adhesive_tape,properties={},legacy=false] (/127.0.0.1:56566) lost connection: Disconnected
[00:01:24] [Server thread/INFO]: com.mojang.authlib.GameProfile@22ca7b49[id=<null>,name=adhesive_tape,properties={},legacy=false] (/127.0.0.1:56570) lost connection: Disconnected
[00:01:29] [Server thread/INFO]: com.mojang.authlib.GameProfile@6b56dccd[id=<null>,name=adhesive_tape,properties={},legacy=false] (/127.0.0.1:56574) lost connection: Disconnected
[00:03:12] [User Authenticator #227/INFO]: UUID of player adhesive_tape is 4c96318f-887a-42ea-a266-2e19af41d6cd
[00:03:12] [Server thread/INFO]: adhesive_tape[/127.0.0.1:56587] logged in with entity id 1687755 at ([world_nether]215.31512169030105, 121.0, 1013.5673939794947)
[00:03:23] [Server thread/INFO]: adhesive_tape >> 还差最后一步
[00:03:27] [Server thread/INFO]: <森语参上> sen_lv_ling_ >> 0点日常断连
[00:03:29] [Server thread/INFO]: adhesive_tape >> 铁轨矿车
[00:09:00] [Server thread/INFO]: adhesive_tape issued server command: /co i
[00:09:25] [Server thread/INFO]: adhesive_tape issued server command: /co i
[00:11:56] [Server thread/INFO]: adhesive_tape >> 造个盾构机破事真多
[00:12:13] [Server thread/INFO]: [公告] 想要获取更多帮助？查阅空域群文件内的帮助文档吧！ 
[00:21:48] [Server thread/INFO]: adhesive_tape >> 最后2个了
[00:21:53] [Server thread/INFO]: adhesive_tape >> 装完机开机
[00:25:28] [Server thread/INFO]: adhesive_tape lost connection: Disconnected
[00:25:28] [Server thread/INFO]: adhesive_tape left the game
[00:27:14] [User Authenticator #228/INFO]: UUID of player adhesive_tape is 4c96318f-887a-42ea-a266-2e19af41d6cd
[00:27:14] [Server thread/INFO]: adhesive_tape[/127.0.0.1:56738] logged in with entity id 1694419 at ([world_nether]184.1133399430485, 116.0, 1023.8590921839234)
[00:31:21] [Server thread/INFO]: adhesive_tape lost connection: Disconnected
[00:31:21] [Server thread/INFO]: adhesive_tape left the game
[00:31:51] [User Authenticator #229/INFO]: Disconnecting com.mojang.authlib.GameProfile@39ee835f[id=<null>,name=adhesive_tape,properties={},legacy=false] (/127.0.0.1:56769): Authentication servers are down. Please try again later, sorry!
[00:31:51] [User Authenticator #229/ERROR]: Couldn't verify username because servers are unavailable
[00:31:51] [Server thread/INFO]: com.mojang.authlib.GameProfile@39ee835f[id=<null>,name=adhesive_tape,properties={},legacy=false] (/127.0.0.1:56769) lost connection: Authentication servers are down. Please try again later, sorry!
[00:32:02] [User Authenticator #229/INFO]: UUID of player adhesive_tape is 4c96318f-887a-42ea-a266-2e19af41d6cd
[00:32:02] [Server thread/INFO]: adhesive_tape[/127.0.0.1:56775] logged in with entity id 1695104 at ([world_nether]154.68706868747893, 119.0, 1009.8361887087806)
[00:33:34] [Server thread/INFO]: adhesive_tape issued server command: /co i
[00:33:41] [Server thread/INFO]: adhesive_tape issued server command: /co i
[00:33:44] [Server thread/INFO]: adhesive_tape >> 好了
[00:33:49] [Server thread/INFO]: adhesive_tape >> sen过来看看不
[00:34:48] [Server thread/INFO]: adhesive_tape >> sen?
[00:34:59] [Server thread/INFO]: <森语参上> sen_lv_ling_ >> 我刚上厕所去了
[00:35:11] [Server thread/INFO]: adhesive_tape >> 来看开机
[00:35:35] [Server thread/INFO]: <森语参上> sen_lv_ling_ >> 嗯
[00:37:22] [Server thread/INFO]: adhesive_tape >> 带点珍珠
[00:37:42] [Server thread/INFO]: <森语参上> sen_lv_ling_ >> 我到了 = =
[00:38:06] [Server thread/INFO]: sen_lv_ling_ lost connection: Disconnected
[00:38:06] [Server thread/INFO]: sen_lv_ling_ left the game
[00:38:15] [User Authenticator #230/INFO]: UUID of player sen_lv_ling_ is d6f9adbf-ee57-4d94-b70d-13a1ec4da9c2
[00:38:15] [Server thread/INFO]: sen_lv_ling_[/127.0.0.1:56820] logged in with entity id 1696593 at ([world_nether]185.9611217362033, 111.0, 987.3769155530845)
[00:38:30] [Server thread/INFO]: <森语参上> sen_lv_ling_ >> eoe炸了几个粘液块
[00:38:38] [Server thread/INFO]: adhesive_tape >> ..
[00:38:53] [Server thread/INFO]: <森语参上> sen_lv_ling_ >> 185 1011
[00:39:25] [Server thread/INFO]: <森语参上> sen_lv_ling_ >> 最好检查下
[00:39:29] [Server thread/INFO]: adhesive_tape >> 没事了
[00:39:31] [Server thread/INFO]: <森语参上> sen_lv_ling_ >> 我有珍珠
[00:39:43] [Server thread/INFO]: adhesive_tape >> 找个地方看风景吧
[00:40:27] [Server thread/INFO]: adhesive_tape >> 这次是19个单元
[00:40:31] [Server thread/INFO]: adhesive_tape >> 可能有点点卡
[00:40:46] [Server thread/INFO]: adhesive_tape >> 人呢
[00:40:50] [Server thread/INFO]: adhesive_tape >> 过来一点
[00:40:51] [Server thread/INFO]: <森语参上> sen_lv_ling_ >> 在后面
[00:40:58] [Server thread/INFO]: adhesive_tape >> 我换个版本
[00:40:59] [Server thread/INFO]: adhesive_tape lost connection: Disconnected
[00:40:59] [Server thread/INFO]: adhesive_tape left the game
[00:41:11] [User Authenticator #231/INFO]: UUID of player adhesive_tape is 4c96318f-887a-42ea-a266-2e19af41d6cd
[00:41:11] [Server thread/INFO]: adhesive_tape[/127.0.0.1:56843] logged in with entity id 1696779 at ([world_nether]153.89492291737116, 120.0, 1009.702193621859)
[00:41:20] [Server thread/INFO]: adhesive_tape >> 好了
[00:41:25] [Server thread/INFO]: adhesive_tape >> 全自动驾驶
[00:41:37] [Server thread/INFO]: <森语参上> sen_lv_ling_ >> 面前搭路的地狱岩不拆么
[00:41:39] [Server thread/INFO]: adhesive_tape >> 发张图片到群里
[00:41:47] [Server thread/INFO]: adhesive_tape >> 帮我拆一下
[00:41:50] [Server thread/INFO]: <森语参上> sen_lv_ling_ >> ...
[00:44:05] [Server thread/INFO]: adhesive_tape >> 3
[00:44:13] [Server thread/INFO]: adhesive_tape >> 2
[00:44:16] [Server thread/INFO]: adhesive_tape >> 1
[00:44:26] [Server thread/INFO]: adhesive_tape >> 那不好意思
[00:44:26] [Server thread/INFO]: <森语参上> sen_lv_ling_ >> ?
[00:44:29] [Server thread/INFO]: adhesive_tape >> 开关没做完
[00:44:33] [Server thread/INFO]: <森语参上> sen_lv_ling_ >> 噗
[00:45:01] [Server thread/INFO]: adhesive_tape >> 先来一发
[00:45:03] [Server thread/INFO]: adhesive_tape >> 3
[00:45:04] [Server thread/INFO]: adhesive_tape >> 2
[00:45:06] [Server thread/INFO]: adhesive_tape >> 1
[00:45:16] [Server thread/INFO]: <森语参上> sen_lv_ling_ >> ohhhhhhhhhhh
[00:45:24] [Server thread/INFO]: adhesive_tape >> 再来一发
[00:45:40] [Server thread/INFO]: adhesive_tape >> 爽不
[00:46:08] [Server thread/INFO]: <森语参上> sen_lv_ling_ >> 舒服
[00:46:54] [Server thread/INFO]: adhesive_tape >> 准备全自动驾驶
[00:47:39] [User Authenticator #232/INFO]: UUID of player Laohuaji is 6b964e9d-569f-44a7-9ad5-a0b50af836cb
[00:47:39] [Server thread/INFO]: Laohuaji[/127.0.0.1:56885] logged in with entity id 1697508 at ([world]2703.699999988079, 134.0, -392.69999998807907)
[00:47:46] [Server thread/INFO]: adhesive_tape >> .
[00:47:51] [Server thread/INFO]: <森语参上> sen_lv_ling_ >> .
[00:48:00] [Server thread/INFO]: <森语参上> sen_lv_ling_ >> 你快睡觉去
[00:48:06] [Server thread/INFO]: adhesive_tape >> 为了嫖也是蛮拼的
[00:48:23] [Server thread/INFO]: <森语参上> sen_lv_ling_ >> 分你一点贡献点就行了
[00:48:31] [Server thread/INFO]: <管理> Laohuaji >> 要不然我也是在
[00:48:34] [Server thread/INFO]: <管理> Laohuaji >> 玩游戏qwq
[00:48:53] [Server thread/INFO]: <管理> Laohuaji >> 你们站的地方安全嘛qwq
[00:48:58] [Server thread/INFO]: <森语参上> sen_lv_ling_ >> 没有人 比我 更懂 玩游戏
[00:49:09] [Server thread/INFO]: <森语参上> sen_lv_ling_ >> 灵魂出窍看
[00:49:12] [Server thread/INFO]: adhesive_tape >> 好了
[00:49:16] [Server thread/INFO]: adhesive_tape >> 无人驾驶模式
[00:49:20] [Server thread/INFO]: <森语参上> sen_lv_ling_ >> on
[00:49:21] [Server thread/INFO]: <管理> Laohuaji >> 因为我想tp一下
[00:49:35] [Server thread/INFO]: <森语参上> sen_lv_ling_ >> 建议tp我
[00:50:19] [Server thread/INFO]: <森语参上> sen_lv_ling_ >> ?
[00:51:09] [Server thread/INFO]: adhesive_tape >> XD
[00:51:17] [Server thread/INFO]: adhesive_tape >> 造的不够长
[00:51:21] [Server thread/INFO]: Laohuaji issued server command: /gamemode spectator Laohauji
[00:51:21] [Server thread/INFO]: <森语参上> sen_lv_ling_ >> ...
[00:51:27] [Server thread/INFO]: adhesive_tape >> 角角这里还有
[00:51:36] [Server thread/INFO]: <森语参上> sen_lv_ling_ >> 啊这
[00:51:43] [Server thread/INFO]: adhesive_tape >> 令人窒息
[00:51:47] [Server thread/INFO]: Laohuaji issued server command: /gamemode spectator Laohuaji
[00:51:47] [Server thread/INFO]: [Laohuaji: Set own game mode to Spectator Mode]
[00:52:05] [Server thread/INFO]: <森语参上> sen_lv_ling_ >> 令人智熄
[00:52:08] [Server thread/INFO]: <管理> Laohuaji >> 蛤
[00:52:15] [Server thread/INFO]: adhesive_tape >> 服了
[00:52:19] [Server thread/INFO]: adhesive_tape >> 今天到这吧
[00:52:24] [Server thread/INFO]: <森语参上> sen_lv_ling_ >> 睡了
[00:52:26] [Server thread/INFO]: adhesive_tape >> 明天把剩下的补上
[00:52:31] [Server thread/INFO]: <森语参上> sen_lv_ling_ >> 你别来蹭了
[00:52:31] [Server thread/INFO]: adhesive_tape >> 晚安安
[00:52:35] [Server thread/INFO]: <森语参上> sen_lv_ling_ >> 晚安安
[00:52:36] [Server thread/INFO]: adhesive_tape lost connection: Disconnected
[00:52:36] [Server thread/INFO]: adhesive_tape left the game
[00:52:36] [Server thread/INFO]: <管理> Laohuaji >> 安
[00:52:52] [Server thread/INFO]: <森语参上> sen_lv_ling_ >> 老滑稽蹭不了了2333
[00:53:08] [Server thread/INFO]: <管理> Laohuaji >> 嘤
[00:53:12] [Server thread/INFO]: <森语参上> sen_lv_ling_ >> 嘤
[00:53:16] [Server thread/INFO]: <森语参上> sen_lv_ling_ >> 再见
[00:53:19] [Server thread/INFO]: <管理> Laohuaji >> baibai
[00:53:21] [Server thread/INFO]: sen_lv_ling_ lost connection: Disconnected
[00:53:21] [Server thread/INFO]: sen_lv_ling_ left the game
[00:53:44] [Server thread/INFO]: Laohuaji issued server command: /gamemode survival Laohuaji
[00:53:44] [Server thread/INFO]: [Laohuaji: Set own game mode to Survival Mode]
[00:53:54] [Server thread/INFO]: Laohuaji lost connection: Disconnected
[00:53:54] [Server thread/INFO]: Laohuaji left the game
[00:56:25] [User Authenticator #233/INFO]: UUID of player Laohuaji is 6b964e9d-569f-44a7-9ad5-a0b50af836cb
[00:56:25] [Server thread/INFO]: Laohuaji[/127.0.0.1:56954] logged in with entity id 1700579 at ([world_nether]196.3709279440672, 115.0, 760.8536840340128)
[00:56:39] [Server thread/INFO]: Laohuaji issued server command: /p
[00:56:44] [Server thread/INFO]: Laohuaji issued server command: /p me
[00:56:57] [Server thread/INFO]: Laohuaji issued server command: /p lead
[00:57:18] [Server thread/INFO]: <管理> Laohuaji >> qwq
[00:57:24] [Server thread/INFO]: <管理> Laohuaji >> 服务器没人了
[00:57:26] [Server thread/INFO]: Laohuaji lost connection: Disconnected
[00:57:26] [Server thread/INFO]: Laohuaji left the game
[01:12:13] [Server thread/INFO]: [公告] [活动・这是我的战争] 现已开放报名，详见群内公告 
[02:12:13] [Server thread/INFO]: [公告] 想要获取更多帮助？查阅空域群文件内的帮助文档吧！ 
[03:12:13] [Server thread/INFO]: [公告] [活动・这是我的战争] 现已开放报名，详见群内公告 
[04:12:13] [Server thread/INFO]: [公告] 想要获取更多帮助？查阅空域群文件内的帮助文档吧！ 
[05:12:13] [Server thread/INFO]: [公告] [活动・这是我的战争] 现已开放报名，详见群内公告 
[06:12:13] [Server thread/INFO]: [公告] 想要获取更多帮助？查阅空域群文件内的帮助文档吧！ 
[07:12:13] [Server thread/INFO]: [公告] [活动・这是我的战争] 现已开放报名，详见群内公告 
[07:43:51] [User Authenticator #234/INFO]: UUID of player HitoShouri is 65a0ca08-1f30-4aee-99cd-f57d809b2af8
[07:43:51] [Server thread/INFO]: HitoShouri[/127.0.0.1:59459] logged in with entity id 1700979 at ([world]1396.1466025846896, 66.0, 208.0636892947698)
[07:46:34] [Server thread/INFO]: HitoShouri lost connection: Disconnected
[07:46:34] [Server thread/INFO]: HitoShouri left the game
[07:46:51] [User Authenticator #235/INFO]: UUID of player HitoShouri is 65a0ca08-1f30-4aee-99cd-f57d809b2af8
[07:46:51] [Server thread/INFO]: HitoShouri[/127.0.0.1:59481] logged in with entity id 1701716 at ([world]1309.3086687772313, 64.0, 209.30000001192093)
[07:55:33] [User Authenticator #236/INFO]: UUID of player Li_zi_wei is 03f744dd-f5b7-42cf-8626-935e6dfb3462
[07:55:33] [Server thread/INFO]: Li_zi_wei[/127.0.0.1:59535] logged in with entity id 1702991 at ([world]1141.699999988079, 74.0, -1633.456590719231)
[08:03:44] [Server thread/INFO]: com.mojang.authlib.GameProfile@2e815cc6[id=<null>,name=_YuanXiao_,properties={},legacy=false] (/127.0.0.1:59588) lost connection: Disconnected
[08:03:49] [User Authenticator #237/INFO]: UUID of player _YuanXiao_ is 4f9774d2-fbbb-463f-878d-3a0eae13ec05
[08:03:49] [Server thread/INFO]: _YuanXiao_[/127.0.0.1:59591] logged in with entity id 1704207 at ([world]2692.082029787752, 133.5, -392.96306723240383)
[08:04:10] [Server thread/INFO]: _YuanXiao_ issued server command: /co i
[08:04:56] [Server thread/INFO]: _YuanXiao_ issued server command: /co i
[08:07:51] [Server thread/INFO]: _YuanXiao_ issued server command: /co i
[08:08:19] [Server thread/INFO]: _YuanXiao_ issued server command: /coi
[08:08:26] [Server thread/INFO]: _YuanXiao_ issued server command: /co i
[08:09:26] [Server thread/INFO]: Li_zi_wei lost connection: Disconnected
[08:09:26] [Server thread/INFO]: Li_zi_wei left the game
[08:12:13] [Server thread/INFO]: [公告] 想要获取更多帮助？查阅空域群文件内的帮助文档吧！ 
[08:12:41] [Server thread/INFO]: _YuanXiao_ >> 三叉戟！！！又一个
[08:13:40] [Server thread/INFO]: _YuanXiao_ >> HitoShouri你倒是说句话啊
[08:25:30] [User Authenticator #238/INFO]: UUID of player Li_zi_wei is 03f744dd-f5b7-42cf-8626-935e6dfb3462
[08:25:30] [Server thread/INFO]: Li_zi_wei[/127.0.0.1:59756] logged in with entity id 1710494 at ([world]1094.4665765043605, 63.5625, -1742.6667400620272)
[08:26:12] [User Authenticator #238/INFO]: UUID of player fly_pigman01 is ee66c593-3d27-4832-911d-b569dd50102f
[08:26:12] [Server thread/INFO]: fly_pigman01[/127.0.0.1:59784] logged in with entity id 1710709 at ([world]5159.697022916601, 64.0, 169.30261716459103)
[08:26:29] [Server thread/INFO]: Li_zi_wei issued server command: /co i
[08:26:38] [Server thread/INFO]: Li_zi_wei issued server command: /co i
[08:26:53] [Server thread/INFO]: _YuanXiao_ >> Li_zi_wei要三叉戟吗awa
[08:26:59] [Server thread/INFO]: Li_zi_wei >> 怎么卖（
[08:27:09] [Server thread/INFO]: _YuanXiao_ >> 送
[08:27:13] [Server thread/INFO]: Li_zi_wei >> 我来！
[08:27:18] [Server thread/INFO]: _YuanXiao_ >> 今天心情好
[08:27:34] [Server thread/INFO]: _YuanXiao_ >> 刚刚期末考试完
