[00:51:54] [Server thread/INFO]: [0;33;22m[¹«¸æ] [0;33;22mÏëÒª»ñÈ¡¸ü¶à°ïÖú£¿²éÔÄ¿ÕÓòÈºÎÄ¼şÄÚµÄ°ïÖúÎÄµµ°É£¡ [m
[01:51:54] [Server thread/INFO]: [0;33;22m[¹«¸æ] [0;33;22mÏëÒª»ñÈ¡¸ü¶à°ïÖú£¿²éÔÄ¿ÕÓòÈºÎÄ¼şÄÚµÄ°ïÖúÎÄµµ°É£¡ [m
[02:51:54] [Server thread/INFO]: [0;33;22m[¹«¸æ] [0;33;22mÏëÒª»ñÈ¡¸ü¶à°ïÖú£¿²éÔÄ¿ÕÓòÈºÎÄ¼şÄÚµÄ°ïÖúÎÄµµ°É£¡ [m
[03:51:54] [Server thread/INFO]: [0;33;22m[¹«¸æ] [0;33;22mÏëÒª»ñÈ¡¸ü¶à°ïÖú£¿²éÔÄ¿ÕÓòÈºÎÄ¼şÄÚµÄ°ïÖúÎÄµµ°É£¡ [m
[04:51:54] [Server thread/INFO]: [0;33;22m[¹«¸æ] [0;33;22mÏëÒª»ñÈ¡¸ü¶à°ïÖú£¿²éÔÄ¿ÕÓòÈºÎÄ¼şÄÚµÄ°ïÖúÎÄµµ°É£¡ [m
[05:51:54] [Server thread/INFO]: [0;33;22m[¹«¸æ] [0;33;22mÏëÒª»ñÈ¡¸ü¶à°ïÖú£¿²éÔÄ¿ÕÓòÈºÎÄ¼şÄÚµÄ°ïÖúÎÄµµ°É£¡ [m
[06:51:54] [Server thread/INFO]: [0;33;22m[¹«¸æ] [0;33;22mÏëÒª»ñÈ¡¸ü¶à°ïÖú£¿²éÔÄ¿ÕÓòÈºÎÄ¼şÄÚµÄ°ïÖúÎÄµµ°É£¡ [m
[07:51:54] [Server thread/INFO]: [0;33;22m[¹«¸æ] [0;33;22mÏëÒª»ñÈ¡¸ü¶à°ïÖú£¿²éÔÄ¿ÕÓòÈºÎÄ¼şÄÚµÄ°ïÖúÎÄµµ°É£¡ [m
[08:51:54] [Server thread/INFO]: [0;33;22m[¹«¸æ] [0;33;22mÏëÒª»ñÈ¡¸ü¶à°ïÖú£¿²éÔÄ¿ÕÓòÈºÎÄ¼şÄÚµÄ°ïÖúÎÄµµ°É£¡ [m
[09:51:54] [Server thread/INFO]: [0;33;22m[¹«¸æ] [0;33;22mÏëÒª»ñÈ¡¸ü¶à°ïÖú£¿²éÔÄ¿ÕÓòÈºÎÄ¼şÄÚµÄ°ïÖúÎÄµµ°É£¡ [m
[10:51:54] [Server thread/INFO]: [0;33;22m[¹«¸æ] [0;33;22mÏëÒª»ñÈ¡¸ü¶à°ïÖú£¿²éÔÄ¿ÕÓòÈºÎÄ¼şÄÚµÄ°ïÖúÎÄµµ°É£¡ [m
[11:27:38] [Server thread/INFO]: com.mojang.authlib.GameProfile@5f3514e5[id=<null>,name=Ttu_nnm,properties={},legacy=false] (/127.0.0.1:52917) lost connection: Disconnected
[11:27:42] [Server thread/INFO]: com.mojang.authlib.GameProfile@490da233[id=<null>,name=Ttu_nnm,properties={},legacy=false] (/127.0.0.1:52918) lost connection: Disconnected
[11:27:51] [User Authenticator #84/INFO]: UUID of player Ttu_nnm is b1ba0763-c0c0-4a8e-b036-db7c78dc6b43
[11:27:51] [Server thread/INFO]: Ttu_nnm[/127.0.0.1:52921] logged in with entity id 408931 at ([world]2048.186305899548, 67.0, 5751.972010082883)
[11:36:40] [Server thread/INFO]: Ttu_nnm lost connection: Disconnected
[11:36:40] [Server thread/INFO]: Ttu_nnm left the game
[11:38:22] [User Authenticator #85/INFO]: UUID of player Ttu_nnm is b1ba0763-c0c0-4a8e-b036-db7c78dc6b43
[11:38:23] [Server thread/INFO]: Ttu_nnm[/127.0.0.1:52977] logged in with entity id 411631 at ([world]5222.4248934702755, 73.0, -108.45210433652024)
[11:40:47] [Server thread/INFO]: Ttu_nnm lost connection: Disconnected
[11:40:47] [Server thread/INFO]: Ttu_nnm left the game
[11:42:36] [User Authenticator #86/INFO]: UUID of player Ttu_nnm is b1ba0763-c0c0-4a8e-b036-db7c78dc6b43
[11:42:36] [Server thread/INFO]: Ttu_nnm[/127.0.0.1:52999] logged in with entity id 412160 at ([world]5220.14295226645, 71.0, -106.59656585331233)
[11:51:55] [Server thread/INFO]: [0;33;22m[¹«¸æ] [0;33;22mÏëÒª»ñÈ¡¸ü¶à°ïÖú£¿²éÔÄ¿ÕÓòÈºÎÄ¼şÄÚµÄ°ïÖúÎÄµµ°É£¡ [m
[11:57:52] [Server thread/INFO]: Ttu_nnm lost connection: Disconnected
[11:57:52] [Server thread/INFO]: Ttu_nnm left the game
[12:02:15] [User Authenticator #87/INFO]: UUID of player Ttu_nnm is b1ba0763-c0c0-4a8e-b036-db7c78dc6b43
[12:02:15] [Server thread/INFO]: Ttu_nnm[/127.0.0.1:53115] logged in with entity id 415677 at ([world]5214.706185446636, 74.0, -108.70153715294649)
[12:05:04] [Server thread/INFO]: Ttu_nnm lost connection: Disconnected
[12:05:04] [Server thread/INFO]: Ttu_nnm left the game
[12:51:54] [Server thread/INFO]: [0;33;22m[¹«¸æ] [0;33;22mÏëÒª»ñÈ¡¸ü¶à°ïÖú£¿²éÔÄ¿ÕÓòÈºÎÄ¼şÄÚµÄ°ïÖúÎÄµµ°É£¡ [m
[13:51:54] [Server thread/INFO]: [0;33;22m[¹«¸æ] [0;33;22mÏëÒª»ñÈ¡¸ü¶à°ïÖú£¿²éÔÄ¿ÕÓòÈºÎÄ¼şÄÚµÄ°ïÖúÎÄµµ°É£¡ [m
[14:51:54] [Server thread/INFO]: [0;33;22m[¹«¸æ] [0;33;22mÏëÒª»ñÈ¡¸ü¶à°ïÖú£¿²éÔÄ¿ÕÓòÈºÎÄ¼şÄÚµÄ°ïÖúÎÄµµ°É£¡ [m
[15:12:21] [Server thread/INFO]: com.mojang.authlib.GameProfile@583825cb[id=<null>,name=Ttu_nnm,properties={},legacy=false] (/127.0.0.1:54085) lost connection: Disconnected
[15:12:24] [Server thread/INFO]: com.mojang.authlib.GameProfile@59a57ecb[id=<null>,name=Ttu_nnm,properties={},legacy=false] (/127.0.0.1:54087) lost connection: Disconnected
[15:12:38] [User Authenticator #88/INFO]: UUID of player Ttu_nnm is b1ba0763-c0c0-4a8e-b036-db7c78dc6b43
[15:12:38] [Server thread/INFO]: Ttu_nnm[/127.0.0.1:54090] logged in with entity id 416273 at ([world]5170.300000011921, 81.0, -97.69999998807907)
[15:28:57] [Server thread/WARN]: Player Ttu_nnm just tried to change non-editable sign
[15:29:09] [Server thread/WARN]: Player Ttu_nnm just tried to change non-editable sign
[15:29:18] [Server thread/WARN]: Player Ttu_nnm just tried to change non-editable sign
[15:29:21] [Server thread/WARN]: Player Ttu_nnm just tried to change non-editable sign
[15:29:24] [Server thread/WARN]: Player Ttu_nnm just tried to change non-editable sign
[15:29:24] [Server thread/WARN]: Player Ttu_nnm just tried to change non-editable sign
[15:30:13] [Server thread/WARN]: Player Ttu_nnm just tried to change non-editable sign
[15:30:14] [Server thread/WARN]: Player Ttu_nnm just tried to change non-editable sign
[15:30:14] [Server thread/WARN]: Player Ttu_nnm just tried to change non-editable sign
[15:30:15] [Server thread/WARN]: Player Ttu_nnm just tried to change non-editable sign
[15:30:15] [Server thread/WARN]: Player Ttu_nnm just tried to change non-editable sign
[15:30:21] [Server thread/WARN]: Player Ttu_nnm just tried to change non-editable sign
[15:30:21] [Server thread/WARN]: Player Ttu_nnm just tried to change non-editable sign
[15:30:25] [Server thread/WARN]: Player Ttu_nnm just tried to change non-editable sign
[15:30:25] [Server thread/WARN]: Player Ttu_nnm just tried to change non-editable sign
[15:30:26] [Server thread/WARN]: Player Ttu_nnm just tried to change non-editable sign
[15:30:28] [Server thread/WARN]: Player Ttu_nnm just tried to change non-editable sign
[15:30:28] [Server thread/WARN]: Player Ttu_nnm just tried to change non-editable sign
[15:30:29] [Server thread/WARN]: Player Ttu_nnm just tried to change non-editable sign
[15:30:29] [Server thread/WARN]: Player Ttu_nnm just tried to change non-editable sign
[15:30:31] [Server thread/WARN]: Player Ttu_nnm just tried to change non-editable sign
[15:30:31] [Server thread/WARN]: Player Ttu_nnm just tried to change non-editable sign
[15:30:32] [Server thread/WARN]: Player Ttu_nnm just tried to change non-editable sign
[15:30:34] [Server thread/WARN]: Player Ttu_nnm just tried to change non-editable sign
[15:30:34] [Server thread/WARN]: Player Ttu_nnm just tried to change non-editable sign
[15:30:35] [Server thread/WARN]: Player Ttu_nnm just tried to change non-editable sign
[15:30:35] [Server thread/WARN]: Player Ttu_nnm just tried to change non-editable sign
[15:30:38] [Server thread/WARN]: Player Ttu_nnm just tried to change non-editable sign
[15:30:38] [Server thread/WARN]: Player Ttu_nnm just tried to change non-editable sign
[15:30:39] [Server thread/WARN]: Player Ttu_nnm just tried to change non-editable sign
[15:30:41] [Server thread/WARN]: Player Ttu_nnm just tried to change non-editable sign
[15:30:41] [Server thread/WARN]: Player Ttu_nnm just tried to change non-editable sign
[15:30:43] [Server thread/WARN]: Player Ttu_nnm just tried to change non-editable sign
[15:33:37] [Server thread/INFO]: Ttu_nnm lost connection: Disconnected
[15:33:37] [Server thread/INFO]: Ttu_nnm left the game
[15:51:00] [User Authenticator #89/INFO]: UUID of player Ttu_nnm is b1ba0763-c0c0-4a8e-b036-db7c78dc6b43
[15:51:00] [Server thread/INFO]: Ttu_nnm[/127.0.0.1:54289] logged in with entity id 438407 at ([world]1849.8028481393092, 107.0, 6012.534394628825)
[15:51:54] [Server thread/INFO]: [0;33;22m[¹«¸æ] [0;33;22mÏëÒª»ñÈ¡¸ü¶à°ïÖú£¿²éÔÄ¿ÕÓòÈºÎÄ¼şÄÚµÄ°ïÖúÎÄµµ°É£¡ [m
[16:09:23] [User Authenticator #90/INFO]: UUID of player ironman_sm is 57836f52-7f2e-47c5-99d9-aeb32bb865c8
[16:09:23] [Server thread/INFO]: ironman_sm[/127.0.0.1:54396] logged in with entity id 440461 at ([world]1753.050000011921, 18.3125, 208.07499998807907)
[16:09:29] [Server thread/INFO]: ironman_sm hit the ground too hard
[16:18:04] [Server thread/INFO]: ironman_sm has made the advancement [Stone Age]
[16:18:09] [Server thread/INFO]: ironman_sm hit the ground too hard
[16:18:43] [Server thread/WARN]: Player Ttu_nnm just tried to change non-editable sign
[16:18:43] [Server thread/WARN]: Player Ttu_nnm just tried to change non-editable sign
[16:18:45] [Server thread/WARN]: Player Ttu_nnm just tried to change non-editable sign
[16:18:45] [Server thread/WARN]: Player Ttu_nnm just tried to change non-editable sign
[16:18:47] [Server thread/WARN]: Player Ttu_nnm just tried to change non-editable sign
[16:18:47] [Server thread/WARN]: Player Ttu_nnm just tried to change non-editable sign
[16:18:47] [Server thread/WARN]: Player Ttu_nnm just tried to change non-editable sign
[16:18:47] [Server thread/WARN]: Player Ttu_nnm just tried to change non-editable sign
[16:18:48] [Server thread/WARN]: Player Ttu_nnm just tried to change non-editable sign
[16:18:48] [Server thread/WARN]: Player Ttu_nnm just tried to change non-editable sign
[16:19:14] [Server thread/WARN]: Player Ttu_nnm just tried to change non-editable sign
[16:19:14] [Server thread/WARN]: Player Ttu_nnm just tried to change non-editable sign
[16:19:15] [Server thread/WARN]: Player Ttu_nnm just tried to change non-editable sign
[16:19:15] [Server thread/WARN]: Player Ttu_nnm just tried to change non-editable sign
[16:19:17] [Server thread/WARN]: Player Ttu_nnm just tried to change non-editable sign
[16:19:17] [Server thread/WARN]: Player Ttu_nnm just tried to change non-editable sign
[16:19:18] [Server thread/WARN]: Player Ttu_nnm just tried to change non-editable sign
[16:19:18] [Server thread/WARN]: Player Ttu_nnm just tried to change non-editable sign
[16:19:53] [Server thread/WARN]: Player Ttu_nnm just tried to change non-editable sign
[16:19:53] [Server thread/WARN]: Player Ttu_nnm just tried to change non-editable sign
[16:19:55] [Server thread/WARN]: Player Ttu_nnm just tried to change non-editable sign
[16:19:55] [Server thread/WARN]: Player Ttu_nnm just tried to change non-editable sign
[16:19:57] [Server thread/WARN]: Player Ttu_nnm just tried to change non-editable sign
[16:19:57] [Server thread/WARN]: Player Ttu_nnm just tried to change non-editable sign
[16:20:00] [Server thread/WARN]: Player Ttu_nnm just tried to change non-editable sign
[16:20:00] [Server thread/WARN]: Player Ttu_nnm just tried to change non-editable sign
[16:20:01] [Server thread/WARN]: Player Ttu_nnm just tried to change non-editable sign
[16:20:01] [Server thread/WARN]: Player Ttu_nnm just tried to change non-editable sign
[16:20:02] [Server thread/WARN]: Player Ttu_nnm just tried to change non-editable sign
[16:20:02] [Server thread/WARN]: Player Ttu_nnm just tried to change non-editable sign
[16:20:04] [Server thread/WARN]: Player Ttu_nnm just tried to change non-editable sign
[16:20:04] [Server thread/WARN]: Player Ttu_nnm just tried to change non-editable sign
[16:20:06] [Server thread/WARN]: Player Ttu_nnm just tried to change non-editable sign
[16:20:06] [Server thread/WARN]: Player Ttu_nnm just tried to change non-editable sign
[16:20:07] [Server thread/WARN]: Player Ttu_nnm just tried to change non-editable sign
[16:20:07] [Server thread/WARN]: Player Ttu_nnm just tried to change non-editable sign
[16:20:08] [Server thread/WARN]: Player Ttu_nnm just tried to change non-editable sign
[16:20:08] [Server thread/WARN]: Player Ttu_nnm just tried to change non-editable sign
[16:20:41] [Server thread/INFO]: ironman_sm hit the ground too hard
[16:20:46] [Server thread/INFO]: ironman_sm lost connection: Disconnected
[16:20:46] [Server thread/INFO]: ironman_sm left the game
[16:37:28] [Server thread/INFO]: Ttu_nnm lost connection: Disconnected
[16:37:28] [Server thread/INFO]: Ttu_nnm left the game
[16:51:54] [Server thread/INFO]: [0;33;22m[¹«¸æ] [0;33;22mÏëÒª»ñÈ¡¸ü¶à°ïÖú£¿²éÔÄ¿ÕÓòÈºÎÄ¼şÄÚµÄ°ïÖúÎÄµµ°É£¡ [m
[17:51:54] [Server thread/INFO]: [0;33;22m[¹«¸æ] [0;33;22mÏëÒª»ñÈ¡¸ü¶à°ïÖú£¿²éÔÄ¿ÕÓòÈºÎÄ¼şÄÚµÄ°ïÖúÎÄµµ°É£¡ [m
[18:51:54] [Server thread/INFO]: [0;33;22m[¹«¸æ] [0;33;22mÏëÒª»ñÈ¡¸ü¶à°ïÖú£¿²éÔÄ¿ÕÓòÈºÎÄ¼şÄÚµÄ°ïÖúÎÄµµ°É£¡ [m
[19:51:54] [Server thread/INFO]: [0;33;22m[¹«¸æ] [0;33;22mÏëÒª»ñÈ¡¸ü¶à°ïÖú£¿²éÔÄ¿ÕÓòÈºÎÄ¼şÄÚµÄ°ïÖúÎÄµµ°É£¡ [m
[20:51:54] [Server thread/INFO]: [0;33;22m[¹«¸æ] [0;33;22mÏëÒª»ñÈ¡¸ü¶à°ïÖú£¿²éÔÄ¿ÕÓòÈºÎÄ¼şÄÚµÄ°ïÖúÎÄµµ°É£¡ [m
[21:09:15] [Server thread/INFO]: Disconnecting com.mojang.authlib.GameProfile@277094af[id=<null>,name=pinkmilk,properties={},legacy=false] (/127.0.0.1:56074): Took too long to log in
[21:09:15] [Server thread/INFO]: com.mojang.authlib.GameProfile@277094af[id=<null>,name=pinkmilk,properties={},legacy=false] (/127.0.0.1:56074) lost connection: Took too long to log in
[21:09:24] [User Authenticator #91/INFO]: Disconnecting com.mojang.authlib.GameProfile@277094af[id=<null>,name=pinkmilk,properties={},legacy=false] (/127.0.0.1:56074): Authentication servers are down. Please try again later, sorry!
[21:09:24] [User Authenticator #91/ERROR]: Couldn't verify username because servers are unavailable
[21:09:25] [User Authenticator #92/INFO]: UUID of player pinkmilk is 591b69f1-5eb9-490b-900c-04516907dc49
[21:09:25] [Server thread/INFO]: pinkmilk[/127.0.0.1:56080] logged in with entity id 445802 at ([world]-513.0180044795036, 75.5, -468.29485960290106)
[21:11:42] [pool-5-thread-1/INFO]: [0;30;1m[[0;31;1m[21mGM[0;37;1m[21m+[0;30;1m] [0;30;1m[[0;32;1mINFO[0;30;1m] [0;33;1m Data files refreshed.[m
[21:19:13] [Server thread/INFO]: pinkmilk issued server command: /co i
[21:19:23] [Server thread/INFO]: pinkmilk issued server command: /co i
[21:19:25] [Server thread/INFO]: pinkmilk lost connection: Disconnected
[21:19:25] [Server thread/INFO]: pinkmilk left the game
[21:51:54] [Server thread/INFO]: [0;33;22m[¹«¸æ] [0;33;22mÏëÒª»ñÈ¡¸ü¶à°ïÖú£¿²éÔÄ¿ÕÓòÈºÎÄ¼şÄÚµÄ°ïÖúÎÄµµ°É£¡ [m
[22:40:35] [Server thread/INFO]: com.mojang.authlib.GameProfile@290b56ef[id=<null>,name=the_yellowleaf,properties={},legacy=false] (/127.0.0.1:56554) lost connection: Disconnected
[22:40:39] [User Authenticator #93/INFO]: Disconnecting /127.0.0.1:56551: Failed to verify username!
[22:40:39] [User Authenticator #93/ERROR]: Username 'the_yellowleaf' tried to join with an invalid session
[22:40:39] [Server thread/INFO]: /127.0.0.1:56551 lost connection: Failed to verify username!
[22:40:44] [User Authenticator #94/INFO]: UUID of player the_yellowleaf is db81d5ec-a1c2-4cd3-a585-d1a2a3ff71bd
[22:40:45] [Server thread/INFO]: the_yellowleaf[/127.0.0.1:56561] logged in with entity id 446932 at ([world]1307.8248079257432, 63.0, 184.44641390310156)
[22:41:04] [Server thread/INFO]: com.mojang.authlib.GameProfile@4d9c092d[id=<null>,name=the_yellowleaf,properties={},legacy=false] (/127.0.0.1:56552) lost connection: Timed out
[22:51:55] [Server thread/INFO]: [0;33;22m[¹«¸æ] [0;33;22mÏëÒª»ñÈ¡¸ü¶à°ïÖú£¿²éÔÄ¿ÕÓòÈºÎÄ¼şÄÚµÄ°ïÖúÎÄµµ°É£¡ [m
[23:05:10] [Server thread/ERROR]: Input does not contain a key [type]: MapLike[{name:"minecraft:flower",config:{tries:64,yspread:3,xspread:7,need_water:0b,zspread:7,blacklist:[],project:1b,block_placer:{type:"minecraft:simple_block_placer"},state_provider:{type:"minecraft:plain_flower_provider"},whitelist:[],can_replace:0b}}]
[23:05:10] [Server thread/ERROR]: Input does not contain a key [type]: MapLike[{name:"minecraft:block_pile",config:{state_provider:{state:{Properties:{axis:"y"},Name:"minecraft:hay_block"},type:"minecraft:simple_state_provider"}}}]
[23:05:10] [Server thread/ERROR]: Input does not contain a key [type]: MapLike[{name:"minecraft:block_pile",config:{state_provider:{state:{Properties:{axis:"y"},Name:"minecraft:hay_block"},type:"minecraft:simple_state_provider"}}}]
[23:05:10] [Server thread/ERROR]: Input does not contain a key [type]: MapLike[{name:"minecraft:normal_tree",config:{height_rand_b:0,foliage_height:3,trunk_height:-1,base_height:4,trunk_top_offset_random:0,leaves_provider:{state:{Properties:{distance:"7",persistent:"false"},Name:"minecraft:oak_leaves"},type:"minecraft:simple_state_provider"},trunk_height_random:0,trunk_provider:{state:{Properties:{axis:"y"},Name:"minecraft:oak_log"},type:"minecraft:simple_state_provider"},decorators:[],foliage_height_random:0,height_rand_a:2,trunk_top_offset:0,max_water_depth:0,foliage_placer:{type:"minecraft:blob_foliage_placer",radius:2,radius_random:0},ignore_vines:1b}}]
[23:05:10] [Server thread/ERROR]: Input does not contain a key [type]: MapLike[{name:"minecraft:normal_tree",config:{height_rand_b:0,foliage_height:3,trunk_height:-1,base_height:4,trunk_top_offset_random:0,leaves_provider:{state:{Properties:{distance:"7",persistent:"false"},Name:"minecraft:oak_leaves"},type:"minecraft:simple_state_provider"},trunk_height_random:0,trunk_provider:{state:{Properties:{axis:"y"},Name:"minecraft:oak_log"},type:"minecraft:simple_state_provider"},decorators:[],foliage_height_random:0,height_rand_a:2,trunk_top_offset:0,max_water_depth:0,foliage_placer:{type:"minecraft:blob_foliage_placer",radius:2,radius_random:0},ignore_vines:1b}}]
[23:05:10] [Server thread/ERROR]: Input does not contain a key [type]: MapLike[{name:"minecraft:flower",config:{tries:64,yspread:3,xspread:7,need_water:0b,zspread:7,blacklist:[],project:1b,block_placer:{type:"minecraft:simple_block_placer"},state_provider:{type:"minecraft:plain_flower_provider"},whitelist:[],can_replace:0b}}]
[23:05:10] [Server thread/ERROR]: Input does not contain a key [type]: MapLike[{name:"minecraft:flower",config:{tries:64,yspread:3,xspread:7,need_water:0b,zspread:7,blacklist:[],project:1b,block_placer:{type:"minecraft:simple_block_placer"},state_provider:{type:"minecraft:plain_flower_provider"},whitelist:[],can_replace:0b}}]
[23:05:10] [Server thread/ERROR]: Input does not contain a key [type]: MapLike[{name:"minecraft:flower",config:{tries:64,yspread:3,xspread:7,need_water:0b,zspread:7,blacklist:[],project:1b,block_placer:{type:"minecraft:simple_block_placer"},state_provider:{type:"minecraft:plain_flower_provider"},whitelist:[],can_replace:0b}}]
[23:05:10] [Server thread/ERROR]: Input does not contain a key [type]: MapLike[{name:"minecraft:block_pile",config:{state_provider:{state:{Properties:{axis:"y"},Name:"minecraft:hay_block"},type:"minecraft:simple_state_provider"}}}]
[23:05:10] [Server thread/ERROR]: Input does not contain a key [type]: MapLike[{name:"minecraft:flower",config:{tries:64,yspread:3,xspread:7,need_water:0b,zspread:7,blacklist:[],project:1b,block_placer:{type:"minecraft:simple_block_placer"},state_provider:{type:"minecraft:plain_flower_provider"},whitelist:[],can_replace:0b}}]
[23:05:10] [Server thread/ERROR]: Input does not contain a key [type]: MapLike[{name:"minecraft:flower",config:{tries:64,yspread:3,xspread:7,need_water:0b,zspread:7,blacklist:[],project:1b,block_placer:{type:"minecraft:simple_block_placer"},state_provider:{type:"minecraft:plain_flower_provider"},whitelist:[],can_replace:0b}}]
[23:05:10] [Server thread/ERROR]: Input does not contain a key [type]: MapLike[{name:"minecraft:flower",config:{tries:64,yspread:3,xspread:7,need_water:0b,zspread:7,blacklist:[],project:1b,block_placer:{type:"minecraft:simple_block_placer"},state_provider:{type:"minecraft:plain_flower_provider"},whitelist:[],can_replace:0b}}]
[23:05:10] [Server thread/ERROR]: Input does not contain a key [type]: MapLike[{name:"minecraft:normal_tree",config:{height_rand_b:0,foliage_height:3,trunk_height:-1,base_height:4,trunk_top_offset_random:0,leaves_provider:{state:{Properties:{distance:"7",persistent:"false"},Name:"minecraft:oak_leaves"},type:"minecraft:simple_state_provider"},trunk_height_random:0,trunk_provider:{state:{Properties:{axis:"y"},Name:"minecraft:oak_log"},type:"minecraft:simple_state_provider"},decorators:[],foliage_height_random:0,height_rand_a:2,trunk_top_offset:0,max_water_depth:0,foliage_placer:{type:"minecraft:blob_foliage_placer",radius:2,radius_random:0},ignore_vines:1b}}]
[23:05:10] [Server thread/ERROR]: Input does not contain a key [type]: MapLike[{name:"minecraft:block_pile",config:{state_provider:{state:{Properties:{axis:"y"},Name:"minecraft:hay_block"},type:"minecraft:simple_state_provider"}}}]
[23:05:10] [Server thread/ERROR]: Input does not contain a key [type]: MapLike[{name:"minecraft:flower",config:{tries:64,yspread:3,xspread:7,need_water:0b,zspread:7,blacklist:[],project:1b,block_placer:{type:"minecraft:simple_block_placer"},state_provider:{type:"minecraft:plain_flower_provider"},whitelist:[],can_replace:0b}}]
[23:05:10] [Server thread/ERROR]: Input does not contain a key [type]: MapLike[{name:"minecraft:flower",config:{tries:64,yspread:3,xspread:7,need_water:0b,zspread:7,blacklist:[],project:1b,block_placer:{type:"minecraft:simple_block_placer"},state_provider:{type:"minecraft:plain_flower_provider"},whitelist:[],can_replace:0b}}]
[23:05:10] [Server thread/ERROR]: Input does not contain a key [type]: MapLike[{name:"minecraft:flower",config:{tries:64,yspread:3,xspread:7,need_water:0b,zspread:7,blacklist:[],project:1b,block_placer:{type:"minecraft:simple_block_placer"},state_provider:{type:"minecraft:plain_flower_provider"},whitelist:[],can_replace:0b}}]
[23:05:10] [Server thread/ERROR]: Input does not contain a key [type]: MapLike[{name:"minecraft:flower",config:{tries:64,yspread:3,xspread:7,need_water:0b,zspread:7,blacklist:[],project:1b,block_placer:{type:"minecraft:simple_block_placer"},state_provider:{type:"minecraft:plain_flower_provider"},whitelist:[],can_replace:0b}}]
[23:05:10] [Server thread/ERROR]: Input does not contain a key [type]: MapLike[{name:"minecraft:block_pile",config:{state_provider:{state:{Properties:{axis:"y"},Name:"minecraft:hay_block"},type:"minecraft:simple_state_provider"}}}]
[23:05:10] [Server thread/ERROR]: Input does not contain a key [type]: MapLike[{name:"minecraft:normal_tree",config:{height_rand_b:0,foliage_height:3,trunk_height:-1,base_height:4,trunk_top_offset_random:0,leaves_provider:{state:{Properties:{distance:"7",persistent:"false"},Name:"minecraft:oak_leaves"},type:"minecraft:simple_state_provider"},trunk_height_random:0,trunk_provider:{state:{Properties:{axis:"y"},Name:"minecraft:oak_log"},type:"minecraft:simple_state_provider"},decorators:[],foliage_height_random:0,height_rand_a:2,trunk_top_offset:0,max_water_depth:0,foliage_placer:{type:"minecraft:blob_foliage_placer",radius:2,radius_random:0},ignore_vines:1b}}]
[23:15:10] [Server thread/INFO]: the_yellowleaf issued server command: /co i
[23:15:18] [Server thread/INFO]: the_yellowleaf issued server command: /co i
[23:21:21] [Server thread/WARN]: Boat (vehicle of the_yellowleaf) moved wrongly! 0.4734494789325083
[23:21:21] [Server thread/WARN]: Boat (vehicle of the_yellowleaf) moved wrongly! 0.753777302323897
[23:21:21] [Server thread/WARN]: Boat (vehicle of the_yellowleaf) moved wrongly! 0.6125815170511544
[23:21:21] [Server thread/WARN]: Boat (vehicle of the_yellowleaf) moved wrongly! 0.4554780600662127
[23:21:21] [Server thread/WARN]: Boat (vehicle of the_yellowleaf) moved wrongly! 0.25802815263713796
[23:24:24] [Server thread/INFO]: the_yellowleaf issued server command: /co i
[23:24:33] [Server thread/INFO]: the_yellowleaf issued server command: /co i
[23:25:49] [Server thread/WARN]: Boat (vehicle of the_yellowleaf) moved wrongly! 1.0321521456396567
[23:35:43] [Server thread/INFO]: the_yellowleaf lost connection: Disconnected
[23:35:43] [Server thread/INFO]: the_yellowleaf left the game
[23:51:54] [Server thread/INFO]: [0;33;22m[¹«¸æ] [0;33;22mÏëÒª»ñÈ¡¸ü¶à°ïÖú£¿²éÔÄ¿ÕÓòÈºÎÄ¼şÄÚµÄ°ïÖúÎÄµµ°É£¡ [m
