[00:51:46] [Server thread/INFO]: [0;33;22m[¹«¸æ] [0;33;22mÏëÒª»ñÈ¡¸ü¶à°ïÖú£¿²éÔÄ¿ÕÓòÈºÎÄ¼şÄÚµÄ°ïÖúÎÄµµ°É£¡ [m
[01:51:46] [Server thread/INFO]: [0;33;22m[¹«¸æ] [0;33;22mÏëÒª»ñÈ¡¸ü¶à°ïÖú£¿²éÔÄ¿ÕÓòÈºÎÄ¼şÄÚµÄ°ïÖúÎÄµµ°É£¡ [m
[02:51:46] [Server thread/INFO]: [0;33;22m[¹«¸æ] [0;33;22mÏëÒª»ñÈ¡¸ü¶à°ïÖú£¿²éÔÄ¿ÕÓòÈºÎÄ¼şÄÚµÄ°ïÖúÎÄµµ°É£¡ [m
[03:51:46] [Server thread/INFO]: [0;33;22m[¹«¸æ] [0;33;22mÏëÒª»ñÈ¡¸ü¶à°ïÖú£¿²éÔÄ¿ÕÓòÈºÎÄ¼şÄÚµÄ°ïÖúÎÄµµ°É£¡ [m
[04:51:46] [Server thread/INFO]: [0;33;22m[¹«¸æ] [0;33;22mÏëÒª»ñÈ¡¸ü¶à°ïÖú£¿²éÔÄ¿ÕÓòÈºÎÄ¼şÄÚµÄ°ïÖúÎÄµµ°É£¡ [m
[05:51:46] [Server thread/INFO]: [0;33;22m[¹«¸æ] [0;33;22mÏëÒª»ñÈ¡¸ü¶à°ïÖú£¿²éÔÄ¿ÕÓòÈºÎÄ¼şÄÚµÄ°ïÖúÎÄµµ°É£¡ [m
[06:51:46] [Server thread/INFO]: [0;33;22m[¹«¸æ] [0;33;22mÏëÒª»ñÈ¡¸ü¶à°ïÖú£¿²éÔÄ¿ÕÓòÈºÎÄ¼şÄÚµÄ°ïÖúÎÄµµ°É£¡ [m
[07:51:46] [Server thread/INFO]: [0;33;22m[¹«¸æ] [0;33;22mÏëÒª»ñÈ¡¸ü¶à°ïÖú£¿²éÔÄ¿ÕÓòÈºÎÄ¼şÄÚµÄ°ïÖúÎÄµµ°É£¡ [m
[08:51:46] [Server thread/INFO]: [0;33;22m[¹«¸æ] [0;33;22mÏëÒª»ñÈ¡¸ü¶à°ïÖú£¿²éÔÄ¿ÕÓòÈºÎÄ¼şÄÚµÄ°ïÖúÎÄµµ°É£¡ [m
[09:51:46] [Server thread/INFO]: [0;33;22m[¹«¸æ] [0;33;22mÏëÒª»ñÈ¡¸ü¶à°ïÖú£¿²éÔÄ¿ÕÓòÈºÎÄ¼şÄÚµÄ°ïÖúÎÄµµ°É£¡ [m
[10:51:46] [Server thread/INFO]: [0;33;22m[¹«¸æ] [0;33;22mÏëÒª»ñÈ¡¸ü¶à°ïÖú£¿²éÔÄ¿ÕÓòÈºÎÄ¼şÄÚµÄ°ïÖúÎÄµµ°É£¡ [m
[11:51:46] [Server thread/INFO]: [0;33;22m[¹«¸æ] [0;33;22mÏëÒª»ñÈ¡¸ü¶à°ïÖú£¿²éÔÄ¿ÕÓòÈºÎÄ¼şÄÚµÄ°ïÖúÎÄµµ°É£¡ [m
[12:51:45] [Server thread/INFO]: [0;33;22m[¹«¸æ] [0;33;22mÏëÒª»ñÈ¡¸ü¶à°ïÖú£¿²éÔÄ¿ÕÓòÈºÎÄ¼şÄÚµÄ°ïÖúÎÄµµ°É£¡ [m
[13:51:45] [Server thread/INFO]: [0;33;22m[¹«¸æ] [0;33;22mÏëÒª»ñÈ¡¸ü¶à°ïÖú£¿²éÔÄ¿ÕÓòÈºÎÄ¼şÄÚµÄ°ïÖúÎÄµµ°É£¡ [m
[14:51:45] [Server thread/INFO]: [0;33;22m[¹«¸æ] [0;33;22mÏëÒª»ñÈ¡¸ü¶à°ïÖú£¿²éÔÄ¿ÕÓòÈºÎÄ¼şÄÚµÄ°ïÖúÎÄµµ°É£¡ [m
[14:52:26] [User Authenticator #150/INFO]: UUID of player Envy_Cloud is c5f83320-e8be-418f-81c1-e1f3ea1f99d5
[14:52:26] [Server thread/INFO]: Envy_Cloud[/127.0.0.1:49364] logged in with entity id 654578 at ([world]3118.0329952268366, 69.0, 595.874005367801)
[14:53:14] [Server thread/INFO]: Envy_Cloud issued server command: /co i
[14:53:32] [Server thread/INFO]: Envy_Cloud issued server command: /co i
[14:57:08] [Server thread/INFO]: Envy_Cloud lost connection: Disconnected
[14:57:08] [Server thread/INFO]: Envy_Cloud left the game
[15:01:33] [pool-5-thread-1/INFO]: [0;30;1m[[0;31;1m[21mGM[0;37;1m[21m+[0;30;1m] [0;30;1m[[0;32;1mINFO[0;30;1m] [0;33;1m Data files refreshed.[m
[15:13:24] [User Authenticator #151/INFO]: UUID of player pinkmilk is 591b69f1-5eb9-490b-900c-04516907dc49
[15:13:24] [Server thread/INFO]: pinkmilk[/127.0.0.1:49478] logged in with entity id 657019 at ([world]2780.300000011921, 68.0, -338.37614045846556)
[15:17:44] [Server thread/INFO]: pinkmilk issued server command: /co i
[15:18:27] [Server thread/INFO]: pinkmilk issued server command: /co i
[15:20:01] [Server thread/INFO]: pinkmilk issued server command: /give@s diamond 64
[15:20:06] [Server thread/INFO]: pinkmilk issued server command: /help
[15:22:09] [Server thread/INFO]: pinkmilk issued server command: /co i
[15:22:25] [Server thread/INFO]: pinkmilk issued server command: /co i
[15:24:12] [Server thread/INFO]: pinkmilk issued server command: /co i
[15:25:17] [Server thread/INFO]: pinkmilk issued server command: /co i
[15:25:20] [Server thread/INFO]: pinkmilk lost connection: Disconnected
[15:25:20] [Server thread/INFO]: pinkmilk left the game
[15:51:45] [Server thread/INFO]: [0;33;22m[¹«¸æ] [0;33;22mÏëÒª»ñÈ¡¸ü¶à°ïÖú£¿²éÔÄ¿ÕÓòÈºÎÄ¼şÄÚµÄ°ïÖúÎÄµµ°É£¡ [m
[16:49:28] [Server thread/INFO]: [0;36;1m[PiglinFix][0;32;1mDrops fixed[m
[16:51:45] [Server thread/INFO]: [0;33;22m[¹«¸æ] [0;33;22mÏëÒª»ñÈ¡¸ü¶à°ïÖú£¿²éÔÄ¿ÕÓòÈºÎÄ¼şÄÚµÄ°ïÖúÎÄµµ°É£¡ [m
[17:51:45] [Server thread/INFO]: [0;33;22m[¹«¸æ] [0;33;22mÏëÒª»ñÈ¡¸ü¶à°ïÖú£¿²éÔÄ¿ÕÓòÈºÎÄ¼şÄÚµÄ°ïÖúÎÄµµ°É£¡ [m
[18:17:34] [User Authenticator #152/INFO]: UUID of player Mr_director is ad82c331-f637-4e55-8488-2a38fc6adee9
[18:17:34] [Server thread/INFO]: Mr_director[/127.0.0.1:50418] logged in with entity id 658799 at ([world_nether]182.19986122327214, 41.0, 907.4318981458485)
[18:28:42] [Server thread/INFO]: Mr_director lost connection: Disconnected
[18:28:42] [Server thread/INFO]: Mr_director left the game
[18:49:07] [Server thread/INFO]: com.mojang.authlib.GameProfile@6101b3ce[id=<null>,name=Twilight2033,properties={},legacy=false] (/127.0.0.1:50577) lost connection: Disconnected
[18:49:11] [User Authenticator #154/INFO]: UUID of player Twilight2033 is 98662d18-6c0e-42a2-a077-e2a8abd740e5
[18:49:11] [Server thread/INFO]: Twilight2033[/127.0.0.1:50581] logged in with entity id 661577 at ([world]7039.298163109554, 95.0, -539.4960724628323)
[18:51:14] [Server thread/INFO]: Twilight2033 lost connection: Disconnected
[18:51:14] [Server thread/INFO]: Twilight2033 left the game
[18:51:45] [Server thread/INFO]: [0;33;22m[¹«¸æ] [0;33;22mÏëÒª»ñÈ¡¸ü¶à°ïÖú£¿²éÔÄ¿ÕÓòÈºÎÄ¼şÄÚµÄ°ïÖúÎÄµµ°É£¡ [m
[18:52:38] [User Authenticator #155/INFO]: UUID of player Twilight2033 is 98662d18-6c0e-42a2-a077-e2a8abd740e5
[18:52:38] [Server thread/INFO]: Twilight2033[/127.0.0.1:50598] logged in with entity id 662063 at ([world]6953.042836461058, 56.67243696026942, -555.9640260955787)
[18:53:30] [Server thread/INFO]: Twilight2033 >> ºß ºß ºß °¡°¡°¡°¡°¡°¡°¡°¡°¡°¡°¢°¡°¡°¡°¡°¡°¢°¡°¡°¡°¡°¡°¡°¡°¡°¡°¢°¡°¡°¡°¡°¡°¡°¡°¡°¡°¡°¢°¡°¡°¡°¡°¡°¢°¡°¡°¡°¡°¡°¡°¡°¡°¡°¢°¡°¡°¡°¡°¡°¡°¡°¡à»à»°¡°¡°¡°¡°¡°¡°¡°¡°¡°¡°¢°¡°¡°¡°¡°¡°¢°¡°¡°¡°¡°¡°¡°¡°¡°¡°¢°¡°¡°¡°¡°¡°¡°¡°¡°¡°¡°¢°¡°¡°¡°¡°¡°¢°¡°¡°¡°¡°¡°¡°¡°¡°¡°¢°¡°¡°¡°¡°¡°¡°¡°¡à»à»[m
[18:56:02] [Server thread/INFO]: Twilight2033 lost connection: Disconnected
[18:56:02] [Server thread/INFO]: Twilight2033 left the game
[19:48:54] [Server thread/INFO]: Disconnecting com.mojang.authlib.GameProfile@1fe64e5b[id=<null>,name=Shallow_dream_,properties={},legacy=false] (/127.0.0.1:50917): Took too long to log in
[19:48:54] [Server thread/INFO]: com.mojang.authlib.GameProfile@1fe64e5b[id=<null>,name=Shallow_dream_,properties={},legacy=false] (/127.0.0.1:50917) lost connection: Took too long to log in
[19:48:57] [User Authenticator #156/INFO]: Disconnecting com.mojang.authlib.GameProfile@1fe64e5b[id=<null>,name=Shallow_dream_,properties={},legacy=false] (/127.0.0.1:50917): Authentication servers are down. Please try again later, sorry!
[19:48:57] [User Authenticator #156/ERROR]: Couldn't verify username because servers are unavailable
[19:49:17] [User Authenticator #157/INFO]: UUID of player Shallow_dream_ is 6dd389e7-c052-4a51-abc7-d6543cf7932c
[19:49:17] [Server thread/INFO]: Shallow_dream_[/127.0.0.1:50922] logged in with entity id 662282 at ([world]2702.5104691799756, 84.0, -53.15834348785833)
[19:49:48] [Server thread/INFO]: Shallow_dream_ lost connection: Disconnected
[19:49:48] [Server thread/INFO]: Shallow_dream_ left the game
[19:51:45] [Server thread/INFO]: [0;33;22m[¹«¸æ] [0;33;22mÏëÒª»ñÈ¡¸ü¶à°ïÖú£¿²éÔÄ¿ÕÓòÈºÎÄ¼şÄÚµÄ°ïÖúÎÄµµ°É£¡ [m
[20:51:45] [Server thread/INFO]: [0;33;22m[¹«¸æ] [0;33;22mÏëÒª»ñÈ¡¸ü¶à°ïÖú£¿²éÔÄ¿ÕÓòÈºÎÄ¼şÄÚµÄ°ïÖúÎÄµµ°É£¡ [m
[21:50:58] [Server thread/INFO]: com.mojang.authlib.GameProfile@15bbd1b6[id=<null>,name=the_yellowleaf,properties={},legacy=false] (/127.0.0.1:51536) lost connection: Disconnected
[21:51:02] [User Authenticator #158/INFO]: Disconnecting com.mojang.authlib.GameProfile@15bbd1b6[id=<null>,name=the_yellowleaf,properties={},legacy=false] (/127.0.0.1:51536): Authentication servers are down. Please try again later, sorry!
[21:51:02] [User Authenticator #158/ERROR]: Couldn't verify username because servers are unavailable
[21:51:09] [User Authenticator #159/INFO]: UUID of player the_yellowleaf is db81d5ec-a1c2-4cd3-a585-d1a2a3ff71bd
[21:51:09] [Server thread/INFO]: the_yellowleaf[/127.0.0.1:51542] logged in with entity id 662406 at ([world_nether]828.3380217879574, 38.0, -749.0967223951911)
[21:51:45] [Server thread/INFO]: [0;33;22m[¹«¸æ] [0;33;22mÏëÒª»ñÈ¡¸ü¶à°ïÖú£¿²éÔÄ¿ÕÓòÈºÎÄ¼şÄÚµÄ°ïÖúÎÄµµ°É£¡ [m
[21:53:37] [Server thread/INFO]: the_yellowleaf has made the advancement [Those Were the Days]
[21:55:49] [Server thread/INFO]: [0;36;1m[PiglinFix][0;32;1mDrops fixed[m
[21:57:07] [Server thread/INFO]: the_yellowleaf tried to swim in lava
[21:57:23] [Server thread/INFO]: the_yellowleaf lost connection: Disconnected
[21:57:23] [Server thread/INFO]: the_yellowleaf left the game
[21:59:51] [User Authenticator #160/INFO]: UUID of player the_yellowleaf is db81d5ec-a1c2-4cd3-a585-d1a2a3ff71bd
[21:59:51] [Server thread/INFO]: the_yellowleaf[/127.0.0.1:51594] logged in with entity id 663164 at ([world]-509.103572241327, 70.0, -463.26131281015216)
[22:23:49] [Server thread/INFO]: the_yellowleaf lost connection: Disconnected
[22:23:49] [Server thread/INFO]: the_yellowleaf left the game
[22:51:45] [Server thread/INFO]: [0;33;22m[¹«¸æ] [0;33;22mÏëÒª»ñÈ¡¸ü¶à°ïÖú£¿²éÔÄ¿ÕÓòÈºÎÄ¼şÄÚµÄ°ïÖúÎÄµµ°É£¡ [m
[23:51:45] [Server thread/INFO]: [0;33;22m[¹«¸æ] [0;33;22mÏëÒª»ñÈ¡¸ü¶à°ïÖú£¿²éÔÄ¿ÕÓòÈºÎÄ¼şÄÚµÄ°ïÖúÎÄµµ°É£¡ [m
