[00:51:48] [Server thread/INFO]: [0;33;22m[¹«¸æ] [0;33;22mÏëÒª»ñÈ¡¸ü¶à°ïÖú£¿²éÔÄ¿ÕÓòÈºÎÄ¼şÄÚµÄ°ïÖúÎÄµµ°É£¡ [m
[01:51:48] [Server thread/INFO]: [0;33;22m[¹«¸æ] [0;33;22mÏëÒª»ñÈ¡¸ü¶à°ïÖú£¿²éÔÄ¿ÕÓòÈºÎÄ¼şÄÚµÄ°ïÖúÎÄµµ°É£¡ [m
[02:51:48] [Server thread/INFO]: [0;33;22m[¹«¸æ] [0;33;22mÏëÒª»ñÈ¡¸ü¶à°ïÖú£¿²éÔÄ¿ÕÓòÈºÎÄ¼şÄÚµÄ°ïÖúÎÄµµ°É£¡ [m
[03:51:48] [Server thread/INFO]: [0;33;22m[¹«¸æ] [0;33;22mÏëÒª»ñÈ¡¸ü¶à°ïÖú£¿²éÔÄ¿ÕÓòÈºÎÄ¼şÄÚµÄ°ïÖúÎÄµµ°É£¡ [m
[04:51:48] [Server thread/INFO]: [0;33;22m[¹«¸æ] [0;33;22mÏëÒª»ñÈ¡¸ü¶à°ïÖú£¿²éÔÄ¿ÕÓòÈºÎÄ¼şÄÚµÄ°ïÖúÎÄµµ°É£¡ [m
[05:51:48] [Server thread/INFO]: [0;33;22m[¹«¸æ] [0;33;22mÏëÒª»ñÈ¡¸ü¶à°ïÖú£¿²éÔÄ¿ÕÓòÈºÎÄ¼şÄÚµÄ°ïÖúÎÄµµ°É£¡ [m
[06:51:48] [Server thread/INFO]: [0;33;22m[¹«¸æ] [0;33;22mÏëÒª»ñÈ¡¸ü¶à°ïÖú£¿²éÔÄ¿ÕÓòÈºÎÄ¼şÄÚµÄ°ïÖúÎÄµµ°É£¡ [m
[07:51:48] [Server thread/INFO]: [0;33;22m[¹«¸æ] [0;33;22mÏëÒª»ñÈ¡¸ü¶à°ïÖú£¿²éÔÄ¿ÕÓòÈºÎÄ¼şÄÚµÄ°ïÖúÎÄµµ°É£¡ [m
[08:51:48] [Server thread/INFO]: [0;33;22m[¹«¸æ] [0;33;22mÏëÒª»ñÈ¡¸ü¶à°ïÖú£¿²éÔÄ¿ÕÓòÈºÎÄ¼şÄÚµÄ°ïÖúÎÄµµ°É£¡ [m
[09:51:48] [Server thread/INFO]: [0;33;22m[¹«¸æ] [0;33;22mÏëÒª»ñÈ¡¸ü¶à°ïÖú£¿²éÔÄ¿ÕÓòÈºÎÄ¼şÄÚµÄ°ïÖúÎÄµµ°É£¡ [m
[10:51:48] [Server thread/INFO]: [0;33;22m[¹«¸æ] [0;33;22mÏëÒª»ñÈ¡¸ü¶à°ïÖú£¿²éÔÄ¿ÕÓòÈºÎÄ¼şÄÚµÄ°ïÖúÎÄµµ°É£¡ [m
[11:51:48] [Server thread/INFO]: [0;33;22m[¹«¸æ] [0;33;22mÏëÒª»ñÈ¡¸ü¶à°ïÖú£¿²éÔÄ¿ÕÓòÈºÎÄ¼şÄÚµÄ°ïÖúÎÄµµ°É£¡ [m
[12:51:48] [Server thread/INFO]: [0;33;22m[¹«¸æ] [0;33;22mÏëÒª»ñÈ¡¸ü¶à°ïÖú£¿²éÔÄ¿ÕÓòÈºÎÄ¼şÄÚµÄ°ïÖúÎÄµµ°É£¡ [m
[13:51:48] [Server thread/INFO]: [0;33;22m[¹«¸æ] [0;33;22mÏëÒª»ñÈ¡¸ü¶à°ïÖú£¿²éÔÄ¿ÕÓòÈºÎÄ¼şÄÚµÄ°ïÖúÎÄµµ°É£¡ [m
[14:51:48] [Server thread/INFO]: [0;33;22m[¹«¸æ] [0;33;22mÏëÒª»ñÈ¡¸ü¶à°ïÖú£¿²éÔÄ¿ÕÓòÈºÎÄ¼şÄÚµÄ°ïÖúÎÄµµ°É£¡ [m
[15:51:48] [Server thread/INFO]: [0;33;22m[¹«¸æ] [0;33;22mÏëÒª»ñÈ¡¸ü¶à°ïÖú£¿²éÔÄ¿ÕÓòÈºÎÄ¼şÄÚµÄ°ïÖúÎÄµµ°É£¡ [m
[16:51:48] [Server thread/INFO]: [0;33;22m[¹«¸æ] [0;33;22mÏëÒª»ñÈ¡¸ü¶à°ïÖú£¿²éÔÄ¿ÕÓòÈºÎÄ¼şÄÚµÄ°ïÖúÎÄµµ°É£¡ [m
[17:51:48] [Server thread/INFO]: [0;33;22m[¹«¸æ] [0;33;22mÏëÒª»ñÈ¡¸ü¶à°ïÖú£¿²éÔÄ¿ÕÓòÈºÎÄ¼şÄÚµÄ°ïÖúÎÄµµ°É£¡ [m
[18:50:00] [User Authenticator #134/INFO]: UUID of player Ttu_nnm is b1ba0763-c0c0-4a8e-b036-db7c78dc6b43
[18:50:00] [Server thread/INFO]: Ttu_nnm[/127.0.0.1:50749] logged in with entity id 577561 at ([world]1930.0397020561986, 63.0, 5924.3682269748415)
[18:51:48] [Server thread/INFO]: [0;33;22m[¹«¸æ] [0;33;22mÏëÒª»ñÈ¡¸ü¶à°ïÖú£¿²éÔÄ¿ÕÓòÈºÎÄ¼şÄÚµÄ°ïÖúÎÄµµ°É£¡ [m
[19:12:03] [Server thread/INFO]: Ttu_nnm lost connection: Disconnected
[19:12:03] [Server thread/INFO]: Ttu_nnm left the game
[19:46:06] [User Authenticator #135/INFO]: UUID of player Ttu_nnm is b1ba0763-c0c0-4a8e-b036-db7c78dc6b43
[19:46:06] [Server thread/INFO]: Ttu_nnm[/127.0.0.1:51040] logged in with entity id 582723 at ([world]1922.483595764629, 63.0, 5932.0339691629615)
[19:51:48] [Server thread/INFO]: [0;33;22m[¹«¸æ] [0;33;22mÏëÒª»ñÈ¡¸ü¶à°ïÖú£¿²éÔÄ¿ÕÓòÈºÎÄ¼şÄÚµÄ°ïÖúÎÄµµ°É£¡ [m
[19:57:31] [Server thread/INFO]: Ttu_nnm issued server command: /co i
[19:57:34] [Server thread/INFO]: Ttu_nnm issued server command: /co i
[20:02:31] [Server thread/INFO]: Ttu_nnm lost connection: Disconnected
[20:02:31] [Server thread/INFO]: Ttu_nnm left the game
[20:04:27] [User Authenticator #136/INFO]: UUID of player Ttu_nnm is b1ba0763-c0c0-4a8e-b036-db7c78dc6b43
[20:04:28] [Server thread/INFO]: Ttu_nnm[/127.0.0.1:51137] logged in with entity id 585155 at ([world]2040.5860432943193, 64.0, 5745.765172429971)
[20:14:17] [Server thread/WARN]: Player Ttu_nnm just tried to change non-editable sign
[20:14:18] [Server thread/WARN]: Player Ttu_nnm just tried to change non-editable sign
[20:14:19] [Server thread/WARN]: Player Ttu_nnm just tried to change non-editable sign
[20:14:20] [Server thread/WARN]: Player Ttu_nnm just tried to change non-editable sign
[20:14:20] [Server thread/WARN]: Player Ttu_nnm just tried to change non-editable sign
[20:14:21] [Server thread/WARN]: Player Ttu_nnm just tried to change non-editable sign
[20:14:22] [Server thread/WARN]: Player Ttu_nnm just tried to change non-editable sign
[20:14:22] [Server thread/WARN]: Player Ttu_nnm just tried to change non-editable sign
[20:14:23] [Server thread/WARN]: Player Ttu_nnm just tried to change non-editable sign
[20:14:23] [Server thread/WARN]: Player Ttu_nnm just tried to change non-editable sign
[20:14:24] [Server thread/WARN]: Player Ttu_nnm just tried to change non-editable sign
[20:14:25] [Server thread/WARN]: Player Ttu_nnm just tried to change non-editable sign
[20:14:25] [Server thread/WARN]: Player Ttu_nnm just tried to change non-editable sign
[20:14:26] [Server thread/WARN]: Player Ttu_nnm just tried to change non-editable sign
[20:14:28] [Server thread/WARN]: Player Ttu_nnm just tried to change non-editable sign
[20:14:28] [Server thread/WARN]: Player Ttu_nnm just tried to change non-editable sign
[20:14:29] [Server thread/WARN]: Player Ttu_nnm just tried to change non-editable sign
[20:14:29] [Server thread/WARN]: Player Ttu_nnm just tried to change non-editable sign
[20:14:38] [Server thread/WARN]: Player Ttu_nnm just tried to change non-editable sign
[20:15:13] [Server thread/INFO]: Ttu_nnm lost connection: Disconnected
[20:15:13] [Server thread/INFO]: Ttu_nnm left the game
[20:24:01] [User Authenticator #137/INFO]: UUID of player Ttu_nnm is b1ba0763-c0c0-4a8e-b036-db7c78dc6b43
[20:24:01] [Server thread/INFO]: Ttu_nnm[/127.0.0.1:51240] logged in with entity id 586946 at ([world]1927.833896074813, 64.875, 5928.699999988079)
[20:30:39] [Server thread/INFO]: Ttu_nnm lost connection: Disconnected
[20:30:39] [Server thread/INFO]: Ttu_nnm left the game
[20:51:48] [Server thread/INFO]: [0;33;22m[¹«¸æ] [0;33;22mÏëÒª»ñÈ¡¸ü¶à°ïÖú£¿²éÔÄ¿ÕÓòÈºÎÄ¼şÄÚµÄ°ïÖúÎÄµµ°É£¡ [m
[21:51:48] [Server thread/INFO]: [0;33;22m[¹«¸æ] [0;33;22mÏëÒª»ñÈ¡¸ü¶à°ïÖú£¿²éÔÄ¿ÕÓòÈºÎÄ¼şÄÚµÄ°ïÖúÎÄµµ°É£¡ [m
[22:26:27] [Server thread/INFO]: com.mojang.authlib.GameProfile@6dac7d53[id=<null>,name=Ttu_nnm,properties={},legacy=false] (/127.0.0.1:51844) lost connection: Disconnected
[22:26:29] [Server thread/INFO]: com.mojang.authlib.GameProfile@69d08a62[id=<null>,name=Ttu_nnm,properties={},legacy=false] (/127.0.0.1:51845) lost connection: Disconnected
[22:26:33] [Server thread/INFO]: com.mojang.authlib.GameProfile@4b055458[id=<null>,name=Ttu_nnm,properties={},legacy=false] (/127.0.0.1:51846) lost connection: Disconnected
[22:26:40] [Server thread/INFO]: com.mojang.authlib.GameProfile@26704415[id=<null>,name=Ttu_nnm,properties={},legacy=false] (/127.0.0.1:51853) lost connection: Disconnected
[22:26:55] [Server thread/INFO]: com.mojang.authlib.GameProfile@45d6ef82[id=<null>,name=Ttu_nnm,properties={},legacy=false] (/127.0.0.1:51871) lost connection: Disconnected
[22:30:06] [Server thread/INFO]: com.mojang.authlib.GameProfile@2410c4f4[id=<null>,name=Ttu_nnm,properties={},legacy=false] (/127.0.0.1:51891) lost connection: Disconnected
[22:30:15] [Server thread/INFO]: com.mojang.authlib.GameProfile@646c8f[id=<null>,name=Ttu_nnm,properties={},legacy=false] (/127.0.0.1:51895) lost connection: Disconnected
[22:30:40] [Server thread/INFO]: com.mojang.authlib.GameProfile@6fa8c475[id=<null>,name=Ttu_nnm,properties={},legacy=false] (/127.0.0.1:51898) lost connection: Disconnected
[22:31:26] [Server thread/INFO]: com.mojang.authlib.GameProfile@1d709cfd[id=<null>,name=Ttu_nnm,properties={},legacy=false] (/127.0.0.1:51904) lost connection: Disconnected
[22:51:48] [Server thread/INFO]: [0;33;22m[¹«¸æ] [0;33;22mÏëÒª»ñÈ¡¸ü¶à°ïÖú£¿²éÔÄ¿ÕÓòÈºÎÄ¼şÄÚµÄ°ïÖúÎÄµµ°É£¡ [m
[23:51:48] [Server thread/INFO]: [0;33;22m[¹«¸æ] [0;33;22mÏëÒª»ñÈ¡¸ü¶à°ïÖú£¿²éÔÄ¿ÕÓòÈºÎÄ¼şÄÚµÄ°ïÖúÎÄµµ°É£¡ [m
