[00:55:33] [Server thread/INFO]: [0;33;22m[¹«¸æ] [0;33;22mÏëÒª»ñÈ¡¸ü¶à°ïÖú£¿²éÔÄ¿ÕÓòÈºÎÄ¼şÄÚµÄ°ïÖúÎÄµµ°É£¡ [m
[01:55:33] [Server thread/INFO]: [0;33;22m[¹«¸æ] [0;33;22mÏëÒª»ñÈ¡¸ü¶à°ïÖú£¿²éÔÄ¿ÕÓòÈºÎÄ¼şÄÚµÄ°ïÖúÎÄµµ°É£¡ [m
[02:55:33] [Server thread/INFO]: [0;33;22m[¹«¸æ] [0;33;22mÏëÒª»ñÈ¡¸ü¶à°ïÖú£¿²éÔÄ¿ÕÓòÈºÎÄ¼şÄÚµÄ°ïÖúÎÄµµ°É£¡ [m
[03:55:33] [Server thread/INFO]: [0;33;22m[¹«¸æ] [0;33;22mÏëÒª»ñÈ¡¸ü¶à°ïÖú£¿²éÔÄ¿ÕÓòÈºÎÄ¼şÄÚµÄ°ïÖúÎÄµµ°É£¡ [m
[04:55:33] [Server thread/INFO]: [0;33;22m[¹«¸æ] [0;33;22mÏëÒª»ñÈ¡¸ü¶à°ïÖú£¿²éÔÄ¿ÕÓòÈºÎÄ¼şÄÚµÄ°ïÖúÎÄµµ°É£¡ [m
[05:55:33] [Server thread/INFO]: [0;33;22m[¹«¸æ] [0;33;22mÏëÒª»ñÈ¡¸ü¶à°ïÖú£¿²éÔÄ¿ÕÓòÈºÎÄ¼şÄÚµÄ°ïÖúÎÄµµ°É£¡ [m
[06:55:33] [Server thread/INFO]: [0;33;22m[¹«¸æ] [0;33;22mÏëÒª»ñÈ¡¸ü¶à°ïÖú£¿²éÔÄ¿ÕÓòÈºÎÄ¼şÄÚµÄ°ïÖúÎÄµµ°É£¡ [m
[07:55:33] [Server thread/INFO]: [0;33;22m[¹«¸æ] [0;33;22mÏëÒª»ñÈ¡¸ü¶à°ïÖú£¿²éÔÄ¿ÕÓòÈºÎÄ¼şÄÚµÄ°ïÖúÎÄµµ°É£¡ [m
[08:55:33] [Server thread/INFO]: [0;33;22m[¹«¸æ] [0;33;22mÏëÒª»ñÈ¡¸ü¶à°ïÖú£¿²éÔÄ¿ÕÓòÈºÎÄ¼şÄÚµÄ°ïÖúÎÄµµ°É£¡ [m
[09:55:33] [Server thread/INFO]: [0;33;22m[¹«¸æ] [0;33;22mÏëÒª»ñÈ¡¸ü¶à°ïÖú£¿²éÔÄ¿ÕÓòÈºÎÄ¼şÄÚµÄ°ïÖúÎÄµµ°É£¡ [m
[10:55:33] [Server thread/INFO]: [0;33;22m[¹«¸æ] [0;33;22mÏëÒª»ñÈ¡¸ü¶à°ïÖú£¿²éÔÄ¿ÕÓòÈºÎÄ¼şÄÚµÄ°ïÖúÎÄµµ°É£¡ [m
[11:55:33] [Server thread/INFO]: [0;33;22m[¹«¸æ] [0;33;22mÏëÒª»ñÈ¡¸ü¶à°ïÖú£¿²éÔÄ¿ÕÓòÈºÎÄ¼şÄÚµÄ°ïÖúÎÄµµ°É£¡ [m
[12:55:33] [Server thread/INFO]: [0;33;22m[¹«¸æ] [0;33;22mÏëÒª»ñÈ¡¸ü¶à°ïÖú£¿²éÔÄ¿ÕÓòÈºÎÄ¼şÄÚµÄ°ïÖúÎÄµµ°É£¡ [m
[13:00:56] [User Authenticator #64/INFO]: UUID of player adhesive_tape is 4c96318f-887a-42ea-a266-2e19af41d6cd
[13:00:56] [Server thread/INFO]: adhesive_tape[/127.0.0.1:57707] logged in with entity id 458708 at ([world]-509.8566583495481, 69.0625, -453.68726722107556)
[13:23:05] [Server thread/INFO]: adhesive_tape lost connection: Disconnected
[13:23:05] [Server thread/INFO]: adhesive_tape left the game
[13:26:35] [User Authenticator #65/INFO]: UUID of player adhesive_tape is 4c96318f-887a-42ea-a266-2e19af41d6cd
[13:26:35] [Server thread/INFO]: adhesive_tape[/127.0.0.1:57844] logged in with entity id 461132 at ([world_nether]-213.30000001192093, 22.0, 1237.699999988079)
[13:52:26] [Server thread/INFO]: adhesive_tape lost connection: Disconnected
[13:52:26] [Server thread/INFO]: adhesive_tape left the game
[13:55:33] [Server thread/INFO]: [0;33;22m[¹«¸æ] [0;33;22mÏëÒª»ñÈ¡¸ü¶à°ïÖú£¿²éÔÄ¿ÕÓòÈºÎÄ¼şÄÚµÄ°ïÖúÎÄµµ°É£¡ [m
[14:55:33] [Server thread/INFO]: [0;33;22m[¹«¸æ] [0;33;22mÏëÒª»ñÈ¡¸ü¶à°ïÖú£¿²éÔÄ¿ÕÓòÈºÎÄ¼şÄÚµÄ°ïÖúÎÄµµ°É£¡ [m
[15:55:33] [Server thread/INFO]: [0;33;22m[¹«¸æ] [0;33;22mÏëÒª»ñÈ¡¸ü¶à°ïÖú£¿²éÔÄ¿ÕÓòÈºÎÄ¼şÄÚµÄ°ïÖúÎÄµµ°É£¡ [m
[16:55:33] [Server thread/INFO]: [0;33;22m[¹«¸æ] [0;33;22mÏëÒª»ñÈ¡¸ü¶à°ïÖú£¿²éÔÄ¿ÕÓòÈºÎÄ¼şÄÚµÄ°ïÖúÎÄµµ°É£¡ [m
[17:55:33] [Server thread/INFO]: [0;33;22m[¹«¸æ] [0;33;22mÏëÒª»ñÈ¡¸ü¶à°ïÖú£¿²éÔÄ¿ÕÓòÈºÎÄ¼şÄÚµÄ°ïÖúÎÄµµ°É£¡ [m
[18:55:33] [Server thread/INFO]: [0;33;22m[¹«¸æ] [0;33;22mÏëÒª»ñÈ¡¸ü¶à°ïÖú£¿²éÔÄ¿ÕÓòÈºÎÄ¼şÄÚµÄ°ïÖúÎÄµµ°É£¡ [m
[19:55:33] [Server thread/INFO]: [0;33;22m[¹«¸æ] [0;33;22mÏëÒª»ñÈ¡¸ü¶à°ïÖú£¿²éÔÄ¿ÕÓòÈºÎÄ¼şÄÚµÄ°ïÖúÎÄµµ°É£¡ [m
[20:39:05] [User Authenticator #66/INFO]: UUID of player xiaoxi_wan is cfbe0b8f-fbce-4508-9444-17c26d099143
[20:39:05] [Server thread/INFO]: xiaoxi_wan[/127.0.0.1:59953] logged in with entity id 462964 at ([world]2795.774231309313, 63.0, -406.5196702939458)
[20:45:28] [pool-5-thread-1/INFO]: [0;30;1m[[0;31;1m[21mGM[0;37;1m[21m+[0;30;1m] [0;30;1m[[0;32;1mINFO[0;30;1m] [0;33;1m Data files refreshed.[m
[20:48:08] [Server thread/WARN]: Boat (vehicle of xiaoxi_wan) moved wrongly! 1.1337890625
[20:48:08] [Server thread/WARN]: Boat (vehicle of xiaoxi_wan) moved wrongly! 1.1337890625
[20:52:36] [Server thread/INFO]: xiaoxi_wan has made the advancement [A Throwaway Joke]
[20:55:33] [Server thread/INFO]: [0;33;22m[¹«¸æ] [0;33;22mÏëÒª»ñÈ¡¸ü¶à°ïÖú£¿²éÔÄ¿ÕÓòÈºÎÄ¼şÄÚµÄ°ïÖúÎÄµµ°É£¡ [m
[21:01:13] [Server thread/INFO]: xiaoxi_wan has made the advancement [A Seedy Place]
[21:29:38] [Server thread/INFO]: xiaoxi_wan lost connection: Disconnected
[21:29:38] [Server thread/INFO]: xiaoxi_wan left the game
[21:55:33] [Server thread/INFO]: [0;33;22m[¹«¸æ] [0;33;22mÏëÒª»ñÈ¡¸ü¶à°ïÖú£¿²éÔÄ¿ÕÓòÈºÎÄ¼şÄÚµÄ°ïÖúÎÄµµ°É£¡ [m
[22:55:33] [Server thread/INFO]: [0;33;22m[¹«¸æ] [0;33;22mÏëÒª»ñÈ¡¸ü¶à°ïÖú£¿²éÔÄ¿ÕÓòÈºÎÄ¼şÄÚµÄ°ïÖúÎÄµµ°É£¡ [m
[23:55:33] [Server thread/INFO]: [0;33;22m[¹«¸æ] [0;33;22mÏëÒª»ñÈ¡¸ü¶à°ïÖú£¿²éÔÄ¿ÕÓòÈºÎÄ¼şÄÚµÄ°ïÖúÎÄµµ°É£¡ [m
