[00:51:53] [Server thread/INFO]: [0;33;22m[¹«¸æ] [0;33;22mÏëÒª»ñÈ¡¸ü¶à°ïÖú£¿²éÔÄ¿ÕÓòÈºÎÄ¼şÄÚµÄ°ïÖúÎÄµµ°É£¡ [m
[01:51:53] [Server thread/INFO]: [0;33;22m[¹«¸æ] [0;33;22mÏëÒª»ñÈ¡¸ü¶à°ïÖú£¿²éÔÄ¿ÕÓòÈºÎÄ¼şÄÚµÄ°ïÖúÎÄµµ°É£¡ [m
[02:51:53] [Server thread/INFO]: [0;33;22m[¹«¸æ] [0;33;22mÏëÒª»ñÈ¡¸ü¶à°ïÖú£¿²éÔÄ¿ÕÓòÈºÎÄ¼şÄÚµÄ°ïÖúÎÄµµ°É£¡ [m
[03:51:53] [Server thread/INFO]: [0;33;22m[¹«¸æ] [0;33;22mÏëÒª»ñÈ¡¸ü¶à°ïÖú£¿²éÔÄ¿ÕÓòÈºÎÄ¼şÄÚµÄ°ïÖúÎÄµµ°É£¡ [m
[04:51:53] [Server thread/INFO]: [0;33;22m[¹«¸æ] [0;33;22mÏëÒª»ñÈ¡¸ü¶à°ïÖú£¿²éÔÄ¿ÕÓòÈºÎÄ¼şÄÚµÄ°ïÖúÎÄµµ°É£¡ [m
[05:51:53] [Server thread/INFO]: [0;33;22m[¹«¸æ] [0;33;22mÏëÒª»ñÈ¡¸ü¶à°ïÖú£¿²éÔÄ¿ÕÓòÈºÎÄ¼şÄÚµÄ°ïÖúÎÄµµ°É£¡ [m
[06:51:53] [Server thread/INFO]: [0;33;22m[¹«¸æ] [0;33;22mÏëÒª»ñÈ¡¸ü¶à°ïÖú£¿²éÔÄ¿ÕÓòÈºÎÄ¼şÄÚµÄ°ïÖúÎÄµµ°É£¡ [m
[07:51:53] [Server thread/INFO]: [0;33;22m[¹«¸æ] [0;33;22mÏëÒª»ñÈ¡¸ü¶à°ïÖú£¿²éÔÄ¿ÕÓòÈºÎÄ¼şÄÚµÄ°ïÖúÎÄµµ°É£¡ [m
[08:33:36] [User Authenticator #95/INFO]: UUID of player Pear_none is cac1570b-11b5-4944-80b2-fffed37d1bbe
[08:33:36] [Server thread/INFO]: Pear_none[/127.0.0.1:59605] logged in with entity id 455414 at ([world]5178.36780084545, 64.0, 214.31462903211263)
[08:34:06] [Server thread/WARN]: Pear_none was kicked for floating too long!
[08:34:06] [Server thread/INFO]: Pear_none lost connection: Flying is not enabled on this server
[08:34:06] [Server thread/INFO]: Pear_none left the game
[08:34:06] [Server thread/WARN]: Pear_none was kicked for floating too long!
[08:34:06] [Server thread/WARN]: Pear_none was kicked for floating too long!
[08:34:06] [Server thread/WARN]: Pear_none was kicked for floating too long!
[08:34:06] [Server thread/WARN]: Pear_none was kicked for floating too long!
[08:34:06] [Server thread/WARN]: Pear_none was kicked for floating too long!
[08:34:06] [Server thread/WARN]: Pear_none was kicked for floating too long!
[08:34:06] [Server thread/WARN]: Pear_none was kicked for floating too long!
[08:34:06] [Server thread/WARN]: Pear_none was kicked for floating too long!
[08:34:06] [Server thread/WARN]: Pear_none was kicked for floating too long!
[08:34:06] [Server thread/WARN]: Pear_none was kicked for floating too long!
[08:34:06] [Server thread/WARN]: Pear_none was kicked for floating too long!
[08:34:06] [Server thread/WARN]: Pear_none was kicked for floating too long!
[08:34:06] [Server thread/WARN]: Pear_none was kicked for floating too long!
[08:34:06] [Server thread/WARN]: Pear_none was kicked for floating too long!
[08:34:06] [Server thread/WARN]: Pear_none was kicked for floating too long!
[08:34:06] [Server thread/WARN]: Pear_none was kicked for floating too long!
[08:34:06] [Server thread/WARN]: Pear_none was kicked for floating too long!
[08:34:06] [Server thread/WARN]: Pear_none was kicked for floating too long!
[08:34:06] [Server thread/WARN]: Pear_none was kicked for floating too long!
[08:34:07] [Server thread/WARN]: Pear_none was kicked for floating too long!
[08:34:07] [Server thread/WARN]: Pear_none was kicked for floating too long!
[08:34:07] [Server thread/WARN]: Pear_none was kicked for floating too long!
[08:34:07] [Server thread/WARN]: Pear_none was kicked for floating too long!
[08:34:07] [Server thread/WARN]: Pear_none was kicked for floating too long!
[08:34:07] [Server thread/WARN]: Pear_none was kicked for floating too long!
[08:34:07] [Server thread/WARN]: Pear_none was kicked for floating too long!
[08:34:07] [Server thread/WARN]: Pear_none was kicked for floating too long!
[08:34:07] [Server thread/WARN]: Pear_none was kicked for floating too long!
[08:34:07] [Server thread/WARN]: Pear_none was kicked for floating too long!
[08:34:07] [Server thread/WARN]: Pear_none was kicked for floating too long!
[08:34:07] [Server thread/WARN]: Pear_none was kicked for floating too long!
[08:34:07] [Server thread/WARN]: Pear_none was kicked for floating too long!
[08:34:07] [Server thread/WARN]: Pear_none was kicked for floating too long!
[08:34:07] [Server thread/WARN]: Pear_none was kicked for floating too long!
[08:34:07] [Server thread/WARN]: Pear_none was kicked for floating too long!
[08:34:07] [Server thread/WARN]: Pear_none was kicked for floating too long!
[08:34:07] [Server thread/WARN]: Pear_none was kicked for floating too long!
[08:34:07] [Server thread/WARN]: Pear_none was kicked for floating too long!
[08:34:07] [Server thread/WARN]: Pear_none was kicked for floating too long!
[08:34:08] [Server thread/WARN]: Pear_none was kicked for floating too long!
[08:34:08] [Server thread/WARN]: Pear_none was kicked for floating too long!
[08:34:08] [Server thread/WARN]: Pear_none was kicked for floating too long!
[08:34:08] [Server thread/WARN]: Pear_none was kicked for floating too long!
[08:34:08] [Server thread/WARN]: Pear_none was kicked for floating too long!
[08:34:08] [Server thread/WARN]: Pear_none was kicked for floating too long!
[08:34:08] [Server thread/WARN]: Pear_none was kicked for floating too long!
[08:34:08] [Server thread/WARN]: Pear_none was kicked for floating too long!
[08:34:08] [Server thread/WARN]: Pear_none was kicked for floating too long!
[08:34:08] [Server thread/WARN]: Pear_none was kicked for floating too long!
[08:34:08] [Server thread/WARN]: Pear_none was kicked for floating too long!
[08:34:08] [Server thread/WARN]: Pear_none was kicked for floating too long!
[08:34:08] [Server thread/WARN]: Pear_none was kicked for floating too long!
[08:34:08] [Server thread/WARN]: Pear_none was kicked for floating too long!
[08:34:08] [Server thread/WARN]: Pear_none was kicked for floating too long!
[08:34:08] [Server thread/WARN]: Pear_none was kicked for floating too long!
[08:34:08] [Server thread/WARN]: Pear_none was kicked for floating too long!
[08:34:08] [Server thread/WARN]: Pear_none was kicked for floating too long!
[08:34:08] [Server thread/WARN]: Pear_none was kicked for floating too long!
[08:34:08] [Server thread/WARN]: Pear_none was kicked for floating too long!
[08:34:09] [Server thread/WARN]: Pear_none was kicked for floating too long!
[08:34:09] [Server thread/WARN]: Pear_none was kicked for floating too long!
[08:34:16] [User Authenticator #96/INFO]: UUID of player Pear_none is cac1570b-11b5-4944-80b2-fffed37d1bbe
[08:34:16] [Server thread/INFO]: Pear_none[/127.0.0.1:59611] logged in with entity id 456974 at ([world]5160.280902682815, 63.41499099849125, 198.83604027891738)
[08:34:49] [Server thread/INFO]: Villager EntityVillager['Villager'/457493, l='ServerLevel[world]', x=5263.63, y=73.27, z=299.30] died, message: 'Villager was squished too much'
[08:37:35] [Server thread/INFO]: Pear_none lost connection: Disconnected
[08:37:35] [Server thread/INFO]: Pear_none left the game
[08:41:40] [pool-5-thread-1/INFO]: [0;30;1m[[0;31;1m[21mGM[0;37;1m[21m+[0;30;1m] [0;30;1m[[0;32;1mINFO[0;30;1m] [0;33;1m Data files refreshed.[m
[08:51:53] [Server thread/INFO]: [0;33;22m[¹«¸æ] [0;33;22mÏëÒª»ñÈ¡¸ü¶à°ïÖú£¿²éÔÄ¿ÕÓòÈºÎÄ¼şÄÚµÄ°ïÖúÎÄµµ°É£¡ [m
[09:51:53] [Server thread/INFO]: [0;33;22m[¹«¸æ] [0;33;22mÏëÒª»ñÈ¡¸ü¶à°ïÖú£¿²éÔÄ¿ÕÓòÈºÎÄ¼şÄÚµÄ°ïÖúÎÄµµ°É£¡ [m
[10:51:53] [Server thread/INFO]: [0;33;22m[¹«¸æ] [0;33;22mÏëÒª»ñÈ¡¸ü¶à°ïÖú£¿²éÔÄ¿ÕÓòÈºÎÄ¼şÄÚµÄ°ïÖúÎÄµµ°É£¡ [m
[11:51:53] [Server thread/INFO]: [0;33;22m[¹«¸æ] [0;33;22mÏëÒª»ñÈ¡¸ü¶à°ïÖú£¿²éÔÄ¿ÕÓòÈºÎÄ¼şÄÚµÄ°ïÖúÎÄµµ°É£¡ [m
[12:51:53] [Server thread/INFO]: [0;33;22m[¹«¸æ] [0;33;22mÏëÒª»ñÈ¡¸ü¶à°ïÖú£¿²éÔÄ¿ÕÓòÈºÎÄ¼şÄÚµÄ°ïÖúÎÄµµ°É£¡ [m
[13:51:53] [Server thread/INFO]: [0;33;22m[¹«¸æ] [0;33;22mÏëÒª»ñÈ¡¸ü¶à°ïÖú£¿²éÔÄ¿ÕÓòÈºÎÄ¼şÄÚµÄ°ïÖúÎÄµµ°É£¡ [m
[14:51:53] [Server thread/INFO]: [0;33;22m[¹«¸æ] [0;33;22mÏëÒª»ñÈ¡¸ü¶à°ïÖú£¿²éÔÄ¿ÕÓòÈºÎÄ¼şÄÚµÄ°ïÖúÎÄµµ°É£¡ [m
[15:36:10] [User Authenticator #97/INFO]: UUID of player Ink_Snow is 2a111da9-f9cb-42dc-8ffc-4f295ba4896b
[15:36:10] [Server thread/INFO]: Ink_Snow[/127.0.0.1:61792] logged in with entity id 457977 at ([world]2631.8774056344073, 33.0, -406.53806238504984)
[15:51:53] [Server thread/INFO]: [0;33;22m[¹«¸æ] [0;33;22mÏëÒª»ñÈ¡¸ü¶à°ïÖú£¿²éÔÄ¿ÕÓòÈºÎÄ¼şÄÚµÄ°ïÖúÎÄµµ°É£¡ [m
[16:10:32] [Server thread/INFO]: Ink_Snow issued server command: /c oi
[16:10:34] [Server thread/INFO]: Ink_Snow issued server command: /co i
[16:10:45] [Server thread/INFO]: Ink_Snow issued server command: /co l 2
[16:10:53] [Server thread/INFO]: Ink_Snow issued server command: /co l 3
[16:10:57] [Server thread/INFO]: Ink_Snow issued server command: /co i
[16:51:53] [Server thread/INFO]: [0;33;22m[¹«¸æ] [0;33;22mÏëÒª»ñÈ¡¸ü¶à°ïÖú£¿²éÔÄ¿ÕÓòÈºÎÄ¼şÄÚµÄ°ïÖúÎÄµµ°É£¡ [m
[17:26:29] [Server thread/INFO]: Ink_Snow lost connection: Disconnected
[17:26:29] [Server thread/INFO]: Ink_Snow left the game
[17:51:53] [Server thread/INFO]: [0;33;22m[¹«¸æ] [0;33;22mÏëÒª»ñÈ¡¸ü¶à°ïÖú£¿²éÔÄ¿ÕÓòÈºÎÄ¼şÄÚµÄ°ïÖúÎÄµµ°É£¡ [m
[18:51:53] [Server thread/INFO]: [0;33;22m[¹«¸æ] [0;33;22mÏëÒª»ñÈ¡¸ü¶à°ïÖú£¿²éÔÄ¿ÕÓòÈºÎÄ¼şÄÚµÄ°ïÖúÎÄµµ°É£¡ [m
[19:02:33] [User Authenticator #98/INFO]: UUID of player pinkmilk is 591b69f1-5eb9-490b-900c-04516907dc49
[19:02:33] [Server thread/INFO]: pinkmilk[/127.0.0.1:62884] logged in with entity id 464287 at ([world]2779.6700481902512, 63.0, -395.8972456687873)
[19:04:45] [Server thread/INFO]: pinkmilk lost connection: Disconnected
[19:04:45] [Server thread/INFO]: pinkmilk left the game
[19:51:53] [Server thread/INFO]: [0;33;22m[¹«¸æ] [0;33;22mÏëÒª»ñÈ¡¸ü¶à°ïÖú£¿²éÔÄ¿ÕÓòÈºÎÄ¼şÄÚµÄ°ïÖúÎÄµµ°É£¡ [m
[20:51:53] [Server thread/INFO]: [0;33;22m[¹«¸æ] [0;33;22mÏëÒª»ñÈ¡¸ü¶à°ïÖú£¿²éÔÄ¿ÕÓòÈºÎÄ¼şÄÚµÄ°ïÖúÎÄµµ°É£¡ [m
[21:51:53] [Server thread/INFO]: [0;33;22m[¹«¸æ] [0;33;22mÏëÒª»ñÈ¡¸ü¶à°ïÖú£¿²éÔÄ¿ÕÓòÈºÎÄ¼şÄÚµÄ°ïÖúÎÄµµ°É£¡ [m
[22:51:53] [Server thread/INFO]: [0;33;22m[¹«¸æ] [0;33;22mÏëÒª»ñÈ¡¸ü¶à°ïÖú£¿²éÔÄ¿ÕÓòÈºÎÄ¼şÄÚµÄ°ïÖúÎÄµµ°É£¡ [m
[23:51:53] [Server thread/INFO]: [0;33;22m[¹«¸æ] [0;33;22mÏëÒª»ñÈ¡¸ü¶à°ïÖú£¿²éÔÄ¿ÕÓòÈºÎÄ¼şÄÚµÄ°ïÖúÎÄµµ°É£¡ [m
