[00:55:42] [Server thread/INFO]: [0;33;22m[¹«¸æ] [0;33;22mÏëÒª»ñÈ¡¸ü¶à°ïÖú£¿²éÔÄ¿ÕÓòÈºÎÄ¼şÄÚµÄ°ïÖúÎÄµµ°É£¡ [m
[01:55:42] [Server thread/INFO]: [0;33;22m[¹«¸æ] [0;33;22mÏëÒª»ñÈ¡¸ü¶à°ïÖú£¿²éÔÄ¿ÕÓòÈºÎÄ¼şÄÚµÄ°ïÖúÎÄµµ°É£¡ [m
[02:55:42] [Server thread/INFO]: [0;33;22m[¹«¸æ] [0;33;22mÏëÒª»ñÈ¡¸ü¶à°ïÖú£¿²éÔÄ¿ÕÓòÈºÎÄ¼şÄÚµÄ°ïÖúÎÄµµ°É£¡ [m
[03:55:40] [Server thread/INFO]: [0;33;22m[¹«¸æ] [0;33;22mÏëÒª»ñÈ¡¸ü¶à°ïÖú£¿²éÔÄ¿ÕÓòÈºÎÄ¼şÄÚµÄ°ïÖúÎÄµµ°É£¡ [m
[04:55:40] [Server thread/INFO]: [0;33;22m[¹«¸æ] [0;33;22mÏëÒª»ñÈ¡¸ü¶à°ïÖú£¿²éÔÄ¿ÕÓòÈºÎÄ¼şÄÚµÄ°ïÖúÎÄµµ°É£¡ [m
[05:55:40] [Server thread/INFO]: [0;33;22m[¹«¸æ] [0;33;22mÏëÒª»ñÈ¡¸ü¶à°ïÖú£¿²éÔÄ¿ÕÓòÈºÎÄ¼şÄÚµÄ°ïÖúÎÄµµ°É£¡ [m
[06:55:40] [Server thread/INFO]: [0;33;22m[¹«¸æ] [0;33;22mÏëÒª»ñÈ¡¸ü¶à°ïÖú£¿²éÔÄ¿ÕÓòÈºÎÄ¼şÄÚµÄ°ïÖúÎÄµµ°É£¡ [m
[07:55:40] [Server thread/INFO]: [0;33;22m[¹«¸æ] [0;33;22mÏëÒª»ñÈ¡¸ü¶à°ïÖú£¿²éÔÄ¿ÕÓòÈºÎÄ¼şÄÚµÄ°ïÖúÎÄµµ°É£¡ [m
[08:55:40] [Server thread/INFO]: [0;33;22m[¹«¸æ] [0;33;22mÏëÒª»ñÈ¡¸ü¶à°ïÖú£¿²éÔÄ¿ÕÓòÈºÎÄ¼şÄÚµÄ°ïÖúÎÄµµ°É£¡ [m
[09:55:40] [Server thread/INFO]: [0;33;22m[¹«¸æ] [0;33;22mÏëÒª»ñÈ¡¸ü¶à°ïÖú£¿²éÔÄ¿ÕÓòÈºÎÄ¼şÄÚµÄ°ïÖúÎÄµµ°É£¡ [m
[10:55:40] [Server thread/INFO]: [0;33;22m[¹«¸æ] [0;33;22mÏëÒª»ñÈ¡¸ü¶à°ïÖú£¿²éÔÄ¿ÕÓòÈºÎÄ¼şÄÚµÄ°ïÖúÎÄµµ°É£¡ [m
[11:55:40] [Server thread/INFO]: [0;33;22m[¹«¸æ] [0;33;22mÏëÒª»ñÈ¡¸ü¶à°ïÖú£¿²éÔÄ¿ÕÓòÈºÎÄ¼şÄÚµÄ°ïÖúÎÄµµ°É£¡ [m
[12:55:40] [Server thread/INFO]: [0;33;22m[¹«¸æ] [0;33;22mÏëÒª»ñÈ¡¸ü¶à°ïÖú£¿²éÔÄ¿ÕÓòÈºÎÄ¼şÄÚµÄ°ïÖúÎÄµµ°É£¡ [m
[13:55:40] [Server thread/INFO]: [0;33;22m[¹«¸æ] [0;33;22mÏëÒª»ñÈ¡¸ü¶à°ïÖú£¿²éÔÄ¿ÕÓòÈºÎÄ¼şÄÚµÄ°ïÖúÎÄµµ°É£¡ [m
[14:55:40] [Server thread/INFO]: [0;33;22m[¹«¸æ] [0;33;22mÏëÒª»ñÈ¡¸ü¶à°ïÖú£¿²éÔÄ¿ÕÓòÈºÎÄ¼şÄÚµÄ°ïÖúÎÄµµ°É£¡ [m
[15:55:40] [Server thread/INFO]: [0;33;22m[¹«¸æ] [0;33;22mÏëÒª»ñÈ¡¸ü¶à°ïÖú£¿²éÔÄ¿ÕÓòÈºÎÄ¼şÄÚµÄ°ïÖúÎÄµµ°É£¡ [m
[16:55:40] [Server thread/INFO]: [0;33;22m[¹«¸æ] [0;33;22mÏëÒª»ñÈ¡¸ü¶à°ïÖú£¿²éÔÄ¿ÕÓòÈºÎÄ¼şÄÚµÄ°ïÖúÎÄµµ°É£¡ [m
[17:55:40] [Server thread/INFO]: [0;33;22m[¹«¸æ] [0;33;22mÏëÒª»ñÈ¡¸ü¶à°ïÖú£¿²éÔÄ¿ÕÓòÈºÎÄ¼şÄÚµÄ°ïÖúÎÄµµ°É£¡ [m
[18:55:40] [Server thread/INFO]: [0;33;22m[¹«¸æ] [0;33;22mÏëÒª»ñÈ¡¸ü¶à°ïÖú£¿²éÔÄ¿ÕÓòÈºÎÄ¼şÄÚµÄ°ïÖúÎÄµµ°É£¡ [m
[19:55:40] [Server thread/INFO]: [0;33;22m[¹«¸æ] [0;33;22mÏëÒª»ñÈ¡¸ü¶à°ïÖú£¿²éÔÄ¿ÕÓòÈºÎÄ¼şÄÚµÄ°ïÖúÎÄµµ°É£¡ [m
[20:23:58] [User Authenticator #15/INFO]: UUID of player _YuanXiao_ is 4f9774d2-fbbb-463f-878d-3a0eae13ec05
[20:23:58] [Server thread/INFO]: _YuanXiao_[/127.0.0.1:56870] logged in with entity id 181233 at ([world]2797.7402403914148, 64.0, -393.2902717753684)
[20:25:35] [pool-5-thread-1/INFO]: [0;30;1m[[0;31;1m[21mGM[0;37;1m[21m+[0;30;1m] [0;30;1m[[0;32;1mINFO[0;30;1m] [0;33;1m Data files refreshed.[m
[20:31:40] [Server thread/INFO]: _YuanXiao_ lost connection: Disconnected
[20:31:40] [Server thread/INFO]: _YuanXiao_ left the game
[20:34:31] [User Authenticator #16/INFO]: UUID of player YuanXiaoNa is a3ec61de-4554-4839-b3cd-33f66821f2dd
[20:34:31] [Server thread/INFO]: YuanXiaoNa[/127.0.0.1:56932] logged in with entity id 182564 at ([world]-103.5, 63.0, 186.5)
[20:35:15] [Server thread/INFO]: YuanXiaoNa has completed the challenge [Cover Me in Debris]
[20:35:15] [Server thread/INFO]: YuanXiaoNa has made the advancement [Spooky Scary Skeleton]
[20:35:15] [Server thread/INFO]: YuanXiaoNa has reached the goal [Sky's the Limit]
[20:35:35] [pool-5-thread-1/INFO]: [0;30;1m[[0;31;1m[21mGM[0;37;1m[21m+[0;30;1m] [0;30;1m[[0;32;1mINFO[0;30;1m] [0;33;1m Data files refreshed.[m
[20:36:13] [Server thread/INFO]: YuanXiaoNa has made the advancement [We Need to Go Deeper]
[20:39:24] [Server thread/INFO]: YuanXiaoNa has made the advancement [Sweet Dreams]
[20:43:32] [Server thread/INFO]: YuanXiaoNa has made the advancement [Monster Hunter]
[20:55:40] [Server thread/INFO]: [0;33;22m[¹«¸æ] [0;33;22mÏëÒª»ñÈ¡¸ü¶à°ïÖú£¿²éÔÄ¿ÕÓòÈºÎÄ¼şÄÚµÄ°ïÖúÎÄµµ°É£¡ [m
[21:04:31] [Server thread/INFO]: YuanXiaoNa has made the advancement [Eye Spy]
[21:04:58] [Server thread/INFO]: YuanXiaoNa has made the advancement [The End?]
[21:22:12] [Server thread/INFO]: YuanXiaoNa lost connection: Disconnected
[21:22:12] [Server thread/INFO]: YuanXiaoNa left the game
[21:33:14] [User Authenticator #17/INFO]: UUID of player YuanXiaoNa is a3ec61de-4554-4839-b3cd-33f66821f2dd
[21:33:14] [Server thread/INFO]: YuanXiaoNa[/127.0.0.1:57222] logged in with entity id 187375 at ([world_the_end]1.1679968523102333, 63.73158802713547, -0.3000000119209283)
[21:44:08] [Server thread/INFO]: YuanXiaoNa lost connection: Disconnected
[21:44:08] [Server thread/INFO]: YuanXiaoNa left the game
[21:45:32] [User Authenticator #18/INFO]: UUID of player YuanXiaoNa is a3ec61de-4554-4839-b3cd-33f66821f2dd
[21:45:32] [Server thread/INFO]: YuanXiaoNa[/127.0.0.1:57282] logged in with entity id 188803 at ([world]2144.96555926099, 130.9728905915822, -219.1769067100775)
[21:55:40] [Server thread/INFO]: [0;33;22m[¹«¸æ] [0;33;22mÏëÒª»ñÈ¡¸ü¶à°ïÖú£¿²éÔÄ¿ÕÓòÈºÎÄ¼şÄÚµÄ°ïÖúÎÄµµ°É£¡ [m
[22:01:20] [Server thread/WARN]: YuanXiaoNa moved too quickly! 0.0,19.309959442711175,0.0
[22:02:38] [Server thread/INFO]: YuanXiaoNa lost connection: Disconnected
[22:02:38] [Server thread/INFO]: YuanXiaoNa left the game
[22:55:40] [Server thread/INFO]: [0;33;22m[¹«¸æ] [0;33;22mÏëÒª»ñÈ¡¸ü¶à°ïÖú£¿²éÔÄ¿ÕÓòÈºÎÄ¼şÄÚµÄ°ïÖúÎÄµµ°É£¡ [m
[23:55:40] [Server thread/INFO]: [0;33;22m[¹«¸æ] [0;33;22mÏëÒª»ñÈ¡¸ü¶à°ïÖú£¿²éÔÄ¿ÕÓòÈºÎÄ¼şÄÚµÄ°ïÖúÎÄµµ°É£¡ [m
