[00:51:49] [Server thread/INFO]: [0;33;22m[] [0;33;22mҪȡĿȺļڵİĵɣ [m
[01:51:49] [Server thread/INFO]: [0;33;22m[] [0;33;22mҪȡĿȺļڵİĵɣ [m
[02:51:49] [Server thread/INFO]: [0;33;22m[] [0;33;22mҪȡĿȺļڵİĵɣ [m
[03:51:49] [Server thread/INFO]: [0;33;22m[] [0;33;22mҪȡĿȺļڵİĵɣ [m
[04:51:49] [Server thread/INFO]: [0;33;22m[] [0;33;22mҪȡĿȺļڵİĵɣ [m
[05:51:49] [Server thread/INFO]: [0;33;22m[] [0;33;22mҪȡĿȺļڵİĵɣ [m
[06:51:49] [Server thread/INFO]: [0;33;22m[] [0;33;22mҪȡĿȺļڵİĵɣ [m
[07:51:49] [Server thread/INFO]: [0;33;22m[] [0;33;22mҪȡĿȺļڵİĵɣ [m
[08:51:48] [Server thread/INFO]: [0;33;22m[] [0;33;22mҪȡĿȺļڵİĵɣ [m
[09:51:48] [Server thread/INFO]: [0;33;22m[] [0;33;22mҪȡĿȺļڵİĵɣ [m
[10:51:48] [Server thread/INFO]: [0;33;22m[] [0;33;22mҪȡĿȺļڵİĵɣ [m
[11:51:48] [Server thread/INFO]: [0;33;22m[] [0;33;22mҪȡĿȺļڵİĵɣ [m
[12:51:48] [Server thread/INFO]: [0;33;22m[] [0;33;22mҪȡĿȺļڵİĵɣ [m
[13:51:48] [Server thread/INFO]: [0;33;22m[] [0;33;22mҪȡĿȺļڵİĵɣ [m
[14:51:48] [Server thread/INFO]: [0;33;22m[] [0;33;22mҪȡĿȺļڵİĵɣ [m
[15:51:48] [Server thread/INFO]: [0;33;22m[] [0;33;22mҪȡĿȺļڵİĵɣ [m
[16:51:48] [Server thread/INFO]: [0;33;22m[] [0;33;22mҪȡĿȺļڵİĵɣ [m
[17:51:48] [Server thread/INFO]: [0;33;22m[] [0;33;22mҪȡĿȺļڵİĵɣ [m
[18:51:48] [Server thread/INFO]: [0;33;22m[] [0;33;22mҪȡĿȺļڵİĵɣ [m
[19:22:13] [User Authenticator #133/INFO]: UUID of player Twilight2033 is 98662d18-6c0e-42a2-a077-e2a8abd740e5
[19:22:13] [Server thread/INFO]: Twilight2033[/127.0.0.1:60185] logged in with entity id 577466 at ([world]7035.420465608649, 95.0, -531.8754496745167)
[19:22:29] [Server thread/INFO]: Twilight2033 >> ĪĪ[m
[19:22:43] [Server thread/INFO]: Twilight2033 >>    ߹[m
[19:22:50] [Server thread/INFO]: Twilight2033 lost connection: Disconnected
[19:22:50] [Server thread/INFO]: Twilight2033 left the game
[19:51:48] [Server thread/INFO]: [0;33;22m[] [0;33;22mҪȡĿȺļڵİĵɣ [m
[20:51:48] [Server thread/INFO]: [0;33;22m[] [0;33;22mҪȡĿȺļڵİĵɣ [m
[21:51:48] [Server thread/INFO]: [0;33;22m[] [0;33;22mҪȡĿȺļڵİĵɣ [m
[22:51:48] [Server thread/INFO]: [0;33;22m[] [0;33;22mҪȡĿȺļڵİĵɣ [m
[23:51:48] [Server thread/INFO]: [0;33;22m[] [0;33;22mҪȡĿȺļڵİĵɣ [m
