[00:51:52] [Server thread/INFO]: [0;33;22m[¹«¸æ] [0;33;22mÏëÒª»ñÈ¡¸ü¶à°ïÖú£¿²éÔÄ¿ÕÓòÈºÎÄ¼şÄÚµÄ°ïÖúÎÄµµ°É£¡ [m
[01:51:52] [Server thread/INFO]: [0;33;22m[¹«¸æ] [0;33;22mÏëÒª»ñÈ¡¸ü¶à°ïÖú£¿²éÔÄ¿ÕÓòÈºÎÄ¼şÄÚµÄ°ïÖúÎÄµµ°É£¡ [m
[02:51:52] [Server thread/INFO]: [0;33;22m[¹«¸æ] [0;33;22mÏëÒª»ñÈ¡¸ü¶à°ïÖú£¿²éÔÄ¿ÕÓòÈºÎÄ¼şÄÚµÄ°ïÖúÎÄµµ°É£¡ [m
[03:51:52] [Server thread/INFO]: [0;33;22m[¹«¸æ] [0;33;22mÏëÒª»ñÈ¡¸ü¶à°ïÖú£¿²éÔÄ¿ÕÓòÈºÎÄ¼şÄÚµÄ°ïÖúÎÄµµ°É£¡ [m
[04:51:52] [Server thread/INFO]: [0;33;22m[¹«¸æ] [0;33;22mÏëÒª»ñÈ¡¸ü¶à°ïÖú£¿²éÔÄ¿ÕÓòÈºÎÄ¼şÄÚµÄ°ïÖúÎÄµµ°É£¡ [m
[05:51:52] [Server thread/INFO]: [0;33;22m[¹«¸æ] [0;33;22mÏëÒª»ñÈ¡¸ü¶à°ïÖú£¿²éÔÄ¿ÕÓòÈºÎÄ¼şÄÚµÄ°ïÖúÎÄµµ°É£¡ [m
[06:51:52] [Server thread/INFO]: [0;33;22m[¹«¸æ] [0;33;22mÏëÒª»ñÈ¡¸ü¶à°ïÖú£¿²éÔÄ¿ÕÓòÈºÎÄ¼şÄÚµÄ°ïÖúÎÄµµ°É£¡ [m
[07:51:52] [Server thread/INFO]: [0;33;22m[¹«¸æ] [0;33;22mÏëÒª»ñÈ¡¸ü¶à°ïÖú£¿²éÔÄ¿ÕÓòÈºÎÄ¼şÄÚµÄ°ïÖúÎÄµµ°É£¡ [m
[08:51:52] [Server thread/INFO]: [0;33;22m[¹«¸æ] [0;33;22mÏëÒª»ñÈ¡¸ü¶à°ïÖú£¿²éÔÄ¿ÕÓòÈºÎÄ¼şÄÚµÄ°ïÖúÎÄµµ°É£¡ [m
[09:51:52] [Server thread/INFO]: [0;33;22m[¹«¸æ] [0;33;22mÏëÒª»ñÈ¡¸ü¶à°ïÖú£¿²éÔÄ¿ÕÓòÈºÎÄ¼şÄÚµÄ°ïÖúÎÄµµ°É£¡ [m
[10:09:55] [User Authenticator #10/INFO]: UUID of player hence_tape is 2a111da9-f9cb-42dc-8ffc-4f295ba4896b
[10:09:55] [Server thread/INFO]: hence_tape[/127.0.0.1:58424] logged in with entity id 18805 at ([world]2632.2032476769327, 33.0, -406.5508989384756)
[10:22:24] [Server thread/INFO]: hence_tape >> t[m
[10:45:25] [Server thread/INFO]: hence_tape >> asdads[m
[10:51:52] [Server thread/INFO]: [0;33;22m[¹«¸æ] [0;33;22mÏëÒª»ñÈ¡¸ü¶à°ïÖú£¿²éÔÄ¿ÕÓòÈºÎÄ¼şÄÚµÄ°ïÖúÎÄµµ°É£¡ [m
[11:51:52] [Server thread/INFO]: [0;33;22m[¹«¸æ] [0;33;22mÏëÒª»ñÈ¡¸ü¶à°ïÖú£¿²éÔÄ¿ÕÓòÈºÎÄ¼şÄÚµÄ°ïÖúÎÄµµ°É£¡ [m
[12:51:50] [Server thread/INFO]: [0;33;22m[¹«¸æ] [0;33;22mÏëÒª»ñÈ¡¸ü¶à°ïÖú£¿²éÔÄ¿ÕÓòÈºÎÄ¼şÄÚµÄ°ïÖúÎÄµµ°É£¡ [m
[13:03:38] [Server thread/INFO]: hence_tape >> ]adas das[m
[13:51:50] [Server thread/INFO]: [0;33;22m[¹«¸æ] [0;33;22mÏëÒª»ñÈ¡¸ü¶à°ïÖú£¿²éÔÄ¿ÕÓòÈºÎÄ¼şÄÚµÄ°ïÖúÎÄµµ°É£¡ [m
[13:57:05] [User Authenticator #11/INFO]: UUID of player Twilight2033 is 98662d18-6c0e-42a2-a077-e2a8abd740e5
[13:57:05] [Server thread/INFO]: Twilight2033[/127.0.0.1:60275] logged in with entity id 30131 at ([world]5176.930999963829, 64.0, 294.7968374557997)
[13:57:59] [Server thread/INFO]: Twilight2033 issued server command: /co i
[14:01:47] [pool-5-thread-1/INFO]: [0;30;1m[[0;31;1m[21mGM[0;37;1m[21m+[0;30;1m] [0;30;1m[[0;32;1mINFO[0;30;1m] [0;33;1m Data files refreshed.[m
[14:04:29] [Server thread/INFO]: Twilight2033 issued server command: /co i
[14:05:10] [Server thread/INFO]: Twilight2033 issued server command: /oci
[14:05:12] [Server thread/INFO]: Twilight2033 issued server command: /co i
[14:05:21] [Server thread/INFO]: Twilight2033 issued server command: /co i
[14:05:40] [Server thread/INFO]: Twilight2033 lost connection: Disconnected
[14:05:40] [Server thread/INFO]: Twilight2033 left the game
[14:51:50] [Server thread/INFO]: [0;33;22m[¹«¸æ] [0;33;22mÏëÒª»ñÈ¡¸ü¶à°ïÖú£¿²éÔÄ¿ÕÓòÈºÎÄ¼şÄÚµÄ°ïÖúÎÄµµ°É£¡ [m
[15:17:39] [Server thread/INFO]: Villager EntityVillager['Cleric'/19091, l='ServerLevel[world]', x=2745.50, y=63.00, z=-433.70] was struck by lightning EntityLightning['Lightning Bolt'/36129, l='ServerLevel[world]', x=2747.50, y=63.00, z=-435.50].
[15:17:39] [Server thread/INFO]: Villager EntityVillager['Cleric'/19092, l='ServerLevel[world]', x=2747.50, y=63.00, z=-433.70] was struck by lightning EntityLightning['Lightning Bolt'/36129, l='ServerLevel[world]', x=2747.50, y=63.00, z=-435.50].
[15:17:39] [Server thread/INFO]: Villager EntityVillager['Cleric'/19093, l='ServerLevel[world]', x=2749.70, y=63.00, z=-433.70] was struck by lightning EntityLightning['Lightning Bolt'/36129, l='ServerLevel[world]', x=2747.50, y=63.00, z=-435.50].
[15:51:50] [Server thread/INFO]: [0;33;22m[¹«¸æ] [0;33;22mÏëÒª»ñÈ¡¸ü¶à°ïÖú£¿²éÔÄ¿ÕÓòÈºÎÄ¼şÄÚµÄ°ïÖúÎÄµµ°É£¡ [m
[16:51:50] [Server thread/INFO]: [0;33;22m[¹«¸æ] [0;33;22mÏëÒª»ñÈ¡¸ü¶à°ïÖú£¿²éÔÄ¿ÕÓòÈºÎÄ¼şÄÚµÄ°ïÖúÎÄµµ°É£¡ [m
[17:51:50] [Server thread/INFO]: [0;33;22m[¹«¸æ] [0;33;22mÏëÒª»ñÈ¡¸ü¶à°ïÖú£¿²éÔÄ¿ÕÓòÈºÎÄ¼şÄÚµÄ°ïÖúÎÄµµ°É£¡ [m
[17:51:56] [Server thread/INFO]: hence_tape lost connection: Disconnected
[17:51:56] [Server thread/INFO]: hence_tape left the game
[18:51:50] [Server thread/INFO]: [0;33;22m[¹«¸æ] [0;33;22mÏëÒª»ñÈ¡¸ü¶à°ïÖú£¿²éÔÄ¿ÕÓòÈºÎÄ¼şÄÚµÄ°ïÖúÎÄµµ°É£¡ [m
[19:51:50] [Server thread/INFO]: [0;33;22m[¹«¸æ] [0;33;22mÏëÒª»ñÈ¡¸ü¶à°ïÖú£¿²éÔÄ¿ÕÓòÈºÎÄ¼şÄÚµÄ°ïÖúÎÄµµ°É£¡ [m
[20:18:50] [Server thread/INFO]: com.mojang.authlib.GameProfile@59bb3c6d[id=<null>,name=hence_tape,properties={},legacy=false] (/127.0.0.1:63374) lost connection: Disconnected
[20:47:39] [User Authenticator #12/INFO]: UUID of player hence_tape is 2a111da9-f9cb-42dc-8ffc-4f295ba4896b
[20:47:39] [Server thread/INFO]: hence_tape[/127.0.0.1:63603] logged in with entity id 42390 at ([world]2632.380242054648, 33.0, -406.69603428499806)
[20:51:50] [Server thread/INFO]: [0;33;22m[¹«¸æ] [0;33;22mÏëÒª»ñÈ¡¸ü¶à°ïÖú£¿²éÔÄ¿ÕÓòÈºÎÄ¼şÄÚµÄ°ïÖúÎÄµµ°É£¡ [m
[21:51:50] [Server thread/INFO]: [0;33;22m[¹«¸æ] [0;33;22mÏëÒª»ñÈ¡¸ü¶à°ïÖú£¿²éÔÄ¿ÕÓòÈºÎÄ¼şÄÚµÄ°ïÖúÎÄµµ°É£¡ [m
[22:48:59] [Server thread/INFO]: hence_tape lost connection: Disconnected
[22:48:59] [Server thread/INFO]: hence_tape left the game
[22:51:50] [Server thread/INFO]: [0;33;22m[¹«¸æ] [0;33;22mÏëÒª»ñÈ¡¸ü¶à°ïÖú£¿²éÔÄ¿ÕÓòÈºÎÄ¼şÄÚµÄ°ïÖúÎÄµµ°É£¡ [m
[23:51:50] [Server thread/INFO]: [0;33;22m[¹«¸æ] [0;33;22mÏëÒª»ñÈ¡¸ü¶à°ïÖú£¿²éÔÄ¿ÕÓòÈºÎÄ¼şÄÚµÄ°ïÖúÎÄµµ°É£¡ [m
