[00:25:02] [User Authenticator #113/INFO]: UUID of player Misours is 3ba17b9b-ef06-48d3-8444-9e527ffb37f2
[00:25:02] [Server thread/INFO]: Misours[/127.0.0.1:54217] logged in with entity id 986264 at ([world]3246.347603956744, 148.64175675844947, 444.54932761039043)
[00:27:02] [Server thread/INFO]: Misours lost connection: Disconnected
[00:27:02] [Server thread/INFO]: Misours left the game
[00:52:12] [Server thread/INFO]: [0;33;22m[¹«¸æ] [0;33;22mÏëÒª»ñÈ¡¸ü¶à°ïÖú£¿²éÔÄ¿ÕÓòÈºÎÄ¼şÄÚµÄ°ïÖúÎÄµµ°É£¡ [m
[01:52:11] [Server thread/INFO]: [0;33;22m[¹«¸æ] [0;33;22mÏëÒª»ñÈ¡¸ü¶à°ïÖú£¿²éÔÄ¿ÕÓòÈºÎÄ¼şÄÚµÄ°ïÖúÎÄµµ°É£¡ [m
[02:52:11] [Server thread/INFO]: [0;33;22m[¹«¸æ] [0;33;22mÏëÒª»ñÈ¡¸ü¶à°ïÖú£¿²éÔÄ¿ÕÓòÈºÎÄ¼şÄÚµÄ°ïÖúÎÄµµ°É£¡ [m
[03:52:11] [Server thread/INFO]: [0;33;22m[¹«¸æ] [0;33;22mÏëÒª»ñÈ¡¸ü¶à°ïÖú£¿²éÔÄ¿ÕÓòÈºÎÄ¼şÄÚµÄ°ïÖúÎÄµµ°É£¡ [m
[04:52:11] [Server thread/INFO]: [0;33;22m[¹«¸æ] [0;33;22mÏëÒª»ñÈ¡¸ü¶à°ïÖú£¿²éÔÄ¿ÕÓòÈºÎÄ¼şÄÚµÄ°ïÖúÎÄµµ°É£¡ [m
[05:52:11] [Server thread/INFO]: [0;33;22m[¹«¸æ] [0;33;22mÏëÒª»ñÈ¡¸ü¶à°ïÖú£¿²éÔÄ¿ÕÓòÈºÎÄ¼şÄÚµÄ°ïÖúÎÄµµ°É£¡ [m
[06:42:53] [User Authenticator #114/INFO]: UUID of player Twilight2033 is 98662d18-6c0e-42a2-a077-e2a8abd740e5
[06:42:54] [Server thread/INFO]: Twilight2033[/127.0.0.1:56042] logged in with entity id 987077 at ([world]7023.337423382116, 95.0, -539.4173611597968)
[06:43:12] [Server thread/INFO]: Twilight2033 issued server command: /CO I
[06:43:45] [Server thread/INFO]: Twilight2033 issued server command: /CO I
[06:44:22] [Server thread/INFO]: Twilight2033 lost connection: Disconnected
[06:44:22] [Server thread/INFO]: Twilight2033 left the game
[06:52:11] [Server thread/INFO]: [0;33;22m[¹«¸æ] [0;33;22mÏëÒª»ñÈ¡¸ü¶à°ïÖú£¿²éÔÄ¿ÕÓòÈºÎÄ¼şÄÚµÄ°ïÖúÎÄµµ°É£¡ [m
[07:52:11] [Server thread/INFO]: [0;33;22m[¹«¸æ] [0;33;22mÏëÒª»ñÈ¡¸ü¶à°ïÖú£¿²éÔÄ¿ÕÓòÈºÎÄ¼şÄÚµÄ°ïÖúÎÄµµ°É£¡ [m
[08:52:11] [Server thread/INFO]: [0;33;22m[¹«¸æ] [0;33;22mÏëÒª»ñÈ¡¸ü¶à°ïÖú£¿²éÔÄ¿ÕÓòÈºÎÄ¼şÄÚµÄ°ïÖúÎÄµµ°É£¡ [m
[09:52:11] [Server thread/INFO]: [0;33;22m[¹«¸æ] [0;33;22mÏëÒª»ñÈ¡¸ü¶à°ïÖú£¿²éÔÄ¿ÕÓòÈºÎÄ¼şÄÚµÄ°ïÖúÎÄµµ°É£¡ [m
[10:52:11] [Server thread/INFO]: [0;33;22m[¹«¸æ] [0;33;22mÏëÒª»ñÈ¡¸ü¶à°ïÖú£¿²éÔÄ¿ÕÓòÈºÎÄ¼şÄÚµÄ°ïÖúÎÄµµ°É£¡ [m
[11:32:49] [User Authenticator #115/INFO]: UUID of player YiFanFengShun is 6b491d23-aa75-4830-8683-36a79ae50c53
[11:32:49] [Server thread/INFO]: YiFanFengShun[/127.0.0.1:57485] logged in with entity id 987420 at ([world]5155.070954149751, 71.875, 202.30000001192093)
[11:42:06] [pool-5-thread-1/INFO]: [0;30;1m[[0;31;1m[21mGM[0;37;1m[21m+[0;30;1m] [0;30;1m[[0;32;1mINFO[0;30;1m] [0;33;1m Data files refreshed.[m
[11:43:28] [User Authenticator #116/INFO]: UUID of player Ink_Snow is 2a111da9-f9cb-42dc-8ffc-4f295ba4896b
[11:43:28] [Server thread/INFO]: Ink_Snow[/127.0.0.1:57541] logged in with entity id 991135 at ([world]-218.76249998807907, 63.0, -441.5970315712683)
[11:43:46] [Server thread/INFO]: Ink_Snow >> e[m
[11:43:52] [Server thread/INFO]: [0;32;1m<´øÉÆÈË>[0;37;1m YiFanFengShun >> awa¡£¡£¡£[m
[11:44:48] [Server thread/INFO]: Ink_Snow >> YiFanFengShun[m
[11:44:49] [Server thread/INFO]: Ink_Snow >> zzz[m
[11:45:03] [Server thread/INFO]: YiFanFengShun lost connection: Disconnected
[11:45:03] [Server thread/INFO]: YiFanFengShun left the game
[11:45:17] [User Authenticator #117/INFO]: UUID of player YiFanFengShun is 6b491d23-aa75-4830-8683-36a79ae50c53
[11:45:18] [Server thread/INFO]: YiFanFengShun[/127.0.0.1:57555] logged in with entity id 991467 at ([world]2199.3541816148518, 169.0, 624.6676334092465)
[11:45:22] [Server thread/INFO]: Ink_Snow >> ok[m
[11:46:08] [Server thread/INFO]: Ink_Snow >> Äã¾¹È»ÉÏÏßÁË[m
[11:46:25] [Server thread/INFO]: [0;32;1m<´øÉÆÈË>[0;37;1m YiFanFengShun >> hyp±»¼ÓËÙÆ÷banÁËqwq[m
[11:46:36] [Server thread/INFO]: Ink_Snow >> 2333[m
[11:50:17] [Server thread/INFO]: [0;36;1m[PiglinFix][0;32;1mDrops fixed[m
[11:52:12] [Server thread/INFO]: [0;33;22m[¹«¸æ] [0;33;22mÏëÒª»ñÈ¡¸ü¶à°ïÖú£¿²éÔÄ¿ÕÓòÈºÎÄ¼şÄÚµÄ°ïÖúÎÄµµ°É£¡ [m
[11:59:40] [Server thread/INFO]: YiFanFengShun lost connection: Disconnected
[11:59:40] [Server thread/INFO]: YiFanFengShun left the game
[12:07:18] [Server thread/INFO]: Ink_Snow lost connection: Disconnected
[12:07:18] [Server thread/INFO]: Ink_Snow left the game
[12:52:11] [Server thread/INFO]: [0;33;22m[¹«¸æ] [0;33;22mÏëÒª»ñÈ¡¸ü¶à°ïÖú£¿²éÔÄ¿ÕÓòÈºÎÄ¼şÄÚµÄ°ïÖúÎÄµµ°É£¡ [m
[13:52:11] [Server thread/INFO]: [0;33;22m[¹«¸æ] [0;33;22mÏëÒª»ñÈ¡¸ü¶à°ïÖú£¿²éÔÄ¿ÕÓòÈºÎÄ¼şÄÚµÄ°ïÖúÎÄµµ°É£¡ [m
[14:52:11] [Server thread/INFO]: [0;33;22m[¹«¸æ] [0;33;22mÏëÒª»ñÈ¡¸ü¶à°ïÖú£¿²éÔÄ¿ÕÓòÈºÎÄ¼şÄÚµÄ°ïÖúÎÄµµ°É£¡ [m
[15:52:11] [Server thread/INFO]: [0;33;22m[¹«¸æ] [0;33;22mÏëÒª»ñÈ¡¸ü¶à°ïÖú£¿²éÔÄ¿ÕÓòÈºÎÄ¼şÄÚµÄ°ïÖúÎÄµµ°É£¡ [m
[16:01:03] [User Authenticator #118/INFO]: UUID of player Misours is 3ba17b9b-ef06-48d3-8444-9e527ffb37f2
[16:01:03] [Server thread/INFO]: Misours[/127.0.0.1:58793] logged in with entity id 998583 at ([world]-527.7506229270464, 75.0, -445.5141120916595)
[16:17:40] [Server thread/INFO]: Misours lost connection: Disconnected
[16:17:40] [Server thread/INFO]: Misours left the game
[16:52:11] [Server thread/INFO]: [0;33;22m[¹«¸æ] [0;33;22mÏëÒª»ñÈ¡¸ü¶à°ïÖú£¿²éÔÄ¿ÕÓòÈºÎÄ¼şÄÚµÄ°ïÖúÎÄµµ°É£¡ [m
[17:52:11] [Server thread/INFO]: [0;33;22m[¹«¸æ] [0;33;22mÏëÒª»ñÈ¡¸ü¶à°ïÖú£¿²éÔÄ¿ÕÓòÈºÎÄ¼şÄÚµÄ°ïÖúÎÄµµ°É£¡ [m
[17:53:03] [User Authenticator #119/INFO]: UUID of player adhesive_tape is 4c96318f-887a-42ea-a266-2e19af41d6cd
[17:53:04] [Server thread/INFO]: adhesive_tape[/127.0.0.1:59346] logged in with entity id 1000054 at ([world]-218.03283087351016, 229.5, -448.61697936863004)
[17:58:04] [Server thread/INFO]: adhesive_tape lost connection: Disconnected
[17:58:04] [Server thread/INFO]: adhesive_tape left the game
[18:01:10] [User Authenticator #120/INFO]: UUID of player Ink_Snow is 2a111da9-f9cb-42dc-8ffc-4f295ba4896b
[18:01:10] [Server thread/INFO]: Ink_Snow[/127.0.0.1:59386] logged in with entity id 1007963 at ([world]-217.30000001192093, 229.15123944463568, -447.30000001192093)
[18:18:24] [Server thread/INFO]: Ink_Snow lost connection: Disconnected
[18:18:24] [Server thread/INFO]: Ink_Snow left the game
[18:19:03] [User Authenticator #121/INFO]: UUID of player adhesive_tape is 4c96318f-887a-42ea-a266-2e19af41d6cd
[18:19:03] [Server thread/INFO]: adhesive_tape[/127.0.0.1:59474] logged in with entity id 1032550 at ([world]-215.30000001192093, 232.0, -448.95557098293204)
[18:20:53] [User Authenticator #122/INFO]: UUID of player Ink_Snow is 2a111da9-f9cb-42dc-8ffc-4f295ba4896b
[18:20:53] [Server thread/INFO]: Ink_Snow[/127.0.0.1:59483] logged in with entity id 1033402 at ([world]-223.12681021004158, 236.0, -449.31330838546563)
[18:21:24] [Server thread/INFO]: adhesive_tape lost connection: Disconnected
[18:21:24] [Server thread/INFO]: adhesive_tape left the game
[18:23:17] [Server thread/INFO]: Ink_Snow lost connection: Disconnected
[18:23:17] [Server thread/INFO]: Ink_Snow left the game
[18:25:39] [User Authenticator #123/INFO]: UUID of player Ink_Snow is 2a111da9-f9cb-42dc-8ffc-4f295ba4896b
[18:25:39] [Server thread/INFO]: Ink_Snow[/127.0.0.1:59520] logged in with entity id 1034061 at ([world]-213.91201651893945, 232.0, -451.69218653794053)
[18:27:31] [Server thread/INFO]: Ink_Snow lost connection: Disconnected
[18:27:31] [Server thread/INFO]: Ink_Snow left the game
[18:29:04] [User Authenticator #124/INFO]: UUID of player Ink_Snow is 2a111da9-f9cb-42dc-8ffc-4f295ba4896b
[18:29:04] [Server thread/INFO]: Ink_Snow[/127.0.0.1:59537] logged in with entity id 1035150 at ([world]-213.8941590087672, 121.0, -449.3648615111327)
[18:36:32] [User Authenticator #125/INFO]: UUID of player adhesive_tape is 4c96318f-887a-42ea-a266-2e19af41d6cd
[18:36:32] [Server thread/INFO]: adhesive_tape[/127.0.0.1:59572] logged in with entity id 1037242 at ([world]-216.73281789288376, 237.0, -449.38543981531956)
[18:36:50] [Server thread/INFO]: adhesive_tape lost connection: Disconnected
[18:36:50] [Server thread/INFO]: adhesive_tape left the game
[18:42:43] [Server thread/INFO]: Ink_Snow lost connection: Disconnected
[18:42:43] [Server thread/INFO]: Ink_Snow left the game
[18:52:11] [Server thread/INFO]: [0;33;22m[¹«¸æ] [0;33;22mÏëÒª»ñÈ¡¸ü¶à°ïÖú£¿²éÔÄ¿ÕÓòÈºÎÄ¼şÄÚµÄ°ïÖúÎÄµµ°É£¡ [m
[19:52:11] [Server thread/INFO]: [0;33;22m[¹«¸æ] [0;33;22mÏëÒª»ñÈ¡¸ü¶à°ïÖú£¿²éÔÄ¿ÕÓòÈºÎÄ¼şÄÚµÄ°ïÖúÎÄµµ°É£¡ [m
[20:52:11] [Server thread/INFO]: [0;33;22m[¹«¸æ] [0;33;22mÏëÒª»ñÈ¡¸ü¶à°ïÖú£¿²éÔÄ¿ÕÓòÈºÎÄ¼şÄÚµÄ°ïÖúÎÄµµ°É£¡ [m
[21:19:38] [User Authenticator #126/INFO]: UUID of player Misours is 3ba17b9b-ef06-48d3-8444-9e527ffb37f2
[21:19:38] [Server thread/INFO]: Misours[/127.0.0.1:60472] logged in with entity id 1038902 at ([world]-504.69999998807907, 75.0, -470.6934555732313)
[21:19:45] [Server thread/INFO]: Misours lost connection: Disconnected
[21:19:45] [Server thread/INFO]: Misours left the game
[21:52:11] [Server thread/INFO]: [0;33;22m[¹«¸æ] [0;33;22mÏëÒª»ñÈ¡¸ü¶à°ïÖú£¿²éÔÄ¿ÕÓòÈºÎÄ¼şÄÚµÄ°ïÖúÎÄµµ°É£¡ [m
[22:52:11] [Server thread/INFO]: [0;33;22m[¹«¸æ] [0;33;22mÏëÒª»ñÈ¡¸ü¶à°ïÖú£¿²éÔÄ¿ÕÓòÈºÎÄ¼şÄÚµÄ°ïÖúÎÄµµ°É£¡ [m
[23:52:11] [Server thread/INFO]: [0;33;22m[¹«¸æ] [0;33;22mÏëÒª»ñÈ¡¸ü¶à°ïÖú£¿²éÔÄ¿ÕÓòÈºÎÄ¼şÄÚµÄ°ïÖúÎÄµµ°É£¡ [m
