[23:05:29] [Server thread/INFO]: Starting minecraft server version 1.15.2
[23:05:29] [Server thread/INFO]: Loading properties
[23:05:29] [Server thread/INFO]: This server is running Paper version git-Paper-118 (MC: 1.15.2) (Implementing API version 1.15.2-R0.1-SNAPSHOT)
[23:05:29] [Server thread/INFO]: Debug logging is disabled
[23:05:29] [Server thread/INFO]: Server Ping Player Sample Count: 0
[23:05:29] [Server thread/INFO]: Using 4 threads for Netty based IO
[23:05:29] [Server thread/INFO]: Default game type: SURVIVAL
[23:05:29] [Server thread/INFO]: Generating keypair
[23:05:29] [Server thread/INFO]: Starting Minecraft server on 127.0.0.1:25565
[23:05:29] [Server thread/INFO]: Using default channel type
[23:05:30] [Server thread/WARN]: Initializing Legacy Material Support. Unless you have legacy plugins and/or data this is a bug!
[23:05:32] [Server thread/WARN]: Legacy plugin PxAutoMessage v0.1.3 does not specify an api-version.
[23:05:32] [Server thread/WARN]: Legacy plugin ChatC v0.5 does not specify an api-version.
[23:05:32] [Server thread/INFO]: [CoreProtect] Loading CoreProtect v2.18.2
[23:05:32] [Server thread/INFO]: [PxAutoMessage] Loading PxAutoMessage v0.1.3
[23:05:32] [Server thread/INFO]: [TAB] Loading TAB v2.7.2
[23:05:32] [Server thread/INFO]: [EntityTrackerFixer] Loading EntityTrackerFixer v1.2.2
[23:05:32] [Server thread/INFO]: [OpenInv] Loading OpenInv v4.0.8
[23:05:32] [Server thread/INFO]: [SAML] Loading SAML v2.0.0
[23:05:32] [Server thread/INFO]: [ChatC] Loading ChatC v0.5
[23:05:32] [Server thread/INFO]: [MySkin] Loading MySkin v3.0
[23:05:32] [Server thread/INFO]: [VillagerOptimiser] Loading VillagerOptimiser v1.1.2
[23:05:32] [Server thread/INFO]: Server permissions file permissions.yml is empty, ignoring it
[23:05:32] [Server thread/INFO]: Preparing level "world"
[23:05:32] [Server thread/INFO]: Reloading ResourceManager: Default, bukkit
[23:05:38] [Server thread/INFO]: Loaded 6 recipes
[23:05:39] [Server thread/INFO]: -------- World Settings For [world] --------
[23:05:39] [Server thread/INFO]: View Distance: 8
[23:05:39] [Server thread/INFO]: Allow Zombie Pigmen to spawn from portal blocks: true
[23:05:39] [Server thread/INFO]: Nerfing mobs spawned from spawners: false
[23:05:39] [Server thread/INFO]: Item Merge Radius: 8.0
[23:05:39] [Server thread/INFO]: Item Despawn Rate: 4000
[23:05:39] [Server thread/INFO]: Arrow Despawn Rate: 200 Trident Respawn Rate:1200
[23:05:39] [Server thread/INFO]: Cactus Growth Modifier: 100%
[23:05:39] [Server thread/INFO]: Cane Growth Modifier: 100%
[23:05:39] [Server thread/INFO]: Melon Growth Modifier: 100%
[23:05:39] [Server thread/INFO]: Mushroom Growth Modifier: 100%
[23:05:39] [Server thread/INFO]: Pumpkin Growth Modifier: 100%
[23:05:39] [Server thread/INFO]: Sapling Growth Modifier: 100%
[23:05:39] [Server thread/INFO]: Beetroot Growth Modifier: 100%
[23:05:39] [Server thread/INFO]: Carrot Growth Modifier: 100%
[23:05:39] [Server thread/INFO]: Potato Growth Modifier: 100%
[23:05:39] [Server thread/INFO]: Wheat Growth Modifier: 100%
[23:05:39] [Server thread/INFO]: NetherWart Growth Modifier: 100%
[23:05:39] [Server thread/INFO]: Vine Growth Modifier: 100%
[23:05:39] [Server thread/INFO]: Cocoa Growth Modifier: 100%
[23:05:39] [Server thread/INFO]: Bamboo Growth Modifier: 100%
[23:05:39] [Server thread/INFO]: SweetBerry Growth Modifier: 100%
[23:05:39] [Server thread/INFO]: Kelp Growth Modifier: 100%
[23:05:39] [Server thread/INFO]: Mob Spawn Range: 4
[23:05:39] [Server thread/INFO]: Experience Merge Radius: 8.0
[23:05:39] [Server thread/INFO]: Entity Tracking Range: Pl 48 / An 48 / Mo 48 / Mi 32 / Other 64
[23:05:39] [Server thread/INFO]: Entity Activation Range: An 12 / Mo 20 / Ra 48 / Mi 3 / Tiv false
[23:05:39] [Server thread/INFO]: Tile Max Tick Time: 1000ms Entity max Tick Time: 1000ms
[23:05:39] [Server thread/INFO]: Hopper Transfer: 10 Hopper Check: 10 Hopper Amount: 1
[23:05:39] [Server thread/INFO]: Max TNT Explosions: 100
[23:05:39] [Server thread/INFO]: Zombie Aggressive Towards Villager: true
[23:05:39] [Server thread/INFO]: Custom Map Seeds:  Village: 10387312 Desert: 14357617 Igloo: 14357618 Jungle: 14357619 Swamp: 14357620 Monument: 10387313 Ocean: 14357621 Shipwreck: 165745295 Slime: 987234911
[23:05:39] [Server thread/INFO]: -------- World Settings For [world_nether] --------
[23:05:39] [Server thread/INFO]: View Distance: 8
[23:05:39] [Server thread/INFO]: Allow Zombie Pigmen to spawn from portal blocks: true
[23:05:39] [Server thread/INFO]: Nerfing mobs spawned from spawners: false
[23:05:39] [Server thread/INFO]: Item Merge Radius: 8.0
[23:05:39] [Server thread/INFO]: Item Despawn Rate: 4000
[23:05:39] [Server thread/INFO]: Arrow Despawn Rate: 200 Trident Respawn Rate:1200
[23:05:39] [Server thread/INFO]: Cactus Growth Modifier: 100%
[23:05:39] [Server thread/INFO]: Cane Growth Modifier: 100%
[23:05:39] [Server thread/INFO]: Melon Growth Modifier: 100%
[23:05:39] [Server thread/INFO]: Mushroom Growth Modifier: 100%
[23:05:39] [Server thread/INFO]: Pumpkin Growth Modifier: 100%
[23:05:39] [Server thread/INFO]: Sapling Growth Modifier: 100%
[23:05:39] [Server thread/INFO]: Beetroot Growth Modifier: 100%
[23:05:39] [Server thread/INFO]: Carrot Growth Modifier: 100%
[23:05:39] [Server thread/INFO]: Potato Growth Modifier: 100%
[23:05:39] [Server thread/INFO]: Wheat Growth Modifier: 100%
[23:05:39] [Server thread/INFO]: NetherWart Growth Modifier: 100%
[23:05:39] [Server thread/INFO]: Vine Growth Modifier: 100%
[23:05:39] [Server thread/INFO]: Cocoa Growth Modifier: 100%
[23:05:39] [Server thread/INFO]: Bamboo Growth Modifier: 100%
[23:05:39] [Server thread/INFO]: SweetBerry Growth Modifier: 100%
[23:05:39] [Server thread/INFO]: Kelp Growth Modifier: 100%
[23:05:39] [Server thread/INFO]: Mob Spawn Range: 4
[23:05:39] [Server thread/INFO]: Experience Merge Radius: 8.0
[23:05:39] [Server thread/INFO]: Entity Tracking Range: Pl 48 / An 48 / Mo 48 / Mi 32 / Other 64
[23:05:39] [Server thread/INFO]: Entity Activation Range: An 12 / Mo 20 / Ra 48 / Mi 3 / Tiv false
[23:05:39] [Server thread/INFO]: Tile Max Tick Time: 1000ms Entity max Tick Time: 1000ms
[23:05:39] [Server thread/INFO]: Hopper Transfer: 10 Hopper Check: 10 Hopper Amount: 1
[23:05:39] [Server thread/INFO]: Max TNT Explosions: 100
[23:05:39] [Server thread/INFO]: Zombie Aggressive Towards Villager: true
[23:05:39] [Server thread/INFO]: Custom Map Seeds:  Village: 10387312 Desert: 14357617 Igloo: 14357618 Jungle: 14357619 Swamp: 14357620 Monument: 10387313 Ocean: 14357621 Shipwreck: 165745295 Slime: 987234911
[23:05:39] [Server thread/INFO]: -------- World Settings For [world_the_end] --------
[23:05:39] [Server thread/INFO]: View Distance: 8
[23:05:39] [Server thread/INFO]: Allow Zombie Pigmen to spawn from portal blocks: true
[23:05:39] [Server thread/INFO]: Nerfing mobs spawned from spawners: false
[23:05:39] [Server thread/INFO]: Item Merge Radius: 8.0
[23:05:39] [Server thread/INFO]: Item Despawn Rate: 4000
[23:05:39] [Server thread/INFO]: Arrow Despawn Rate: 200 Trident Respawn Rate:1200
[23:05:39] [Server thread/INFO]: Cactus Growth Modifier: 100%
[23:05:39] [Server thread/INFO]: Cane Growth Modifier: 100%
[23:05:39] [Server thread/INFO]: Melon Growth Modifier: 100%
[23:05:39] [Server thread/INFO]: Mushroom Growth Modifier: 100%
[23:05:39] [Server thread/INFO]: Pumpkin Growth Modifier: 100%
[23:05:39] [Server thread/INFO]: Sapling Growth Modifier: 100%
[23:05:39] [Server thread/INFO]: Beetroot Growth Modifier: 100%
[23:05:39] [Server thread/INFO]: Carrot Growth Modifier: 100%
[23:05:39] [Server thread/INFO]: Potato Growth Modifier: 100%
[23:05:39] [Server thread/INFO]: Wheat Growth Modifier: 100%
[23:05:39] [Server thread/INFO]: NetherWart Growth Modifier: 100%
[23:05:39] [Server thread/INFO]: Vine Growth Modifier: 100%
[23:05:39] [Server thread/INFO]: Cocoa Growth Modifier: 100%
[23:05:39] [Server thread/INFO]: Bamboo Growth Modifier: 100%
[23:05:39] [Server thread/INFO]: SweetBerry Growth Modifier: 100%
[23:05:39] [Server thread/INFO]: Kelp Growth Modifier: 100%
[23:05:39] [Server thread/INFO]: Mob Spawn Range: 4
[23:05:39] [Server thread/INFO]: Experience Merge Radius: 8.0
[23:05:39] [Server thread/INFO]: Entity Tracking Range: Pl 48 / An 48 / Mo 48 / Mi 32 / Other 64
[23:05:39] [Server thread/INFO]: Entity Activation Range: An 12 / Mo 20 / Ra 48 / Mi 3 / Tiv false
[23:05:39] [Server thread/INFO]: Tile Max Tick Time: 1000ms Entity max Tick Time: 1000ms
[23:05:39] [Server thread/INFO]: Hopper Transfer: 10 Hopper Check: 10 Hopper Amount: 1
[23:05:39] [Server thread/INFO]: Max TNT Explosions: 100
[23:05:39] [Server thread/INFO]: Zombie Aggressive Towards Villager: true
[23:05:39] [Server thread/INFO]: Custom Map Seeds:  Village: 10387312 Desert: 14357617 Igloo: 14357618 Jungle: 14357619 Swamp: 14357620 Monument: 10387313 Ocean: 14357621 Shipwreck: 165745295 Slime: 987234911
[23:05:39] [Server thread/INFO]: Preparing start region for dimension 'world'/minecraft:overworld
[23:05:39] [Server thread/INFO]: Preparing spawn area: 0%
[23:05:39] [Server thread/INFO]: Preparing spawn area: 20%
[23:05:40] [Server thread/INFO]: Preparing spawn area: 100%
[23:05:40] [Server thread/INFO]: Loaded 441 spawn chunks for world world
[23:05:40] [Server thread/INFO]: Time elapsed: 1305 ms
[23:05:40] [Server thread/INFO]: Preparing start region for dimension 'world_nether'/minecraft:the_nether
[23:05:40] [Server thread/INFO]: Preparing spawn area: 0%
[23:05:41] [Server thread/INFO]: Preparing spawn area: 100%
[23:05:41] [Server thread/INFO]: Loaded 441 spawn chunks for world world_nether
[23:05:41] [Server thread/INFO]: Time elapsed: 724 ms
[23:05:41] [Server thread/INFO]: Preparing start region for dimension 'world_the_end'/minecraft:the_end
[23:05:41] [Server thread/INFO]: Preparing spawn area: 0%
[23:05:41] [Server thread/INFO]: Loaded 441 spawn chunks for world world_the_end
[23:05:41] [Server thread/INFO]: Time elapsed: 343 ms
[23:05:41] [Server thread/INFO]: [CoreProtect] Enabling CoreProtect v2.18.2
[23:05:41] [Server thread/INFO]: [CoreProtect] CoreProtect has been successfully enabled!
[23:05:41] [Server thread/INFO]: [CoreProtect] Using SQLite for data storage.
[23:05:41] [Server thread/INFO]: --------------------
[23:05:41] [Server thread/INFO]: [CoreProtect] Enjoy CoreProtect? Check out CoreEdit!
[23:05:41] [Server thread/INFO]: [CoreProtect] Download: www.coreedit.net/download/
[23:05:41] [Server thread/INFO]: --------------------
[23:05:41] [Server thread/INFO]: [PxAutoMessage] Enabling PxAutoMessage v0.1.3*
[23:05:41] [Server thread/INFO]: [PxAutoMessage] 正在启动皮克斯自动公告系统...
[23:05:41] [Server thread/INFO]: [PxAutoMessage] 初始化信息模块...
[23:05:41] [Server thread/INFO]: [PxAutoMessage] 注册命令监听系统...
[23:05:41] [Server thread/INFO]: [PxAutoMessage] 加载完毕！
[23:05:41] [Server thread/INFO]:  
[23:05:41] [Server thread/INFO]: > 作者：An_ye (QQ:1444691679)
[23:05:41] [Server thread/INFO]: > 本插件自带汉化，请勿相信所谓的汉化版！
[23:05:41] [Server thread/INFO]: > （作者的话：I'm Chinese.）
[23:05:41] [Server thread/INFO]:  
[23:05:41] [Server thread/INFO]: [TAB] Enabling TAB v2.7.2
[23:05:41] [Server thread/INFO]: [TAB] Server version: 1.15.2 (v1_15_R1)
[23:05:41] [Server thread/INFO]: [TAB] Animation "MyAnimation1" has refresh interval of 0 milliseconds! Did you forget to configure it? Using 1000.
[23:05:41] [Server thread/INFO]: [TAB] Animation "ServerName" has refresh interval of 0 milliseconds! Did you forget to configure it? Using 1000.
[23:05:41] [Server thread/INFO]: [TAB] Animation "web" has refresh interval of 0 milliseconds! Did you forget to configure it? Using 1000.
[23:05:41] [Server thread/INFO]: [TAB] Animation "online" has refresh interval of 0 milliseconds! Did you forget to configure it? Using 1000.
[23:05:41] [Server thread/INFO]: [TAB] Animation "vote" has refresh interval of 0 milliseconds! Did you forget to configure it? Using 1000.
[23:05:41] [Server thread/INFO]: [TAB] Animation "Welcome" has refresh interval of 0 milliseconds! Did you forget to configure it? Using 1000.
[23:05:41] [Server thread/INFO]: [TAB] Animation "Welcome" does not have any texts! Ignoring.
[23:05:41] [Server thread/INFO]: [TAB] Animation "time" has refresh interval of 0 milliseconds! Did you forget to configure it? Using 1000.
[23:05:41] [Server thread/INFO]: [TAB] Animation "versions" has refresh interval of 0 milliseconds! Did you forget to configure it? Using 1000.
[23:06:00] [Server thread/INFO]: [TAB] Version 2.8.2 is out! Your version: 2.7.2
[23:06:00] [Server thread/INFO]: [TAB] Get the update at https://www.spigotmc.org/resources/57806/
[23:06:00] [Server thread/INFO]: [TAB] There were 9 startup warnings.
[23:06:00] [Server thread/INFO]: [TAB] Enabled in 19144ms
[23:06:00] [Server thread/INFO]: [EntityTrackerFixer] Enabling EntityTrackerFixer v1.2.2
[23:06:00] [Server thread/INFO]: [OpenInv] Enabling OpenInv v4.0.8
[23:06:00] [Server thread/INFO]: [SAML] Enabling SAML v2.0.0
[23:06:00] [Server thread/INFO]: [SAML] Loading config.yml...
[23:06:00] [Server thread/INFO]: [SAML] Successfully loaded config.yml.
[23:06:00] [Server thread/INFO]: [SAML] Loading custom_groups.yml...
[23:06:00] [Server thread/INFO]: [SAML] Successfully loaded custom_groups.yml.
[23:06:00] [Server thread/INFO]: [SAML] Loading nerfer_goals.yml...
[23:06:00] [Server thread/INFO]: [SAML] Successfully loaded nerfer_goals.yml.
[23:06:00] [Server thread/INFO]: [SAML] Loading messages.yml...
[23:06:00] [Server thread/INFO]: [SAML] Successfully loaded messages.yml.
[23:06:01] [Server thread/INFO]: [SAML] Successfully enabled.
[23:06:01] [Server thread/INFO]: [ChatC] Enabling ChatC v0.5*
[23:06:01] [Server thread/INFO]: [ChatC] 聊天管理插件已启用！
[23:06:01] [Server thread/INFO]: [ChatC] 聊天管理插件当前版本：V0.5 （2017年8月24日）
[23:06:01] [Server thread/INFO]: [ChatC] 感谢您的使用！
[23:06:01] [Server thread/INFO]: [MySkin] Enabling MySkin v3.0
[23:06:01] [Server thread/INFO]: [MySkin] Running on server version v1_15_R1
[23:06:01] [Server thread/INFO]: [VillagerOptimiser] Enabling VillagerOptimiser v1.1.2
[23:06:01] [Server thread/INFO]: [VillagerOptimiser] Loading config.yml...
[23:06:01] [Server thread/INFO]: [VillagerOptimiser] Successfully loaded config.yml.
[23:06:01] [Server thread/INFO]: [VillagerOptimiser] Successfully enabled.
[23:06:01] [Server thread/INFO]: Done (28.718s)! For help, type "help"
[23:06:01] [Server thread/INFO]: Timings Reset
[23:06:01] [Server thread/INFO]: [公告] 卫星地图 | 玩家举报 | 赞助支持 | 动态 >> http://airspace.ink/ 
[23:06:03] [Thread-17/INFO]: --------------------
[23:06:03] [Thread-17/INFO]: [CoreProtect] Version 19.0 is now available.
[23:06:03] [Thread-17/INFO]: [CoreProtect] Download: www.coreprotect.net/download/
[23:06:03] [Thread-17/INFO]: [CoreProtect] Sponsor: www.hosthorde.com
[23:06:03] [Thread-17/INFO]: --------------------
[23:06:39] [Server thread/INFO]: Stopping server
[23:06:39] [Server thread/INFO]: [VillagerOptimiser] Disabling VillagerOptimiser v1.1.2
[23:06:39] [Server thread/INFO]: [MySkin] Disabling MySkin v3.0
[23:06:39] [Server thread/INFO]: [ChatC] Disabling ChatC v0.5
[23:06:39] [Server thread/INFO]: [ChatC] 聊天管理插件已关闭！
[23:06:39] [Server thread/INFO]: [ChatC] 感谢您的使用！
[23:06:39] [Server thread/INFO]: [SAML] Disabling SAML v2.0.0
[23:06:39] [Server thread/INFO]: [SAML] The frozen chunk cache file has been deleted. All chunks should have been accounted for.
[23:06:39] [Server thread/INFO]: [SAML] Successfully disabled.
[23:06:39] [Server thread/INFO]: [OpenInv] Disabling OpenInv v4.0.8
[23:06:39] [Server thread/INFO]: [EntityTrackerFixer] Disabling EntityTrackerFixer v1.2.2
[23:06:39] [Server thread/INFO]: [TAB] Disabling TAB v2.7.2
[23:06:39] [Server thread/INFO]: [TAB] Disabled in 0ms
[23:06:39] [Server thread/INFO]: [PxAutoMessage] Disabling PxAutoMessage v0.1.3
[23:06:39] [Server thread/INFO]: [PxAutoMessage] 正在关闭皮克斯自动公告系统...
[23:06:39] [Server thread/INFO]: [CoreProtect] Disabling CoreProtect v2.18.2
[23:06:39] [Server thread/INFO]: [CoreProtect] Finishing up data logging. Please wait...
[23:06:40] [Craft Scheduler Thread - 5/INFO]: [MySkin] You are running outdated version 3.0
[23:06:40] [Craft Scheduler Thread - 5/INFO]: [MySkin] Please, download the latest update from https://www.spigotmc.org/resources/52303/
[23:06:40] [Server thread/INFO]: [CoreProtect] Success! Disabled CoreProtect v2.18.2
[23:06:40] [Server thread/INFO]: Saving players
[23:06:40] [Server thread/INFO]: Saving worlds
[23:06:40] [Server thread/INFO]: Saving chunks for level 'world'/minecraft:overworld
[23:06:41] [Server thread/INFO]: ThreadedAnvilChunkStorage (world): All chunks are saved
[23:06:41] [Server thread/INFO]: Saving chunks for level 'world_nether'/minecraft:the_nether
[23:06:42] [Server thread/INFO]: ThreadedAnvilChunkStorage (DIM-1): All chunks are saved
[23:06:42] [Server thread/INFO]: Saving chunks for level 'world_the_end'/minecraft:the_end
[23:06:42] [Server thread/INFO]: ThreadedAnvilChunkStorage (DIM1): All chunks are saved
[23:06:42] [Server thread/INFO]: ThreadedAnvilChunkStorage (world): All chunks are saved
[23:06:42] [Server thread/INFO]: ThreadedAnvilChunkStorage (DIM-1): All chunks are saved
[23:06:42] [Server thread/INFO]: ThreadedAnvilChunkStorage (DIM1): All chunks are saved
[23:06:42] [Server thread/INFO]: Saving usercache.json
