[00:02:10] [Server thread/INFO]: There are 0 of a max 40 players online: 
[00:02:13] [Server thread/INFO]: Stopping the server
[00:02:13] [Server thread/INFO]: Stopping server
[00:02:13] [Server thread/INFO]: [XConomy] Disabling XConomy v2.51
[00:02:13] [Server thread/INFO]: [XConomy] XConomy已成功卸载
[00:02:13] [Server thread/INFO]: [EntityTrackerFixer] Disabling EntityTrackerFixer v1.3.1
[00:02:13] [Server thread/INFO]: [TAB] Disabling TAB v2.7.2
[00:02:13] [Server thread/INFO]: [TAB] Disabled in 2ms
[00:02:13] [Server thread/INFO]: [AdvancedBan] Disabling AdvancedBan v2.2.0
[00:02:13] [Server thread/INFO]: [hsqldb.db.HSQLDB73392FA9CE.ENGINE] Database closed
[00:02:13] [Server thread/INFO]: [me.leoko.advancedban.shaded.com.zaxxer.hikari.HikariDataSource] HikariPool-11 - Shutdown initiated...
[00:02:13] [Server thread/INFO]: [me.leoko.advancedban.shaded.com.zaxxer.hikari.HikariDataSource] HikariPool-11 - Shutdown completed.
[00:02:13] [Server thread/INFO]: 
 
[]=====[Disabling AdvancedBan]=====[]
| Information:
|   Name: AdvancedBan
|   Developer: Leoko
|   Version: 2.2.0
|   Storage: HSQLDB (local)
| Support:
|   Github: https://github.com/DevLeoko/AdvancedBan/issues
|   Discord: https://discord.gg/ycDG6rS
| Twitter: @LeokoGar
[]================================[]
 
[00:02:13] [Server thread/INFO]: [GroupManager] Disabling GroupManager v3.3
[00:02:13] [Server thread/INFO]: [Vault][Permission] GroupManager un-hooked.
[00:02:13] [Server thread/INFO]: [Vault][Chat] GroupManager - Chat un-hooked.
[00:02:13] [Server thread/INFO]: [GM+] [INFO] Scheduled Data Saving is disabled!
[00:02:13] [Server thread/INFO]: GroupManager version 3.3 is disabled!
[00:02:13] [Server thread/INFO]: [CrowdLocator] Disabling CrowdLocator v1.0
[00:02:13] [Server thread/INFO]: [ChatC] Disabling ChatC v0.5
[00:02:13] [Server thread/INFO]: [ChatC] 聊天管理插件已关闭！
[00:02:13] [Server thread/INFO]: [ChatC] 感谢您的使用！
[00:02:13] [Server thread/INFO]: [SAML] Disabling SAML v2.0.0
[00:02:13] [Server thread/INFO]: [SAML] The frozen chunk cache file has been deleted. All chunks should have been accounted for.
[00:02:13] [Server thread/INFO]: [SAML] Successfully disabled.
[00:02:13] [Server thread/INFO]: [Vault] Disabling Vault v1.6.6-b${env.TRAVIS_BUILD_NUMBER}
[00:02:13] [Server thread/INFO]: [OpenInv] Disabling OpenInv v4.0.8
[00:02:13] [Server thread/INFO]: [PxAutoMessage] Disabling PxAutoMessage v0.1.3
[00:02:13] [Server thread/INFO]: [PxAutoMessage] 正在关闭皮克斯自动公告系统...
[00:02:13] [Server thread/INFO]: [CoreProtect] Disabling CoreProtect v2.18.2
[00:02:13] [Server thread/INFO]: [CoreProtect] Finishing up data logging. Please wait...
[00:02:14] [Server thread/INFO]: [CoreProtect] Success! Disabled CoreProtect v2.18.2
[00:02:14] [Server thread/INFO]: Saving players
[00:02:14] [Server thread/INFO]: Saving worlds
[00:02:14] [Server thread/INFO]: Saving chunks for level 'world'/minecraft:overworld
[00:02:14] [Server thread/INFO]: ThreadedAnvilChunkStorage (world): All chunks are saved
[00:02:14] [Server thread/INFO]: Saving chunks for level 'world_nether'/minecraft:the_nether
[00:02:14] [Server thread/INFO]: ThreadedAnvilChunkStorage (DIM-1): All chunks are saved
[00:02:14] [Server thread/INFO]: Saving chunks for level 'world_the_end'/minecraft:the_end
[00:02:14] [Server thread/INFO]: ThreadedAnvilChunkStorage (DIM1): All chunks are saved
[00:02:14] [Server thread/INFO]: ThreadedAnvilChunkStorage (world): All chunks are saved
[00:02:14] [Server thread/INFO]: ThreadedAnvilChunkStorage (DIM-1): All chunks are saved
[00:02:15] [Server thread/INFO]: ThreadedAnvilChunkStorage (DIM1): All chunks are saved
