[00:55:24] [Server thread/INFO]: [0;33;22m[¹«¸æ] [0;33;22mÏëÒª»ñÈ¡¸ü¶à°ïÖú£¿²éÔÄ¿ÕÓòÈºÎÄ¼şÄÚµÄ°ïÖúÎÄµµ°É£¡ [m
[01:55:24] [Server thread/INFO]: [0;33;22m[¹«¸æ] [0;33;22mÏëÒª»ñÈ¡¸ü¶à°ïÖú£¿²éÔÄ¿ÕÓòÈºÎÄ¼şÄÚµÄ°ïÖúÎÄµµ°É£¡ [m
[02:55:24] [Server thread/INFO]: [0;33;22m[¹«¸æ] [0;33;22mÏëÒª»ñÈ¡¸ü¶à°ïÖú£¿²éÔÄ¿ÕÓòÈºÎÄ¼şÄÚµÄ°ïÖúÎÄµµ°É£¡ [m
[03:55:24] [Server thread/INFO]: [0;33;22m[¹«¸æ] [0;33;22mÏëÒª»ñÈ¡¸ü¶à°ïÖú£¿²éÔÄ¿ÕÓòÈºÎÄ¼şÄÚµÄ°ïÖúÎÄµµ°É£¡ [m
[04:55:24] [Server thread/INFO]: [0;33;22m[¹«¸æ] [0;33;22mÏëÒª»ñÈ¡¸ü¶à°ïÖú£¿²éÔÄ¿ÕÓòÈºÎÄ¼şÄÚµÄ°ïÖúÎÄµµ°É£¡ [m
[05:55:24] [Server thread/INFO]: [0;33;22m[¹«¸æ] [0;33;22mÏëÒª»ñÈ¡¸ü¶à°ïÖú£¿²éÔÄ¿ÕÓòÈºÎÄ¼şÄÚµÄ°ïÖúÎÄµµ°É£¡ [m
[06:55:24] [Server thread/INFO]: [0;33;22m[¹«¸æ] [0;33;22mÏëÒª»ñÈ¡¸ü¶à°ïÖú£¿²éÔÄ¿ÕÓòÈºÎÄ¼şÄÚµÄ°ïÖúÎÄµµ°É£¡ [m
[07:55:24] [Server thread/INFO]: [0;33;22m[¹«¸æ] [0;33;22mÏëÒª»ñÈ¡¸ü¶à°ïÖú£¿²éÔÄ¿ÕÓòÈºÎÄ¼şÄÚµÄ°ïÖúÎÄµµ°É£¡ [m
[08:55:24] [Server thread/INFO]: [0;33;22m[¹«¸æ] [0;33;22mÏëÒª»ñÈ¡¸ü¶à°ïÖú£¿²éÔÄ¿ÕÓòÈºÎÄ¼şÄÚµÄ°ïÖúÎÄµµ°É£¡ [m
[09:55:24] [Server thread/INFO]: [0;33;22m[¹«¸æ] [0;33;22mÏëÒª»ñÈ¡¸ü¶à°ïÖú£¿²éÔÄ¿ÕÓòÈºÎÄ¼şÄÚµÄ°ïÖúÎÄµµ°É£¡ [m
[10:55:24] [Server thread/INFO]: [0;33;22m[¹«¸æ] [0;33;22mÏëÒª»ñÈ¡¸ü¶à°ïÖú£¿²éÔÄ¿ÕÓòÈºÎÄ¼şÄÚµÄ°ïÖúÎÄµµ°É£¡ [m
[11:55:24] [Server thread/INFO]: [0;33;22m[¹«¸æ] [0;33;22mÏëÒª»ñÈ¡¸ü¶à°ïÖú£¿²éÔÄ¿ÕÓòÈºÎÄ¼şÄÚµÄ°ïÖúÎÄµµ°É£¡ [m
[12:55:24] [Server thread/INFO]: [0;33;22m[¹«¸æ] [0;33;22mÏëÒª»ñÈ¡¸ü¶à°ïÖú£¿²éÔÄ¿ÕÓòÈºÎÄ¼şÄÚµÄ°ïÖúÎÄµµ°É£¡ [m
[13:55:24] [Server thread/INFO]: [0;33;22m[¹«¸æ] [0;33;22mÏëÒª»ñÈ¡¸ü¶à°ïÖú£¿²éÔÄ¿ÕÓòÈºÎÄ¼şÄÚµÄ°ïÖúÎÄµµ°É£¡ [m
[14:55:24] [Server thread/INFO]: [0;33;22m[¹«¸æ] [0;33;22mÏëÒª»ñÈ¡¸ü¶à°ïÖú£¿²éÔÄ¿ÕÓòÈºÎÄ¼şÄÚµÄ°ïÖúÎÄµµ°É£¡ [m
[15:55:24] [Server thread/INFO]: [0;33;22m[¹«¸æ] [0;33;22mÏëÒª»ñÈ¡¸ü¶à°ïÖú£¿²éÔÄ¿ÕÓòÈºÎÄ¼şÄÚµÄ°ïÖúÎÄµµ°É£¡ [m
[16:55:24] [Server thread/INFO]: [0;33;22m[¹«¸æ] [0;33;22mÏëÒª»ñÈ¡¸ü¶à°ïÖú£¿²éÔÄ¿ÕÓòÈºÎÄ¼şÄÚµÄ°ïÖúÎÄµµ°É£¡ [m
[17:55:24] [Server thread/INFO]: [0;33;22m[¹«¸æ] [0;33;22mÏëÒª»ñÈ¡¸ü¶à°ïÖú£¿²éÔÄ¿ÕÓòÈºÎÄ¼şÄÚµÄ°ïÖúÎÄµµ°É£¡ [m
[18:55:24] [Server thread/INFO]: [0;33;22m[¹«¸æ] [0;33;22mÏëÒª»ñÈ¡¸ü¶à°ïÖú£¿²éÔÄ¿ÕÓòÈºÎÄ¼şÄÚµÄ°ïÖúÎÄµµ°É£¡ [m
[19:35:01] [User Authenticator #210/INFO]: UUID of player WangMouDaMC is 960e9f73-b94e-47b7-ac55-5ab43a6035d0
[19:35:01] [Server thread/INFO]: WangMouDaMC[/127.0.0.1:55108] logged in with entity id 1806450 at ([world]15.98373494721028, 70.0, -737.9728284289364)
[19:35:45] [Server thread/INFO]: WangMouDaMC lost connection: Disconnected
[19:35:45] [Server thread/INFO]: WangMouDaMC left the game
[19:37:07] [User Authenticator #211/INFO]: UUID of player WangMouDaMC is 960e9f73-b94e-47b7-ac55-5ab43a6035d0
[19:37:07] [Server thread/INFO]: WangMouDaMC[/127.0.0.1:55129] logged in with entity id 1806593 at ([world]15.682842663686289, 70.0, -738.6999999880791)
[19:42:01] [Server thread/INFO]: WangMouDaMC has made the advancement [Stone Age]
[19:42:45] [Server thread/INFO]: WangMouDaMC has made the advancement [Getting an Upgrade]
[19:48:44] [Server thread/INFO]: WangMouDaMC lost connection: Disconnected
[19:48:44] [Server thread/INFO]: WangMouDaMC left the game
[19:52:58] [User Authenticator #212/INFO]: UUID of player WangMouDaMC is 960e9f73-b94e-47b7-ac55-5ab43a6035d0
[19:52:58] [Server thread/INFO]: WangMouDaMC[/127.0.0.1:55219] logged in with entity id 1807174 at ([world]53.3435870380059, 64.0, -956.0285022720291)
[19:53:04] [Server thread/INFO]: WangMouDaMC lost connection: Disconnected
[19:53:04] [Server thread/INFO]: WangMouDaMC left the game
[19:55:24] [Server thread/INFO]: [0;33;22m[¹«¸æ] [0;33;22mÏëÒª»ñÈ¡¸ü¶à°ïÖú£¿²éÔÄ¿ÕÓòÈºÎÄ¼şÄÚµÄ°ïÖúÎÄµµ°É£¡ [m
[19:56:17] [User Authenticator #213/INFO]: UUID of player WangMouDaMC is 960e9f73-b94e-47b7-ac55-5ab43a6035d0
[19:56:17] [Server thread/INFO]: WangMouDaMC[/127.0.0.1:55237] logged in with entity id 1807277 at ([world]53.3435870380059, 64.0, -956.0285022720291)
[19:56:50] [Server thread/INFO]: WangMouDaMC lost connection: Disconnected
[19:56:50] [Server thread/INFO]: WangMouDaMC left the game
[20:09:46] [User Authenticator #214/INFO]: UUID of player WangMouDaMC is 960e9f73-b94e-47b7-ac55-5ab43a6035d0
[20:09:46] [Server thread/INFO]: WangMouDaMC[/127.0.0.1:55300] logged in with entity id 1807384 at ([world]54.30932085182794, 64.0, -953.9380466609468)
[20:09:58] [Server thread/INFO]: WangMouDaMC lost connection: Disconnected
[20:09:58] [Server thread/INFO]: WangMouDaMC left the game
[20:55:24] [Server thread/INFO]: [0;33;22m[¹«¸æ] [0;33;22mÏëÒª»ñÈ¡¸ü¶à°ïÖú£¿²éÔÄ¿ÕÓòÈºÎÄ¼şÄÚµÄ°ïÖúÎÄµµ°É£¡ [m
[21:09:57] [User Authenticator #215/INFO]: UUID of player xiaoxi_wan is cfbe0b8f-fbce-4508-9444-17c26d099143
[21:09:57] [Server thread/INFO]: xiaoxi_wan[/127.0.0.1:55953] logged in with entity id 1807494 at ([world]2713.699999988079, 63.0, -395.76961852817203)
[21:19:16] [Server thread/INFO]: xiaoxi_wan lost connection: Disconnected
[21:19:16] [Server thread/INFO]: xiaoxi_wan left the game
[21:55:24] [Server thread/INFO]: [0;33;22m[¹«¸æ] [0;33;22mÏëÒª»ñÈ¡¸ü¶à°ïÖú£¿²éÔÄ¿ÕÓòÈºÎÄ¼şÄÚµÄ°ïÖúÎÄµµ°É£¡ [m
[22:55:24] [Server thread/INFO]: [0;33;22m[¹«¸æ] [0;33;22mÏëÒª»ñÈ¡¸ü¶à°ïÖú£¿²éÔÄ¿ÕÓòÈºÎÄ¼şÄÚµÄ°ïÖúÎÄµµ°É£¡ [m
[23:55:24] [Server thread/INFO]: [0;33;22m[¹«¸æ] [0;33;22mÏëÒª»ñÈ¡¸ü¶à°ïÖú£¿²éÔÄ¿ÕÓòÈºÎÄ¼şÄÚµÄ°ïÖúÎÄµµ°É£¡ [m
