[00:55:22] [Server thread/INFO]: [0;33;22m[¹«¸æ] [0;33;22mÏëÒª»ñÈ¡¸ü¶à°ïÖú£¿²éÔÄ¿ÕÓòÈºÎÄ¼şÄÚµÄ°ïÖúÎÄµµ°É£¡ [m
[01:55:22] [Server thread/INFO]: [0;33;22m[¹«¸æ] [0;33;22mÏëÒª»ñÈ¡¸ü¶à°ïÖú£¿²éÔÄ¿ÕÓòÈºÎÄ¼şÄÚµÄ°ïÖúÎÄµµ°É£¡ [m
[02:55:22] [Server thread/INFO]: [0;33;22m[¹«¸æ] [0;33;22mÏëÒª»ñÈ¡¸ü¶à°ïÖú£¿²éÔÄ¿ÕÓòÈºÎÄ¼şÄÚµÄ°ïÖúÎÄµµ°É£¡ [m
[03:55:22] [Server thread/INFO]: [0;33;22m[¹«¸æ] [0;33;22mÏëÒª»ñÈ¡¸ü¶à°ïÖú£¿²éÔÄ¿ÕÓòÈºÎÄ¼şÄÚµÄ°ïÖúÎÄµµ°É£¡ [m
[04:55:22] [Server thread/INFO]: [0;33;22m[¹«¸æ] [0;33;22mÏëÒª»ñÈ¡¸ü¶à°ïÖú£¿²éÔÄ¿ÕÓòÈºÎÄ¼şÄÚµÄ°ïÖúÎÄµµ°É£¡ [m
[05:55:22] [Server thread/INFO]: [0;33;22m[¹«¸æ] [0;33;22mÏëÒª»ñÈ¡¸ü¶à°ïÖú£¿²éÔÄ¿ÕÓòÈºÎÄ¼şÄÚµÄ°ïÖúÎÄµµ°É£¡ [m
[06:55:22] [Server thread/INFO]: [0;33;22m[¹«¸æ] [0;33;22mÏëÒª»ñÈ¡¸ü¶à°ïÖú£¿²éÔÄ¿ÕÓòÈºÎÄ¼şÄÚµÄ°ïÖúÎÄµµ°É£¡ [m
[07:55:22] [Server thread/INFO]: [0;33;22m[¹«¸æ] [0;33;22mÏëÒª»ñÈ¡¸ü¶à°ïÖú£¿²éÔÄ¿ÕÓòÈºÎÄ¼şÄÚµÄ°ïÖúÎÄµµ°É£¡ [m
[08:55:22] [Server thread/INFO]: [0;33;22m[¹«¸æ] [0;33;22mÏëÒª»ñÈ¡¸ü¶à°ïÖú£¿²éÔÄ¿ÕÓòÈºÎÄ¼şÄÚµÄ°ïÖúÎÄµµ°É£¡ [m
[09:55:19] [Server thread/INFO]: [0;33;22m[¹«¸æ] [0;33;22mÏëÒª»ñÈ¡¸ü¶à°ïÖú£¿²éÔÄ¿ÕÓòÈºÎÄ¼şÄÚµÄ°ïÖúÎÄµµ°É£¡ [m
[10:55:19] [Server thread/INFO]: [0;33;22m[¹«¸æ] [0;33;22mÏëÒª»ñÈ¡¸ü¶à°ïÖú£¿²éÔÄ¿ÕÓòÈºÎÄ¼şÄÚµÄ°ïÖúÎÄµµ°É£¡ [m
[11:55:19] [Server thread/INFO]: [0;33;22m[¹«¸æ] [0;33;22mÏëÒª»ñÈ¡¸ü¶à°ïÖú£¿²éÔÄ¿ÕÓòÈºÎÄ¼şÄÚµÄ°ïÖúÎÄµµ°É£¡ [m
[12:55:19] [Server thread/INFO]: [0;33;22m[¹«¸æ] [0;33;22mÏëÒª»ñÈ¡¸ü¶à°ïÖú£¿²éÔÄ¿ÕÓòÈºÎÄ¼şÄÚµÄ°ïÖúÎÄµµ°É£¡ [m
[13:55:19] [Server thread/INFO]: [0;33;22m[¹«¸æ] [0;33;22mÏëÒª»ñÈ¡¸ü¶à°ïÖú£¿²éÔÄ¿ÕÓòÈºÎÄ¼şÄÚµÄ°ïÖúÎÄµµ°É£¡ [m
[14:55:19] [Server thread/INFO]: [0;33;22m[¹«¸æ] [0;33;22mÏëÒª»ñÈ¡¸ü¶à°ïÖú£¿²éÔÄ¿ÕÓòÈºÎÄ¼şÄÚµÄ°ïÖúÎÄµµ°É£¡ [m
[15:55:19] [Server thread/INFO]: [0;33;22m[¹«¸æ] [0;33;22mÏëÒª»ñÈ¡¸ü¶à°ïÖú£¿²éÔÄ¿ÕÓòÈºÎÄ¼şÄÚµÄ°ïÖúÎÄµµ°É£¡ [m
[16:55:19] [Server thread/INFO]: [0;33;22m[¹«¸æ] [0;33;22mÏëÒª»ñÈ¡¸ü¶à°ïÖú£¿²éÔÄ¿ÕÓòÈºÎÄ¼şÄÚµÄ°ïÖúÎÄµµ°É£¡ [m
[17:55:19] [Server thread/INFO]: [0;33;22m[¹«¸æ] [0;33;22mÏëÒª»ñÈ¡¸ü¶à°ïÖú£¿²éÔÄ¿ÕÓòÈºÎÄ¼şÄÚµÄ°ïÖúÎÄµµ°É£¡ [m
[18:44:12] [Server thread/INFO]: com.mojang.authlib.GameProfile@40cb129e[id=<null>,name=Xin_Sai,properties={},legacy=false] (/127.0.0.1:54850) lost connection: Timed out
[18:44:12] [Server thread/INFO]: com.mojang.authlib.GameProfile@10cda5fe[id=<null>,name=Xin_Sai,properties={},legacy=false] (/127.0.0.1:54851) lost connection: Timed out
[18:44:29] [User Authenticator #217/INFO]: UUID of player Xin_Sai is b3729594-b5f8-4196-ba5e-4e9c2181d789
[18:44:30] [Server thread/INFO]: Xin_Sai[/127.0.0.1:54857] logged in with entity id 1808760 at ([world_nether]61.181607037133496, 78.0, 16.3208813298953)
[18:45:19] [Server thread/WARN]: Xin_Sai moved too quickly! 6.1316003123238545,-1.252203340253729,9.38342359672653
[18:46:12] [Server thread/INFO]: Xin_Sai lost connection: Disconnected
[18:46:12] [Server thread/INFO]: Xin_Sai left the game
[18:46:18] [User Authenticator #218/INFO]: UUID of player Xin_Sai is b3729594-b5f8-4196-ba5e-4e9c2181d789
[18:46:19] [Server thread/INFO]: Xin_Sai[/127.0.0.1:54866] logged in with entity id 1808825 at ([world_nether]37.87790242751957, 95.0, 97.38258010122507)
[18:55:20] [Server thread/INFO]: [0;33;22m[¹«¸æ] [0;33;22mÏëÒª»ñÈ¡¸ü¶à°ïÖú£¿²éÔÄ¿ÕÓòÈºÎÄ¼şÄÚµÄ°ïÖúÎÄµµ°É£¡ [m
[18:58:03] [Server thread/INFO]: [0;36;1m[PiglinFix][0;32;1mDrops fixed[m
[18:59:50] [Server thread/WARN]: Xin_Sai moved wrongly!
[19:06:41] [Server thread/INFO]: Xin_Sai lost connection: Disconnected
[19:06:42] [Server thread/INFO]: Xin_Sai left the game
[19:35:32] [User Authenticator #219/INFO]: UUID of player xiaoxi_wan is cfbe0b8f-fbce-4508-9444-17c26d099143
[19:35:32] [Server thread/INFO]: xiaoxi_wan[/127.0.0.1:55034] logged in with entity id 1811268 at ([world]2700.1412251567644, 63.5, -377.06544122246504)
[19:37:15] [Server thread/INFO]: xiaoxi_wan lost connection: Disconnected
[19:37:15] [Server thread/INFO]: xiaoxi_wan left the game
[19:55:19] [Server thread/INFO]: [0;33;22m[¹«¸æ] [0;33;22mÏëÒª»ñÈ¡¸ü¶à°ïÖú£¿²éÔÄ¿ÕÓòÈºÎÄ¼şÄÚµÄ°ïÖúÎÄµµ°É£¡ [m
[20:55:19] [Server thread/INFO]: [0;33;22m[¹«¸æ] [0;33;22mÏëÒª»ñÈ¡¸ü¶à°ïÖú£¿²éÔÄ¿ÕÓòÈºÎÄ¼şÄÚµÄ°ïÖúÎÄµµ°É£¡ [m
[21:44:07] [Server thread/INFO]: com.mojang.authlib.GameProfile@51039bcd[id=<null>,name=Twilight2033,properties={},legacy=false] (/127.0.0.1:55450) lost connection: Disconnected
[21:44:13] [User Authenticator #221/INFO]: UUID of player Twilight2033 is 98662d18-6c0e-42a2-a077-e2a8abd740e5
[21:44:13] [Server thread/INFO]: Twilight2033[/127.0.0.1:55457] logged in with entity id 1811966 at ([world]5213.1292623620675, 107.0, -508.57303459723573)
[21:44:28] [Server thread/INFO]: Twilight2033 lost connection: Disconnected
[21:44:28] [Server thread/INFO]: Twilight2033 left the game
[21:55:19] [Server thread/INFO]: [0;33;22m[¹«¸æ] [0;33;22mÏëÒª»ñÈ¡¸ü¶à°ïÖú£¿²éÔÄ¿ÕÓòÈºÎÄ¼şÄÚµÄ°ïÖúÎÄµµ°É£¡ [m
[22:05:26] [User Authenticator #222/INFO]: UUID of player Twilight2033 is 98662d18-6c0e-42a2-a077-e2a8abd740e5
[22:05:26] [Server thread/INFO]: Twilight2033[/127.0.0.1:55528] logged in with entity id 1812209 at ([world]5219.341254714909, 107.0, -509.8808431809225)
[22:05:45] [Server thread/INFO]: Twilight2033 lost connection: Disconnected
[22:05:45] [Server thread/INFO]: Twilight2033 left the game
[22:42:11] [User Authenticator #223/INFO]: UUID of player Bili_CMZ is d306ea0e-dc75-46d4-a023-1381982930d6
[22:42:11] [Server thread/INFO]: Bili_CMZ[/127.0.0.1:55662] logged in with entity id 1812473 at ([world]4096.508402561119, 63.5, 1038.6153943219947)
[22:55:19] [Server thread/INFO]: [0;33;22m[¹«¸æ] [0;33;22mÏëÒª»ñÈ¡¸ü¶à°ïÖú£¿²éÔÄ¿ÕÓòÈºÎÄ¼şÄÚµÄ°ïÖúÎÄµµ°É£¡ [m
[23:04:56] [Server thread/INFO]: Bili_CMZ has made the advancement [Bring Home the Beacon]
[23:17:09] [Server thread/INFO]: Bili_CMZ has made the advancement [Oh Shiny]
[23:17:29] [Server thread/INFO]: [0;36;1m[PiglinFix][0;32;1mDrops fixed[m
[23:38:32] [Server thread/INFO]: Bili_CMZ has reached the goal [Beaconator]
[23:41:29] [Server thread/INFO]: Bili_CMZ lost connection: Disconnected
[23:41:29] [Server thread/INFO]: Bili_CMZ left the game
[23:55:19] [Server thread/INFO]: [0;33;22m[¹«¸æ] [0;33;22mÏëÒª»ñÈ¡¸ü¶à°ïÖú£¿²éÔÄ¿ÕÓòÈºÎÄ¼şÄÚµÄ°ïÖúÎÄµµ°É£¡ [m
