[18:56:06] [main/INFO]: Environment: authHost='https://authserver.mojang.com', accountsHost='https://api.mojang.com', sessionHost='https://sessionserver.mojang.com', servicesHost='https://api.minecraftservices.com', name='PROD'
[18:56:06] [main/INFO]: Reloading ResourceManager: Default, bukkit
[18:56:07] [Worker-Main-4/INFO]: Loaded 7 recipes
[18:56:08] [Server thread/INFO]: Starting minecraft server version 1.16.4
[18:56:08] [Server thread/INFO]: Loading properties
[18:56:09] [Server thread/INFO]: This server is running CraftBukkit version git-Spigot-37d799b-3eb7236 (MC: 1.16.4) (Implementing API version 1.16.4-R0.1-SNAPSHOT)
[18:56:09] [Server thread/INFO]: Debug logging is disabled
[18:56:09] [Server thread/INFO]: Using 4 threads for Netty based IO
[18:56:09] [Server thread/INFO]: Server Ping Player Sample Count: 0
[18:56:09] [Server thread/INFO]: Default game type: SURVIVAL
[18:56:09] [Server thread/INFO]: Generating keypair
[18:56:09] [Server thread/INFO]: Starting Minecraft server on *:25565
[18:56:09] [Server thread/INFO]: Using default channel type
[18:56:10] [Server thread/ERROR]: Ambiguous plugin name `GroupManager' for files `plugins\[1.16]GroupManager+ [v3.3].jar' and `plugins\GroupManager+ [v3.2].jar' in `plugins'
[18:56:11] [Server thread/WARN]: Initializing Legacy Material Support. Unless you have legacy plugins and/or data this is a bug!
[18:56:13] [Server thread/WARN]: Legacy plugin OnlineRewards v1.0.0 does not specify an api-version.
[18:56:13] [Server thread/WARN]: Legacy plugin PxAutoMessage v0.1.3 does not specify an api-version.
[18:56:13] [Server thread/WARN]: Legacy plugin AdvancedBan v2.2.0 does not specify an api-version.
[18:56:13] [Server thread/WARN]: Legacy plugin ChatC v0.5 does not specify an api-version.
[18:56:13] [Server thread/WARN]: Legacy plugin PlayerPoints v2.1.5-SNAPSHOT does not specify an api-version.
[18:56:13] [Server thread/WARN]: Legacy plugin CrowdLocator v1.0 does not specify an api-version.
[18:56:13] [Server thread/WARN]: Legacy plugin GroupManager v3.3 does not specify an api-version.
[18:56:13] [Server thread/WARN]: Legacy plugin Lores v1.4.1 does not specify an api-version.
[18:56:13] [Server thread/INFO]: [CoreProtect] Loading CoreProtect v2.18.2
[18:56:13] [Server thread/INFO]: [OnlineRewards] Loading OnlineRewards v1.0.0
[18:56:13] [Server thread/INFO]: [PxAutoMessage] Loading PxAutoMessage v0.1.3
[18:56:13] [Server thread/INFO]: [AdvancedBan] Loading AdvancedBan v2.2.0
[18:56:13] [Server thread/INFO]: [TAB] Loading TAB v2.8.10
[18:56:13] [Server thread/INFO]: [OpenInv] Loading OpenInv v4.0.8
[18:56:13] [Server thread/INFO]: [ChatC] Loading ChatC v0.5
[18:56:13] [Server thread/INFO]: [PlayerPoints] Loading PlayerPoints v2.1.5-SNAPSHOT
[18:56:13] [Server thread/INFO]: [CrowdLocator] Loading CrowdLocator v1.0
[18:56:13] [Server thread/INFO]: [GroupManager] Loading GroupManager v3.3
[18:56:13] [Server thread/INFO]: [Lores] Loading Lores v1.4.1
[18:56:13] [Server thread/INFO]: [AnGmode] Loading AnGmode v1.0-SNAPSHOT
[18:56:13] [Server thread/INFO]: Preparing level "world"
[18:56:13] [Server thread/INFO]: -------- World Settings For [world] --------
[18:56:13] [Server thread/INFO]: Entity Tracking Range: Pl 48 / An 48 / Mo 48 / Mi 32 / Other 64
[18:56:13] [Server thread/INFO]: Allow Zombie Pigmen to spawn from portal blocks: true
[18:56:13] [Server thread/INFO]: Item Merge Radius: 8.0
[18:56:13] [Server thread/INFO]: Item Despawn Rate: 3000
[18:56:13] [Server thread/INFO]: View Distance: 12
[18:56:13] [Server thread/INFO]: Zombie Aggressive Towards Villager: true
[18:56:13] [Server thread/INFO]: Arrow Despawn Rate: 200 Trident Respawn Rate:1200
[18:56:13] [Server thread/INFO]: Nerfing mobs spawned from spawners: false
[18:56:13] [Server thread/INFO]: Custom Map Seeds:  Village: 10387312 Desert: 14357617 Igloo: 14357618 Jungle: 14357619 Swamp: 14357620 Monument: 10387313 Ocean: 14357621 Shipwreck: 165745295 End City: 10387313 Slime: 987234911 Bastion: 30084232 Fortress: 30084232 Mansion: 10387319 Fossil: 14357921 Portal: 34222645
[18:56:13] [Server thread/INFO]: Cactus Growth Modifier: 100%
[18:56:13] [Server thread/INFO]: Cane Growth Modifier: 100%
[18:56:13] [Server thread/INFO]: Melon Growth Modifier: 100%
[18:56:13] [Server thread/INFO]: Mushroom Growth Modifier: 100%
[18:56:13] [Server thread/INFO]: Pumpkin Growth Modifier: 100%
[18:56:13] [Server thread/INFO]: Sapling Growth Modifier: 100%
[18:56:13] [Server thread/INFO]: Beetroot Growth Modifier: 100%
[18:56:13] [Server thread/INFO]: Carrot Growth Modifier: 100%
[18:56:13] [Server thread/INFO]: Potato Growth Modifier: 100%
[18:56:13] [Server thread/INFO]: Wheat Growth Modifier: 100%
[18:56:13] [Server thread/INFO]: NetherWart Growth Modifier: 100%
[18:56:13] [Server thread/INFO]: Vine Growth Modifier: 100%
[18:56:13] [Server thread/INFO]: Cocoa Growth Modifier: 100%
[18:56:13] [Server thread/INFO]: Bamboo Growth Modifier: 100%
[18:56:13] [Server thread/INFO]: SweetBerry Growth Modifier: 100%
[18:56:13] [Server thread/INFO]: Kelp Growth Modifier: 100%
[18:56:13] [Server thread/INFO]: Entity Activation Range: An 12 / Mo 20 / Ra 48 / Mi 3 / Tiv false
[18:56:13] [Server thread/INFO]: Hopper Transfer: 10 Hopper Check: 10 Hopper Amount: 1
[18:56:13] [Server thread/INFO]: Max TNT Explosions: 100
[18:56:13] [Server thread/INFO]: Tile Max Tick Time: 20ms Entity max Tick Time: 25ms
[18:56:13] [Server thread/INFO]: Experience Merge Radius: 8.0
[18:56:13] [Server thread/INFO]: Mob Spawn Range: 4
[18:56:13] [Server thread/INFO]: -------- World Settings For [world_nether] --------
[18:56:13] [Server thread/INFO]: Entity Tracking Range: Pl 48 / An 48 / Mo 48 / Mi 32 / Other 64
[18:56:13] [Server thread/INFO]: Allow Zombie Pigmen to spawn from portal blocks: true
[18:56:13] [Server thread/INFO]: Item Merge Radius: 8.0
[18:56:13] [Server thread/INFO]: Item Despawn Rate: 3000
[18:56:13] [Server thread/INFO]: View Distance: 12
[18:56:13] [Server thread/INFO]: Zombie Aggressive Towards Villager: true
[18:56:13] [Server thread/INFO]: Arrow Despawn Rate: 200 Trident Respawn Rate:1200
[18:56:13] [Server thread/INFO]: Nerfing mobs spawned from spawners: false
[18:56:13] [Server thread/INFO]: Custom Map Seeds:  Village: 10387312 Desert: 14357617 Igloo: 14357618 Jungle: 14357619 Swamp: 14357620 Monument: 10387313 Ocean: 14357621 Shipwreck: 165745295 End City: 10387313 Slime: 987234911 Bastion: 30084232 Fortress: 30084232 Mansion: 10387319 Fossil: 14357921 Portal: 34222645
[18:56:13] [Server thread/INFO]: Cactus Growth Modifier: 100%
[18:56:13] [Server thread/INFO]: Cane Growth Modifier: 100%
[18:56:13] [Server thread/INFO]: Melon Growth Modifier: 100%
[18:56:13] [Server thread/INFO]: Mushroom Growth Modifier: 100%
[18:56:13] [Server thread/INFO]: Pumpkin Growth Modifier: 100%
[18:56:13] [Server thread/INFO]: Sapling Growth Modifier: 100%
[18:56:13] [Server thread/INFO]: Beetroot Growth Modifier: 100%
[18:56:13] [Server thread/INFO]: Carrot Growth Modifier: 100%
[18:56:13] [Server thread/INFO]: Potato Growth Modifier: 100%
[18:56:13] [Server thread/INFO]: Wheat Growth Modifier: 100%
[18:56:13] [Server thread/INFO]: NetherWart Growth Modifier: 100%
[18:56:13] [Server thread/INFO]: Vine Growth Modifier: 100%
[18:56:13] [Server thread/INFO]: Cocoa Growth Modifier: 100%
[18:56:13] [Server thread/INFO]: Bamboo Growth Modifier: 100%
[18:56:13] [Server thread/INFO]: SweetBerry Growth Modifier: 100%
[18:56:13] [Server thread/INFO]: Kelp Growth Modifier: 100%
[18:56:13] [Server thread/INFO]: Entity Activation Range: An 12 / Mo 20 / Ra 48 / Mi 3 / Tiv false
[18:56:13] [Server thread/INFO]: Hopper Transfer: 10 Hopper Check: 10 Hopper Amount: 1
[18:56:13] [Server thread/INFO]: Max TNT Explosions: 100
[18:56:13] [Server thread/INFO]: Tile Max Tick Time: 20ms Entity max Tick Time: 25ms
[18:56:13] [Server thread/INFO]: Experience Merge Radius: 8.0
[18:56:13] [Server thread/INFO]: Mob Spawn Range: 4
[18:56:13] [Server thread/INFO]: -------- World Settings For [world_the_end] --------
[18:56:13] [Server thread/INFO]: Entity Tracking Range: Pl 48 / An 48 / Mo 48 / Mi 32 / Other 64
[18:56:13] [Server thread/INFO]: Allow Zombie Pigmen to spawn from portal blocks: true
[18:56:13] [Server thread/INFO]: Item Merge Radius: 8.0
[18:56:13] [Server thread/INFO]: Item Despawn Rate: 3000
[18:56:13] [Server thread/INFO]: View Distance: 12
[18:56:13] [Server thread/INFO]: Zombie Aggressive Towards Villager: true
[18:56:13] [Server thread/INFO]: Arrow Despawn Rate: 200 Trident Respawn Rate:1200
[18:56:13] [Server thread/INFO]: Nerfing mobs spawned from spawners: false
[18:56:13] [Server thread/INFO]: Custom Map Seeds:  Village: 10387312 Desert: 14357617 Igloo: 14357618 Jungle: 14357619 Swamp: 14357620 Monument: 10387313 Ocean: 14357621 Shipwreck: 165745295 End City: 10387313 Slime: 987234911 Bastion: 30084232 Fortress: 30084232 Mansion: 10387319 Fossil: 14357921 Portal: 34222645
[18:56:13] [Server thread/INFO]: Cactus Growth Modifier: 100%
[18:56:13] [Server thread/INFO]: Cane Growth Modifier: 100%
[18:56:13] [Server thread/INFO]: Melon Growth Modifier: 100%
[18:56:13] [Server thread/INFO]: Mushroom Growth Modifier: 100%
[18:56:13] [Server thread/INFO]: Pumpkin Growth Modifier: 100%
[18:56:13] [Server thread/INFO]: Sapling Growth Modifier: 100%
[18:56:13] [Server thread/INFO]: Beetroot Growth Modifier: 100%
[18:56:13] [Server thread/INFO]: Carrot Growth Modifier: 100%
[18:56:13] [Server thread/INFO]: Potato Growth Modifier: 100%
[18:56:13] [Server thread/INFO]: Wheat Growth Modifier: 100%
[18:56:13] [Server thread/INFO]: NetherWart Growth Modifier: 100%
[18:56:13] [Server thread/INFO]: Vine Growth Modifier: 100%
[18:56:13] [Server thread/INFO]: Cocoa Growth Modifier: 100%
[18:56:13] [Server thread/INFO]: Bamboo Growth Modifier: 100%
[18:56:13] [Server thread/INFO]: SweetBerry Growth Modifier: 100%
[18:56:13] [Server thread/INFO]: Kelp Growth Modifier: 100%
[18:56:13] [Server thread/INFO]: Entity Activation Range: An 12 / Mo 20 / Ra 48 / Mi 3 / Tiv false
[18:56:13] [Server thread/INFO]: Hopper Transfer: 10 Hopper Check: 10 Hopper Amount: 1
[18:56:13] [Server thread/INFO]: Max TNT Explosions: 100
[18:56:13] [Server thread/INFO]: Tile Max Tick Time: 20ms Entity max Tick Time: 25ms
[18:56:13] [Server thread/INFO]: Experience Merge Radius: 8.0
[18:56:13] [Server thread/INFO]: Mob Spawn Range: 4
[18:56:13] [Server thread/INFO]: Preparing start region for dimension minecraft:overworld
[18:56:15] [Server thread/INFO]: Preparing spawn area: 0%
[18:56:15] [Server thread/INFO]: Preparing spawn area: 0%
[18:56:15] [Server thread/INFO]: Preparing spawn area: 0%
[18:56:15] [Server thread/INFO]: Preparing spawn area: 0%
[18:56:15] [Server thread/INFO]: Time elapsed: 2147 ms
[18:56:15] [Server thread/INFO]: Preparing start region for dimension minecraft:the_nether
[18:56:16] [Server thread/INFO]: Preparing spawn area: 0%
[18:56:16] [Server thread/INFO]: Preparing spawn area: 0%
[18:56:16] [Server thread/INFO]: Preparing spawn area: 100%
[18:56:16] [Server thread/INFO]: Time elapsed: 1116 ms
[18:56:16] [Server thread/INFO]: Preparing start region for dimension minecraft:the_end
[18:56:17] [Server thread/INFO]: Preparing spawn area: 0%
[18:56:17] [Server thread/INFO]: Preparing spawn area: 0%
[18:56:17] [Server thread/INFO]: Time elapsed: 726 ms
[18:56:17] [Server thread/INFO]: [CoreProtect] Enabling CoreProtect v2.18.2
[18:56:17] [Server thread/INFO]: [CoreProtect] CoreProtect has been successfully enabled!
[18:56:17] [Server thread/INFO]: [CoreProtect] Using SQLite for data storage.
[18:56:17] [Server thread/INFO]: --------------------
[18:56:17] [Server thread/INFO]: [CoreProtect] Enjoy CoreProtect? Check out CoreEdit!
[18:56:17] [Server thread/INFO]: [CoreProtect] Download: www.coreedit.net/download/
[18:56:17] [Server thread/INFO]: --------------------
[18:56:17] [Server thread/INFO]: [OnlineRewards] Enabling OnlineRewards v1.0.0
[18:56:17] [Server thread/INFO]: [OnlineRewards] [OnlineRewards] Loading config...
[18:56:17] [Server thread/INFO]: [OnlineRewards]  
[18:56:17] [Server thread/INFO]: [OnlineRewards] >>>>>>>>>>>>>>>>>>>>>>>> OnlineRewards Loaded <<<<<<<<<<<<<<<<<<<<<<<<
[18:56:17] [Server thread/INFO]: [OnlineRewards] >>>>> If you encounter any bugs, please contact author's QQ: 768318841 <<<<<
[18:56:17] [Server thread/INFO]: [OnlineRewards]  
[18:56:17] [Server thread/INFO]: [PxAutoMessage] Enabling PxAutoMessage v0.1.3
[18:56:17] [Server thread/INFO]: [PxAutoMessage] ’˝‘⁄∆Ù∂Ø∆§øÀÀπ◊‘∂Øπ´∏ÊœµÕ≥...
[18:56:17] [Server thread/INFO]: [PxAutoMessage] ≥ı ºªØ–≈œ¢ƒ£øÈ...
[18:56:17] [Server thread/INFO]: [PxAutoMessage] ◊¢≤·√¸¡Óº‡Ã˝œµÕ≥...
[18:56:17] [Server thread/INFO]: [PxAutoMessage] º”‘ÿÕÍ±œ£°
[18:56:17] [Server thread/INFO]:  
[18:56:17] [Server thread/INFO]: > ◊˜’ﬂ£∫An_ye (QQ:1444691679)
[18:56:17] [Server thread/INFO]: > ±æ≤Âº˛◊‘¥¯∫∫ªØ£¨«ÎŒœ‡–≈À˘ŒΩµƒ∫∫ªØ∞Ê£°
[18:56:17] [Server thread/INFO]: > £®◊˜’ﬂµƒª∞£∫I'm Chinese.£©
[18:56:17] [Server thread/INFO]:  
[18:56:17] [Server thread/INFO]: [AdvancedBan] Enabling AdvancedBan v2.2.0
[18:56:18] [Server thread/INFO]: HikariPool-1 - Starting...
[18:56:18] [Server thread/INFO]: HikariPool-1 - Driver does not support get/set network timeout for connections. (feature not supported)
[18:56:18] [Server thread/INFO]: HikariPool-1 - Start completed.
[18:56:19] [Server thread/INFO]: 
[18:56:19] [Server thread/INFO]:  
[18:56:19] [Server thread/INFO]: [0;30;1m[]=====[[0;37;22mEnabling AdvancedBan[0;30;1m]=====[]
[18:56:19] [Server thread/INFO]: [0;30;1m| [0;31;1mInformation:
[18:56:19] [Server thread/INFO]: [0;30;1m|   [0;31;1mName: [0;37;22mAdvancedBan
[18:56:19] [Server thread/INFO]: [0;30;1m|   [0;31;1mDeveloper: [0;37;22mLeoko
[18:56:19] [Server thread/INFO]: [0;30;1m|   [0;31;1mVersion: [0;37;22m2.2.0
[18:56:19] [Server thread/INFO]: [0;30;1m|   [0;31;1mStorage: [0;37;22mHSQLDB (local)
[18:56:19] [Server thread/INFO]: [0;30;1m| [0;31;1mSupport:
[18:56:19] [Server thread/INFO]: [0;30;1m|   [0;31;1mGithub: [0;37;22mhttps://github.com/DevLeoko/AdvancedBan/issues
[18:56:19] [Server thread/INFO]: [0;30;1m|   [0;31;1mDiscord: [0;37;22mhttps://discord.gg/ycDG6rS
[18:56:19] [Server thread/INFO]: [0;30;1m| [0;31;1mTwitter: [0;37;22m@LeokoGar
[18:56:19] [Server thread/INFO]: [0;30;1m| [0;31;1mUpdate:
[18:56:19] [Server thread/INFO]: [0;30;1m|   [0;37;22mThere is a new version available! [2.3.0]
[18:56:19] [Server thread/INFO]: [0;30;1m[]================================[][m
[18:56:19] [Server thread/INFO]:  [m
[18:56:19] [Server thread/INFO]: [TAB] Enabling TAB v2.8.10
[18:56:19] [Server thread/INFO]: [0;37;22m[TAB] Server version: 1.16.4 (v1_16_R3)[m
[18:56:19] [Server thread/INFO]: [0;31;1m[TAB] Animation "[0;33;1mWelcome[0;31;1m" does not have any texts! [0;36;1mIgnoring.[m
[18:56:19] [Server thread/INFO]: [0;33;1m[TAB] There was 1 startup warning.[m
[18:56:19] [Server thread/INFO]: [0;32;1m[TAB] Enabled in 75ms[m
[18:56:19] [Server thread/INFO]: [OpenInv] Enabling OpenInv v4.0.8
[18:56:19] [Server thread/INFO]: [OpenInv] Your version of CraftBukkit (v1_16_R3) is not supported.
[18:56:19] [Server thread/INFO]: [OpenInv] If this version is a recent release, check for an update.
[18:56:19] [Server thread/INFO]: [OpenInv] If this is an older version, ensure that you've downloaded the legacy support version.
[18:56:19] [Server thread/INFO]: [ChatC] Enabling ChatC v0.5
[18:56:19] [Server thread/INFO]: [ChatC] ¡ƒÃÏπ‹¿Ì≤Âº˛“—∆Ù”√£°
[18:56:19] [Server thread/INFO]: [ChatC] ¡ƒÃÏπ‹¿Ì≤Âº˛µ±«∞∞Ê±æ£∫V0.5 £®2017ƒÍ8‘¬24»’£©
[18:56:19] [Server thread/INFO]: [ChatC] ∏––ªƒ˙µƒ π”√£°
[18:56:19] [Server thread/INFO]: [PlayerPoints] Enabling PlayerPoints v2.1.5-SNAPSHOT
[18:56:19] [Server thread/INFO]: [CrowdLocator] Enabling CrowdLocator v1.0
[18:56:19] [Server thread/INFO]: [GroupManager] Enabling GroupManager v3.3
[18:56:19] [Server thread/INFO]: [0;30;1m[[0;31;1m[21mGM[0;37;1m[21m+[0;30;1m] [0;33;1mChecking Your version...[m
[18:56:19] [Server thread/INFO]: [0;34;1m===============================[m
[18:56:19] [Server thread/INFO]: [0;32;1m[m
[18:56:19] [Server thread/INFO]: [0;32;1m GroupManager+ is now enable![m
[18:56:19] [Server thread/INFO]: [0;32;1m [m
[18:56:19] [Server thread/INFO]: [0;33;1m Thank you for using GroupManager+ :)[m
[18:56:19] [Server thread/INFO]: [0;33;1m GroupManager+ is create by HappyAreaBean![m
[18:56:19] [Server thread/INFO]: [0;36;1m Current version: [0;32;1mv3.3[m
[18:56:19] [Server thread/INFO]: [0;32;1m [m
[18:56:19] [Server thread/INFO]: [0;34;1m===============================[m
[18:56:19] [Server thread/INFO]: [0;30;1m[[0;31;1m[21mGM[0;37;1m[21m+[0;30;1m] [0;30;1m[[0;32;1mINFO[0;30;1m] [0;33;1mWorld Found: world[m
[18:56:19] [Server thread/INFO]: [0;30;1m[[0;31;1m[21mGM[0;37;1m[21m+[0;30;1m] [0;30;1m[[0;32;1mINFO[0;30;1m] [0;33;1mSuperperms support enabled.[m
[18:56:19] [Server thread/INFO]: [0;30;1m[[0;31;1m[21mGM[0;37;1m[21m+[0;30;1m] [0;30;1m[[0;32;1mINFO[0;30;1m] [0;33;1mScheduled Data Saving is set for every 10 minutes![m
[18:56:19] [Server thread/INFO]: [0;30;1m[[0;31;1m[21mGM[0;37;1m[21m+[0;30;1m] [0;30;1m[[0;32;1mINFO[0;30;1m] [0;33;1mBackups will be retained for 24 hours![m
[18:56:19] [Server thread/INFO]: [0;30;1m[[0;31;1m[21mGM[0;37;1m[21m+[0;30;1m] [0;30;1m[[0;32;1mINFO[0;30;1m] [0;33;1mGroupManager+ v3.3 is now enabled![m
[18:56:19] [Server thread/INFO]: [Lores] Enabling Lores v1.4.1
[18:56:19] [Server thread/INFO]: [Lores] Lores 1.4.1 (Build 45) is enabled!
[18:56:19] [Server thread/INFO]: [AnGmode] Enabling AnGmode v1.0-SNAPSHOT
[18:56:19] [Server thread/INFO]: [AnGmode] °Ïaƒ„∫√£°Œ“ «–°∞≤£¨∏––ªƒ„ƒ‹ π”√’‚∏ˆ≤Âº˛£°
[18:56:20] [Server thread/INFO]: Server permissions file permissions.yml is empty, ignoring it
[18:56:20] [Server thread/INFO]: Done (6.652s)! For help, type "help"
[18:56:20] [Server thread/INFO]: [0;33;22m[π´∏Ê] [0;33;22m π”√"/qd"Ω¯––√ø»’«©µΩ£¨ªÒ»°π±œ◊µ„ ˝°£ [m
[18:56:20] [Server thread/INFO]: [0;30;1m[[0;31;1m[21mGM[0;37;1m[21m+[0;30;1m] [0;30;1m[[0;32;1mINFO[0;30;1m] [0;33;1mBukkit Permissions Updated![m
[18:56:20] [Craft Scheduler Thread - 0/INFO]: [0;30;1m[[0;31;1m[21mGM[0;37;1m[21m+[0;30;1m] [0;31;1mYour version (v3.3) is outdated download the lastest version:[m
[18:56:20] [Craft Scheduler Thread - 0/INFO]: [0;30;1m[[0;31;1m[21mGM[0;37;1m[21m+[0;30;1m] [0;32;1mhttps://www.spigotmc.org/resources/40615/[m
[18:56:22] [Thread-19/INFO]: --------------------
[18:56:22] [Thread-19/INFO]: [CoreProtect] Version 19.5 is now available.
[18:56:22] [Thread-19/INFO]: [CoreProtect] Download: www.coreprotect.net/download/
[18:56:22] [Thread-19/INFO]: [CoreProtect] Sponsor: www.hosthorde.com
[18:56:22] [Thread-19/INFO]: --------------------
[19:03:00] [User Authenticator #1/INFO]: UUID of player sen_lv_ling_ is d6f9adbf-ee57-4d94-b70d-13a1ec4da9c2
[19:03:00] [Server thread/INFO]: sen_lv_ling_[/127.0.0.1:61446] logged in with entity id 368 at ([world_the_end]198.47707993141506, 41.0, -312.1554072242292)
[19:06:19] [pool-6-thread-1/INFO]: [0;30;1m[[0;31;1m[21mGM[0;37;1m[21m+[0;30;1m] [0;30;1m[[0;32;1mINFO[0;30;1m] [0;33;1m Data files refreshed.[m
[19:12:17] [Server thread/INFO]: Villager EntityVillager['Cleric'/481, l='ServerLevel[world_the_end]', x=205.68, y=47.04, z=-303.91] died, message: 'Cleric was slain by °∞4022£¨Œ“Rƒ„œ»»À°± using [¥Û±¶Ω£]'
[19:12:31] [Server thread/INFO]: Villager EntityVillager['Cleric'/482, l='ServerLevel[world_the_end]', x=205.30, y=47.05, z=-303.85] died, message: 'Cleric was slain by °∞4022£¨Œ“Rƒ„œ»»À°± using [¥Û±¶Ω£]'
[19:12:40] [Server thread/INFO]: Villager EntityVillager['Cleric'/444, l='ServerLevel[world_the_end]', x=205.65, y=47.04, z=-303.93] died, message: 'Cleric was slain by °∞4022£¨Œ“Rƒ„œ»»À°± using [¥Û±¶Ω£]'
[19:12:52] [Server thread/INFO]: Villager EntityVillager['Cleric'/441, l='ServerLevel[world_the_end]', x=205.30, y=47.05, z=-303.91] died, message: 'Cleric was slain by °∞4022£¨Œ“Rƒ„œ»»À°± using [¥Û±¶Ω£]'
[19:13:01] [Server thread/INFO]: Villager EntityVillager['Cleric'/396, l='ServerLevel[world_the_end]', x=205.65, y=47.04, z=-303.92] died, message: 'Cleric was slain by °∞4022£¨Œ“Rƒ„œ»»À°± using [¥Û±¶Ω£]'
[19:13:03] [Server thread/INFO]: Villager EntityVillager['Cleric'/397, l='ServerLevel[world_the_end]', x=205.30, y=47.04, z=-303.92] died, message: 'Cleric was slain by °∞4022£¨Œ“Rƒ„œ»»À°± using [¥Û±¶Ω£]'
[19:13:14] [Server thread/INFO]: Villager EntityVillager['Cleric'/398, l='ServerLevel[world_the_end]', x=205.65, y=47.04, z=-303.91] died, message: 'Cleric was slain by °∞4022£¨Œ“Rƒ„œ»»À°± using [¥Û±¶Ω£]'
[19:29:29] [Server thread/INFO]: sen_lv_ling_ lost connection: Disconnected
[19:29:29] [Server thread/INFO]: sen_lv_ling_ left the game
[19:44:53] [User Authenticator #2/INFO]: UUID of player anew_tape is 4c96318f-887a-42ea-a266-2e19af41d6cd
[19:44:53] [Server thread/INFO]: anew_tape[/127.0.0.1:61604] logged in with entity id 2324 at ([world]1522.9227463714876, 181.0, -1525.6102577847462)
[19:44:57] [Server thread/INFO]: anew_tape issued server command: /qd
[19:45:03] [Server thread/INFO]: anew_tape lost connection: Disconnected
[19:45:03] [Server thread/INFO]: anew_tape left the game
[19:46:19] [pool-6-thread-1/INFO]: [0;30;1m[[0;31;1m[21mGM[0;37;1m[21m+[0;30;1m] [0;30;1m[[0;32;1mINFO[0;30;1m] [0;33;1m Data files refreshed.[m
[19:56:20] [Server thread/INFO]: [0;33;22m[π´∏Ê] [0;33;22m π”√"/px mode"∂“ªª≈‘π€’ﬂ»®œﬁ£¨√ø¥Œœ˚∫ƒ3µ„ ˝°£ [m
[19:59:21] [User Authenticator #3/INFO]: UUID of player Jensen_Huang2333 is e8696451-c653-4081-a9df-0be2b47b2eb1
[19:59:21] [Server thread/INFO]: Jensen_Huang2333[/127.0.0.1:61660] logged in with entity id 2609 at ([world]604.9600898991436, 72.0, 111.21183299869473)
[20:04:38] [Server thread/INFO]: Jensen_Huang2333 lost connection: Disconnected
[20:04:38] [Server thread/INFO]: Jensen_Huang2333 left the game
[20:06:19] [pool-6-thread-1/INFO]: [0;30;1m[[0;31;1m[21mGM[0;37;1m[21m+[0;30;1m] [0;30;1m[[0;32;1mINFO[0;30;1m] [0;33;1m Data files refreshed.[m
[20:35:28] [User Authenticator #4/INFO]: UUID of player Twilight2033 is 98662d18-6c0e-42a2-a077-e2a8abd740e5
[20:35:28] [Server thread/INFO]: Twilight2033[/127.0.0.1:61800] logged in with entity id 3063 at ([world]7061.61260087233, 63.0, -536.6981939252415)
[20:35:43] [Server thread/INFO]: Twilight2033 issued server command: /qd
[20:35:43] [Server thread/INFO]: [0;37;22m[PlayerPoints] [0;33;22mÕÊº“ [0;32;1mTwilight2033 [0;33;22mƒø«∞”– [0;32;1m124 [0;33;22mπ±œ◊µ„ ˝[m
[20:35:46] [Server thread/INFO]: Twilight2033 lost connection: Disconnected
[20:35:46] [Server thread/INFO]: Twilight2033 left the game
[20:36:19] [pool-6-thread-1/INFO]: [0;30;1m[[0;31;1m[21mGM[0;37;1m[21m+[0;30;1m] [0;30;1m[[0;32;1mINFO[0;30;1m] [0;33;1m Data files refreshed.[m
[20:50:41] [Server thread/INFO]: com.mojang.authlib.GameProfile@12ca3642[id=<null>,name=Twilight2033,properties={},legacy=false] (/127.0.0.1:61881) lost connection: Disconnected
[20:53:56] [Server thread/INFO]: com.mojang.authlib.GameProfile@f84ace1[id=<null>,name=sen_lv_ling_,properties={},legacy=false] (/127.0.0.1:61925) lost connection: Disconnected
[20:56:20] [Server thread/INFO]: [0;33;22m[π´∏Ê] [0;33;22m π”√"/p"≤È—Ø”–πÿµ„ ˝∞Ô÷˙µƒ∏¸∂‡√¸¡Ó°£ [m
[20:57:00] [User Authenticator #5/INFO]: UUID of player Twilight2033 is 98662d18-6c0e-42a2-a077-e2a8abd740e5
[20:57:00] [Server thread/INFO]: Twilight2033[/127.0.0.1:61967] logged in with entity id 3205 at ([world]7052.888709671439, 63.9063646466861, -540.7555567123533)
[21:00:05] [Server thread/INFO]: Twilight2033 lost connection: Disconnected
[21:00:05] [Server thread/INFO]: Twilight2033 left the game
[21:56:20] [Server thread/INFO]: [0;33;22m[π´∏Ê] [0;33;22m π”√"/qd"Ω¯––√ø»’«©µΩ£¨ªÒ»°π±œ◊µ„ ˝°£ [m
[22:56:20] [Server thread/INFO]: [0;33;22m[π´∏Ê] [0;33;22m π”√"/px mode"∂“ªª≈‘π€’ﬂ»®œﬁ£¨√ø¥Œœ˚∫ƒ3µ„ ˝°£ [m
[22:57:01] [User Authenticator #6/INFO]: UUID of player sthworng is f780312e-135a-4325-8c97-775dc0177d46
[22:57:01] [Server thread/INFO]: sthworng[/127.0.0.1:62405] logged in with entity id 3747 at ([world_nether]-85.00115948210222, 115.0, -126.41572276892659)
[23:01:36] [Server thread/INFO]: Scanning for legacy world dragon fight...
[23:01:36] [Server thread/INFO]: Found that the dragon has been killed in this world already.
[23:05:58] [Server thread/INFO]: sthworng lost connection: Disconnected
[23:05:58] [Server thread/INFO]: sthworng left the game
[23:06:19] [pool-6-thread-1/INFO]: [0;30;1m[[0;31;1m[21mGM[0;37;1m[21m+[0;30;1m] [0;30;1m[[0;32;1mINFO[0;30;1m] [0;33;1m Data files refreshed.[m
[23:17:53] [User Authenticator #7/INFO]: UUID of player Security_Winter is bcfaf083-b49a-4a47-b8a9-5f7c62b6e381
[23:17:53] [Server thread/INFO]: Security_Winter[/127.0.0.1:62487] logged in with entity id 5332 at ([world]2700.341109834525, 64.875, -357.71720636105584)
[23:18:37] [Server thread/INFO]: Security_Winter issued server command: /qd
[23:18:37] [Server thread/INFO]: [0;37;22m[PlayerPoints] [0;33;22mÕÊº“ [0;32;1mSecurity_Winter [0;33;22mƒø«∞”– [0;32;1m78 [0;33;22mπ±œ◊µ„ ˝[m
[23:18:39] [Server thread/INFO]: Security_Winter lost connection: Disconnected
[23:18:39] [Server thread/INFO]: Security_Winter left the game
[23:26:19] [pool-6-thread-1/INFO]: [0;30;1m[[0;31;1m[21mGM[0;37;1m[21m+[0;30;1m] [0;30;1m[[0;32;1mINFO[0;30;1m] [0;33;1m Data files refreshed.[m
[23:56:20] [Server thread/INFO]: [0;33;22m[π´∏Ê] [0;33;22m π”√"/p"≤È—Ø”–πÿµ„ ˝∞Ô÷˙µƒ∏¸∂‡√¸¡Ó°£ [m
