[00:55:29] [Server thread/INFO]: [0;33;22m[¹«¸æ] [0;33;22mÏëÒª»ñÈ¡¸ü¶à°ïÖú£¿²éÔÄ¿ÕÓòÈºÎÄ¼þÄÚµÄ°ïÖúÎÄµµ°É£¡ [m
[01:55:29] [Server thread/INFO]: [0;33;22m[¹«¸æ] [0;33;22mÏëÒª»ñÈ¡¸ü¶à°ïÖú£¿²éÔÄ¿ÕÓòÈºÎÄ¼þÄÚµÄ°ïÖúÎÄµµ°É£¡ [m
[02:55:29] [Server thread/INFO]: [0;33;22m[¹«¸æ] [0;33;22mÏëÒª»ñÈ¡¸ü¶à°ïÖú£¿²éÔÄ¿ÕÓòÈºÎÄ¼þÄÚµÄ°ïÖúÎÄµµ°É£¡ [m
[03:55:29] [Server thread/INFO]: [0;33;22m[¹«¸æ] [0;33;22mÏëÒª»ñÈ¡¸ü¶à°ïÖú£¿²éÔÄ¿ÕÓòÈºÎÄ¼þÄÚµÄ°ïÖúÎÄµµ°É£¡ [m
[04:55:29] [Server thread/INFO]: [0;33;22m[¹«¸æ] [0;33;22mÏëÒª»ñÈ¡¸ü¶à°ïÖú£¿²éÔÄ¿ÕÓòÈºÎÄ¼þÄÚµÄ°ïÖúÎÄµµ°É£¡ [m
[05:55:29] [Server thread/INFO]: [0;33;22m[¹«¸æ] [0;33;22mÏëÒª»ñÈ¡¸ü¶à°ïÖú£¿²éÔÄ¿ÕÓòÈºÎÄ¼þÄÚµÄ°ïÖúÎÄµµ°É£¡ [m
[06:55:27] [Server thread/INFO]: [0;33;22m[¹«¸æ] [0;33;22mÏëÒª»ñÈ¡¸ü¶à°ïÖú£¿²éÔÄ¿ÕÓòÈºÎÄ¼þÄÚµÄ°ïÖúÎÄµµ°É£¡ [m
[07:55:27] [Server thread/INFO]: [0;33;22m[¹«¸æ] [0;33;22mÏëÒª»ñÈ¡¸ü¶à°ïÖú£¿²éÔÄ¿ÕÓòÈºÎÄ¼þÄÚµÄ°ïÖúÎÄµµ°É£¡ [m
[08:55:27] [Server thread/INFO]: [0;33;22m[¹«¸æ] [0;33;22mÏëÒª»ñÈ¡¸ü¶à°ïÖú£¿²éÔÄ¿ÕÓòÈºÎÄ¼þÄÚµÄ°ïÖúÎÄµµ°É£¡ [m
[09:28:24] [User Authenticator #271/INFO]: UUID of player Twilight2033 is 98662d18-6c0e-42a2-a077-e2a8abd740e5
[09:28:24] [Server thread/INFO]: Twilight2033[/127.0.0.1:56395] logged in with entity id 2387055 at ([world]7036.013555207116, 92.0, -535.8619231152761)
[09:31:57] [Server thread/INFO]: Twilight2033 lost connection: Disconnected
[09:31:57] [Server thread/INFO]: Twilight2033 left the game
[09:32:37] [User Authenticator #272/INFO]: UUID of player YuHuaQingZhu is f7c2a598-482c-4505-b4b6-6ece1a025ef2
[09:32:37] [Server thread/INFO]: YuHuaQingZhu[/127.0.0.1:56416] logged in with entity id 2387339 at ([world]6995.129223388355, 62.07326472821523, -721.5282509534816)
[09:33:47] [Server thread/INFO]: YuHuaQingZhu has reached the goal [Sky's the Limit]
[09:35:42] [Server thread/WARN]: YuHuaQingZhu moved wrongly!
[09:46:37] [Server thread/INFO]: YuHuaQingZhu lost connection: Disconnected
[09:46:37] [Server thread/INFO]: YuHuaQingZhu left the game
[09:46:47] [User Authenticator #273/INFO]: UUID of player YuHuaQingZhu is f7c2a598-482c-4505-b4b6-6ece1a025ef2
[09:46:47] [Server thread/INFO]: YuHuaQingZhu[/127.0.0.1:56470] logged in with entity id 2390267 at ([world]5143.749308961416, 70.0, -780.1173972184359)
[09:47:16] [Server thread/INFO]: YuHuaQingZhu has reached the goal [Postmortal]
[09:55:27] [Server thread/INFO]: [0;33;22m[¹«¸æ] [0;33;22mÏëÒª»ñÈ¡¸ü¶à°ïÖú£¿²éÔÄ¿ÕÓòÈºÎÄ¼þÄÚµÄ°ïÖúÎÄµµ°É£¡ [m
[10:09:31] [Server thread/INFO]: YuHuaQingZhu lost connection: Disconnected
[10:09:31] [Server thread/INFO]: YuHuaQingZhu left the game
[10:15:56] [User Authenticator #274/INFO]: UUID of player Minecraft_Smgf is d7eae807-9861-41a7-b3c7-33fe0adbb7fb
[10:15:56] [Server thread/INFO]: Minecraft_Smgf[/127.0.0.1:56577] logged in with entity id 2394438 at ([world]2310.773149519633, 63.0, 1623.154933365609)
[10:17:25] [Server thread/INFO]: Minecraft_Smgf has made the advancement [Isn't It Iron Pick]
[10:18:31] [Server thread/INFO]: Minecraft_Smgf lost connection: Disconnected
[10:18:31] [Server thread/INFO]: Minecraft_Smgf left the game
[10:25:04] [pool-5-thread-1/INFO]: [0;30;1m[[0;31;1m[21mGM[0;37;1m[21m+[0;30;1m] [0;30;1m[[0;32;1mINFO[0;30;1m] [0;33;1m Data files refreshed.[m
[10:55:27] [Server thread/INFO]: [0;33;22m[¹«¸æ] [0;33;22mÏëÒª»ñÈ¡¸ü¶à°ïÖú£¿²éÔÄ¿ÕÓòÈºÎÄ¼þÄÚµÄ°ïÖúÎÄµµ°É£¡ [m
[11:55:27] [Server thread/INFO]: [0;33;22m[¹«¸æ] [0;33;22mÏëÒª»ñÈ¡¸ü¶à°ïÖú£¿²éÔÄ¿ÕÓòÈºÎÄ¼þÄÚµÄ°ïÖúÎÄµµ°É£¡ [m
[12:55:27] [Server thread/INFO]: [0;33;22m[¹«¸æ] [0;33;22mÏëÒª»ñÈ¡¸ü¶à°ïÖú£¿²éÔÄ¿ÕÓòÈºÎÄ¼þÄÚµÄ°ïÖúÎÄµµ°É£¡ [m
[13:55:27] [Server thread/INFO]: [0;33;22m[¹«¸æ] [0;33;22mÏëÒª»ñÈ¡¸ü¶à°ïÖú£¿²éÔÄ¿ÕÓòÈºÎÄ¼þÄÚµÄ°ïÖúÎÄµµ°É£¡ [m
[14:55:27] [Server thread/INFO]: [0;33;22m[¹«¸æ] [0;33;22mÏëÒª»ñÈ¡¸ü¶à°ïÖú£¿²éÔÄ¿ÕÓòÈºÎÄ¼þÄÚµÄ°ïÖúÎÄµµ°É£¡ [m
[15:55:27] [Server thread/INFO]: [0;33;22m[¹«¸æ] [0;33;22mÏëÒª»ñÈ¡¸ü¶à°ïÖú£¿²éÔÄ¿ÕÓòÈºÎÄ¼þÄÚµÄ°ïÖúÎÄµµ°É£¡ [m
[16:15:40] [User Authenticator #275/INFO]: UUID of player YuHuaQingZhu is f7c2a598-482c-4505-b4b6-6ece1a025ef2
[16:15:40] [Server thread/INFO]: YuHuaQingZhu[/127.0.0.1:57786] logged in with entity id 2394679 at ([world]6998.081448515593, 81.0, -750.3395071166616)
[16:16:51] [Server thread/INFO]: YuHuaQingZhu lost connection: Disconnected
[16:16:51] [Server thread/INFO]: YuHuaQingZhu left the game
[16:17:43] [User Authenticator #276/INFO]: UUID of player YuHuaQingZhu is f7c2a598-482c-4505-b4b6-6ece1a025ef2
[16:17:43] [Server thread/INFO]: YuHuaQingZhu[/127.0.0.1:57797] logged in with entity id 2394837 at ([world]6998.081448515593, 81.0, -750.3395071166616)
[16:18:39] [Server thread/INFO]: YuHuaQingZhu lost connection: Disconnected
[16:18:39] [Server thread/INFO]: YuHuaQingZhu left the game
[16:19:44] [User Authenticator #277/INFO]: UUID of player YuHuaQingZhu is f7c2a598-482c-4505-b4b6-6ece1a025ef2
[16:19:44] [Server thread/INFO]: YuHuaQingZhu[/127.0.0.1:57809] logged in with entity id 2395020 at ([world]7030.227810934951, 92.0, -768.7706412987412)
[16:23:43] [Server thread/WARN]: YuHuaQingZhu moved wrongly!
[16:29:44] [Server thread/INFO]: YuHuaQingZhu lost connection: Timed out
[16:29:44] [Server thread/INFO]: YuHuaQingZhu left the game
[16:29:55] [User Authenticator #278/INFO]: UUID of player YuHuaQingZhu is f7c2a598-482c-4505-b4b6-6ece1a025ef2
[16:29:55] [Server thread/INFO]: YuHuaQingZhu[/127.0.0.1:57850] logged in with entity id 2399695 at ([world]5200.5, 69.0, 205.5915016120622)
[16:48:46] [Server thread/INFO]: YuHuaQingZhu was blown up by Creeper
[16:54:23] [User Authenticator #279/INFO]: UUID of player Twilight2033 is 98662d18-6c0e-42a2-a077-e2a8abd740e5
[16:54:23] [Server thread/INFO]: Twilight2033[/127.0.0.1:57934] logged in with entity id 2407100 at ([world]7034.709820506429, 91.0, -538.6832044340493)
[16:54:33] [Server thread/INFO]: Twilight2033 lost connection: Disconnected
[16:54:33] [Server thread/INFO]: Twilight2033 left the game
[16:55:27] [Server thread/INFO]: [0;33;22m[¹«¸æ] [0;33;22mÏëÒª»ñÈ¡¸ü¶à°ïÖú£¿²éÔÄ¿ÕÓòÈºÎÄ¼þÄÚµÄ°ïÖúÎÄµµ°É£¡ [m
[16:59:38] [Server thread/INFO]: YuHuaQingZhu lost connection: Disconnected
[16:59:38] [Server thread/INFO]: YuHuaQingZhu left the game
[17:00:42] [User Authenticator #280/INFO]: UUID of player YuHuaQingZhu is f7c2a598-482c-4505-b4b6-6ece1a025ef2
[17:00:42] [Server thread/INFO]: YuHuaQingZhu[/127.0.0.1:57962] logged in with entity id 2407572 at ([world]5139.125536590371, 77.0, -820.7253950280394)
[17:11:24] [Server thread/INFO]: YuHuaQingZhu lost connection: Disconnected
[17:11:24] [Server thread/INFO]: YuHuaQingZhu left the game
[17:31:08] [User Authenticator #281/INFO]: UUID of player Twilight2033 is 98662d18-6c0e-42a2-a077-e2a8abd740e5
[17:31:08] [Server thread/INFO]: Twilight2033[/127.0.0.1:58069] logged in with entity id 2411486 at ([world]7034.709820506429, 91.0, -538.6832044340493)
[17:45:33] [Server thread/WARN]: Twilight2033 moved wrongly!
[17:46:02] [Server thread/INFO]: Twilight2033 issued server command: /co i
[17:46:13] [Server thread/INFO]: Twilight2033 issued server command: /co i
[17:52:00] [Server thread/INFO]: Twilight2033 lost connection: Disconnected
[17:52:00] [Server thread/INFO]: Twilight2033 left the game
[17:55:27] [Server thread/INFO]: [0;33;22m[¹«¸æ] [0;33;22mÏëÒª»ñÈ¡¸ü¶à°ïÖú£¿²éÔÄ¿ÕÓòÈºÎÄ¼þÄÚµÄ°ïÖúÎÄµµ°É£¡ [m
[18:45:04] [User Authenticator #282/INFO]: UUID of player mo_shuang is e0e49d35-e688-476c-8c7a-5f2a1230f411
[18:45:04] [Server thread/INFO]: mo_shuang[/127.0.0.1:58344] logged in with entity id 2417206 at ([world]5147.251330640634, 68.0, -86.7291453436521)
[18:50:09] [Server thread/INFO]: Villager EntityVillager['Villager'/2419197, l='ServerLevel[world]', x=5263.30, y=73.18, z=299.30] died, message: 'Villager was squished too much'
[18:50:20] [Server thread/WARN]: mo_shuang was kicked for floating too long!
[18:50:20] [Server thread/INFO]: mo_shuang lost connection: Flying is not enabled on this server
[18:50:20] [Server thread/INFO]: mo_shuang left the game
[18:50:29] [User Authenticator #283/INFO]: UUID of player mo_shuang is e0e49d35-e688-476c-8c7a-5f2a1230f411
[18:50:29] [Server thread/INFO]: mo_shuang[/127.0.0.1:58366] logged in with entity id 2419543 at ([world]5206.82360426897, 69.89999999850988, 218.38860595314387)
[18:55:04] [pool-5-thread-1/INFO]: [0;30;1m[[0;31;1m[21mGM[0;37;1m[21m+[0;30;1m] [0;30;1m[[0;32;1mINFO[0;30;1m] [0;33;1m Data files refreshed.[m
[18:55:27] [Server thread/INFO]: [0;33;22m[¹«¸æ] [0;33;22mÏëÒª»ñÈ¡¸ü¶à°ïÖú£¿²éÔÄ¿ÕÓòÈºÎÄ¼þÄÚµÄ°ïÖúÎÄµµ°É£¡ [m
[18:59:50] [Server thread/INFO]: [0;36;1m[PiglinFix][0;32;1mDrops fixed[m
[19:00:02] [Server thread/INFO]: [0;36;1m[PiglinFix][0;32;1mDrops fixed[m
[19:00:41] [Server thread/INFO]: mo_shuang lost connection: Disconnected
[19:00:41] [Server thread/INFO]: mo_shuang left the game
[19:36:20] [User Authenticator #284/INFO]: UUID of player hu_dong_yi_D is d8b3149e-0bb3-49a0-b5e1-9020520813d7
[19:36:20] [Server thread/INFO]: hu_dong_yi_D[/127.0.0.1:58525] logged in with entity id 2421247 at ([world]-524.7814746496547, 69.0625, -453.9604183166328)
[19:36:27] [Server thread/INFO]: hu_dong_yi_D lost connection: Disconnected
[19:36:27] [Server thread/INFO]: hu_dong_yi_D left the game
[19:45:04] [pool-5-thread-1/INFO]: [0;30;1m[[0;31;1m[21mGM[0;37;1m[21m+[0;30;1m] [0;30;1m[[0;32;1mINFO[0;30;1m] [0;33;1m Data files refreshed.[m
[19:55:27] [Server thread/INFO]: [0;33;22m[¹«¸æ] [0;33;22mÏëÒª»ñÈ¡¸ü¶à°ïÖú£¿²éÔÄ¿ÕÓòÈºÎÄ¼þÄÚµÄ°ïÖúÎÄµµ°É£¡ [m
[20:08:14] [User Authenticator #285/INFO]: UUID of player xiaoxi_wan is cfbe0b8f-fbce-4508-9444-17c26d099143
[20:08:14] [Server thread/INFO]: xiaoxi_wan[/127.0.0.1:58637] logged in with entity id 2421557 at ([world]2725.005665960772, 64.5, -415.6720247515745)
[20:11:28] [User Authenticator #286/INFO]: UUID of player YuHuaQingZhu is f7c2a598-482c-4505-b4b6-6ece1a025ef2
[20:11:28] [Server thread/INFO]: YuHuaQingZhu[/127.0.0.1:58650] logged in with entity id 2422317 at ([world]7035.089985738834, 92.0, -777.4092261386218)
[20:11:42] [Server thread/INFO]: YuHuaQingZhu lost connection: Disconnected
[20:11:42] [Server thread/INFO]: YuHuaQingZhu left the game
[20:11:49] [User Authenticator #287/INFO]: UUID of player YuHuaQingZhu is f7c2a598-482c-4505-b4b6-6ece1a025ef2
[20:11:49] [Server thread/INFO]: YuHuaQingZhu[/127.0.0.1:58656] logged in with entity id 2422466 at ([world]7028.319133799675, 89.0, -774.6999999880791)
[20:13:10] [Server thread/INFO]: xiaoxi_wan lost connection: Disconnected
[20:13:10] [Server thread/INFO]: xiaoxi_wan left the game
[20:40:00] [User Authenticator #288/INFO]: UUID of player Bay_Max_ is cf940dbc-2f87-4ef6-916b-e4e7d623d32d
[20:40:00] [Server thread/INFO]: Bay_Max_[/127.0.0.1:58841] logged in with entity id 2427776 at ([world]1366.270874607598, 139.0, -1365.578531658138)
[20:42:05] [Server thread/INFO]: Bay_Max_ lost connection: Timed out
[20:42:05] [Server thread/INFO]: Bay_Max_ left the game
[20:43:05] [User Authenticator #289/INFO]: UUID of player Bay_Max_ is cf940dbc-2f87-4ef6-916b-e4e7d623d32d
[20:43:05] [Server thread/INFO]: Bay_Max_[/127.0.0.1:58856] logged in with entity id 2428514 at ([world_nether]157.51776299874496, 115.0, -169.5)
[20:44:46] [Server thread/INFO]: Bay_Max_ issued server command: /co i
[20:45:04] [pool-5-thread-1/INFO]: [0;30;1m[[0;31;1m[21mGM[0;37;1m[21m+[0;30;1m] [0;30;1m[[0;32;1mINFO[0;30;1m] [0;33;1m Data files refreshed.[m
[20:46:45] [Server thread/INFO]: Bay_Max_ lost connection: Disconnected
[20:46:45] [Server thread/INFO]: Bay_Max_ left the game
[20:47:17] [User Authenticator #290/INFO]: UUID of player Bay_Max_ is cf940dbc-2f87-4ef6-916b-e4e7d623d32d
[20:47:17] [Server thread/INFO]: Bay_Max_[/127.0.0.1:58874] logged in with entity id 2429680 at ([world]2676.5, 66.0, -357.0017461411791)
[20:48:07] [Server thread/INFO]: Bay_Max_ lost connection: Timed out
[20:48:07] [Server thread/INFO]: Bay_Max_ left the game
[20:48:11] [Server thread/WARN]: Bay_Max_ was kicked for floating too long!
[20:48:11] [Server thread/WARN]: Bay_Max_ was kicked for floating too long!
[20:48:11] [Server thread/WARN]: Bay_Max_ was kicked for floating too long!
[20:48:11] [Server thread/WARN]: Bay_Max_ was kicked for floating too long!
[20:48:11] [Server thread/WARN]: Bay_Max_ was kicked for floating too long!
[20:48:11] [Server thread/WARN]: Bay_Max_ was kicked for floating too long!
[20:48:11] [Server thread/WARN]: Bay_Max_ was kicked for floating too long!
[20:48:11] [Server thread/WARN]: Bay_Max_ was kicked for floating too long!
[20:48:11] [Server thread/WARN]: Bay_Max_ was kicked for floating too long!
[20:48:12] [Server thread/WARN]: Bay_Max_ was kicked for floating too long!
[20:48:12] [Server thread/WARN]: Bay_Max_ was kicked for floating too long!
[20:48:12] [Server thread/WARN]: Bay_Max_ was kicked for floating too long!
[20:48:12] [Server thread/WARN]: Bay_Max_ was kicked for floating too long!
[20:48:12] [Server thread/WARN]: Bay_Max_ was kicked for floating too long!
[20:48:12] [Server thread/WARN]: Bay_Max_ was kicked for floating too long!
[20:48:12] [Server thread/WARN]: Bay_Max_ was kicked for floating too long!
[20:48:12] [Server thread/WARN]: Bay_Max_ was kicked for floating too long!
[20:48:12] [Server thread/WARN]: Bay_Max_ was kicked for floating too long!
[20:48:12] [Server thread/WARN]: Bay_Max_ was kicked for floating too long!
[20:48:12] [Server thread/WARN]: Bay_Max_ was kicked for floating too long!
[20:48:12] [Server thread/WARN]: Bay_Max_ was kicked for floating too long!
[20:48:12] [Server thread/WARN]: Bay_Max_ was kicked for floating too long!
[20:48:12] [Server thread/WARN]: Bay_Max_ was kicked for floating too long!
[20:48:12] [Server thread/WARN]: Bay_Max_ was kicked for floating too long!
[20:48:12] [Server thread/WARN]: Bay_Max_ was kicked for floating too long!
[20:48:12] [Server thread/WARN]: Bay_Max_ was kicked for floating too long!
[20:48:12] [Server thread/WARN]: Bay_Max_ was kicked for floating too long!
[20:48:12] [Server thread/WARN]: Bay_Max_ was kicked for floating too long!
[20:48:12] [Server thread/WARN]: Bay_Max_ was kicked for floating too long!
[20:48:13] [Server thread/WARN]: Bay_Max_ was kicked for floating too long!
[20:48:13] [Server thread/WARN]: Bay_Max_ was kicked for floating too long!
[20:48:13] [Server thread/WARN]: Bay_Max_ was kicked for floating too long!
[20:48:13] [Server thread/WARN]: Bay_Max_ was kicked for floating too long!
[20:48:13] [Server thread/WARN]: Bay_Max_ was kicked for floating too long!
[20:48:13] [Server thread/WARN]: Bay_Max_ was kicked for floating too long!
[20:48:13] [Server thread/WARN]: Bay_Max_ was kicked for floating too long!
[20:48:13] [Server thread/WARN]: Bay_Max_ was kicked for floating too long!
[20:48:13] [Server thread/WARN]: Bay_Max_ was kicked for floating too long!
[20:48:13] [Server thread/WARN]: Bay_Max_ was kicked for floating too long!
[20:48:13] [Server thread/WARN]: Bay_Max_ was kicked for floating too long!
[20:48:13] [Server thread/WARN]: Bay_Max_ was kicked for floating too long!
[20:48:13] [Server thread/WARN]: Bay_Max_ was kicked for floating too long!
[20:48:13] [Server thread/WARN]: Bay_Max_ was kicked for floating too long!
[20:48:13] [Server thread/WARN]: Bay_Max_ was kicked for floating too long!
[20:48:13] [Server thread/WARN]: Bay_Max_ was kicked for floating too long!
[20:48:13] [Server thread/WARN]: Bay_Max_ was kicked for floating too long!
[20:48:13] [Server thread/WARN]: Bay_Max_ was kicked for floating too long!
[20:48:13] [Server thread/WARN]: Bay_Max_ was kicked for floating too long!
[20:48:13] [Server thread/WARN]: Bay_Max_ was kicked for floating too long!
[20:48:14] [Server thread/WARN]: Bay_Max_ was kicked for floating too long!
[20:48:14] [Server thread/WARN]: Bay_Max_ was kicked for floating too long!
[20:48:14] [Server thread/WARN]: Bay_Max_ was kicked for floating too long!
[20:48:14] [Server thread/WARN]: Bay_Max_ was kicked for floating too long!
[20:48:14] [Server thread/WARN]: Bay_Max_ was kicked for floating too long!
[20:48:14] [Server thread/WARN]: Bay_Max_ was kicked for floating too long!
[20:48:14] [Server thread/WARN]: Bay_Max_ was kicked for floating too long!
[20:48:14] [Server thread/WARN]: Bay_Max_ was kicked for floating too long!
[20:48:14] [Server thread/WARN]: Bay_Max_ was kicked for floating too long!
[20:48:14] [Server thread/WARN]: Bay_Max_ was kicked for floating too long!
[20:48:14] [Server thread/WARN]: Bay_Max_ was kicked for floating too long!
[20:48:14] [Server thread/WARN]: Bay_Max_ was kicked for floating too long!
[20:48:14] [Server thread/WARN]: Bay_Max_ was kicked for floating too long!
[20:48:14] [Server thread/WARN]: Bay_Max_ was kicked for floating too long!
[20:48:14] [Server thread/WARN]: Bay_Max_ was kicked for floating too long!
[20:48:14] [Server thread/WARN]: Bay_Max_ was kicked for floating too long!
[20:48:14] [Server thread/WARN]: Bay_Max_ was kicked for floating too long!
[20:48:14] [Server thread/WARN]: Bay_Max_ was kicked for floating too long!
[20:48:14] [Server thread/WARN]: Bay_Max_ was kicked for floating too long!
[20:48:14] [Server thread/WARN]: Bay_Max_ was kicked for floating too long!
[20:48:15] [Server thread/WARN]: Bay_Max_ was kicked for floating too long!
[20:48:15] [Server thread/WARN]: Bay_Max_ was kicked for floating too long!
[20:48:15] [Server thread/WARN]: Bay_Max_ was kicked for floating too long!
[20:48:15] [Server thread/WARN]: Bay_Max_ was kicked for floating too long!
[20:48:15] [Server thread/WARN]: Bay_Max_ was kicked for floating too long!
[20:48:15] [Server thread/WARN]: Bay_Max_ was kicked for floating too long!
[20:48:15] [Server thread/WARN]: Bay_Max_ was kicked for floating too long!
[20:48:15] [Server thread/WARN]: Bay_Max_ was kicked for floating too long!
[20:48:15] [Server thread/WARN]: Bay_Max_ was kicked for floating too long!
[20:48:15] [Server thread/WARN]: Bay_Max_ was kicked for floating too long!
[20:48:15] [Server thread/WARN]: Bay_Max_ was kicked for floating too long!
[20:48:15] [Server thread/WARN]: Bay_Max_ was kicked for floating too long!
[20:48:15] [Server thread/WARN]: Bay_Max_ was kicked for floating too long!
[20:48:15] [Server thread/WARN]: Bay_Max_ was kicked for floating too long!
[20:48:15] [Server thread/WARN]: Bay_Max_ was kicked for floating too long!
[20:48:15] [Server thread/WARN]: Bay_Max_ was kicked for floating too long!
[20:48:15] [Server thread/WARN]: Bay_Max_ was kicked for floating too long!
[20:48:15] [Server thread/WARN]: Bay_Max_ was kicked for floating too long!
[20:48:15] [Server thread/WARN]: Bay_Max_ was kicked for floating too long!
[20:48:15] [Server thread/WARN]: Bay_Max_ was kicked for floating too long!
[20:48:16] [Server thread/WARN]: Bay_Max_ was kicked for floating too long!
[20:48:16] [Server thread/WARN]: Bay_Max_ was kicked for floating too long!
[20:48:16] [Server thread/WARN]: Bay_Max_ was kicked for floating too long!
[20:48:16] [Server thread/WARN]: Bay_Max_ was kicked for floating too long!
[20:48:16] [Server thread/WARN]: Bay_Max_ was kicked for floating too long!
[20:48:16] [Server thread/WARN]: Bay_Max_ was kicked for floating too long!
[20:48:16] [Server thread/WARN]: Bay_Max_ was kicked for floating too long!
[20:48:16] [Server thread/WARN]: Bay_Max_ was kicked for floating too long!
[20:48:16] [Server thread/WARN]: Bay_Max_ was kicked for floating too long!
[20:48:16] [Server thread/WARN]: Bay_Max_ was kicked for floating too long!
[20:48:16] [Server thread/WARN]: Bay_Max_ was kicked for floating too long!
[20:48:16] [Server thread/WARN]: Bay_Max_ was kicked for floating too long!
[20:48:16] [Server thread/WARN]: Bay_Max_ was kicked for floating too long!
[20:48:16] [Server thread/WARN]: Bay_Max_ was kicked for floating too long!
[20:48:16] [Server thread/WARN]: Bay_Max_ was kicked for floating too long!
[20:48:16] [Server thread/WARN]: Bay_Max_ was kicked for floating too long!
[20:48:16] [Server thread/WARN]: Bay_Max_ was kicked for floating too long!
[20:48:16] [Server thread/WARN]: Bay_Max_ was kicked for floating too long!
[20:48:16] [Server thread/WARN]: Bay_Max_ was kicked for floating too long!
[20:48:16] [Server thread/WARN]: Bay_Max_ was kicked for floating too long!
[20:48:17] [Server thread/WARN]: Bay_Max_ was kicked for floating too long!
[20:48:17] [Server thread/WARN]: Bay_Max_ was kicked for floating too long!
[20:48:17] [Server thread/WARN]: Bay_Max_ was kicked for floating too long!
[20:48:17] [Server thread/WARN]: Bay_Max_ was kicked for floating too long!
[20:48:17] [Server thread/WARN]: Bay_Max_ was kicked for floating too long!
[20:48:17] [Server thread/WARN]: Bay_Max_ was kicked for floating too long!
[20:48:17] [Server thread/WARN]: Bay_Max_ was kicked for floating too long!
[20:48:17] [Server thread/WARN]: Bay_Max_ was kicked for floating too long!
[20:48:17] [Server thread/WARN]: Bay_Max_ was kicked for floating too long!
[20:48:17] [Server thread/WARN]: Bay_Max_ was kicked for floating too long!
[20:48:17] [Server thread/WARN]: Bay_Max_ was kicked for floating too long!
[20:48:17] [Server thread/WARN]: Bay_Max_ was kicked for floating too long!
[20:48:17] [Server thread/WARN]: Bay_Max_ was kicked for floating too long!
[20:48:17] [Server thread/WARN]: Bay_Max_ was kicked for floating too long!
[20:48:17] [Server thread/WARN]: Bay_Max_ was kicked for floating too long!
[20:48:17] [Server thread/WARN]: Bay_Max_ was kicked for floating too long!
[20:48:17] [Server thread/WARN]: Bay_Max_ was kicked for floating too long!
[20:48:17] [Server thread/WARN]: Bay_Max_ was kicked for floating too long!
[20:48:17] [Server thread/WARN]: Bay_Max_ was kicked for floating too long!
[20:48:17] [Server thread/WARN]: Bay_Max_ was kicked for floating too long!
[20:48:18] [Server thread/WARN]: Bay_Max_ was kicked for floating too long!
[20:48:18] [Server thread/WARN]: Bay_Max_ was kicked for floating too long!
[20:48:18] [Server thread/WARN]: Bay_Max_ was kicked for floating too long!
[20:48:18] [Server thread/WARN]: Bay_Max_ was kicked for floating too long!
[20:48:18] [Server thread/WARN]: Bay_Max_ was kicked for floating too long!
[20:48:18] [Server thread/WARN]: Bay_Max_ was kicked for floating too long!
[20:48:18] [Server thread/WARN]: Bay_Max_ was kicked for floating too long!
[20:48:18] [Server thread/WARN]: Bay_Max_ was kicked for floating too long!
[20:48:18] [Server thread/WARN]: Bay_Max_ was kicked for floating too long!
[20:48:18] [Server thread/WARN]: Bay_Max_ was kicked for floating too long!
[20:48:18] [Server thread/WARN]: Bay_Max_ was kicked for floating too long!
[20:48:18] [Server thread/WARN]: Bay_Max_ was kicked for floating too long!
[20:48:18] [Server thread/WARN]: Bay_Max_ was kicked for floating too long!
[20:48:18] [Server thread/WARN]: Bay_Max_ was kicked for floating too long!
[20:48:18] [Server thread/WARN]: Bay_Max_ was kicked for floating too long!
[20:48:18] [Server thread/WARN]: Bay_Max_ was kicked for floating too long!
[20:48:18] [Server thread/WARN]: Bay_Max_ was kicked for floating too long!
[20:48:18] [Server thread/WARN]: Bay_Max_ was kicked for floating too long!
[20:48:18] [Server thread/WARN]: Bay_Max_ was kicked for floating too long!
[20:48:18] [Server thread/WARN]: Bay_Max_ was kicked for floating too long!
[20:48:19] [Server thread/WARN]: Bay_Max_ was kicked for floating too long!
[20:48:19] [Server thread/WARN]: Bay_Max_ was kicked for floating too long!
[20:48:19] [Server thread/WARN]: Bay_Max_ was kicked for floating too long!
[20:48:19] [Server thread/WARN]: Bay_Max_ was kicked for floating too long!
[20:48:19] [Server thread/WARN]: Bay_Max_ was kicked for floating too long!
[20:48:19] [Server thread/WARN]: Bay_Max_ was kicked for floating too long!
[20:48:19] [Server thread/WARN]: Bay_Max_ was kicked for floating too long!
[20:48:19] [Server thread/WARN]: Bay_Max_ was kicked for floating too long!
[20:48:19] [Server thread/WARN]: Bay_Max_ was kicked for floating too long!
[20:48:19] [Server thread/WARN]: Bay_Max_ was kicked for floating too long!
[20:48:19] [Server thread/WARN]: Bay_Max_ was kicked for floating too long!
[20:48:19] [Server thread/WARN]: Bay_Max_ was kicked for floating too long!
[20:48:19] [Server thread/WARN]: Bay_Max_ was kicked for floating too long!
[20:48:19] [Server thread/WARN]: Bay_Max_ was kicked for floating too long!
[20:48:19] [Server thread/WARN]: Bay_Max_ was kicked for floating too long!
[20:48:19] [Server thread/WARN]: Bay_Max_ was kicked for floating too long!
[20:48:19] [Server thread/WARN]: Bay_Max_ was kicked for floating too long!
[20:48:19] [Server thread/WARN]: Bay_Max_ was kicked for floating too long!
[20:48:19] [Server thread/WARN]: Bay_Max_ was kicked for floating too long!
[20:48:19] [Server thread/WARN]: Bay_Max_ was kicked for floating too long!
[20:48:20] [Server thread/WARN]: Bay_Max_ was kicked for floating too long!
[20:48:20] [Server thread/WARN]: Bay_Max_ was kicked for floating too long!
[20:48:20] [Server thread/WARN]: Bay_Max_ was kicked for floating too long!
[20:48:20] [Server thread/WARN]: Bay_Max_ was kicked for floating too long!
[20:48:20] [Server thread/WARN]: Bay_Max_ was kicked for floating too long!
[20:48:20] [Server thread/WARN]: Bay_Max_ was kicked for floating too long!
[20:48:20] [Server thread/WARN]: Bay_Max_ was kicked for floating too long!
[20:48:20] [Server thread/WARN]: Bay_Max_ was kicked for floating too long!
[20:48:20] [Server thread/WARN]: Bay_Max_ was kicked for floating too long!
[20:48:20] [Server thread/WARN]: Bay_Max_ was kicked for floating too long!
[20:48:20] [Server thread/WARN]: Bay_Max_ was kicked for floating too long!
[20:48:20] [Server thread/WARN]: Bay_Max_ was kicked for floating too long!
[20:48:20] [Server thread/WARN]: Bay_Max_ was kicked for floating too long!
[20:48:20] [Server thread/WARN]: Bay_Max_ was kicked for floating too long!
[20:48:20] [Server thread/WARN]: Bay_Max_ was kicked for floating too long!
[20:48:20] [Server thread/WARN]: Bay_Max_ was kicked for floating too long!
[20:48:20] [Server thread/WARN]: Bay_Max_ was kicked for floating too long!
[20:48:20] [Server thread/WARN]: Bay_Max_ was kicked for floating too long!
[20:48:20] [Server thread/WARN]: Bay_Max_ was kicked for floating too long!
[20:48:20] [Server thread/WARN]: Bay_Max_ was kicked for floating too long!
[20:48:21] [Server thread/WARN]: Bay_Max_ was kicked for floating too long!
[20:48:21] [Server thread/WARN]: Bay_Max_ was kicked for floating too long!
[20:48:21] [Server thread/WARN]: Bay_Max_ was kicked for floating too long!
[20:48:21] [Server thread/WARN]: Bay_Max_ was kicked for floating too long!
[20:48:21] [Server thread/WARN]: Bay_Max_ was kicked for floating too long!
[20:48:21] [Server thread/WARN]: Bay_Max_ was kicked for floating too long!
[20:48:21] [Server thread/WARN]: Bay_Max_ was kicked for floating too long!
[20:48:21] [Server thread/WARN]: Bay_Max_ was kicked for floating too long!
[20:48:21] [Server thread/WARN]: Bay_Max_ was kicked for floating too long!
[20:48:21] [Server thread/WARN]: Bay_Max_ was kicked for floating too long!
[20:48:21] [Server thread/WARN]: Bay_Max_ was kicked for floating too long!
[20:48:21] [Server thread/WARN]: Bay_Max_ was kicked for floating too long!
[20:48:21] [Server thread/WARN]: Bay_Max_ was kicked for floating too long!
[20:48:21] [Server thread/WARN]: Bay_Max_ was kicked for floating too long!
[20:48:21] [Server thread/WARN]: Bay_Max_ was kicked for floating too long!
[20:48:21] [Server thread/WARN]: Bay_Max_ was kicked for floating too long!
[20:48:21] [Server thread/WARN]: Bay_Max_ was kicked for floating too long!
[20:48:21] [Server thread/WARN]: Bay_Max_ was kicked for floating too long!
[20:48:21] [Server thread/WARN]: Bay_Max_ was kicked for floating too long!
[20:48:21] [Server thread/WARN]: Bay_Max_ was kicked for floating too long!
[20:48:22] [Server thread/WARN]: Bay_Max_ was kicked for floating too long!
[20:48:22] [Server thread/WARN]: Bay_Max_ was kicked for floating too long!
[20:48:22] [Server thread/WARN]: Bay_Max_ was kicked for floating too long!
[20:48:22] [Server thread/WARN]: Bay_Max_ was kicked for floating too long!
[20:48:22] [Server thread/WARN]: Bay_Max_ was kicked for floating too long!
[20:48:22] [Server thread/WARN]: Bay_Max_ was kicked for floating too long!
[20:48:22] [Server thread/WARN]: Bay_Max_ was kicked for floating too long!
[20:48:22] [Server thread/WARN]: Bay_Max_ was kicked for floating too long!
[20:48:22] [Server thread/WARN]: Bay_Max_ was kicked for floating too long!
[20:48:22] [Server thread/WARN]: Bay_Max_ was kicked for floating too long!
[20:48:22] [Server thread/WARN]: Bay_Max_ was kicked for floating too long!
[20:48:22] [Server thread/WARN]: Bay_Max_ was kicked for floating too long!
[20:48:22] [Server thread/WARN]: Bay_Max_ was kicked for floating too long!
[20:48:22] [Server thread/WARN]: Bay_Max_ was kicked for floating too long!
[20:48:22] [Server thread/WARN]: Bay_Max_ was kicked for floating too long!
[20:48:22] [Server thread/WARN]: Bay_Max_ was kicked for floating too long!
[20:48:22] [Server thread/WARN]: Bay_Max_ was kicked for floating too long!
[20:48:22] [Server thread/WARN]: Bay_Max_ was kicked for floating too long!
[20:48:22] [Server thread/WARN]: Bay_Max_ was kicked for floating too long!
[20:48:22] [Server thread/WARN]: Bay_Max_ was kicked for floating too long!
[20:48:23] [Server thread/WARN]: Bay_Max_ was kicked for floating too long!
[20:48:23] [Server thread/WARN]: Bay_Max_ was kicked for floating too long!
[20:48:23] [Server thread/WARN]: Bay_Max_ was kicked for floating too long!
[20:48:23] [Server thread/WARN]: Bay_Max_ was kicked for floating too long!
[20:48:23] [Server thread/WARN]: Bay_Max_ was kicked for floating too long!
[20:48:23] [Server thread/WARN]: Bay_Max_ was kicked for floating too long!
[20:48:23] [Server thread/WARN]: Bay_Max_ was kicked for floating too long!
[20:48:23] [Server thread/WARN]: Bay_Max_ was kicked for floating too long!
[20:48:23] [Server thread/WARN]: Bay_Max_ was kicked for floating too long!
[20:48:23] [Server thread/WARN]: Bay_Max_ was kicked for floating too long!
[20:48:23] [Server thread/WARN]: Bay_Max_ was kicked for floating too long!
[20:48:23] [Server thread/WARN]: Bay_Max_ was kicked for floating too long!
[20:48:23] [Server thread/WARN]: Bay_Max_ was kicked for floating too long!
[20:48:23] [Server thread/WARN]: Bay_Max_ was kicked for floating too long!
[20:48:23] [Server thread/WARN]: Bay_Max_ was kicked for floating too long!
[20:48:23] [Server thread/WARN]: Bay_Max_ was kicked for floating too long!
[20:48:23] [Server thread/WARN]: Bay_Max_ was kicked for floating too long!
[20:48:23] [Server thread/WARN]: Bay_Max_ was kicked for floating too long!
[20:48:23] [Server thread/WARN]: Bay_Max_ was kicked for floating too long!
[20:48:23] [Server thread/WARN]: Bay_Max_ was kicked for floating too long!
[20:48:24] [Server thread/WARN]: Bay_Max_ was kicked for floating too long!
[20:48:24] [Server thread/WARN]: Bay_Max_ was kicked for floating too long!
[20:48:24] [Server thread/WARN]: Bay_Max_ was kicked for floating too long!
[20:48:24] [Server thread/WARN]: Bay_Max_ was kicked for floating too long!
[20:48:24] [Server thread/WARN]: Bay_Max_ was kicked for floating too long!
[20:48:24] [Server thread/WARN]: Bay_Max_ was kicked for floating too long!
[20:48:24] [Server thread/WARN]: Bay_Max_ was kicked for floating too long!
[20:48:24] [Server thread/WARN]: Bay_Max_ was kicked for floating too long!
[20:48:24] [Server thread/WARN]: Bay_Max_ was kicked for floating too long!
[20:48:24] [Server thread/WARN]: Bay_Max_ was kicked for floating too long!
[20:48:24] [Server thread/WARN]: Bay_Max_ was kicked for floating too long!
[20:48:24] [Server thread/WARN]: Bay_Max_ was kicked for floating too long!
[20:48:24] [Server thread/WARN]: Bay_Max_ was kicked for floating too long!
[20:48:24] [Server thread/WARN]: Bay_Max_ was kicked for floating too long!
[20:48:24] [Server thread/WARN]: Bay_Max_ was kicked for floating too long!
[20:48:24] [Server thread/WARN]: Bay_Max_ was kicked for floating too long!
[20:48:24] [Server thread/WARN]: Bay_Max_ was kicked for floating too long!
[20:48:24] [Server thread/WARN]: Bay_Max_ was kicked for floating too long!
[20:48:24] [Server thread/WARN]: Bay_Max_ was kicked for floating too long!
[20:48:24] [Server thread/WARN]: Bay_Max_ was kicked for floating too long!
[20:48:25] [Server thread/WARN]: Bay_Max_ was kicked for floating too long!
[20:48:25] [Server thread/WARN]: Bay_Max_ was kicked for floating too long!
[20:48:25] [Server thread/WARN]: Bay_Max_ was kicked for floating too long!
[20:48:25] [Server thread/WARN]: Bay_Max_ was kicked for floating too long!
[20:48:25] [Server thread/WARN]: Bay_Max_ was kicked for floating too long!
[20:48:25] [Server thread/WARN]: Bay_Max_ was kicked for floating too long!
[20:48:25] [Server thread/WARN]: Bay_Max_ was kicked for floating too long!
[20:48:25] [Server thread/WARN]: Bay_Max_ was kicked for floating too long!
[20:48:25] [Server thread/WARN]: Bay_Max_ was kicked for floating too long!
[20:48:25] [Server thread/WARN]: Bay_Max_ was kicked for floating too long!
[20:48:25] [Server thread/WARN]: Bay_Max_ was kicked for floating too long!
[20:48:25] [Server thread/WARN]: Bay_Max_ was kicked for floating too long!
[20:48:25] [Server thread/WARN]: Bay_Max_ was kicked for floating too long!
[20:48:25] [Server thread/WARN]: Bay_Max_ was kicked for floating too long!
[20:48:25] [Server thread/WARN]: Bay_Max_ was kicked for floating too long!
[20:48:25] [Server thread/WARN]: Bay_Max_ was kicked for floating too long!
[20:48:25] [Server thread/WARN]: Bay_Max_ was kicked for floating too long!
[20:48:25] [Server thread/WARN]: Bay_Max_ was kicked for floating too long!
[20:48:25] [Server thread/WARN]: Bay_Max_ was kicked for floating too long!
[20:48:25] [Server thread/WARN]: Bay_Max_ was kicked for floating too long!
[20:48:26] [Server thread/WARN]: Bay_Max_ was kicked for floating too long!
[20:48:26] [Server thread/WARN]: Bay_Max_ was kicked for floating too long!
[20:48:26] [Server thread/WARN]: Bay_Max_ was kicked for floating too long!
[20:48:26] [Server thread/WARN]: Bay_Max_ was kicked for floating too long!
[20:48:26] [Server thread/WARN]: Bay_Max_ was kicked for floating too long!
[20:48:26] [Server thread/WARN]: Bay_Max_ was kicked for floating too long!
[20:48:26] [Server thread/WARN]: Bay_Max_ was kicked for floating too long!
[20:48:26] [Server thread/WARN]: Bay_Max_ was kicked for floating too long!
[20:48:26] [Server thread/WARN]: Bay_Max_ was kicked for floating too long!
[20:48:26] [Server thread/WARN]: Bay_Max_ was kicked for floating too long!
[20:48:26] [Server thread/WARN]: Bay_Max_ was kicked for floating too long!
[20:48:26] [Server thread/WARN]: Bay_Max_ was kicked for floating too long!
[20:48:26] [Server thread/WARN]: Bay_Max_ was kicked for floating too long!
[20:48:26] [Server thread/WARN]: Bay_Max_ was kicked for floating too long!
[20:48:26] [Server thread/WARN]: Bay_Max_ was kicked for floating too long!
[20:48:26] [Server thread/WARN]: Bay_Max_ was kicked for floating too long!
[20:48:26] [Server thread/WARN]: Bay_Max_ was kicked for floating too long!
[20:48:26] [Server thread/WARN]: Bay_Max_ was kicked for floating too long!
[20:48:26] [Server thread/WARN]: Bay_Max_ was kicked for floating too long!
[20:48:26] [Server thread/WARN]: Bay_Max_ was kicked for floating too long!
[20:48:27] [Server thread/WARN]: Bay_Max_ was kicked for floating too long!
[20:48:27] [Server thread/WARN]: Bay_Max_ was kicked for floating too long!
[20:48:27] [Server thread/WARN]: Bay_Max_ was kicked for floating too long!
[20:48:27] [Server thread/WARN]: Bay_Max_ was kicked for floating too long!
[20:48:27] [Server thread/WARN]: Bay_Max_ was kicked for floating too long!
[20:48:27] [Server thread/WARN]: Bay_Max_ was kicked for floating too long!
[20:48:27] [Server thread/WARN]: Bay_Max_ was kicked for floating too long!
[20:48:27] [Server thread/WARN]: Bay_Max_ was kicked for floating too long!
[20:48:27] [Server thread/WARN]: Bay_Max_ was kicked for floating too long!
[20:48:27] [Server thread/WARN]: Bay_Max_ was kicked for floating too long!
[20:48:27] [Server thread/WARN]: Bay_Max_ was kicked for floating too long!
[20:48:27] [Server thread/WARN]: Bay_Max_ was kicked for floating too long!
[20:48:27] [Server thread/WARN]: Bay_Max_ was kicked for floating too long!
[20:48:27] [Server thread/WARN]: Bay_Max_ was kicked for floating too long!
[20:48:27] [Server thread/WARN]: Bay_Max_ was kicked for floating too long!
[20:48:27] [Server thread/WARN]: Bay_Max_ was kicked for floating too long!
[20:48:27] [Server thread/WARN]: Bay_Max_ was kicked for floating too long!
[20:48:27] [Server thread/WARN]: Bay_Max_ was kicked for floating too long!
[20:48:27] [Server thread/WARN]: Bay_Max_ was kicked for floating too long!
[20:48:27] [Server thread/WARN]: Bay_Max_ was kicked for floating too long!
[20:48:28] [Server thread/WARN]: Bay_Max_ was kicked for floating too long!
[20:48:28] [Server thread/WARN]: Bay_Max_ was kicked for floating too long!
[20:48:28] [Server thread/WARN]: Bay_Max_ was kicked for floating too long!
[20:48:28] [Server thread/WARN]: Bay_Max_ was kicked for floating too long!
[20:48:28] [Server thread/WARN]: Bay_Max_ was kicked for floating too long!
[20:48:28] [Server thread/WARN]: Bay_Max_ was kicked for floating too long!
[20:48:28] [Server thread/WARN]: Bay_Max_ was kicked for floating too long!
[20:48:28] [Server thread/WARN]: Bay_Max_ was kicked for floating too long!
[20:48:28] [Server thread/WARN]: Bay_Max_ was kicked for floating too long!
[20:48:28] [Server thread/WARN]: Bay_Max_ was kicked for floating too long!
[20:48:28] [Server thread/WARN]: Bay_Max_ was kicked for floating too long!
[20:48:28] [Server thread/WARN]: Bay_Max_ was kicked for floating too long!
[20:48:28] [Server thread/WARN]: Bay_Max_ was kicked for floating too long!
[20:48:28] [Server thread/WARN]: Bay_Max_ was kicked for floating too long!
[20:48:28] [Server thread/WARN]: Bay_Max_ was kicked for floating too long!
[20:48:28] [Server thread/WARN]: Bay_Max_ was kicked for floating too long!
[20:48:28] [Server thread/WARN]: Bay_Max_ was kicked for floating too long!
[20:48:28] [Server thread/WARN]: Bay_Max_ was kicked for floating too long!
[20:48:28] [Server thread/WARN]: Bay_Max_ was kicked for floating too long!
[20:48:28] [Server thread/WARN]: Bay_Max_ was kicked for floating too long!
[20:48:29] [Server thread/WARN]: Bay_Max_ was kicked for floating too long!
[20:48:29] [Server thread/WARN]: Bay_Max_ was kicked for floating too long!
[20:48:29] [Server thread/WARN]: Bay_Max_ was kicked for floating too long!
[20:48:29] [Server thread/WARN]: Bay_Max_ was kicked for floating too long!
[20:48:29] [Server thread/WARN]: Bay_Max_ was kicked for floating too long!
[20:48:29] [Server thread/WARN]: Bay_Max_ was kicked for floating too long!
[20:48:29] [Server thread/WARN]: Bay_Max_ was kicked for floating too long!
[20:48:29] [Server thread/WARN]: Bay_Max_ was kicked for floating too long!
[20:48:29] [Server thread/WARN]: Bay_Max_ was kicked for floating too long!
[20:48:29] [Server thread/WARN]: Bay_Max_ was kicked for floating too long!
[20:48:29] [Server thread/WARN]: Bay_Max_ was kicked for floating too long!
[20:48:29] [Server thread/WARN]: Bay_Max_ was kicked for floating too long!
[20:48:29] [Server thread/WARN]: Bay_Max_ was kicked for floating too long!
[20:48:29] [Server thread/WARN]: Bay_Max_ was kicked for floating too long!
[20:48:29] [Server thread/WARN]: Bay_Max_ was kicked for floating too long!
[20:48:29] [Server thread/WARN]: Bay_Max_ was kicked for floating too long!
[20:48:29] [Server thread/WARN]: Bay_Max_ was kicked for floating too long!
[20:48:29] [Server thread/WARN]: Bay_Max_ was kicked for floating too long!
[20:48:29] [Server thread/WARN]: Bay_Max_ was kicked for floating too long!
[20:48:29] [Server thread/WARN]: Bay_Max_ was kicked for floating too long!
[20:48:30] [Server thread/WARN]: Bay_Max_ was kicked for floating too long!
[20:48:30] [Server thread/WARN]: Bay_Max_ was kicked for floating too long!
[20:48:30] [Server thread/WARN]: Bay_Max_ was kicked for floating too long!
[20:48:30] [Server thread/WARN]: Bay_Max_ was kicked for floating too long!
[20:48:30] [Server thread/WARN]: Bay_Max_ was kicked for floating too long!
[20:48:30] [Server thread/WARN]: Bay_Max_ was kicked for floating too long!
[20:48:30] [Server thread/WARN]: Bay_Max_ was kicked for floating too long!
[20:48:30] [Server thread/WARN]: Bay_Max_ was kicked for floating too long!
[20:48:30] [Server thread/WARN]: Bay_Max_ was kicked for floating too long!
[20:48:30] [Server thread/WARN]: Bay_Max_ was kicked for floating too long!
[20:48:30] [Server thread/WARN]: Bay_Max_ was kicked for floating too long!
[20:48:30] [Server thread/WARN]: Bay_Max_ was kicked for floating too long!
[20:48:30] [Server thread/WARN]: Bay_Max_ was kicked for floating too long!
[20:48:30] [Server thread/WARN]: Bay_Max_ was kicked for floating too long!
[20:48:30] [Server thread/WARN]: Bay_Max_ was kicked for floating too long!
[20:48:30] [Server thread/WARN]: Bay_Max_ was kicked for floating too long!
[20:48:30] [Server thread/WARN]: Bay_Max_ was kicked for floating too long!
[20:48:30] [Server thread/WARN]: Bay_Max_ was kicked for floating too long!
[20:48:30] [Server thread/WARN]: Bay_Max_ was kicked for floating too long!
[20:48:30] [Server thread/WARN]: Bay_Max_ was kicked for floating too long!
[20:48:31] [Server thread/WARN]: Bay_Max_ was kicked for floating too long!
[20:48:31] [Server thread/WARN]: Bay_Max_ was kicked for floating too long!
[20:48:31] [Server thread/WARN]: Bay_Max_ was kicked for floating too long!
[20:48:31] [Server thread/WARN]: Bay_Max_ was kicked for floating too long!
[20:48:31] [Server thread/WARN]: Bay_Max_ was kicked for floating too long!
[20:48:31] [Server thread/WARN]: Bay_Max_ was kicked for floating too long!
[20:48:31] [Server thread/WARN]: Bay_Max_ was kicked for floating too long!
[20:48:31] [Server thread/WARN]: Bay_Max_ was kicked for floating too long!
[20:48:31] [Server thread/WARN]: Bay_Max_ was kicked for floating too long!
[20:48:31] [Server thread/WARN]: Bay_Max_ was kicked for floating too long!
[20:48:31] [Server thread/WARN]: Bay_Max_ was kicked for floating too long!
[20:48:31] [Server thread/WARN]: Bay_Max_ was kicked for floating too long!
[20:48:31] [Server thread/WARN]: Bay_Max_ was kicked for floating too long!
[20:48:31] [Server thread/WARN]: Bay_Max_ was kicked for floating too long!
[20:48:31] [Server thread/WARN]: Bay_Max_ was kicked for floating too long!
[20:48:31] [Server thread/WARN]: Bay_Max_ was kicked for floating too long!
[20:48:31] [Server thread/WARN]: Bay_Max_ was kicked for floating too long!
[20:48:31] [Server thread/WARN]: Bay_Max_ was kicked for floating too long!
[20:48:31] [Server thread/WARN]: Bay_Max_ was kicked for floating too long!
[20:48:31] [Server thread/WARN]: Bay_Max_ was kicked for floating too long!
[20:48:32] [Server thread/WARN]: Bay_Max_ was kicked for floating too long!
[20:48:32] [Server thread/WARN]: Bay_Max_ was kicked for floating too long!
[20:48:32] [Server thread/WARN]: Bay_Max_ was kicked for floating too long!
[20:48:32] [Server thread/WARN]: Bay_Max_ was kicked for floating too long!
[20:48:32] [Server thread/WARN]: Bay_Max_ was kicked for floating too long!
[20:48:32] [Server thread/WARN]: Bay_Max_ was kicked for floating too long!
[20:48:32] [Server thread/WARN]: Bay_Max_ was kicked for floating too long!
[20:48:32] [Server thread/WARN]: Bay_Max_ was kicked for floating too long!
[20:48:32] [Server thread/WARN]: Bay_Max_ was kicked for floating too long!
[20:48:32] [Server thread/WARN]: Bay_Max_ was kicked for floating too long!
[20:48:32] [Server thread/WARN]: Bay_Max_ was kicked for floating too long!
[20:48:32] [Server thread/WARN]: Bay_Max_ was kicked for floating too long!
[20:48:32] [Server thread/WARN]: Bay_Max_ was kicked for floating too long!
[20:48:32] [Server thread/WARN]: Bay_Max_ was kicked for floating too long!
[20:48:32] [Server thread/WARN]: Bay_Max_ was kicked for floating too long!
[20:48:32] [Server thread/WARN]: Bay_Max_ was kicked for floating too long!
[20:48:32] [Server thread/WARN]: Bay_Max_ was kicked for floating too long!
[20:48:32] [Server thread/WARN]: Bay_Max_ was kicked for floating too long!
[20:48:32] [Server thread/WARN]: Bay_Max_ was kicked for floating too long!
[20:48:32] [Server thread/WARN]: Bay_Max_ was kicked for floating too long!
[20:48:33] [Server thread/WARN]: Bay_Max_ was kicked for floating too long!
[20:48:33] [Server thread/WARN]: Bay_Max_ was kicked for floating too long!
[20:48:33] [Server thread/WARN]: Bay_Max_ was kicked for floating too long!
[20:48:33] [Server thread/WARN]: Bay_Max_ was kicked for floating too long!
[20:48:33] [Server thread/WARN]: Bay_Max_ was kicked for floating too long!
[20:48:33] [Server thread/WARN]: Bay_Max_ was kicked for floating too long!
[20:48:33] [Server thread/WARN]: Bay_Max_ was kicked for floating too long!
[20:48:33] [Server thread/WARN]: Bay_Max_ was kicked for floating too long!
[20:48:33] [Server thread/WARN]: Bay_Max_ was kicked for floating too long!
[20:48:33] [Server thread/WARN]: Bay_Max_ was kicked for floating too long!
[20:48:33] [Server thread/WARN]: Bay_Max_ was kicked for floating too long!
[20:48:33] [Server thread/WARN]: Bay_Max_ was kicked for floating too long!
[20:48:33] [Server thread/WARN]: Bay_Max_ was kicked for floating too long!
[20:48:33] [Server thread/WARN]: Bay_Max_ was kicked for floating too long!
[20:48:33] [Server thread/WARN]: Bay_Max_ was kicked for floating too long!
[20:48:33] [Server thread/WARN]: Bay_Max_ was kicked for floating too long!
[20:48:33] [Server thread/WARN]: Bay_Max_ was kicked for floating too long!
[20:48:33] [Server thread/WARN]: Bay_Max_ was kicked for floating too long!
[20:48:33] [Server thread/WARN]: Bay_Max_ was kicked for floating too long!
[20:48:33] [Server thread/WARN]: Bay_Max_ was kicked for floating too long!
[20:48:34] [Server thread/WARN]: Bay_Max_ was kicked for floating too long!
[20:48:34] [Server thread/WARN]: Bay_Max_ was kicked for floating too long!
[20:48:34] [Server thread/WARN]: Bay_Max_ was kicked for floating too long!
[20:48:34] [Server thread/WARN]: Bay_Max_ was kicked for floating too long!
[20:48:34] [Server thread/WARN]: Bay_Max_ was kicked for floating too long!
[20:48:34] [Server thread/WARN]: Bay_Max_ was kicked for floating too long!
[20:48:34] [Server thread/WARN]: Bay_Max_ was kicked for floating too long!
[20:48:34] [Server thread/WARN]: Bay_Max_ was kicked for floating too long!
[20:48:34] [Server thread/WARN]: Bay_Max_ was kicked for floating too long!
[20:48:34] [Server thread/WARN]: Bay_Max_ was kicked for floating too long!
[20:48:34] [Server thread/WARN]: Bay_Max_ was kicked for floating too long!
[20:48:34] [Server thread/WARN]: Bay_Max_ was kicked for floating too long!
[20:48:34] [Server thread/WARN]: Bay_Max_ was kicked for floating too long!
[20:48:34] [Server thread/WARN]: Bay_Max_ was kicked for floating too long!
[20:48:34] [Server thread/WARN]: Bay_Max_ was kicked for floating too long!
[20:48:34] [Server thread/WARN]: Bay_Max_ was kicked for floating too long!
[20:48:34] [Server thread/WARN]: Bay_Max_ was kicked for floating too long!
[20:48:34] [Server thread/WARN]: Bay_Max_ was kicked for floating too long!
[20:48:34] [Server thread/WARN]: Bay_Max_ was kicked for floating too long!
[20:48:34] [Server thread/WARN]: Bay_Max_ was kicked for floating too long!
[20:48:35] [Server thread/WARN]: Bay_Max_ was kicked for floating too long!
[20:48:35] [Server thread/WARN]: Bay_Max_ was kicked for floating too long!
[20:48:35] [Server thread/WARN]: Bay_Max_ was kicked for floating too long!
[20:48:35] [Server thread/WARN]: Bay_Max_ was kicked for floating too long!
[20:48:35] [Server thread/WARN]: Bay_Max_ was kicked for floating too long!
[20:48:35] [Server thread/WARN]: Bay_Max_ was kicked for floating too long!
[20:48:35] [Server thread/WARN]: Bay_Max_ was kicked for floating too long!
[20:48:35] [Server thread/WARN]: Bay_Max_ was kicked for floating too long!
[20:48:35] [Server thread/WARN]: Bay_Max_ was kicked for floating too long!
[20:48:35] [Server thread/WARN]: Bay_Max_ was kicked for floating too long!
[20:48:35] [Server thread/WARN]: Bay_Max_ was kicked for floating too long!
[20:48:35] [Server thread/WARN]: Bay_Max_ was kicked for floating too long!
[20:48:35] [Server thread/WARN]: Bay_Max_ was kicked for floating too long!
[20:48:35] [Server thread/WARN]: Bay_Max_ was kicked for floating too long!
[20:48:35] [Server thread/WARN]: Bay_Max_ was kicked for floating too long!
[20:48:35] [Server thread/WARN]: Bay_Max_ was kicked for floating too long!
[20:48:35] [Server thread/WARN]: Bay_Max_ was kicked for floating too long!
[20:48:35] [Server thread/WARN]: Bay_Max_ was kicked for floating too long!
[20:48:35] [Server thread/WARN]: Bay_Max_ was kicked for floating too long!
[20:48:35] [Server thread/WARN]: Bay_Max_ was kicked for floating too long!
[20:48:36] [Server thread/WARN]: Bay_Max_ was kicked for floating too long!
[20:48:36] [Server thread/WARN]: Bay_Max_ was kicked for floating too long!
[20:48:36] [Server thread/WARN]: Bay_Max_ was kicked for floating too long!
[20:48:36] [Server thread/WARN]: Bay_Max_ was kicked for floating too long!
[20:48:36] [Server thread/WARN]: Bay_Max_ was kicked for floating too long!
[20:48:36] [Server thread/WARN]: Bay_Max_ was kicked for floating too long!
[20:48:36] [Server thread/WARN]: Bay_Max_ was kicked for floating too long!
[20:48:36] [Server thread/WARN]: Bay_Max_ was kicked for floating too long!
[20:48:36] [Server thread/WARN]: Bay_Max_ was kicked for floating too long!
[20:48:36] [Server thread/WARN]: Bay_Max_ was kicked for floating too long!
[20:48:36] [Server thread/WARN]: Bay_Max_ was kicked for floating too long!
[20:48:36] [Server thread/WARN]: Bay_Max_ was kicked for floating too long!
[20:48:36] [Server thread/WARN]: Bay_Max_ was kicked for floating too long!
[20:48:36] [Server thread/WARN]: Bay_Max_ was kicked for floating too long!
[20:48:36] [Server thread/WARN]: Bay_Max_ was kicked for floating too long!
[20:48:36] [Server thread/WARN]: Bay_Max_ was kicked for floating too long!
[20:48:36] [Server thread/WARN]: Bay_Max_ was kicked for floating too long!
[20:48:36] [Server thread/WARN]: Bay_Max_ was kicked for floating too long!
[20:48:36] [Server thread/WARN]: Bay_Max_ was kicked for floating too long!
[20:48:36] [Server thread/WARN]: Bay_Max_ was kicked for floating too long!
[20:48:37] [Server thread/WARN]: Bay_Max_ was kicked for floating too long!
[20:48:37] [Server thread/WARN]: Bay_Max_ was kicked for floating too long!
[20:48:37] [Server thread/WARN]: Bay_Max_ was kicked for floating too long!
[20:48:37] [Server thread/WARN]: Bay_Max_ was kicked for floating too long!
[20:48:37] [Server thread/WARN]: Bay_Max_ was kicked for floating too long!
[20:48:37] [Server thread/WARN]: Bay_Max_ was kicked for floating too long!
[20:48:37] [Server thread/WARN]: Bay_Max_ was kicked for floating too long!
[20:48:37] [Server thread/WARN]: Bay_Max_ was kicked for floating too long!
[20:48:37] [Server thread/WARN]: Bay_Max_ was kicked for floating too long!
[20:48:37] [Server thread/WARN]: Bay_Max_ was kicked for floating too long!
[20:48:37] [Server thread/WARN]: Bay_Max_ was kicked for floating too long!
[20:48:37] [Server thread/WARN]: Bay_Max_ was kicked for floating too long!
[20:48:37] [Server thread/WARN]: Bay_Max_ was kicked for floating too long!
[20:48:37] [Server thread/WARN]: Bay_Max_ was kicked for floating too long!
[20:48:37] [Server thread/WARN]: Bay_Max_ was kicked for floating too long!
[20:48:56] [User Authenticator #291/INFO]: UUID of player Bay_Max_ is cf940dbc-2f87-4ef6-916b-e4e7d623d32d
[20:48:56] [Server thread/INFO]: Bay_Max_[/127.0.0.1:58885] logged in with entity id 2431660 at ([world]2688.448366526366, 65.39377968791523, -365.6525141630651)
[20:49:46] [Server thread/INFO]: Bay_Max_ lost connection: Timed out
[20:49:46] [Server thread/INFO]: Bay_Max_ left the game
[20:50:26] [User Authenticator #292/INFO]: UUID of player Bay_Max_ is cf940dbc-2f87-4ef6-916b-e4e7d623d32d
[20:50:27] [Server thread/INFO]: Bay_Max_[/127.0.0.1:58894] logged in with entity id 2432397 at ([world]2714.435185979983, 63.5, -376.3642949043195)
[20:51:17] [Server thread/INFO]: Bay_Max_ lost connection: Timed out
[20:51:17] [Server thread/INFO]: Bay_Max_ left the game
[20:55:27] [Server thread/INFO]: [0;33;22m[¹«¸æ] [0;33;22mÏëÒª»ñÈ¡¸ü¶à°ïÖú£¿²éÔÄ¿ÕÓòÈºÎÄ¼þÄÚµÄ°ïÖúÎÄµµ°É£¡ [m
[21:12:27] [User Authenticator #293/INFO]: UUID of player Bay_Max_ is cf940dbc-2f87-4ef6-916b-e4e7d623d32d
[21:12:27] [Server thread/INFO]: Bay_Max_[/127.0.0.1:58985] logged in with entity id 2434753 at ([world]2714.435185979983, 63.5, -376.3642949043195)
[21:12:40] [Server thread/INFO]: YuHuaQingZhu lost connection: Disconnected
[21:12:40] [Server thread/INFO]: YuHuaQingZhu left the game
[21:12:45] [User Authenticator #294/INFO]: UUID of player YuHuaQingZhu is f7c2a598-482c-4505-b4b6-6ece1a025ef2
[21:12:45] [Server thread/INFO]: YuHuaQingZhu[/127.0.0.1:58989] logged in with entity id 2435451 at ([world]5181.017484741357, 100.0, -1028.7536222526426)
[21:13:17] [Server thread/INFO]: Bay_Max_ lost connection: Timed out
[21:13:17] [Server thread/INFO]: Bay_Max_ left the game
[21:22:37] [Server thread/INFO]: YuHuaQingZhu lost connection: Disconnected
[21:22:37] [Server thread/INFO]: YuHuaQingZhu left the game
[21:22:42] [User Authenticator #295/INFO]: UUID of player YuHuaQingZhu is f7c2a598-482c-4505-b4b6-6ece1a025ef2
[21:22:42] [Server thread/INFO]: YuHuaQingZhu[/127.0.0.1:59033] logged in with entity id 2436308 at ([world]5135.048547431026, 94.0, -1067.6182228629311)
[21:55:27] [Server thread/INFO]: [0;33;22m[¹«¸æ] [0;33;22mÏëÒª»ñÈ¡¸ü¶à°ïÖú£¿²éÔÄ¿ÕÓòÈºÎÄ¼þÄÚµÄ°ïÖúÎÄµµ°É£¡ [m
[21:55:54] [Server thread/INFO]: YuHuaQingZhu lost connection: Disconnected
[21:55:54] [Server thread/INFO]: YuHuaQingZhu left the game
[22:55:27] [Server thread/INFO]: [0;33;22m[¹«¸æ] [0;33;22mÏëÒª»ñÈ¡¸ü¶à°ïÖú£¿²éÔÄ¿ÕÓòÈºÎÄ¼þÄÚµÄ°ïÖúÎÄµµ°É£¡ [m
[23:55:27] [Server thread/INFO]: [0;33;22m[¹«¸æ] [0;33;22mÏëÒª»ñÈ¡¸ü¶à°ïÖú£¿²éÔÄ¿ÕÓòÈºÎÄ¼þÄÚµÄ°ïÖúÎÄµµ°É£¡ [m
