[00:01:04] [Server thread/INFO]: adhesive_tape lost connection: Disconnected
[00:01:04] [Server thread/INFO]: adhesive_tape left the game
[00:01:11] [User Authenticator #248/INFO]: UUID of player adhesive_tape is 4c96318f-887a-42ea-a266-2e19af41d6cd
[00:01:11] [Server thread/INFO]: adhesive_tape[/127.0.0.1:54864] logged in with entity id 1884106 at ([world]2631.487500011921, 33.0, -406.4087785339672)
[00:05:42] [Server thread/INFO]: adhesive_tape lost connection: Disconnected
[00:05:42] [Server thread/INFO]: adhesive_tape left the game
[00:55:14] [Server thread/INFO]: [0;33;22m[¹«¸æ] [0;33;22mÏëÒª»ñÈ¡¸ü¶à°ïÖú£¿²éÔÄ¿ÕÓòÈºÎÄ¼şÄÚµÄ°ïÖúÎÄµµ°É£¡ [m
[01:55:14] [Server thread/INFO]: [0;33;22m[¹«¸æ] [0;33;22mÏëÒª»ñÈ¡¸ü¶à°ïÖú£¿²éÔÄ¿ÕÓòÈºÎÄ¼şÄÚµÄ°ïÖúÎÄµµ°É£¡ [m
[02:55:14] [Server thread/INFO]: [0;33;22m[¹«¸æ] [0;33;22mÏëÒª»ñÈ¡¸ü¶à°ïÖú£¿²éÔÄ¿ÕÓòÈºÎÄ¼şÄÚµÄ°ïÖúÎÄµµ°É£¡ [m
[03:55:14] [Server thread/INFO]: [0;33;22m[¹«¸æ] [0;33;22mÏëÒª»ñÈ¡¸ü¶à°ïÖú£¿²éÔÄ¿ÕÓòÈºÎÄ¼şÄÚµÄ°ïÖúÎÄµµ°É£¡ [m
[04:55:14] [Server thread/INFO]: [0;33;22m[¹«¸æ] [0;33;22mÏëÒª»ñÈ¡¸ü¶à°ïÖú£¿²éÔÄ¿ÕÓòÈºÎÄ¼şÄÚµÄ°ïÖúÎÄµµ°É£¡ [m
[05:55:14] [Server thread/INFO]: [0;33;22m[¹«¸æ] [0;33;22mÏëÒª»ñÈ¡¸ü¶à°ïÖú£¿²éÔÄ¿ÕÓòÈºÎÄ¼şÄÚµÄ°ïÖúÎÄµµ°É£¡ [m
[06:55:14] [Server thread/INFO]: [0;33;22m[¹«¸æ] [0;33;22mÏëÒª»ñÈ¡¸ü¶à°ïÖú£¿²éÔÄ¿ÕÓòÈºÎÄ¼şÄÚµÄ°ïÖúÎÄµµ°É£¡ [m
[07:55:14] [Server thread/INFO]: [0;33;22m[¹«¸æ] [0;33;22mÏëÒª»ñÈ¡¸ü¶à°ïÖú£¿²éÔÄ¿ÕÓòÈºÎÄ¼şÄÚµÄ°ïÖúÎÄµµ°É£¡ [m
[08:55:14] [Server thread/INFO]: [0;33;22m[¹«¸æ] [0;33;22mÏëÒª»ñÈ¡¸ü¶à°ïÖú£¿²éÔÄ¿ÕÓòÈºÎÄ¼şÄÚµÄ°ïÖúÎÄµµ°É£¡ [m
[09:13:42] [User Authenticator #249/INFO]: UUID of player adhesive_tape is 4c96318f-887a-42ea-a266-2e19af41d6cd
[09:13:42] [Server thread/INFO]: adhesive_tape[/127.0.0.1:56828] logged in with entity id 1884919 at ([world]2631.6392417063166, 33.0, -406.5177029692425)
[09:55:14] [Server thread/INFO]: [0;33;22m[¹«¸æ] [0;33;22mÏëÒª»ñÈ¡¸ü¶à°ïÖú£¿²éÔÄ¿ÕÓòÈºÎÄ¼şÄÚµÄ°ïÖúÎÄµµ°É£¡ [m
[10:55:14] [Server thread/INFO]: [0;33;22m[¹«¸æ] [0;33;22mÏëÒª»ñÈ¡¸ü¶à°ïÖú£¿²éÔÄ¿ÕÓòÈºÎÄ¼şÄÚµÄ°ïÖúÎÄµµ°É£¡ [m
[11:55:14] [Server thread/INFO]: [0;33;22m[¹«¸æ] [0;33;22mÏëÒª»ñÈ¡¸ü¶à°ïÖú£¿²éÔÄ¿ÕÓòÈºÎÄ¼şÄÚµÄ°ïÖúÎÄµµ°É£¡ [m
[12:30:17] [Server thread/INFO]: adhesive_tape lost connection: Disconnected
[12:30:17] [Server thread/INFO]: adhesive_tape left the game
[12:55:14] [Server thread/INFO]: [0;33;22m[¹«¸æ] [0;33;22mÏëÒª»ñÈ¡¸ü¶à°ïÖú£¿²éÔÄ¿ÕÓòÈºÎÄ¼şÄÚµÄ°ïÖúÎÄµµ°É£¡ [m
[13:55:14] [Server thread/INFO]: [0;33;22m[¹«¸æ] [0;33;22mÏëÒª»ñÈ¡¸ü¶à°ïÖú£¿²éÔÄ¿ÕÓòÈºÎÄ¼şÄÚµÄ°ïÖúÎÄµµ°É£¡ [m
[14:16:24] [User Authenticator #250/INFO]: UUID of player adhesive_tape is 4c96318f-887a-42ea-a266-2e19af41d6cd
[14:16:25] [Server thread/INFO]: adhesive_tape[/127.0.0.1:57828] logged in with entity id 1894164 at ([world]2631.6392417063166, 33.0, -406.5177029692425)
[14:55:14] [Server thread/INFO]: [0;33;22m[¹«¸æ] [0;33;22mÏëÒª»ñÈ¡¸ü¶à°ïÖú£¿²éÔÄ¿ÕÓòÈºÎÄ¼şÄÚµÄ°ïÖúÎÄµµ°É£¡ [m
[15:55:14] [Server thread/INFO]: [0;33;22m[¹«¸æ] [0;33;22mÏëÒª»ñÈ¡¸ü¶à°ïÖú£¿²éÔÄ¿ÕÓòÈºÎÄ¼şÄÚµÄ°ïÖúÎÄµµ°É£¡ [m
[16:55:14] [Server thread/INFO]: [0;33;22m[¹«¸æ] [0;33;22mÏëÒª»ñÈ¡¸ü¶à°ïÖú£¿²éÔÄ¿ÕÓòÈºÎÄ¼şÄÚµÄ°ïÖúÎÄµµ°É£¡ [m
[17:48:42] [User Authenticator #251/INFO]: UUID of player WM_mougeren is 3debf52d-8762-474a-993d-f7cabcb4af35
[17:48:42] [Server thread/INFO]: WM_mougeren[/127.0.0.1:59288] logged in with entity id 1904168 at ([world]-110.5, 63.0, 184.5)
[17:50:18] [Server thread/INFO]: WM_mougeren lost connection: Disconnected
[17:50:18] [Server thread/INFO]: WM_mougeren left the game
[17:55:07] [pool-5-thread-1/INFO]: [0;30;1m[[0;31;1m[21mGM[0;37;1m[21m+[0;30;1m] [0;30;1m[[0;32;1mINFO[0;30;1m] [0;33;1m Data files refreshed.[m
[17:55:13] [Server thread/INFO]: [0;33;22m[¹«¸æ] [0;33;22mÏëÒª»ñÈ¡¸ü¶à°ïÖú£¿²éÔÄ¿ÕÓòÈºÎÄ¼şÄÚµÄ°ïÖúÎÄµµ°É£¡ [m
[18:55:13] [Server thread/INFO]: [0;33;22m[¹«¸æ] [0;33;22mÏëÒª»ñÈ¡¸ü¶à°ïÖú£¿²éÔÄ¿ÕÓòÈºÎÄ¼şÄÚµÄ°ïÖúÎÄµµ°É£¡ [m
[19:55:13] [Server thread/INFO]: [0;33;22m[¹«¸æ] [0;33;22mÏëÒª»ñÈ¡¸ü¶à°ïÖú£¿²éÔÄ¿ÕÓòÈºÎÄ¼şÄÚµÄ°ïÖúÎÄµµ°É£¡ [m
[20:05:11] [Server thread/INFO]: com.mojang.authlib.GameProfile@29998b1[id=<null>,name=Xin_Sai,properties={},legacy=false] (/127.0.0.1:59743) lost connection: Disconnected
[20:05:19] [User Authenticator #252/INFO]: UUID of player Xin_Sai is b3729594-b5f8-4196-ba5e-4e9c2181d789
[20:05:20] [Server thread/INFO]: Xin_Sai[/127.0.0.1:59745] logged in with entity id 1910927 at ([world]2750.6364121872875, 64.0, -308.5701956206228)
[20:05:35] [Server thread/INFO]: Xin_Sai >> ad![m
[20:05:52] [Server thread/INFO]: Xin_Sai >> 1[m
[20:06:11] [Server thread/INFO]: Xin_Sai lost connection: Disconnected
[20:06:11] [Server thread/INFO]: Xin_Sai left the game
[20:16:46] [User Authenticator #253/INFO]: UUID of player WM_mougeren is 3debf52d-8762-474a-993d-f7cabcb4af35
[20:16:46] [Server thread/INFO]: WM_mougeren[/127.0.0.1:59786] logged in with entity id 1911554 at ([world]-160.3582703698958, 64.0, 185.36791358447098)
[20:17:05] [Server thread/INFO]: WM_mougeren issued server command: /help
[20:17:19] [Server thread/INFO]: WM_mougeren issued server command: /menu
[20:20:00] [Server thread/INFO]: WM_mougeren was shot by Skeleton
[20:20:37] [Server thread/INFO]: WM_mougeren was slain by Zombie
[20:20:54] [Server thread/INFO]: WM_mougeren has made the advancement [Sweet Dreams]
[20:20:56] [Server thread/INFO]: WM_mougeren was blown up by Creeper
[20:22:44] [Server thread/INFO]: WM_mougeren was shot by Skeleton
[20:23:04] [Server thread/INFO]: WM_mougeren issued server command: /help
[20:23:11] [Server thread/INFO]: WM_mougeren issued server command: /help 2
[20:25:28] [Server thread/INFO]: WM_mougeren has made the advancement [Suit Up]
[20:26:43] [Server thread/INFO]: WM_mougeren has made the advancement [Monster Hunter]
[20:30:14] [Server thread/INFO]: WM_mougeren lost connection: Disconnected
[20:30:14] [Server thread/INFO]: WM_mougeren left the game
[20:55:13] [Server thread/INFO]: [0;33;22m[¹«¸æ] [0;33;22mÏëÒª»ñÈ¡¸ü¶à°ïÖú£¿²éÔÄ¿ÕÓòÈºÎÄ¼şÄÚµÄ°ïÖúÎÄµµ°É£¡ [m
[21:55:13] [Server thread/INFO]: [0;33;22m[¹«¸æ] [0;33;22mÏëÒª»ñÈ¡¸ü¶à°ïÖú£¿²éÔÄ¿ÕÓòÈºÎÄ¼şÄÚµÄ°ïÖúÎÄµµ°É£¡ [m
[22:00:35] [Server thread/INFO]: adhesive_tape lost connection: Disconnected
[22:00:35] [Server thread/INFO]: adhesive_tape left the game
[22:55:13] [Server thread/INFO]: [0;33;22m[¹«¸æ] [0;33;22mÏëÒª»ñÈ¡¸ü¶à°ïÖú£¿²éÔÄ¿ÕÓòÈºÎÄ¼şÄÚµÄ°ïÖúÎÄµµ°É£¡ [m
[23:55:13] [Server thread/INFO]: [0;33;22m[¹«¸æ] [0;33;22mÏëÒª»ñÈ¡¸ü¶à°ïÖú£¿²éÔÄ¿ÕÓòÈºÎÄ¼şÄÚµÄ°ïÖúÎÄµµ°É£¡ [m
