[00:55:25] [Server thread/INFO]: [0;33;22m[¹«¸æ] [0;33;22mÏëÒª»ñÈ¡¸ü¶à°ïÖú£¿²éÔÄ¿ÕÓòÈºÎÄ¼şÄÚµÄ°ïÖúÎÄµµ°É£¡ [m
[01:55:25] [Server thread/INFO]: [0;33;22m[¹«¸æ] [0;33;22mÏëÒª»ñÈ¡¸ü¶à°ïÖú£¿²éÔÄ¿ÕÓòÈºÎÄ¼şÄÚµÄ°ïÖúÎÄµµ°É£¡ [m
[02:55:25] [Server thread/INFO]: [0;33;22m[¹«¸æ] [0;33;22mÏëÒª»ñÈ¡¸ü¶à°ïÖú£¿²éÔÄ¿ÕÓòÈºÎÄ¼şÄÚµÄ°ïÖúÎÄµµ°É£¡ [m
[03:55:25] [Server thread/INFO]: [0;33;22m[¹«¸æ] [0;33;22mÏëÒª»ñÈ¡¸ü¶à°ïÖú£¿²éÔÄ¿ÕÓòÈºÎÄ¼şÄÚµÄ°ïÖúÎÄµµ°É£¡ [m
[04:55:25] [Server thread/INFO]: [0;33;22m[¹«¸æ] [0;33;22mÏëÒª»ñÈ¡¸ü¶à°ïÖú£¿²éÔÄ¿ÕÓòÈºÎÄ¼şÄÚµÄ°ïÖúÎÄµµ°É£¡ [m
[05:55:25] [Server thread/INFO]: [0;33;22m[¹«¸æ] [0;33;22mÏëÒª»ñÈ¡¸ü¶à°ïÖú£¿²éÔÄ¿ÕÓòÈºÎÄ¼şÄÚµÄ°ïÖúÎÄµµ°É£¡ [m
[06:55:25] [Server thread/INFO]: [0;33;22m[¹«¸æ] [0;33;22mÏëÒª»ñÈ¡¸ü¶à°ïÖú£¿²éÔÄ¿ÕÓòÈºÎÄ¼şÄÚµÄ°ïÖúÎÄµµ°É£¡ [m
[07:55:25] [Server thread/INFO]: [0;33;22m[¹«¸æ] [0;33;22mÏëÒª»ñÈ¡¸ü¶à°ïÖú£¿²éÔÄ¿ÕÓòÈºÎÄ¼şÄÚµÄ°ïÖúÎÄµµ°É£¡ [m
[08:55:25] [Server thread/INFO]: [0;33;22m[¹«¸æ] [0;33;22mÏëÒª»ñÈ¡¸ü¶à°ïÖú£¿²éÔÄ¿ÕÓòÈºÎÄ¼şÄÚµÄ°ïÖúÎÄµµ°É£¡ [m
[09:55:25] [Server thread/INFO]: [0;33;22m[¹«¸æ] [0;33;22mÏëÒª»ñÈ¡¸ü¶à°ïÖú£¿²éÔÄ¿ÕÓòÈºÎÄ¼şÄÚµÄ°ïÖúÎÄµµ°É£¡ [m
[10:55:25] [Server thread/INFO]: [0;33;22m[¹«¸æ] [0;33;22mÏëÒª»ñÈ¡¸ü¶à°ïÖú£¿²éÔÄ¿ÕÓòÈºÎÄ¼şÄÚµÄ°ïÖúÎÄµµ°É£¡ [m
[11:55:25] [Server thread/INFO]: [0;33;22m[¹«¸æ] [0;33;22mÏëÒª»ñÈ¡¸ü¶à°ïÖú£¿²éÔÄ¿ÕÓòÈºÎÄ¼şÄÚµÄ°ïÖúÎÄµµ°É£¡ [m
[12:19:22] [User Authenticator #204/INFO]: UUID of player adhesive_tape is 4c96318f-887a-42ea-a266-2e19af41d6cd
[12:19:22] [Server thread/INFO]: adhesive_tape[/127.0.0.1:61536] logged in with entity id 1785683 at ([world]2631.5971007702055, 33.0, -406.53849865116916)
[12:55:26] [Server thread/INFO]: [0;33;22m[¹«¸æ] [0;33;22mÏëÒª»ñÈ¡¸ü¶à°ïÖú£¿²éÔÄ¿ÕÓòÈºÎÄ¼şÄÚµÄ°ïÖúÎÄµµ°É£¡ [m
[13:55:25] [Server thread/INFO]: [0;33;22m[¹«¸æ] [0;33;22mÏëÒª»ñÈ¡¸ü¶à°ïÖú£¿²éÔÄ¿ÕÓòÈºÎÄ¼şÄÚµÄ°ïÖúÎÄµµ°É£¡ [m
[14:55:26] [Server thread/INFO]: [0;33;22m[¹«¸æ] [0;33;22mÏëÒª»ñÈ¡¸ü¶à°ïÖú£¿²éÔÄ¿ÕÓòÈºÎÄ¼şÄÚµÄ°ïÖúÎÄµµ°É£¡ [m
[15:55:26] [Server thread/INFO]: [0;33;22m[¹«¸æ] [0;33;22mÏëÒª»ñÈ¡¸ü¶à°ïÖú£¿²éÔÄ¿ÕÓòÈºÎÄ¼şÄÚµÄ°ïÖúÎÄµµ°É£¡ [m
[16:55:26] [Server thread/INFO]: [0;33;22m[¹«¸æ] [0;33;22mÏëÒª»ñÈ¡¸ü¶à°ïÖú£¿²éÔÄ¿ÕÓòÈºÎÄ¼şÄÚµÄ°ïÖúÎÄµµ°É£¡ [m
[17:55:25] [Server thread/INFO]: [0;33;22m[¹«¸æ] [0;33;22mÏëÒª»ñÈ¡¸ü¶à°ïÖú£¿²éÔÄ¿ÕÓòÈºÎÄ¼şÄÚµÄ°ïÖúÎÄµµ°É£¡ [m
[18:04:08] [Server thread/INFO]: adhesive_tape lost connection: Disconnected
[18:04:08] [Server thread/INFO]: adhesive_tape left the game
[18:55:25] [Server thread/INFO]: [0;33;22m[¹«¸æ] [0;33;22mÏëÒª»ñÈ¡¸ü¶à°ïÖú£¿²éÔÄ¿ÕÓòÈºÎÄ¼şÄÚµÄ°ïÖúÎÄµµ°É£¡ [m
[19:11:19] [User Authenticator #205/INFO]: UUID of player WangMouDaMC is 960e9f73-b94e-47b7-ac55-5ab43a6035d0
[19:11:19] [Server thread/INFO]: WangMouDaMC[/127.0.0.1:63620] logged in with entity id 1802583 at ([world]-111.28944412391655, 63.0, 203.46632178234626)
[19:11:44] [Server thread/INFO]: WangMouDaMC lost connection: Timed out
[19:11:44] [Server thread/INFO]: WangMouDaMC left the game
[19:21:21] [User Authenticator #206/INFO]: UUID of player WangMouDaMC is 960e9f73-b94e-47b7-ac55-5ab43a6035d0
[19:21:21] [Server thread/INFO]: WangMouDaMC[/127.0.0.1:63680] logged in with entity id 1802614 at ([world]-111.28944412391655, 63.0, 203.46632178234626)
[19:21:46] [Server thread/INFO]: WangMouDaMC lost connection: Timed out
[19:21:46] [Server thread/INFO]: WangMouDaMC left the game
[19:22:14] [User Authenticator #207/INFO]: UUID of player WangMouDaMC is 960e9f73-b94e-47b7-ac55-5ab43a6035d0
[19:22:14] [Server thread/INFO]: WangMouDaMC[/127.0.0.1:63690] logged in with entity id 1802622 at ([world]-111.28944412391655, 63.0, 203.46632178234626)
[19:22:30] [Server thread/INFO]: WangMouDaMC issued server command: /co i
[19:23:02] [Server thread/INFO]: WangMouDaMC issued server command: /co i
[19:30:34] [Server thread/INFO]: WangMouDaMC lost connection: Disconnected
[19:30:34] [Server thread/INFO]: WangMouDaMC left the game
[19:35:26] [User Authenticator #208/INFO]: UUID of player Xiao_Hong_Mao is 3cb3c835-af8d-4e8b-8506-a54938079821
[19:35:26] [Server thread/INFO]: Xiao_Hong_Mao[/127.0.0.1:63764] logged in with entity id 1803280 at ([world]2663.528245826121, 79.0, -500.4598258172324)
[19:44:33] [Server thread/INFO]: Xiao_Hong_Mao lost connection: Disconnected
[19:44:33] [Server thread/INFO]: Xiao_Hong_Mao left the game
[19:55:25] [Server thread/INFO]: [0;33;22m[¹«¸æ] [0;33;22mÏëÒª»ñÈ¡¸ü¶à°ïÖú£¿²éÔÄ¿ÕÓòÈºÎÄ¼şÄÚµÄ°ïÖúÎÄµµ°É£¡ [m
[20:27:56] [User Authenticator #209/INFO]: UUID of player YuanXiaoNa is a3ec61de-4554-4839-b3cd-33f66821f2dd
[20:27:56] [Server thread/INFO]: YuanXiaoNa[/127.0.0.1:64034] logged in with entity id 1804306 at ([world]2683.7019950682693, 65.5, -352.76087421673253)
[20:39:54] [Server thread/INFO]: YuanXiaoNa lost connection: Disconnected
[20:39:54] [Server thread/INFO]: YuanXiaoNa left the game
[20:55:25] [Server thread/INFO]: [0;33;22m[¹«¸æ] [0;33;22mÏëÒª»ñÈ¡¸ü¶à°ïÖú£¿²éÔÄ¿ÕÓòÈºÎÄ¼şÄÚµÄ°ïÖúÎÄµµ°É£¡ [m
[21:55:25] [Server thread/INFO]: [0;33;22m[¹«¸æ] [0;33;22mÏëÒª»ñÈ¡¸ü¶à°ïÖú£¿²éÔÄ¿ÕÓòÈºÎÄ¼şÄÚµÄ°ïÖúÎÄµµ°É£¡ [m
[22:55:25] [Server thread/INFO]: [0;33;22m[¹«¸æ] [0;33;22mÏëÒª»ñÈ¡¸ü¶à°ïÖú£¿²éÔÄ¿ÕÓòÈºÎÄ¼şÄÚµÄ°ïÖúÎÄµµ°É£¡ [m
[23:55:24] [Server thread/INFO]: [0;33;22m[¹«¸æ] [0;33;22mÏëÒª»ñÈ¡¸ü¶à°ïÖú£¿²éÔÄ¿ÕÓòÈºÎÄ¼şÄÚµÄ°ïÖúÎÄµµ°É£¡ [m
