[00:55:16] [Server thread/INFO]: [0;33;22m[¹«¸æ] [0;33;22mÏëÒª»ñÈ¡¸ü¶à°ïÖú£¿²éÔÄ¿ÕÓòÈºÎÄ¼şÄÚµÄ°ïÖúÎÄµµ°É£¡ [m
[01:55:16] [Server thread/INFO]: [0;33;22m[¹«¸æ] [0;33;22mÏëÒª»ñÈ¡¸ü¶à°ïÖú£¿²éÔÄ¿ÕÓòÈºÎÄ¼şÄÚµÄ°ïÖúÎÄµµ°É£¡ [m
[02:55:16] [Server thread/INFO]: [0;33;22m[¹«¸æ] [0;33;22mÏëÒª»ñÈ¡¸ü¶à°ïÖú£¿²éÔÄ¿ÕÓòÈºÎÄ¼şÄÚµÄ°ïÖúÎÄµµ°É£¡ [m
[03:55:16] [Server thread/INFO]: [0;33;22m[¹«¸æ] [0;33;22mÏëÒª»ñÈ¡¸ü¶à°ïÖú£¿²éÔÄ¿ÕÓòÈºÎÄ¼şÄÚµÄ°ïÖúÎÄµµ°É£¡ [m
[04:55:16] [Server thread/INFO]: [0;33;22m[¹«¸æ] [0;33;22mÏëÒª»ñÈ¡¸ü¶à°ïÖú£¿²éÔÄ¿ÕÓòÈºÎÄ¼şÄÚµÄ°ïÖúÎÄµµ°É£¡ [m
[05:55:16] [Server thread/INFO]: [0;33;22m[¹«¸æ] [0;33;22mÏëÒª»ñÈ¡¸ü¶à°ïÖú£¿²éÔÄ¿ÕÓòÈºÎÄ¼şÄÚµÄ°ïÖúÎÄµµ°É£¡ [m
[06:55:16] [Server thread/INFO]: [0;33;22m[¹«¸æ] [0;33;22mÏëÒª»ñÈ¡¸ü¶à°ïÖú£¿²éÔÄ¿ÕÓòÈºÎÄ¼şÄÚµÄ°ïÖúÎÄµµ°É£¡ [m
[07:55:16] [Server thread/INFO]: [0;33;22m[¹«¸æ] [0;33;22mÏëÒª»ñÈ¡¸ü¶à°ïÖú£¿²éÔÄ¿ÕÓòÈºÎÄ¼şÄÚµÄ°ïÖúÎÄµµ°É£¡ [m
[08:55:16] [Server thread/INFO]: [0;33;22m[¹«¸æ] [0;33;22mÏëÒª»ñÈ¡¸ü¶à°ïÖú£¿²éÔÄ¿ÕÓòÈºÎÄ¼şÄÚµÄ°ïÖúÎÄµµ°É£¡ [m
[09:55:16] [Server thread/INFO]: [0;33;22m[¹«¸æ] [0;33;22mÏëÒª»ñÈ¡¸ü¶à°ïÖú£¿²éÔÄ¿ÕÓòÈºÎÄ¼şÄÚµÄ°ïÖúÎÄµµ°É£¡ [m
[10:55:16] [Server thread/INFO]: [0;33;22m[¹«¸æ] [0;33;22mÏëÒª»ñÈ¡¸ü¶à°ïÖú£¿²éÔÄ¿ÕÓòÈºÎÄ¼şÄÚµÄ°ïÖúÎÄµµ°É£¡ [m
[11:55:16] [Server thread/INFO]: [0;33;22m[¹«¸æ] [0;33;22mÏëÒª»ñÈ¡¸ü¶à°ïÖú£¿²éÔÄ¿ÕÓòÈºÎÄ¼şÄÚµÄ°ïÖúÎÄµµ°É£¡ [m
[12:55:16] [Server thread/INFO]: [0;33;22m[¹«¸æ] [0;33;22mÏëÒª»ñÈ¡¸ü¶à°ïÖú£¿²éÔÄ¿ÕÓòÈºÎÄ¼şÄÚµÄ°ïÖúÎÄµµ°É£¡ [m
[13:55:16] [Server thread/INFO]: [0;33;22m[¹«¸æ] [0;33;22mÏëÒª»ñÈ¡¸ü¶à°ïÖú£¿²éÔÄ¿ÕÓòÈºÎÄ¼şÄÚµÄ°ïÖúÎÄµµ°É£¡ [m
[14:55:16] [Server thread/INFO]: [0;33;22m[¹«¸æ] [0;33;22mÏëÒª»ñÈ¡¸ü¶à°ïÖú£¿²éÔÄ¿ÕÓòÈºÎÄ¼şÄÚµÄ°ïÖúÎÄµµ°É£¡ [m
[15:55:16] [Server thread/INFO]: [0;33;22m[¹«¸æ] [0;33;22mÏëÒª»ñÈ¡¸ü¶à°ïÖú£¿²éÔÄ¿ÕÓòÈºÎÄ¼şÄÚµÄ°ïÖúÎÄµµ°É£¡ [m
[16:55:16] [Server thread/INFO]: [0;33;22m[¹«¸æ] [0;33;22mÏëÒª»ñÈ¡¸ü¶à°ïÖú£¿²éÔÄ¿ÕÓòÈºÎÄ¼şÄÚµÄ°ïÖúÎÄµµ°É£¡ [m
[17:55:16] [Server thread/INFO]: [0;33;22m[¹«¸æ] [0;33;22mÏëÒª»ñÈ¡¸ü¶à°ïÖú£¿²éÔÄ¿ÕÓòÈºÎÄ¼şÄÚµÄ°ïÖúÎÄµµ°É£¡ [m
[18:27:56] [User Authenticator #243/INFO]: UUID of player Twilight2033 is 98662d18-6c0e-42a2-a077-e2a8abd740e5
[18:27:56] [Server thread/INFO]: Twilight2033[/127.0.0.1:53634] logged in with entity id 1873227 at ([world]5184.037720795941, 65.0, 210.30000001192093)
[18:28:31] [Server thread/INFO]: Twilight2033 lost connection: Disconnected
[18:28:31] [Server thread/INFO]: Twilight2033 left the game
[18:38:07] [User Authenticator #244/INFO]: UUID of player Twilight2033 is 98662d18-6c0e-42a2-a077-e2a8abd740e5
[18:38:07] [Server thread/INFO]: Twilight2033[/127.0.0.1:53677] logged in with entity id 1873973 at ([world]5202.042658674988, 71.0, 254.31640772084842)
[18:40:10] [Server thread/INFO]: Twilight2033 lost connection: Disconnected
[18:40:10] [Server thread/INFO]: Twilight2033 left the game
[18:55:16] [Server thread/INFO]: [0;33;22m[¹«¸æ] [0;33;22mÏëÒª»ñÈ¡¸ü¶à°ïÖú£¿²éÔÄ¿ÕÓòÈºÎÄ¼şÄÚµÄ°ïÖúÎÄµµ°É£¡ [m
[19:55:16] [Server thread/INFO]: [0;33;22m[¹«¸æ] [0;33;22mÏëÒª»ñÈ¡¸ü¶à°ïÖú£¿²éÔÄ¿ÕÓòÈºÎÄ¼şÄÚµÄ°ïÖúÎÄµµ°É£¡ [m
[20:26:52] [User Authenticator #245/INFO]: UUID of player Xiao_Hong_Mao is 3cb3c835-af8d-4e8b-8506-a54938079821
[20:26:52] [Server thread/INFO]: Xiao_Hong_Mao[/127.0.0.1:54039] logged in with entity id 1875033 at ([world]2680.5162190233646, 84.5625, -512.5575392385276)
[20:27:53] [Server thread/INFO]: Xiao_Hong_Mao lost connection: Disconnected
[20:27:53] [Server thread/INFO]: Xiao_Hong_Mao left the game
[20:55:16] [Server thread/INFO]: [0;33;22m[¹«¸æ] [0;33;22mÏëÒª»ñÈ¡¸ü¶à°ïÖú£¿²éÔÄ¿ÕÓòÈºÎÄ¼şÄÚµÄ°ïÖúÎÄµµ°É£¡ [m
[21:34:12] [User Authenticator #246/INFO]: Disconnecting com.mojang.authlib.GameProfile@3bb2cf4d[id=<null>,name=adhesive_tape,properties={},legacy=false] (/127.0.0.1:54368): Authentication servers are down. Please try again later, sorry!
[21:34:12] [User Authenticator #246/ERROR]: Couldn't verify username because servers are unavailable
[21:34:12] [Server thread/INFO]: com.mojang.authlib.GameProfile@3bb2cf4d[id=<null>,name=adhesive_tape,properties={},legacy=false] (/127.0.0.1:54368) lost connection: Authentication servers are down. Please try again later, sorry!
[21:34:19] [User Authenticator #247/INFO]: UUID of player adhesive_tape is 4c96318f-887a-42ea-a266-2e19af41d6cd
[21:34:19] [Server thread/INFO]: adhesive_tape[/127.0.0.1:54372] logged in with entity id 1875743 at ([world]2631.487500011921, 33.0, -406.4087785339672)
[21:55:16] [Server thread/INFO]: [0;33;22m[¹«¸æ] [0;33;22mÏëÒª»ñÈ¡¸ü¶à°ïÖú£¿²éÔÄ¿ÕÓòÈºÎÄ¼şÄÚµÄ°ïÖúÎÄµµ°É£¡ [m
[22:55:16] [Server thread/INFO]: [0;33;22m[¹«¸æ] [0;33;22mÏëÒª»ñÈ¡¸ü¶à°ïÖú£¿²éÔÄ¿ÕÓòÈºÎÄ¼şÄÚµÄ°ïÖúÎÄµµ°É£¡ [m
[23:55:16] [Server thread/INFO]: [0;33;22m[¹«¸æ] [0;33;22mÏëÒª»ñÈ¡¸ü¶à°ïÖú£¿²éÔÄ¿ÕÓòÈºÎÄ¼şÄÚµÄ°ïÖúÎÄµµ°É£¡ [m
