[00:55:13] [Server thread/INFO]: [0;33;22m[¹«¸æ] [0;33;22mÏëÒª»ñÈ¡¸ü¶à°ïÖú£¿²éÔÄ¿ÕÓòÈºÎÄ¼şÄÚµÄ°ïÖúÎÄµµ°É£¡ [m
[01:55:13] [Server thread/INFO]: [0;33;22m[¹«¸æ] [0;33;22mÏëÒª»ñÈ¡¸ü¶à°ïÖú£¿²éÔÄ¿ÕÓòÈºÎÄ¼şÄÚµÄ°ïÖúÎÄµµ°É£¡ [m
[02:55:13] [Server thread/INFO]: [0;33;22m[¹«¸æ] [0;33;22mÏëÒª»ñÈ¡¸ü¶à°ïÖú£¿²éÔÄ¿ÕÓòÈºÎÄ¼şÄÚµÄ°ïÖúÎÄµµ°É£¡ [m
[03:55:13] [Server thread/INFO]: [0;33;22m[¹«¸æ] [0;33;22mÏëÒª»ñÈ¡¸ü¶à°ïÖú£¿²éÔÄ¿ÕÓòÈºÎÄ¼şÄÚµÄ°ïÖúÎÄµµ°É£¡ [m
[04:55:13] [Server thread/INFO]: [0;33;22m[¹«¸æ] [0;33;22mÏëÒª»ñÈ¡¸ü¶à°ïÖú£¿²éÔÄ¿ÕÓòÈºÎÄ¼şÄÚµÄ°ïÖúÎÄµµ°É£¡ [m
[05:55:13] [Server thread/INFO]: [0;33;22m[¹«¸æ] [0;33;22mÏëÒª»ñÈ¡¸ü¶à°ïÖú£¿²éÔÄ¿ÕÓòÈºÎÄ¼şÄÚµÄ°ïÖúÎÄµµ°É£¡ [m
[06:55:13] [Server thread/INFO]: [0;33;22m[¹«¸æ] [0;33;22mÏëÒª»ñÈ¡¸ü¶à°ïÖú£¿²éÔÄ¿ÕÓòÈºÎÄ¼şÄÚµÄ°ïÖúÎÄµµ°É£¡ [m
[07:55:13] [Server thread/INFO]: [0;33;22m[¹«¸æ] [0;33;22mÏëÒª»ñÈ¡¸ü¶à°ïÖú£¿²éÔÄ¿ÕÓòÈºÎÄ¼şÄÚµÄ°ïÖúÎÄµµ°É£¡ [m
[08:55:13] [Server thread/INFO]: [0;33;22m[¹«¸æ] [0;33;22mÏëÒª»ñÈ¡¸ü¶à°ïÖú£¿²éÔÄ¿ÕÓòÈºÎÄ¼şÄÚµÄ°ïÖúÎÄµµ°É£¡ [m
[08:59:30] [User Authenticator #254/INFO]: UUID of player Xin_Sai is b3729594-b5f8-4196-ba5e-4e9c2181d789
[08:59:30] [Server thread/INFO]: Xin_Sai[/127.0.0.1:62484] logged in with entity id 1916947 at ([world]2655.3038678392018, 63.0, -299.0759446487508)
[08:59:59] [Server thread/INFO]: com.mojang.authlib.GameProfile@5aea5751[id=<null>,name=Xin_Sai,properties={},legacy=false] (/127.0.0.1:62485) lost connection: Disconnected
[09:00:16] [Server thread/INFO]: Xin_Sai lost connection: Disconnected
[09:00:16] [Server thread/INFO]: Xin_Sai left the game
[09:55:13] [Server thread/INFO]: [0;33;22m[¹«¸æ] [0;33;22mÏëÒª»ñÈ¡¸ü¶à°ïÖú£¿²éÔÄ¿ÕÓòÈºÎÄ¼şÄÚµÄ°ïÖúÎÄµµ°É£¡ [m
[10:55:13] [Server thread/INFO]: [0;33;22m[¹«¸æ] [0;33;22mÏëÒª»ñÈ¡¸ü¶à°ïÖú£¿²éÔÄ¿ÕÓòÈºÎÄ¼şÄÚµÄ°ïÖúÎÄµµ°É£¡ [m
[11:55:13] [Server thread/INFO]: [0;33;22m[¹«¸æ] [0;33;22mÏëÒª»ñÈ¡¸ü¶à°ïÖú£¿²éÔÄ¿ÕÓòÈºÎÄ¼şÄÚµÄ°ïÖúÎÄµµ°É£¡ [m
[12:55:13] [Server thread/INFO]: [0;33;22m[¹«¸æ] [0;33;22mÏëÒª»ñÈ¡¸ü¶à°ïÖú£¿²éÔÄ¿ÕÓòÈºÎÄ¼şÄÚµÄ°ïÖúÎÄµµ°É£¡ [m
[13:55:13] [Server thread/INFO]: [0;33;22m[¹«¸æ] [0;33;22mÏëÒª»ñÈ¡¸ü¶à°ïÖú£¿²éÔÄ¿ÕÓòÈºÎÄ¼şÄÚµÄ°ïÖúÎÄµµ°É£¡ [m
[14:55:13] [Server thread/INFO]: [0;33;22m[¹«¸æ] [0;33;22mÏëÒª»ñÈ¡¸ü¶à°ïÖú£¿²éÔÄ¿ÕÓòÈºÎÄ¼şÄÚµÄ°ïÖúÎÄµµ°É£¡ [m
[15:55:13] [Server thread/INFO]: [0;33;22m[¹«¸æ] [0;33;22mÏëÒª»ñÈ¡¸ü¶à°ïÖú£¿²éÔÄ¿ÕÓòÈºÎÄ¼şÄÚµÄ°ïÖúÎÄµµ°É£¡ [m
[16:53:55] [User Authenticator #255/INFO]: UUID of player adhesive_tape is 4c96318f-887a-42ea-a266-2e19af41d6cd
[16:53:55] [Server thread/INFO]: adhesive_tape[/127.0.0.1:64032] logged in with entity id 1917630 at ([world]2627.300000011921, 31.0, -404.30000001192093)
[16:55:13] [Server thread/INFO]: [0;33;22m[¹«¸æ] [0;33;22mÏëÒª»ñÈ¡¸ü¶à°ïÖú£¿²éÔÄ¿ÕÓòÈºÎÄ¼şÄÚµÄ°ïÖúÎÄµµ°É£¡ [m
[16:56:46] [Server thread/INFO]: adhesive_tape lost connection: Disconnected
[16:56:46] [Server thread/INFO]: adhesive_tape left the game
[17:55:13] [Server thread/INFO]: [0;33;22m[¹«¸æ] [0;33;22mÏëÒª»ñÈ¡¸ü¶à°ïÖú£¿²éÔÄ¿ÕÓòÈºÎÄ¼şÄÚµÄ°ïÖúÎÄµµ°É£¡ [m
[18:44:04] [User Authenticator #256/INFO]: UUID of player YuHuaQingZhu is f7c2a598-482c-4505-b4b6-6ece1a025ef2
[18:44:04] [Server thread/INFO]: Disconnecting com.mojang.authlib.GameProfile@31c232b2[id=f7c2a598-482c-4505-b4b6-6ece1a025ef2,name=YuHuaQingZhu,properties={textures=[com.mojang.authlib.properties.Property@130d16f1]},legacy=false] (/127.0.0.1:64555): Äã»¹²»ÔÚ°×Ãûµ¥àŞ ¼ÓÈëÉóºËÈº1145301933 ½øĞĞÉóºË
[18:44:04] [Server thread/INFO]: com.mojang.authlib.GameProfile@31c232b2[id=f7c2a598-482c-4505-b4b6-6ece1a025ef2,name=YuHuaQingZhu,properties={textures=[com.mojang.authlib.properties.Property@130d16f1]},legacy=false] (/127.0.0.1:64555) lost connection: Äã»¹²»ÔÚ°×Ãûµ¥àŞ ¼ÓÈëÉóºËÈº1145301933 ½øĞĞÉóºË
[18:55:13] [Server thread/INFO]: [0;33;22m[¹«¸æ] [0;33;22mÏëÒª»ñÈ¡¸ü¶à°ïÖú£¿²éÔÄ¿ÕÓòÈºÎÄ¼şÄÚµÄ°ïÖúÎÄµµ°É£¡ [m
[19:55:11] [Server thread/INFO]: [0;33;22m[¹«¸æ] [0;33;22mÏëÒª»ñÈ¡¸ü¶à°ïÖú£¿²éÔÄ¿ÕÓòÈºÎÄ¼şÄÚµÄ°ïÖúÎÄµµ°É£¡ [m
[20:55:11] [Server thread/INFO]: [0;33;22m[¹«¸æ] [0;33;22mÏëÒª»ñÈ¡¸ü¶à°ïÖú£¿²éÔÄ¿ÕÓòÈºÎÄ¼şÄÚµÄ°ïÖúÎÄµµ°É£¡ [m
[21:12:14] [User Authenticator #257/INFO]: UUID of player Laohuaji is 6b964e9d-569f-44a7-9ad5-a0b50af836cb
[21:12:14] [Server thread/INFO]: Laohuaji[/127.0.0.1:65077] logged in with entity id 1918416 at ([world]2621.7570583214433, 83.34996978025994, -371.28689235947826)
[21:12:46] [Server thread/INFO]: Laohuaji issued server command: /wh
[21:13:04] [User Authenticator #258/INFO]: Disconnecting com.mojang.authlib.GameProfile@439c5c3e[id=<null>,name=YuHuaQingZhu,properties={},legacy=false] (/127.0.0.1:65084): Authentication servers are down. Please try again later, sorry!
[21:13:04] [User Authenticator #258/ERROR]: Couldn't verify username because servers are unavailable
[21:13:04] [Server thread/INFO]: com.mojang.authlib.GameProfile@439c5c3e[id=<null>,name=YuHuaQingZhu,properties={},legacy=false] (/127.0.0.1:65084) lost connection: Authentication servers are down. Please try again later, sorry!
[21:13:18] [Server thread/INFO]: Laohuaji issued server command: /whitelist add YuHuaQingZhu
[21:13:34] [User Authenticator #259/INFO]: UUID of player YuHuaQingZhu is f7c2a598-482c-4505-b4b6-6ece1a025ef2
[21:13:35] [Server thread/INFO]: [Laohuaji: Added YuHuaQingZhu to the whitelist]
[21:13:35] [Server thread/WARN]: Can't keep up! Is the server overloaded? Running 17715ms or 354 ticks behind
[21:13:35] [Server thread/INFO]: YuHuaQingZhu[/127.0.0.1:65092] logged in with entity id 1919046 at ([world]-110.5, 63.0, 184.5)
[21:13:35] [Server thread/WARN]: Laohuaji moved too quickly! 2.2940784101756435,0.0,10.35478719528112
[21:13:35] [Server thread/INFO]: Laohuaji issued server command: /whitelist add YuHuaQingZhu
[21:13:53] [Server thread/INFO]: [0;33;22m<¹ÜÀí>[0;37;1m Laohuaji >> awa[m
[21:14:23] [Server thread/INFO]: Laohuaji issued server command: /
[21:14:31] [Server thread/INFO]: Laohuaji issued server command: /tps
[21:15:06] [pool-5-thread-1/INFO]: [0;30;1m[[0;31;1m[21mGM[0;37;1m[21m+[0;30;1m] [0;30;1m[[0;32;1mINFO[0;30;1m] [0;33;1m Data files refreshed.[m
[21:15:27] [Server thread/INFO]: YuHuaQingZhu has made the advancement [We Need to Go Deeper]
[21:15:34] [Server thread/INFO]: Laohuaji issued server command: /tps
[21:18:22] [Server thread/INFO]: Laohuaji issued server command: /tp YuHuaQingZhu
[21:18:22] [Server thread/INFO]: [Laohuaji: Teleported Laohuaji to YuHuaQingZhu]
[21:20:47] [Server thread/INFO]: YuHuaQingZhu has made the advancement [Sweet Dreams]
[21:21:55] [Server thread/INFO]: [0;33;22m<¹ÜÀí>[0;37;1m Laohuaji >> ÏÂÁË°İ°İ£¨[m
[21:21:57] [Server thread/INFO]: [0;33;22m<¹ÜÀí>[0;37;1m Laohuaji >> awa[m
[21:21:59] [Server thread/INFO]: Laohuaji lost connection: Disconnected
[21:21:59] [Server thread/INFO]: Laohuaji left the game
[21:25:49] [User Authenticator #260/INFO]: UUID of player adhesive_tape is 4c96318f-887a-42ea-a266-2e19af41d6cd
[21:25:49] [Server thread/INFO]: adhesive_tape[/127.0.0.1:65146] logged in with entity id 1921117 at ([world]2720.708827959149, 63.0, -372.3473387816154)
[21:26:01] [Server thread/INFO]: [0;32;1m<HAPPY>[0;37;1m adhesive_tape >> ÕâÎ»ÊÇ?[m
[21:26:38] [Server thread/INFO]: adhesive_tape lost connection: Disconnected
[21:26:38] [Server thread/INFO]: adhesive_tape left the game
[21:28:23] [Server thread/INFO]: YuHuaQingZhu lost connection: Disconnected
[21:28:23] [Server thread/INFO]: YuHuaQingZhu left the game
[21:29:39] [User Authenticator #261/INFO]: UUID of player YuHuaQingZhu is f7c2a598-482c-4505-b4b6-6ece1a025ef2
[21:29:40] [Server thread/INFO]: YuHuaQingZhu[/127.0.0.1:65169] logged in with entity id 1921961 at ([world]5179.539326164762, 64.0, 199.05317938272424)
[21:33:50] [Server thread/INFO]: YuHuaQingZhu lost connection: Disconnected
[21:33:50] [Server thread/INFO]: YuHuaQingZhu left the game
[21:55:29] [Server thread/INFO]: [0;33;22m[¹«¸æ] [0;33;22mÏëÒª»ñÈ¡¸ü¶à°ïÖú£¿²éÔÄ¿ÕÓòÈºÎÄ¼şÄÚµÄ°ïÖúÎÄµµ°É£¡ [m
[22:55:29] [Server thread/INFO]: [0;33;22m[¹«¸æ] [0;33;22mÏëÒª»ñÈ¡¸ü¶à°ïÖú£¿²éÔÄ¿ÕÓòÈºÎÄ¼şÄÚµÄ°ïÖúÎÄµµ°É£¡ [m
[23:55:29] [Server thread/INFO]: [0;33;22m[¹«¸æ] [0;33;22mÏëÒª»ñÈ¡¸ü¶à°ïÖú£¿²éÔÄ¿ÕÓòÈºÎÄ¼şÄÚµÄ°ïÖúÎÄµµ°É£¡ [m
